2024-11-26 05:08:08.553 [info] [main] 로그 수준: Info
2024-11-26 05:08:08.553 [info] [main] "git"에서 찾은 git 유효성을 검사하는 중
2024-11-26 05:08:08.553 [info] [main] "2.43.0"에서 git "git"을(를) 사용하는 중
2024-11-26 05:08:08.553 [info] [Model][doInitialScan] Initial repository scan started
2024-11-26 05:08:08.553 [info] > git rev-parse --show-toplevel [87ms]
2024-11-26 05:08:08.553 [info] > git rev-parse --git-dir --git-common-dir [41ms]
2024-11-26 05:08:08.553 [info] [Model][openRepository] Opened repository: /home/ubuntu/Project-Agora
2024-11-26 05:08:08.553 [info] > git check-ignore -v -z --stdin [59ms]
2024-11-26 05:08:08.553 [info] > git rev-parse --show-toplevel [848ms]
2024-11-26 05:08:08.553 [info] > git config --get commit.template [886ms]
2024-11-26 05:08:09.592 [info] > git rev-parse --show-toplevel [1013ms]
2024-11-26 05:08:09.642 [info] > git for-each-ref --format=%(refname)%00%(upstream:short)%00%(objectname)%00%(upstream:track)%00%(upstream:remotename)%00%(upstream:remoteref) refs/heads/main refs/remotes/main [1033ms]
2024-11-26 05:08:09.664 [info] > git rev-parse --show-toplevel [43ms]
2024-11-26 05:08:09.664 [info] > git fetch [2096ms]
2024-11-26 05:08:09.664 [info] Missing or invalid credentials.
Skip silent fetch commands
Missing or invalid credentials.
Skip silent fetch commands
remote: Repository not found.
fatal: Authentication failed for 'https://github.com/Domvy/Project-Agora.git/'
2024-11-26 05:08:09.808 [info] > git rev-parse --show-toplevel [115ms]
2024-11-26 05:08:09.855 [info] > git for-each-ref --format=%(refname)%00%(upstream:short)%00%(objectname)%00%(upstream:track)%00%(upstream:remotename)%00%(upstream:remoteref) refs/heads/main refs/remotes/main [87ms]
2024-11-26 05:08:09.910 [info] > git config --get commit.template [197ms]
2024-11-26 05:08:09.980 [info] > git config --get commit.template [143ms]
2024-11-26 05:08:09.991 [info] > git rev-parse --show-toplevel [55ms]
2024-11-26 05:08:10.041 [info] [Model][doInitialScan] Initial repository scan completed - repositories (1), closed repositories (0), parent repositories (0), unsafe repositories (0)
2024-11-26 05:08:10.098 [info] > git config --local branch.main.vscode-merge-base [187ms]
2024-11-26 05:08:10.171 [info] > git show --textconv :openvidu-tutorials/openvidu-react/src/components/Elements/openvidu/OpenviduFinal.js [100ms]
2024-11-26 05:08:10.171 [info] > git ls-files --stage -- /home/ubuntu/Project-Agora/openvidu-tutorials/openvidu-react/src/components/Elements/openvidu/OpenviduFinal.js [75ms]
2024-11-26 05:08:10.200 [info] > git for-each-ref --format=%(refname)%00%(upstream:short)%00%(objectname)%00%(upstream:track)%00%(upstream:remotename)%00%(upstream:remoteref) refs/heads/main refs/remotes/main [234ms]
2024-11-26 05:08:10.222 [info] > git cat-file -s 248b6aa1687e99f64f1598afcac913e04b207510 [30ms]
2024-11-26 05:08:10.226 [info] > git for-each-ref --format=%(refname)%00%(upstream:short)%00%(objectname)%00%(upstream:track)%00%(upstream:remotename)%00%(upstream:remoteref) refs/heads/main refs/remotes/main [87ms]
2024-11-26 05:08:10.227 [info] > git for-each-ref --format=%(refname)%00%(upstream:short)%00%(objectname)%00%(upstream:track)%00%(upstream:remotename)%00%(upstream:remoteref) refs/heads/origin/main refs/remotes/origin/main [102ms]
2024-11-26 05:08:10.294 [info] > git merge-base refs/heads/main refs/remotes/origin/main [42ms]
2024-11-26 05:08:10.369 [info] > git merge-base refs/heads/main refs/remotes/origin/main [82ms]
2024-11-26 05:08:10.426 [info] > git status -z -uall [83ms]
2024-11-26 05:08:10.435 [info] > git for-each-ref --sort -committerdate --format %(refname) %(objectname) %(*objectname) [68ms]
2024-11-26 05:08:10.661 [info] > git diff --name-status -z --diff-filter=ADMR 1700c1d8c39666669222da70785a8c2103de3fa9...refs/remotes/origin/main [339ms]
2024-11-26 05:08:10.717 [info] > git merge-base refs/heads/main refs/remotes/origin/main [201ms]
2024-11-26 05:08:10.726 [info] > git diff --name-status -z --diff-filter=ADMR 1700c1d8c39666669222da70785a8c2103de3fa9...refs/remotes/origin/main [340ms]
2024-11-26 05:08:10.736 [info] > git diff --name-status -z --diff-filter=ADMR 1700c1d8c39666669222da70785a8c2103de3fa9...refs/remotes/origin/main [11ms]
2024-11-26 05:34:24.008 [info] > git check-ignore -v -z --stdin [3ms]
2024-11-26 05:34:31.435 [info] > git check-ignore -v -z --stdin [2ms]
2024-11-26 05:34:34.217 [info] > git ls-files --stage -- /home/ubuntu/Project-Agora/openvidu-tutorials/openvidu-react/package-lock.json [5ms]
2024-11-26 05:34:34.234 [info] > git cat-file -s eec443b9716b75b85810eeac787e55a9ab3e0567 [8ms]
2024-11-26 05:34:34.238 [info] > git show --textconv :openvidu-tutorials/openvidu-react/package-lock.json [37ms]
2024-11-26 05:34:36.277 [info] > git show --textconv :openvidu-tutorials/update-tutorials.sh [17ms]
2024-11-26 05:34:36.280 [info] > git ls-files --stage -- /home/ubuntu/Project-Agora/openvidu-tutorials/update-tutorials.sh [4ms]
2024-11-26 05:34:36.291 [info] > git cat-file -s f696b4d69532d91ae9af4439ccf963556793b3a0 [3ms]
2024-11-26 05:34:54.709 [info] > git check-ignore -v -z --stdin [2ms]
2024-11-26 05:42:44.246 [info] > git show --textconv :openvidu-tutorials/openvidu-react/src/components/Elements/openvidu/OpenviduFinal.js [15ms]
2024-11-26 05:42:44.248 [info] > git ls-files --stage -- /home/ubuntu/Project-Agora/openvidu-tutorials/openvidu-react/src/components/Elements/openvidu/OpenviduFinal.js [6ms]
2024-11-26 05:42:44.259 [info] > git cat-file -s 248b6aa1687e99f64f1598afcac913e04b207510 [6ms]
2024-11-26 05:42:49.979 [info] > git show --textconv :openvidu-tutorials/openvidu-react/src/components/Elements/openvidu/UserVideoComponent.js [4ms]
2024-11-26 05:42:49.980 [info] > git ls-files --stage -- /home/ubuntu/Project-Agora/openvidu-tutorials/openvidu-react/src/components/Elements/openvidu/UserVideoComponent.js [2ms]
2024-11-26 05:42:49.987 [info] > git cat-file -s 818116ec034926f3e6cfe92aaafc74d3d31c1642 [2ms]
2024-11-26 05:43:02.335 [info] > git show --textconv :openvidu-tutorials/openvidu-react/src/components/Elements/openvidu/OvVideo.js [7ms]
2024-11-26 05:43:02.335 [info] > git ls-files --stage -- /home/ubuntu/Project-Agora/openvidu-tutorials/openvidu-react/src/components/Elements/openvidu/OvVideo.js [3ms]
2024-11-26 05:43:02.340 [info] > git cat-file -s f0d48b1e3adfc6782757a9c6bbbbd6c011018396 [2ms]
2024-11-26 05:43:07.729 [info] > git show --textconv :openvidu-tutorials/openvidu-react/src/components/Elements/openvidu/OpenviduFinal.js [5ms]
2024-11-26 05:43:07.730 [info] > git ls-files --stage -- /home/ubuntu/Project-Agora/openvidu-tutorials/openvidu-react/src/components/Elements/openvidu/OpenviduFinal.js [2ms]
2024-11-26 05:43:07.735 [info] > git cat-file -s 248b6aa1687e99f64f1598afcac913e04b207510 [2ms]
2024-11-26 06:25:38.871 [info] > git show --textconv :openvidu-tutorials/update-tutorials.sh [11ms]
2024-11-26 06:25:38.874 [info] > git ls-files --stage -- /home/ubuntu/Project-Agora/openvidu-tutorials/update-tutorials.sh [5ms]
2024-11-26 06:25:38.890 [info] > git cat-file -s f696b4d69532d91ae9af4439ccf963556793b3a0 [6ms]
2024-11-26 06:25:39.915 [info] > git show --textconv :openvidu-tutorials/openvidu-react/src/components/Elements/openvidu/OpenviduFinal.js [8ms]
2024-11-26 06:25:39.916 [info] > git ls-files --stage -- /home/ubuntu/Project-Agora/openvidu-tutorials/openvidu-react/src/components/Elements/openvidu/OpenviduFinal.js [2ms]
2024-11-26 06:25:39.923 [info] > git cat-file -s 248b6aa1687e99f64f1598afcac913e04b207510 [2ms]
2024-11-26 06:30:01.753 [info] > git show --textconv :openvidu-tutorials/openvidu-react/src/components/Elements/openvidu/UserVideoComponent.js [11ms]
2024-11-26 06:30:01.753 [info] > git ls-files --stage -- /home/ubuntu/Project-Agora/openvidu-tutorials/openvidu-react/src/components/Elements/openvidu/UserVideoComponent.js [4ms]
2024-11-26 06:30:01.764 [info] > git cat-file -s 818116ec034926f3e6cfe92aaafc74d3d31c1642 [3ms]
2024-11-26 06:30:29.081 [info] > git show --textconv :openvidu-tutorials/openvidu-react/src/components/Elements/openvidu/OpenviduFinal.js [5ms]
2024-11-26 06:30:29.083 [info] > git ls-files --stage -- /home/ubuntu/Project-Agora/openvidu-tutorials/openvidu-react/src/components/Elements/openvidu/OpenviduFinal.js [3ms]
2024-11-26 06:30:29.088 [info] > git cat-file -s 248b6aa1687e99f64f1598afcac913e04b207510 [2ms]
2024-11-26 06:30:30.229 [info] > git show --textconv :openvidu-tutorials/openvidu-react/src/components/Elements/openvidu/UserVideoComponent.js [4ms]
2024-11-26 06:30:30.231 [info] > git ls-files --stage -- /home/ubuntu/Project-Agora/openvidu-tutorials/openvidu-react/src/components/Elements/openvidu/UserVideoComponent.js [2ms]
2024-11-26 06:30:30.236 [info] > git cat-file -s 818116ec034926f3e6cfe92aaafc74d3d31c1642 [1ms]
2024-11-26 06:30:33.266 [info] > git show --textconv :openvidu-tutorials/openvidu-react/src/components/Elements/openvidu/OpenviduFinal.js [4ms]
2024-11-26 06:30:33.268 [info] > git ls-files --stage -- /home/ubuntu/Project-Agora/openvidu-tutorials/openvidu-react/src/components/Elements/openvidu/OpenviduFinal.js [2ms]
2024-11-26 06:30:33.272 [info] > git cat-file -s 248b6aa1687e99f64f1598afcac913e04b207510 [2ms]
2024-11-26 06:31:25.203 [info] > git config --get commit.template [5ms]
2024-11-26 06:31:25.203 [info] > git for-each-ref --format=%(refname)%00%(upstream:short)%00%(objectname)%00%(upstream:track)%00%(upstream:remotename)%00%(upstream:remoteref) refs/heads/main refs/remotes/main [3ms]
2024-11-26 06:31:25.214 [info] > git status -z -uall [6ms]
2024-11-26 06:31:25.217 [info] > git for-each-ref --sort -committerdate --format %(refname) %(objectname) %(*objectname) [4ms]
2024-11-26 06:32:01.564 [info] > git config --get commit.template [4ms]
2024-11-26 06:32:01.566 [info] > git for-each-ref --format=%(refname)%00%(upstream:short)%00%(objectname)%00%(upstream:track)%00%(upstream:remotename)%00%(upstream:remoteref) refs/heads/main refs/remotes/main [2ms]
2024-11-26 06:32:01.582 [info] > git status -z -uall [7ms]
2024-11-26 06:32:01.585 [info] > git for-each-ref --sort -committerdate --format %(refname) %(objectname) %(*objectname) [4ms]
2024-11-26 06:32:06.605 [info] > git config --get commit.template [10ms]
2024-11-26 06:32:06.606 [info] > git for-each-ref --format=%(refname)%00%(upstream:short)%00%(objectname)%00%(upstream:track)%00%(upstream:remotename)%00%(upstream:remoteref) refs/heads/main refs/remotes/main [3ms]
2024-11-26 06:32:06.644 [info] > git status -z -uall [32ms]
2024-11-26 06:32:06.658 [info] > git for-each-ref --sort -committerdate --format %(refname) %(objectname) %(*objectname) [18ms]
2024-11-26 06:32:11.670 [info] > git config --get commit.template [3ms]
2024-11-26 06:32:11.677 [info] > git for-each-ref --format=%(refname)%00%(upstream:short)%00%(objectname)%00%(upstream:track)%00%(upstream:remotename)%00%(upstream:remoteref) refs/heads/main refs/remotes/main [3ms]
2024-11-26 06:32:11.686 [info] > git status -z -uall [6ms]
2024-11-26 06:32:11.689 [info] > git for-each-ref --sort -committerdate --format %(refname) %(objectname) %(*objectname) [4ms]
2024-11-26 06:32:16.719 [info] > git config --get commit.template [7ms]
2024-11-26 06:32:16.720 [info] > git for-each-ref --format=%(refname)%00%(upstream:short)%00%(objectname)%00%(upstream:track)%00%(upstream:remotename)%00%(upstream:remoteref) refs/heads/main refs/remotes/main [3ms]
2024-11-26 06:32:16.743 [info] > git status -z -uall [18ms]
2024-11-26 06:32:16.752 [info] > git for-each-ref --sort -committerdate --format %(refname) %(objectname) %(*objectname) [9ms]
2024-11-26 06:32:21.768 [info] > git config --get commit.template [6ms]
2024-11-26 06:32:21.775 [info] > git for-each-ref --format=%(refname)%00%(upstream:short)%00%(objectname)%00%(upstream:track)%00%(upstream:remotename)%00%(upstream:remoteref) refs/heads/main refs/remotes/main [8ms]
2024-11-26 06:32:21.787 [info] > git status -z -uall [8ms]
2024-11-26 06:32:21.789 [info] > git for-each-ref --sort -committerdate --format %(refname) %(objectname) %(*objectname) [4ms]
2024-11-26 06:32:26.812 [info] > git config --get commit.template [4ms]
2024-11-26 06:32:26.813 [info] > git for-each-ref --format=%(refname)%00%(upstream:short)%00%(objectname)%00%(upstream:track)%00%(upstream:remotename)%00%(upstream:remoteref) refs/heads/main refs/remotes/main [2ms]
2024-11-26 06:32:26.823 [info] > git status -z -uall [6ms]
2024-11-26 06:32:26.841 [info] > git for-each-ref --sort -committerdate --format %(refname) %(objectname) %(*objectname) [12ms]
2024-11-26 06:32:32.964 [info] > git config --get commit.template [4ms]
2024-11-26 06:32:32.965 [info] > git for-each-ref --format=%(refname)%00%(upstream:short)%00%(objectname)%00%(upstream:track)%00%(upstream:remotename)%00%(upstream:remoteref) refs/heads/main refs/remotes/main [3ms]
2024-11-26 06:32:32.973 [info] > git status -z -uall [5ms]
2024-11-26 06:32:32.977 [info] > git for-each-ref --sort -committerdate --format %(refname) %(objectname) %(*objectname) [3ms]
2024-11-26 06:33:12.073 [info] > git config --get commit.template [12ms]
2024-11-26 06:33:12.077 [info] > git for-each-ref --format=%(refname)%00%(upstream:short)%00%(objectname)%00%(upstream:track)%00%(upstream:remotename)%00%(upstream:remoteref) refs/heads/main refs/remotes/main [5ms]
2024-11-26 06:33:12.094 [info] > git status -z -uall [7ms]
2024-11-26 06:33:12.097 [info] > git for-each-ref --sort -committerdate --format %(refname) %(objectname) %(*objectname) [4ms]
2024-11-26 06:33:19.513 [info] > git config --get commit.template [4ms]
2024-11-26 06:33:19.515 [info] > git for-each-ref --format=%(refname)%00%(upstream:short)%00%(objectname)%00%(upstream:track)%00%(upstream:remotename)%00%(upstream:remoteref) refs/heads/main refs/remotes/main [2ms]
2024-11-26 06:33:19.525 [info] > git status -z -uall [7ms]
2024-11-26 06:33:19.528 [info] > git for-each-ref --sort -committerdate --format %(refname) %(objectname) %(*objectname) [4ms]
2024-11-26 06:33:24.551 [info] > git config --get commit.template [15ms]
2024-11-26 06:33:24.557 [info] > git for-each-ref --format=%(refname)%00%(upstream:short)%00%(objectname)%00%(upstream:track)%00%(upstream:remotename)%00%(upstream:remoteref) refs/heads/main refs/remotes/main [10ms]
2024-11-26 06:33:24.577 [info] > git status -z -uall [5ms]
2024-11-26 06:33:24.579 [info] > git for-each-ref --sort -committerdate --format %(refname) %(objectname) %(*objectname) [3ms]
2024-11-26 06:33:29.590 [info] > git config --get commit.template [1ms]
2024-11-26 06:33:29.612 [info] > git for-each-ref --format=%(refname)%00%(upstream:short)%00%(objectname)%00%(upstream:track)%00%(upstream:remotename)%00%(upstream:remoteref) refs/heads/main refs/remotes/main [14ms]
2024-11-26 06:33:29.631 [info] > git status -z -uall [13ms]
2024-11-26 06:33:29.634 [info] > git for-each-ref --sort -committerdate --format %(refname) %(objectname) %(*objectname) [7ms]
2024-11-26 06:33:34.653 [info] > git config --get commit.template [9ms]
2024-11-26 06:33:34.655 [info] > git for-each-ref --format=%(refname)%00%(upstream:short)%00%(objectname)%00%(upstream:track)%00%(upstream:remotename)%00%(upstream:remoteref) refs/heads/main refs/remotes/main [3ms]
2024-11-26 06:33:34.676 [info] > git status -z -uall [16ms]
2024-11-26 06:33:34.699 [info] > git for-each-ref --sort -committerdate --format %(refname) %(objectname) %(*objectname) [22ms]
2024-11-26 06:33:54.183 [info] > git config --get commit.template [4ms]
2024-11-26 06:33:54.184 [info] > git for-each-ref --format=%(refname)%00%(upstream:short)%00%(objectname)%00%(upstream:track)%00%(upstream:remotename)%00%(upstream:remoteref) refs/heads/main refs/remotes/main [2ms]
2024-11-26 06:33:54.195 [info] > git status -z -uall [7ms]
2024-11-26 06:33:54.197 [info] > git for-each-ref --sort -committerdate --format %(refname) %(objectname) %(*objectname) [3ms]
2024-11-26 06:34:17.147 [info] > git config --get commit.template [5ms]
2024-11-26 06:34:17.148 [info] > git for-each-ref --format=%(refname)%00%(upstream:short)%00%(objectname)%00%(upstream:track)%00%(upstream:remotename)%00%(upstream:remoteref) refs/heads/main refs/remotes/main [2ms]
2024-11-26 06:34:17.157 [info] > git status -z -uall [6ms]
2024-11-26 06:34:17.160 [info] > git for-each-ref --sort -committerdate --format %(refname) %(objectname) %(*objectname) [4ms]
2024-11-26 06:34:24.374 [info] > git config --get commit.template [12ms]
2024-11-26 06:34:24.380 [info] > git for-each-ref --format=%(refname)%00%(upstream:short)%00%(objectname)%00%(upstream:track)%00%(upstream:remotename)%00%(upstream:remoteref) refs/heads/main refs/remotes/main [6ms]
2024-11-26 06:34:24.409 [info] > git status -z -uall [21ms]
2024-11-26 06:34:24.415 [info] > git for-each-ref --sort -committerdate --format %(refname) %(objectname) %(*objectname) [10ms]
2024-11-26 06:34:29.431 [info] > git config --get commit.template [6ms]
2024-11-26 06:34:29.432 [info] > git for-each-ref --format=%(refname)%00%(upstream:short)%00%(objectname)%00%(upstream:track)%00%(upstream:remotename)%00%(upstream:remoteref) refs/heads/main refs/remotes/main [3ms]
2024-11-26 06:34:29.442 [info] > git status -z -uall [7ms]
2024-11-26 06:34:29.443 [info] > git for-each-ref --sort -committerdate --format %(refname) %(objectname) %(*objectname) [2ms]
2024-11-26 06:34:34.459 [info] > git config --get commit.template [9ms]
2024-11-26 06:34:34.465 [info] > git for-each-ref --format=%(refname)%00%(upstream:short)%00%(objectname)%00%(upstream:track)%00%(upstream:remotename)%00%(upstream:remoteref) refs/heads/main refs/remotes/main [6ms]
2024-11-26 06:34:34.489 [info] > git status -z -uall [15ms]
2024-11-26 06:34:34.490 [info] > git for-each-ref --sort -committerdate --format %(refname) %(objectname) %(*objectname) [6ms]
2024-11-26 06:34:39.508 [info] > git config --get commit.template [9ms]
2024-11-26 06:34:39.509 [info] > git for-each-ref --format=%(refname)%00%(upstream:short)%00%(objectname)%00%(upstream:track)%00%(upstream:remotename)%00%(upstream:remoteref) refs/heads/main refs/remotes/main [2ms]
2024-11-26 06:34:39.521 [info] > git status -z -uall [8ms]
2024-11-26 06:34:39.525 [info] > git for-each-ref --sort -committerdate --format %(refname) %(objectname) %(*objectname) [6ms]
2024-11-26 06:34:47.936 [info] > git config --get commit.template [8ms]
2024-11-26 06:34:47.939 [info] > git for-each-ref --format=%(refname)%00%(upstream:short)%00%(objectname)%00%(upstream:track)%00%(upstream:remotename)%00%(upstream:remoteref) refs/heads/main refs/remotes/main [10ms]
2024-11-26 06:34:47.963 [info] > git status -z -uall [14ms]
2024-11-26 06:34:47.973 [info] > git for-each-ref --sort -committerdate --format %(refname) %(objectname) %(*objectname) [10ms]
2024-11-26 06:34:56.369 [info] > git config --get commit.template [4ms]
2024-11-26 06:34:56.370 [info] > git for-each-ref --format=%(refname)%00%(upstream:short)%00%(objectname)%00%(upstream:track)%00%(upstream:remotename)%00%(upstream:remoteref) refs/heads/main refs/remotes/main [2ms]
2024-11-26 06:34:56.379 [info] > git status -z -uall [6ms]
2024-11-26 06:34:56.382 [info] > git for-each-ref --sort -committerdate --format %(refname) %(objectname) %(*objectname) [4ms]
2024-11-26 06:40:48.171 [info] > git config --get commit.template [6ms]
2024-11-26 06:40:48.177 [info] > git for-each-ref --format=%(refname)%00%(upstream:short)%00%(objectname)%00%(upstream:track)%00%(upstream:remotename)%00%(upstream:remoteref) refs/heads/main refs/remotes/main [7ms]
2024-11-26 06:40:48.190 [info] > git status -z -uall [7ms]
2024-11-26 06:40:48.194 [info] > git for-each-ref --sort -committerdate --format %(refname) %(objectname) %(*objectname) [4ms]
2024-11-26 06:40:55.108 [info] > git config --get commit.template [6ms]
2024-11-26 06:40:55.110 [info] > git for-each-ref --format=%(refname)%00%(upstream:short)%00%(objectname)%00%(upstream:track)%00%(upstream:remotename)%00%(upstream:remoteref) refs/heads/main refs/remotes/main [3ms]
2024-11-26 06:40:55.119 [info] > git status -z -uall [6ms]
2024-11-26 06:40:55.121 [info] > git for-each-ref --sort -committerdate --format %(refname) %(objectname) %(*objectname) [3ms]
2024-11-26 06:41:47.755 [info] > git config --get commit.template [4ms]
2024-11-26 06:41:47.757 [info] > git for-each-ref --format=%(refname)%00%(upstream:short)%00%(objectname)%00%(upstream:track)%00%(upstream:remotename)%00%(upstream:remoteref) refs/heads/main refs/remotes/main [2ms]
2024-11-26 06:41:47.768 [info] > git status -z -uall [8ms]
2024-11-26 06:41:47.771 [info] > git for-each-ref --sort -committerdate --format %(refname) %(objectname) %(*objectname) [4ms]
2024-11-26 06:43:05.113 [info] > git config --get commit.template [3ms]
2024-11-26 06:43:05.114 [info] > git for-each-ref --format=%(refname)%00%(upstream:short)%00%(objectname)%00%(upstream:track)%00%(upstream:remotename)%00%(upstream:remoteref) refs/heads/main refs/remotes/main [2ms]
2024-11-26 06:43:05.124 [info] > git status -z -uall [7ms]
2024-11-26 06:43:05.126 [info] > git for-each-ref --sort -committerdate --format %(refname) %(objectname) %(*objectname) [4ms]
2024-11-26 06:43:36.129 [info] > git config --get commit.template [5ms]
2024-11-26 06:43:36.130 [info] > git for-each-ref --format=%(refname)%00%(upstream:short)%00%(objectname)%00%(upstream:track)%00%(upstream:remotename)%00%(upstream:remoteref) refs/heads/main refs/remotes/main [2ms]
2024-11-26 06:43:36.139 [info] > git status -z -uall [5ms]
2024-11-26 06:43:36.143 [info] > git for-each-ref --sort -committerdate --format %(refname) %(objectname) %(*objectname) [4ms]
2024-11-26 06:46:23.283 [info] > git config --get commit.template [2ms]
2024-11-26 06:46:23.296 [info] > git for-each-ref --format=%(refname)%00%(upstream:short)%00%(objectname)%00%(upstream:track)%00%(upstream:remotename)%00%(upstream:remoteref) refs/heads/main refs/remotes/main [8ms]
2024-11-26 06:46:23.325 [info] > git status -z -uall [14ms]
2024-11-26 06:46:23.328 [info] > git for-each-ref --sort -committerdate --format %(refname) %(objectname) %(*objectname) [6ms]
2024-11-26 06:46:37.919 [info] > git config --get commit.template [5ms]
2024-11-26 06:46:37.921 [info] > git for-each-ref --format=%(refname)%00%(upstream:short)%00%(objectname)%00%(upstream:track)%00%(upstream:remotename)%00%(upstream:remoteref) refs/heads/main refs/remotes/main [3ms]
2024-11-26 06:46:37.929 [info] > git status -z -uall [5ms]
2024-11-26 06:46:37.932 [info] > git for-each-ref --sort -committerdate --format %(refname) %(objectname) %(*objectname) [4ms]
2024-11-26 06:48:47.733 [info] > git config --get commit.template [13ms]
2024-11-26 06:48:47.737 [info] > git for-each-ref --format=%(refname)%00%(upstream:short)%00%(objectname)%00%(upstream:track)%00%(upstream:remotename)%00%(upstream:remoteref) refs/heads/main refs/remotes/main [5ms]
2024-11-26 06:48:47.763 [info] > git status -z -uall [14ms]
2024-11-26 06:48:47.775 [info] > git for-each-ref --sort -committerdate --format %(refname) %(objectname) %(*objectname) [11ms]
2024-11-26 07:08:06.374 [info] > git show --textconv :openvidu-tutorials/openvidu-react/src/components/Elements/openvidu/UserVideoComponent.js [8ms]
2024-11-26 07:08:06.380 [info] > git ls-files --stage -- /home/ubuntu/Project-Agora/openvidu-tutorials/openvidu-react/src/components/Elements/openvidu/UserVideoComponent.js [6ms]
2024-11-26 07:08:06.395 [info] > git cat-file -s 818116ec034926f3e6cfe92aaafc74d3d31c1642 [9ms]
2024-11-26 07:08:10.605 [info] > git show --textconv :openvidu-tutorials/openvidu-react/src/components/Elements/openvidu/OpenviduFinal.js [5ms]
2024-11-26 07:08:10.606 [info] > git ls-files --stage -- /home/ubuntu/Project-Agora/openvidu-tutorials/openvidu-react/src/components/Elements/openvidu/OpenviduFinal.js [2ms]
2024-11-26 07:08:10.611 [info] > git cat-file -s 248b6aa1687e99f64f1598afcac913e04b207510 [3ms]
2024-11-26 07:10:09.118 [info] > git show --textconv :openvidu-tutorials/openvidu-react/src/components/Elements/openvidu/UserVideoComponent.js [5ms]
2024-11-26 07:10:09.120 [info] > git ls-files --stage -- /home/ubuntu/Project-Agora/openvidu-tutorials/openvidu-react/src/components/Elements/openvidu/UserVideoComponent.js [3ms]
2024-11-26 07:10:09.125 [info] > git cat-file -s 818116ec034926f3e6cfe92aaafc74d3d31c1642 [2ms]
2024-11-26 07:10:09.772 [info] > git show --textconv :openvidu-tutorials/openvidu-react/src/components/Elements/openvidu/OvVideo.js [6ms]
2024-11-26 07:10:09.773 [info] > git ls-files --stage -- /home/ubuntu/Project-Agora/openvidu-tutorials/openvidu-react/src/components/Elements/openvidu/OvVideo.js [2ms]
2024-11-26 07:10:09.780 [info] > git cat-file -s f0d48b1e3adfc6782757a9c6bbbbd6c011018396 [3ms]
2024-11-26 07:10:11.227 [info] > git show --textconv :openvidu-tutorials/openvidu-react/src/components/Elements/openvidu/UserVideoComponent.js [12ms]
2024-11-26 07:10:11.231 [info] > git ls-files --stage -- /home/ubuntu/Project-Agora/openvidu-tutorials/openvidu-react/src/components/Elements/openvidu/UserVideoComponent.js [7ms]
2024-11-26 07:10:11.241 [info] > git cat-file -s 818116ec034926f3e6cfe92aaafc74d3d31c1642 [6ms]
2024-11-26 07:10:11.665 [info] > git show --textconv :openvidu-tutorials/openvidu-react/src/components/Elements/openvidu/OvVideo.js [7ms]
2024-11-26 07:10:11.666 [info] > git ls-files --stage -- /home/ubuntu/Project-Agora/openvidu-tutorials/openvidu-react/src/components/Elements/openvidu/OvVideo.js [2ms]
2024-11-26 07:10:11.672 [info] > git cat-file -s f0d48b1e3adfc6782757a9c6bbbbd6c011018396 [3ms]
2024-11-26 07:10:13.884 [info] > git show --textconv :openvidu-tutorials/openvidu-react/src/components/Elements/openvidu/UserVideoComponent.js [5ms]
2024-11-26 07:10:13.885 [info] > git ls-files --stage -- /home/ubuntu/Project-Agora/openvidu-tutorials/openvidu-react/src/components/Elements/openvidu/UserVideoComponent.js [2ms]
2024-11-26 07:10:13.890 [info] > git cat-file -s 818116ec034926f3e6cfe92aaafc74d3d31c1642 [2ms]
2024-11-26 07:10:21.040 [info] > git show --textconv :openvidu-tutorials/openvidu-react/src/components/Elements/openvidu/OpenviduFinal.js [4ms]
2024-11-26 07:10:21.040 [info] > git ls-files --stage -- /home/ubuntu/Project-Agora/openvidu-tutorials/openvidu-react/src/components/Elements/openvidu/OpenviduFinal.js [1ms]
2024-11-26 07:10:21.045 [info] > git cat-file -s 248b6aa1687e99f64f1598afcac913e04b207510 [2ms]
2024-11-26 07:10:21.523 [info] > git show --textconv :openvidu-tutorials/openvidu-react/src/components/Elements/openvidu/UserVideoComponent.js [6ms]
2024-11-26 07:10:21.523 [info] > git ls-files --stage -- /home/ubuntu/Project-Agora/openvidu-tutorials/openvidu-react/src/components/Elements/openvidu/UserVideoComponent.js [3ms]
2024-11-26 07:10:21.528 [info] > git cat-file -s 818116ec034926f3e6cfe92aaafc74d3d31c1642 [2ms]
2024-11-26 07:10:37.918 [info] > git show --textconv :openvidu-tutorials/openvidu-react/src/components/Elements/openvidu/OpenviduFinal.js [8ms]
2024-11-26 07:10:37.921 [info] > git ls-files --stage -- /home/ubuntu/Project-Agora/openvidu-tutorials/openvidu-react/src/components/Elements/openvidu/OpenviduFinal.js [3ms]
2024-11-26 07:10:37.933 [info] > git cat-file -s 248b6aa1687e99f64f1598afcac913e04b207510 [3ms]
2024-11-26 07:10:40.658 [info] > git show --textconv :openvidu-tutorials/openvidu-react/src/components/Elements/openvidu/UserVideoComponent.js [4ms]
2024-11-26 07:10:40.659 [info] > git ls-files --stage -- /home/ubuntu/Project-Agora/openvidu-tutorials/openvidu-react/src/components/Elements/openvidu/UserVideoComponent.js [2ms]
2024-11-26 07:10:40.663 [info] > git cat-file -s 818116ec034926f3e6cfe92aaafc74d3d31c1642 [2ms]
2024-11-26 07:16:26.785 [info] > git config --get commit.template [4ms]
2024-11-26 07:16:26.786 [info] > git for-each-ref --format=%(refname)%00%(upstream:short)%00%(objectname)%00%(upstream:track)%00%(upstream:remotename)%00%(upstream:remoteref) refs/heads/main refs/remotes/main [2ms]
2024-11-26 07:16:26.795 [info] > git status -z -uall [6ms]
2024-11-26 07:16:26.797 [info] > git for-each-ref --sort -committerdate --format %(refname) %(objectname) %(*objectname) [3ms]
2024-11-26 07:16:31.829 [info] > git for-each-ref --format=%(refname)%00%(upstream:short)%00%(objectname)%00%(upstream:track)%00%(upstream:remotename)%00%(upstream:remoteref) refs/heads/main refs/remotes/main [5ms]
2024-11-26 07:16:31.830 [info] > git config --get commit.template [16ms]
2024-11-26 07:16:31.846 [info] > git status -z -uall [10ms]
2024-11-26 07:16:31.848 [info] > git for-each-ref --sort -committerdate --format %(refname) %(objectname) %(*objectname) [4ms]
2024-11-26 07:16:36.860 [info] > git config --get commit.template [5ms]
2024-11-26 07:16:36.861 [info] > git for-each-ref --format=%(refname)%00%(upstream:short)%00%(objectname)%00%(upstream:track)%00%(upstream:remotename)%00%(upstream:remoteref) refs/heads/main refs/remotes/main [2ms]
2024-11-26 07:16:36.873 [info] > git status -z -uall [8ms]
2024-11-26 07:16:36.874 [info] > git for-each-ref --sort -committerdate --format %(refname) %(objectname) %(*objectname) [4ms]
2024-11-26 07:16:48.951 [info] > git config --get commit.template [5ms]
2024-11-26 07:16:48.952 [info] > git for-each-ref --format=%(refname)%00%(upstream:short)%00%(objectname)%00%(upstream:track)%00%(upstream:remotename)%00%(upstream:remoteref) refs/heads/main refs/remotes/main [3ms]
2024-11-26 07:16:48.966 [info] > git status -z -uall [7ms]
2024-11-26 07:16:48.967 [info] > git for-each-ref --sort -committerdate --format %(refname) %(objectname) %(*objectname) [1ms]
2024-11-26 07:16:53.978 [info] > git config --get commit.template [5ms]
2024-11-26 07:16:53.995 [info] > git for-each-ref --format=%(refname)%00%(upstream:short)%00%(objectname)%00%(upstream:track)%00%(upstream:remotename)%00%(upstream:remoteref) refs/heads/main refs/remotes/main [8ms]
2024-11-26 07:16:54.020 [info] > git status -z -uall [7ms]
2024-11-26 07:16:54.023 [info] > git for-each-ref --sort -committerdate --format %(refname) %(objectname) %(*objectname) [4ms]
2024-11-26 07:17:52.336 [info] > git config --get commit.template [6ms]
2024-11-26 07:17:52.336 [info] > git for-each-ref --format=%(refname)%00%(upstream:short)%00%(objectname)%00%(upstream:track)%00%(upstream:remotename)%00%(upstream:remoteref) refs/heads/main refs/remotes/main [2ms]
2024-11-26 07:17:52.346 [info] > git status -z -uall [6ms]
2024-11-26 07:17:52.349 [info] > git for-each-ref --sort -committerdate --format %(refname) %(objectname) %(*objectname) [4ms]
2024-11-26 07:18:05.833 [info] > git config --get commit.template [5ms]
2024-11-26 07:18:05.834 [info] > git for-each-ref --format=%(refname)%00%(upstream:short)%00%(objectname)%00%(upstream:track)%00%(upstream:remotename)%00%(upstream:remoteref) refs/heads/main refs/remotes/main [2ms]
2024-11-26 07:18:05.843 [info] > git status -z -uall [6ms]
2024-11-26 07:18:05.847 [info] > git for-each-ref --sort -committerdate --format %(refname) %(objectname) %(*objectname) [4ms]
2024-11-26 07:18:17.739 [info] > git config --get commit.template [6ms]
2024-11-26 07:18:17.740 [info] > git for-each-ref --format=%(refname)%00%(upstream:short)%00%(objectname)%00%(upstream:track)%00%(upstream:remotename)%00%(upstream:remoteref) refs/heads/main refs/remotes/main [2ms]
2024-11-26 07:18:17.752 [info] > git status -z -uall [7ms]
2024-11-26 07:18:17.756 [info] > git for-each-ref --sort -committerdate --format %(refname) %(objectname) %(*objectname) [5ms]
2024-11-26 07:18:22.770 [info] > git config --get commit.template [8ms]
2024-11-26 07:18:22.774 [info] > git for-each-ref --format=%(refname)%00%(upstream:short)%00%(objectname)%00%(upstream:track)%00%(upstream:remotename)%00%(upstream:remoteref) refs/heads/main refs/remotes/main [2ms]
2024-11-26 07:18:22.786 [info] > git status -z -uall [7ms]
2024-11-26 07:18:22.789 [info] > git for-each-ref --sort -committerdate --format %(refname) %(objectname) %(*objectname) [4ms]
2024-11-26 07:18:27.800 [info] > git config --get commit.template [4ms]
2024-11-26 07:18:27.808 [info] > git for-each-ref --format=%(refname)%00%(upstream:short)%00%(objectname)%00%(upstream:track)%00%(upstream:remotename)%00%(upstream:remoteref) refs/heads/main refs/remotes/main [3ms]
2024-11-26 07:18:27.824 [info] > git status -z -uall [11ms]
2024-11-26 07:18:27.826 [info] > git for-each-ref --sort -committerdate --format %(refname) %(objectname) %(*objectname) [5ms]
2024-11-26 07:20:18.508 [info] > git config --get commit.template [6ms]
2024-11-26 07:20:18.509 [info] > git for-each-ref --format=%(refname)%00%(upstream:short)%00%(objectname)%00%(upstream:track)%00%(upstream:remotename)%00%(upstream:remoteref) refs/heads/main refs/remotes/main [2ms]
2024-11-26 07:20:18.519 [info] > git status -z -uall [6ms]
2024-11-26 07:20:18.524 [info] > git for-each-ref --sort -committerdate --format %(refname) %(objectname) %(*objectname) [4ms]
2024-11-26 07:20:39.507 [info] > git config --get commit.template [4ms]
2024-11-26 07:20:39.514 [info] > git for-each-ref --format=%(refname)%00%(upstream:short)%00%(objectname)%00%(upstream:track)%00%(upstream:remotename)%00%(upstream:remoteref) refs/heads/main refs/remotes/main [2ms]
2024-11-26 07:20:39.524 [info] > git status -z -uall [6ms]
2024-11-26 07:20:39.527 [info] > git for-each-ref --sort -committerdate --format %(refname) %(objectname) %(*objectname) [3ms]
2024-11-26 07:20:54.278 [info] > git config --get commit.template [6ms]
2024-11-26 07:20:54.280 [info] > git for-each-ref --format=%(refname)%00%(upstream:short)%00%(objectname)%00%(upstream:track)%00%(upstream:remotename)%00%(upstream:remoteref) refs/heads/main refs/remotes/main [3ms]
2024-11-26 07:20:54.307 [info] > git status -z -uall [16ms]
2024-11-26 07:20:54.321 [info] > git for-each-ref --sort -committerdate --format %(refname) %(objectname) %(*objectname) [16ms]
2024-11-26 07:22:02.829 [info] > git config --get commit.template [6ms]
2024-11-26 07:22:02.830 [info] > git for-each-ref --format=%(refname)%00%(upstream:short)%00%(objectname)%00%(upstream:track)%00%(upstream:remotename)%00%(upstream:remoteref) refs/heads/main refs/remotes/main [2ms]
2024-11-26 07:22:02.843 [info] > git status -z -uall [8ms]
2024-11-26 07:22:02.849 [info] > git for-each-ref --sort -committerdate --format %(refname) %(objectname) %(*objectname) [7ms]
2024-11-26 07:22:11.761 [info] > git config --get commit.template [13ms]
2024-11-26 07:22:11.764 [info] > git for-each-ref --format=%(refname)%00%(upstream:short)%00%(objectname)%00%(upstream:track)%00%(upstream:remotename)%00%(upstream:remoteref) refs/heads/main refs/remotes/main [9ms]
2024-11-26 07:22:11.788 [info] > git status -z -uall [12ms]
2024-11-26 07:22:11.790 [info] > git for-each-ref --sort -committerdate --format %(refname) %(objectname) %(*objectname) [4ms]
2024-11-26 07:22:31.674 [info] > git show --textconv :openvidu-tutorials/openvidu-react/src/components/Elements/openvidu/OvVideo.js [11ms]
2024-11-26 07:22:31.675 [info] > git ls-files --stage -- /home/ubuntu/Project-Agora/openvidu-tutorials/openvidu-react/src/components/Elements/openvidu/OvVideo.js [4ms]
2024-11-26 07:22:31.680 [info] > git cat-file -s f0d48b1e3adfc6782757a9c6bbbbd6c011018396 [2ms]
2024-11-26 07:22:39.456 [info] > git show --textconv :openvidu-tutorials/openvidu-react/src/components/Elements/openvidu/OpenviduFinal.js [12ms]
2024-11-26 07:22:39.458 [info] > git ls-files --stage -- /home/ubuntu/Project-Agora/openvidu-tutorials/openvidu-react/src/components/Elements/openvidu/OpenviduFinal.js [4ms]
2024-11-26 07:22:39.470 [info] > git cat-file -s 248b6aa1687e99f64f1598afcac913e04b207510 [6ms]
2024-11-26 07:33:13.335 [info] > git show --textconv :openvidu-tutorials/openvidu-react/src/components/Elements/openvidu/OvVideo.js [5ms]
2024-11-26 07:33:13.337 [info] > git ls-files --stage -- /home/ubuntu/Project-Agora/openvidu-tutorials/openvidu-react/src/components/Elements/openvidu/OvVideo.js [3ms]
2024-11-26 07:33:13.343 [info] > git cat-file -s f0d48b1e3adfc6782757a9c6bbbbd6c011018396 [3ms]
2024-11-26 07:33:27.782 [info] > git show --textconv :openvidu-tutorials/openvidu-react/src/components/Elements/openvidu/OpenviduFinal.js [33ms]
2024-11-26 07:33:27.794 [info] > git ls-files --stage -- /home/ubuntu/Project-Agora/openvidu-tutorials/openvidu-react/src/components/Elements/openvidu/OpenviduFinal.js [26ms]
2024-11-26 07:33:27.830 [info] > git cat-file -s 248b6aa1687e99f64f1598afcac913e04b207510 [19ms]
2024-11-26 07:33:30.313 [info] > git show --textconv :openvidu-tutorials/openvidu-react/src/components/Elements/openvidu/UserVideoComponent.js [5ms]
2024-11-26 07:33:30.314 [info] > git ls-files --stage -- /home/ubuntu/Project-Agora/openvidu-tutorials/openvidu-react/src/components/Elements/openvidu/UserVideoComponent.js [2ms]
2024-11-26 07:33:30.321 [info] > git cat-file -s 818116ec034926f3e6cfe92aaafc74d3d31c1642 [2ms]
2024-11-26 07:35:14.274 [info] > git config --get commit.template [4ms]
2024-11-26 07:35:14.295 [info] > git for-each-ref --format=%(refname)%00%(upstream:short)%00%(objectname)%00%(upstream:track)%00%(upstream:remotename)%00%(upstream:remoteref) refs/heads/main refs/remotes/main [6ms]
2024-11-26 07:35:14.322 [info] > git status -z -uall [11ms]
2024-11-26 07:35:14.329 [info] > git for-each-ref --sort -committerdate --format %(refname) %(objectname) %(*objectname) [8ms]
2024-11-26 07:35:19.347 [info] > git config --get commit.template [6ms]
2024-11-26 07:35:19.349 [info] > git for-each-ref --format=%(refname)%00%(upstream:short)%00%(objectname)%00%(upstream:track)%00%(upstream:remotename)%00%(upstream:remoteref) refs/heads/main refs/remotes/main [3ms]
2024-11-26 07:35:19.361 [info] > git status -z -uall [8ms]
2024-11-26 07:35:19.363 [info] > git for-each-ref --sort -committerdate --format %(refname) %(objectname) %(*objectname) [3ms]
2024-11-26 07:35:47.897 [info] > git show --textconv :openvidu-tutorials/openvidu-react/src/components/Elements/openvidu/OpenviduFinal.js [6ms]
2024-11-26 07:35:47.900 [info] > git ls-files --stage -- /home/ubuntu/Project-Agora/openvidu-tutorials/openvidu-react/src/components/Elements/openvidu/OpenviduFinal.js [5ms]
2024-11-26 07:35:47.906 [info] > git cat-file -s 248b6aa1687e99f64f1598afcac913e04b207510 [3ms]
2024-11-26 07:38:52.078 [info] > git check-ignore -v -z --stdin [3ms]
2024-11-26 07:38:57.605 [info] > git log --format=%H%n%aN%n%aE%n%at%n%ct%n%P%n%D%n%B -z --shortstat --diff-merges=first-parent -n50 --skip=0 --topo-order --decorate=full --stdin [6102ms]
2024-11-26 07:39:03.080 [info] > git config --get commit.template [17ms]
2024-11-26 07:39:03.086 [info] > git for-each-ref --format=%(refname)%00%(upstream:short)%00%(objectname)%00%(upstream:track)%00%(upstream:remotename)%00%(upstream:remoteref) refs/heads/main refs/remotes/main [7ms]
2024-11-26 07:39:03.124 [info] > git status -z -uall [23ms]
2024-11-26 07:39:03.132 [info] > git for-each-ref --sort -committerdate --format %(refname) %(objectname) %(*objectname) [11ms]
2024-11-26 07:39:04.888 [info] > git log --format=%H%n%aN%n%aE%n%at%n%ct%n%P%n%D%n%B -z --shortstat --diff-merges=first-parent -n50 --skip=0 --topo-order --decorate=full --stdin [7205ms]
2024-11-26 07:39:08.153 [info] > git config --get commit.template [6ms]
2024-11-26 07:39:08.154 [info] > git for-each-ref --format=%(refname)%00%(upstream:short)%00%(objectname)%00%(upstream:track)%00%(upstream:remotename)%00%(upstream:remoteref) refs/heads/main refs/remotes/main [2ms]
2024-11-26 07:39:08.165 [info] > git status -z -uall [7ms]
2024-11-26 07:39:08.169 [info] > git for-each-ref --sort -committerdate --format %(refname) %(objectname) %(*objectname) [5ms]
2024-11-26 07:39:13.230 [info] > git for-each-ref --format=%(refname)%00%(upstream:short)%00%(objectname)%00%(upstream:track)%00%(upstream:remotename)%00%(upstream:remoteref) refs/heads/main refs/remotes/main [1ms]
2024-11-26 07:39:13.230 [info] > git config --get commit.template [21ms]
2024-11-26 07:39:13.242 [info] > git status -z -uall [8ms]
2024-11-26 07:39:13.243 [info] > git for-each-ref --sort -committerdate --format %(refname) %(objectname) %(*objectname) [3ms]
2024-11-26 07:39:23.143 [info] > git config --get commit.template [15ms]
2024-11-26 07:39:23.144 [info] > git for-each-ref --format=%(refname)%00%(upstream:short)%00%(objectname)%00%(upstream:track)%00%(upstream:remotename)%00%(upstream:remoteref) refs/heads/main refs/remotes/main [7ms]
2024-11-26 07:39:23.157 [info] > git status -z -uall [8ms]
2024-11-26 07:39:23.160 [info] > git for-each-ref --sort -committerdate --format %(refname) %(objectname) %(*objectname) [6ms]
2024-11-26 07:39:28.202 [info] > git config --get commit.template [12ms]
2024-11-26 07:39:28.205 [info] > git for-each-ref --format=%(refname)%00%(upstream:short)%00%(objectname)%00%(upstream:track)%00%(upstream:remotename)%00%(upstream:remoteref) refs/heads/main refs/remotes/main [5ms]
2024-11-26 07:39:28.234 [info] > git status -z -uall [13ms]
2024-11-26 07:39:28.242 [info] > git for-each-ref --sort -committerdate --format %(refname) %(objectname) %(*objectname) [9ms]
2024-11-26 07:39:37.360 [info] > git config --get commit.template [5ms]
2024-11-26 07:39:37.361 [info] > git for-each-ref --format=%(refname)%00%(upstream:short)%00%(objectname)%00%(upstream:track)%00%(upstream:remotename)%00%(upstream:remoteref) refs/heads/main refs/remotes/main [2ms]
2024-11-26 07:39:37.372 [info] > git status -z -uall [7ms]
2024-11-26 07:39:37.374 [info] > git for-each-ref --sort -committerdate --format %(refname) %(objectname) %(*objectname) [3ms]
2024-11-26 07:39:59.279 [info] > git config --get commit.template [2ms]
2024-11-26 07:39:59.299 [info] > git for-each-ref --format=%(refname)%00%(upstream:short)%00%(objectname)%00%(upstream:track)%00%(upstream:remotename)%00%(upstream:remoteref) refs/heads/main refs/remotes/main [7ms]
2024-11-26 07:39:59.322 [info] > git status -z -uall [12ms]
2024-11-26 07:39:59.331 [info] > git for-each-ref --sort -committerdate --format %(refname) %(objectname) %(*objectname) [11ms]
2024-11-26 07:40:04.347 [info] > git config --get commit.template [3ms]
2024-11-26 07:40:04.358 [info] > git for-each-ref --format=%(refname)%00%(upstream:short)%00%(objectname)%00%(upstream:track)%00%(upstream:remotename)%00%(upstream:remoteref) refs/heads/main refs/remotes/main [3ms]
2024-11-26 07:40:04.384 [info] > git status -z -uall [10ms]
2024-11-26 07:40:04.397 [info] > git for-each-ref --sort -committerdate --format %(refname) %(objectname) %(*objectname) [14ms]
2024-11-26 07:40:09.412 [info] > git config --get commit.template [3ms]
2024-11-26 07:40:09.418 [info] > git for-each-ref --format=%(refname)%00%(upstream:short)%00%(objectname)%00%(upstream:track)%00%(upstream:remotename)%00%(upstream:remoteref) refs/heads/main refs/remotes/main [2ms]
2024-11-26 07:40:09.431 [info] > git status -z -uall [9ms]
2024-11-26 07:40:09.434 [info] > git for-each-ref --sort -committerdate --format %(refname) %(objectname) %(*objectname) [4ms]
2024-11-26 07:40:19.747 [info] > git config --get commit.template [3ms]
2024-11-26 07:40:19.756 [info] > git for-each-ref --format=%(refname)%00%(upstream:short)%00%(objectname)%00%(upstream:track)%00%(upstream:remotename)%00%(upstream:remoteref) refs/heads/main refs/remotes/main [5ms]
2024-11-26 07:40:19.776 [info] > git status -z -uall [15ms]
2024-11-26 07:40:19.783 [info] > git for-each-ref --sort -committerdate --format %(refname) %(objectname) %(*objectname) [9ms]
2024-11-26 07:40:24.809 [info] > git config --get commit.template [11ms]
2024-11-26 07:40:24.818 [info] > git for-each-ref --format=%(refname)%00%(upstream:short)%00%(objectname)%00%(upstream:track)%00%(upstream:remotename)%00%(upstream:remoteref) refs/heads/main refs/remotes/main [10ms]
2024-11-26 07:40:24.842 [info] > git status -z -uall [18ms]
2024-11-26 07:40:24.846 [info] > git for-each-ref --sort -committerdate --format %(refname) %(objectname) %(*objectname) [6ms]
2024-11-26 07:40:29.858 [info] > git config --get commit.template [7ms]
2024-11-26 07:40:29.859 [info] > git for-each-ref --format=%(refname)%00%(upstream:short)%00%(objectname)%00%(upstream:track)%00%(upstream:remotename)%00%(upstream:remoteref) refs/heads/main refs/remotes/main [2ms]
2024-11-26 07:40:29.871 [info] > git status -z -uall [8ms]
2024-11-26 07:40:29.874 [info] > git for-each-ref --sort -committerdate --format %(refname) %(objectname) %(*objectname) [4ms]
2024-11-26 07:40:34.886 [info] > git config --get commit.template [4ms]
2024-11-26 07:40:34.888 [info] > git for-each-ref --format=%(refname)%00%(upstream:short)%00%(objectname)%00%(upstream:track)%00%(upstream:remotename)%00%(upstream:remoteref) refs/heads/main refs/remotes/main [1ms]
2024-11-26 07:40:34.898 [info] > git status -z -uall [8ms]
2024-11-26 07:40:34.899 [info] > git for-each-ref --sort -committerdate --format %(refname) %(objectname) %(*objectname) [2ms]
2024-11-26 07:40:39.914 [info] > git config --get commit.template [7ms]
2024-11-26 07:40:39.915 [info] > git for-each-ref --format=%(refname)%00%(upstream:short)%00%(objectname)%00%(upstream:track)%00%(upstream:remotename)%00%(upstream:remoteref) refs/heads/main refs/remotes/main [2ms]
2024-11-26 07:40:39.929 [info] > git status -z -uall [8ms]
2024-11-26 07:40:39.933 [info] > git for-each-ref --sort -committerdate --format %(refname) %(objectname) %(*objectname) [5ms]
2024-11-26 07:40:44.952 [info] > git config --get commit.template [9ms]
2024-11-26 07:40:44.956 [info] > git for-each-ref --format=%(refname)%00%(upstream:short)%00%(objectname)%00%(upstream:track)%00%(upstream:remotename)%00%(upstream:remoteref) refs/heads/main refs/remotes/main [5ms]
2024-11-26 07:40:44.976 [info] > git status -z -uall [9ms]
2024-11-26 07:40:44.982 [info] > git for-each-ref --sort -committerdate --format %(refname) %(objectname) %(*objectname) [6ms]
2024-11-26 07:41:02.500 [info] > git config --get commit.template [6ms]
2024-11-26 07:41:02.508 [info] > git for-each-ref --format=%(refname)%00%(upstream:short)%00%(objectname)%00%(upstream:track)%00%(upstream:remotename)%00%(upstream:remoteref) refs/heads/main refs/remotes/main [7ms]
2024-11-26 07:41:02.521 [info] > git status -z -uall [9ms]
2024-11-26 07:41:02.523 [info] > git for-each-ref --sort -committerdate --format %(refname) %(objectname) %(*objectname) [5ms]
2024-11-26 07:41:07.543 [info] > git config --get commit.template [7ms]
2024-11-26 07:41:07.545 [info] > git for-each-ref --format=%(refname)%00%(upstream:short)%00%(objectname)%00%(upstream:track)%00%(upstream:remotename)%00%(upstream:remoteref) refs/heads/main refs/remotes/main [5ms]
2024-11-26 07:41:07.569 [info] > git status -z -uall [15ms]
2024-11-26 07:41:07.576 [info] > git for-each-ref --sort -committerdate --format %(refname) %(objectname) %(*objectname) [12ms]
2024-11-26 07:41:29.256 [info] > git config --get commit.template [6ms]
2024-11-26 07:41:29.257 [info] > git for-each-ref --format=%(refname)%00%(upstream:short)%00%(objectname)%00%(upstream:track)%00%(upstream:remotename)%00%(upstream:remoteref) refs/heads/main refs/remotes/main [3ms]
2024-11-26 07:41:29.269 [info] > git status -z -uall [7ms]
2024-11-26 07:41:29.274 [info] > git for-each-ref --sort -committerdate --format %(refname) %(objectname) %(*objectname) [6ms]
2024-11-26 07:41:42.138 [info] > git for-each-ref --format=%(refname)%00%(upstream:short)%00%(objectname)%00%(upstream:track)%00%(upstream:remotename)%00%(upstream:remoteref) refs/heads/main refs/remotes/main [5ms]
2024-11-26 07:41:42.139 [info] > git config --get commit.template [14ms]
2024-11-26 07:41:42.156 [info] > git status -z -uall [9ms]
2024-11-26 07:41:42.167 [info] > git for-each-ref --sort -committerdate --format %(refname) %(objectname) %(*objectname) [11ms]
2024-11-26 07:41:47.186 [info] > git config --get commit.template [11ms]
2024-11-26 07:41:47.188 [info] > git for-each-ref --format=%(refname)%00%(upstream:short)%00%(objectname)%00%(upstream:track)%00%(upstream:remotename)%00%(upstream:remoteref) refs/heads/main refs/remotes/main [3ms]
2024-11-26 07:41:47.198 [info] > git status -z -uall [6ms]
2024-11-26 07:41:47.200 [info] > git for-each-ref --sort -committerdate --format %(refname) %(objectname) %(*objectname) [4ms]
2024-11-26 07:42:18.111 [info] > git config --get commit.template [16ms]
2024-11-26 07:42:18.118 [info] > git for-each-ref --format=%(refname)%00%(upstream:short)%00%(objectname)%00%(upstream:track)%00%(upstream:remotename)%00%(upstream:remoteref) refs/heads/main refs/remotes/main [13ms]
2024-11-26 07:42:18.145 [info] > git status -z -uall [17ms]
2024-11-26 07:42:18.153 [info] > git for-each-ref --sort -committerdate --format %(refname) %(objectname) %(*objectname) [15ms]
2024-11-26 07:42:23.198 [info] > git config --get commit.template [28ms]
2024-11-26 07:42:23.199 [info] > git for-each-ref --format=%(refname)%00%(upstream:short)%00%(objectname)%00%(upstream:track)%00%(upstream:remotename)%00%(upstream:remoteref) refs/heads/main refs/remotes/main [4ms]
2024-11-26 07:42:23.224 [info] > git status -z -uall [17ms]
2024-11-26 07:42:23.237 [info] > git for-each-ref --sort -committerdate --format %(refname) %(objectname) %(*objectname) [17ms]
2024-11-26 07:42:28.263 [info] > git config --get commit.template [10ms]
2024-11-26 07:42:28.264 [info] > git for-each-ref --format=%(refname)%00%(upstream:short)%00%(objectname)%00%(upstream:track)%00%(upstream:remotename)%00%(upstream:remoteref) refs/heads/main refs/remotes/main [2ms]
2024-11-26 07:42:28.284 [info] > git status -z -uall [15ms]
2024-11-26 07:42:28.291 [info] > git for-each-ref --sort -committerdate --format %(refname) %(objectname) %(*objectname) [13ms]
2024-11-26 07:42:46.271 [info] > git config --get commit.template [8ms]
2024-11-26 07:42:46.272 [info] > git for-each-ref --format=%(refname)%00%(upstream:short)%00%(objectname)%00%(upstream:track)%00%(upstream:remotename)%00%(upstream:remoteref) refs/heads/main refs/remotes/main [2ms]
2024-11-26 07:42:46.282 [info] > git status -z -uall [6ms]
2024-11-26 07:42:46.289 [info] > git for-each-ref --sort -committerdate --format %(refname) %(objectname) %(*objectname) [8ms]
2024-11-26 07:43:09.174 [info] > git config --get commit.template [4ms]
2024-11-26 07:43:09.176 [info] > git for-each-ref --format=%(refname)%00%(upstream:short)%00%(objectname)%00%(upstream:track)%00%(upstream:remotename)%00%(upstream:remoteref) refs/heads/main refs/remotes/main [3ms]
2024-11-26 07:43:09.189 [info] > git status -z -uall [7ms]
2024-11-26 07:43:09.196 [info] > git for-each-ref --sort -committerdate --format %(refname) %(objectname) %(*objectname) [8ms]
2024-11-26 07:43:21.893 [info] > git config --get commit.template [21ms]
2024-11-26 07:43:21.906 [info] > git for-each-ref --format=%(refname)%00%(upstream:short)%00%(objectname)%00%(upstream:track)%00%(upstream:remotename)%00%(upstream:remoteref) refs/heads/main refs/remotes/main [14ms]
2024-11-26 07:43:21.945 [info] > git status -z -uall [23ms]
2024-11-26 07:43:21.963 [info] > git for-each-ref --sort -committerdate --format %(refname) %(objectname) %(*objectname) [26ms]
2024-11-26 07:43:55.654 [info] > git config --get commit.template [7ms]
2024-11-26 07:43:55.655 [info] > git for-each-ref --format=%(refname)%00%(upstream:short)%00%(objectname)%00%(upstream:track)%00%(upstream:remotename)%00%(upstream:remoteref) refs/heads/main refs/remotes/main [2ms]
2024-11-26 07:43:55.666 [info] > git status -z -uall [7ms]
2024-11-26 07:43:55.670 [info] > git for-each-ref --sort -committerdate --format %(refname) %(objectname) %(*objectname) [5ms]
2024-11-26 07:44:00.686 [info] > git config --get commit.template [7ms]
2024-11-26 07:44:00.688 [info] > git for-each-ref --format=%(refname)%00%(upstream:short)%00%(objectname)%00%(upstream:track)%00%(upstream:remotename)%00%(upstream:remoteref) refs/heads/main refs/remotes/main [3ms]
2024-11-26 07:44:00.701 [info] > git status -z -uall [7ms]
2024-11-26 07:44:00.705 [info] > git for-each-ref --sort -committerdate --format %(refname) %(objectname) %(*objectname) [6ms]
2024-11-26 07:44:10.433 [info] > git config --get commit.template [6ms]
2024-11-26 07:44:10.434 [info] > git for-each-ref --format=%(refname)%00%(upstream:short)%00%(objectname)%00%(upstream:track)%00%(upstream:remotename)%00%(upstream:remoteref) refs/heads/main refs/remotes/main [2ms]
2024-11-26 07:44:10.444 [info] > git status -z -uall [6ms]
2024-11-26 07:44:10.447 [info] > git for-each-ref --sort -committerdate --format %(refname) %(objectname) %(*objectname) [4ms]
2024-11-26 07:45:06.780 [info] > git config --get commit.template [5ms]
2024-11-26 07:45:06.781 [info] > git for-each-ref --format=%(refname)%00%(upstream:short)%00%(objectname)%00%(upstream:track)%00%(upstream:remotename)%00%(upstream:remoteref) refs/heads/main refs/remotes/main [2ms]
2024-11-26 07:45:06.794 [info] > git status -z -uall [9ms]
2024-11-26 07:45:06.798 [info] > git for-each-ref --sort -committerdate --format %(refname) %(objectname) %(*objectname) [4ms]
2024-11-26 07:45:45.203 [info] > git config --get commit.template [11ms]
2024-11-26 07:45:45.205 [info] > git for-each-ref --format=%(refname)%00%(upstream:short)%00%(objectname)%00%(upstream:track)%00%(upstream:remotename)%00%(upstream:remoteref) refs/heads/main refs/remotes/main [3ms]
2024-11-26 07:45:45.224 [info] > git status -z -uall [12ms]
2024-11-26 07:45:45.229 [info] > git for-each-ref --sort -committerdate --format %(refname) %(objectname) %(*objectname) [6ms]
2024-11-26 07:46:02.162 [info] > git config --get commit.template [5ms]
2024-11-26 07:46:02.168 [info] > git for-each-ref --format=%(refname)%00%(upstream:short)%00%(objectname)%00%(upstream:track)%00%(upstream:remotename)%00%(upstream:remoteref) refs/heads/main refs/remotes/main [6ms]
2024-11-26 07:46:02.184 [info] > git status -z -uall [11ms]
2024-11-26 07:46:02.186 [info] > git for-each-ref --sort -committerdate --format %(refname) %(objectname) %(*objectname) [5ms]
2024-11-26 07:46:30.137 [info] > git config --get commit.template [9ms]
2024-11-26 07:46:30.141 [info] > git for-each-ref --format=%(refname)%00%(upstream:short)%00%(objectname)%00%(upstream:track)%00%(upstream:remotename)%00%(upstream:remoteref) refs/heads/main refs/remotes/main [6ms]
2024-11-26 07:46:30.155 [info] > git status -z -uall [9ms]
2024-11-26 07:46:30.156 [info] > git for-each-ref --sort -committerdate --format %(refname) %(objectname) %(*objectname) [4ms]
2024-11-26 07:52:29.694 [info] > git check-ignore -v -z --stdin [3ms]
2024-11-26 07:52:31.052 [info] > git check-ignore -v -z --stdin [2ms]
2024-11-26 07:52:31.879 [info] > git show --textconv :openvidu-tutorials/openvidu-react/src/components/Pages/Room/Room.jsx [18ms]
2024-11-26 07:52:31.889 [info] > git ls-files --stage -- /home/ubuntu/Project-Agora/openvidu-tutorials/openvidu-react/src/components/Pages/Room/Room.jsx [14ms]
2024-11-26 07:52:31.919 [info] > git cat-file -s 2abdaedd0ba2f469c004eba45f3e53dd9e6cca59 [18ms]
2024-11-26 07:52:38.199 [info] > git config --get commit.template [4ms]
2024-11-26 07:52:38.207 [info] > git for-each-ref --format=%(refname)%00%(upstream:short)%00%(objectname)%00%(upstream:track)%00%(upstream:remotename)%00%(upstream:remoteref) refs/heads/main refs/remotes/main [3ms]
2024-11-26 07:52:38.223 [info] > git status -z -uall [12ms]
2024-11-26 07:52:38.230 [info] > git for-each-ref --sort -committerdate --format %(refname) %(objectname) %(*objectname) [8ms]
2024-11-26 07:53:28.301 [info] > git config --get commit.template [4ms]
2024-11-26 07:53:28.303 [info] > git for-each-ref --format=%(refname)%00%(upstream:short)%00%(objectname)%00%(upstream:track)%00%(upstream:remotename)%00%(upstream:remoteref) refs/heads/main refs/remotes/main [2ms]
2024-11-26 07:53:28.313 [info] > git status -z -uall [7ms]
2024-11-26 07:53:28.315 [info] > git for-each-ref --sort -committerdate --format %(refname) %(objectname) %(*objectname) [4ms]
2024-11-26 07:53:38.563 [info] > git config --get commit.template [21ms]
2024-11-26 07:53:38.572 [info] > git for-each-ref --format=%(refname)%00%(upstream:short)%00%(objectname)%00%(upstream:track)%00%(upstream:remotename)%00%(upstream:remoteref) refs/heads/main refs/remotes/main [9ms]
2024-11-26 07:53:38.623 [info] > git status -z -uall [27ms]
2024-11-26 07:53:38.637 [info] > git for-each-ref --sort -committerdate --format %(refname) %(objectname) %(*objectname) [16ms]
2024-11-26 07:54:58.873 [info] > git config --get commit.template [1ms]
2024-11-26 07:54:58.879 [info] > git for-each-ref --format=%(refname)%00%(upstream:short)%00%(objectname)%00%(upstream:track)%00%(upstream:remotename)%00%(upstream:remoteref) refs/heads/main refs/remotes/main [1ms]
2024-11-26 07:54:58.888 [info] > git status -z -uall [6ms]
2024-11-26 07:54:58.891 [info] > git for-each-ref --sort -committerdate --format %(refname) %(objectname) %(*objectname) [3ms]
2024-11-26 07:55:16.596 [info] > git config --get commit.template [13ms]
2024-11-26 07:55:16.600 [info] > git for-each-ref --format=%(refname)%00%(upstream:short)%00%(objectname)%00%(upstream:track)%00%(upstream:remotename)%00%(upstream:remoteref) refs/heads/main refs/remotes/main [5ms]
2024-11-26 07:55:16.622 [info] > git status -z -uall [12ms]
2024-11-26 07:55:16.626 [info] > git for-each-ref --sort -committerdate --format %(refname) %(objectname) %(*objectname) [4ms]
2024-11-26 07:55:28.210 [info] > git config --get commit.template [5ms]
2024-11-26 07:55:28.211 [info] > git for-each-ref --format=%(refname)%00%(upstream:short)%00%(objectname)%00%(upstream:track)%00%(upstream:remotename)%00%(upstream:remoteref) refs/heads/main refs/remotes/main [3ms]
2024-11-26 07:55:28.221 [info] > git status -z -uall [6ms]
2024-11-26 07:55:28.223 [info] > git for-each-ref --sort -committerdate --format %(refname) %(objectname) %(*objectname) [3ms]
2024-11-26 07:55:34.282 [info] > git config --get commit.template [5ms]
2024-11-26 07:55:34.283 [info] > git for-each-ref --format=%(refname)%00%(upstream:short)%00%(objectname)%00%(upstream:track)%00%(upstream:remotename)%00%(upstream:remoteref) refs/heads/main refs/remotes/main [2ms]
2024-11-26 07:55:34.298 [info] > git status -z -uall [12ms]
2024-11-26 07:55:34.300 [info] > git for-each-ref --sort -committerdate --format %(refname) %(objectname) %(*objectname) [5ms]
2024-11-26 07:55:46.915 [info] > git config --get commit.template [4ms]
2024-11-26 07:55:46.916 [info] > git for-each-ref --format=%(refname)%00%(upstream:short)%00%(objectname)%00%(upstream:track)%00%(upstream:remotename)%00%(upstream:remoteref) refs/heads/main refs/remotes/main [2ms]
2024-11-26 07:55:46.928 [info] > git status -z -uall [8ms]
2024-11-26 07:55:46.933 [info] > git for-each-ref --sort -committerdate --format %(refname) %(objectname) %(*objectname) [5ms]
2024-11-26 07:55:53.316 [info] > git config --get commit.template [4ms]
2024-11-26 07:55:53.321 [info] > git for-each-ref --format=%(refname)%00%(upstream:short)%00%(objectname)%00%(upstream:track)%00%(upstream:remotename)%00%(upstream:remoteref) refs/heads/main refs/remotes/main [4ms]
2024-11-26 07:55:53.332 [info] > git status -z -uall [6ms]
2024-11-26 07:55:53.335 [info] > git for-each-ref --sort -committerdate --format %(refname) %(objectname) %(*objectname) [4ms]
2024-11-26 07:55:53.905 [info] > git show --textconv :openvidu-tutorials/openvidu-react/src/components/Elements/openvidu/OpenviduFinal.js [14ms]
2024-11-26 07:55:53.905 [info] > git ls-files --stage -- /home/ubuntu/Project-Agora/openvidu-tutorials/openvidu-react/src/components/Elements/openvidu/OpenviduFinal.js [4ms]
2024-11-26 07:55:53.918 [info] > git cat-file -s 248b6aa1687e99f64f1598afcac913e04b207510 [5ms]
2024-11-26 07:56:11.119 [info] > git config --get commit.template [10ms]
2024-11-26 07:56:11.161 [info] > git for-each-ref --format=%(refname)%00%(upstream:short)%00%(objectname)%00%(upstream:track)%00%(upstream:remotename)%00%(upstream:remoteref) refs/heads/main refs/remotes/main [9ms]
2024-11-26 07:56:11.195 [info] > git status -z -uall [15ms]
2024-11-26 07:56:11.201 [info] > git for-each-ref --sort -committerdate --format %(refname) %(objectname) %(*objectname) [8ms]
2024-11-26 08:17:30.698 [info] > git config --get commit.template [5ms]
2024-11-26 08:17:30.699 [info] > git for-each-ref --format=%(refname)%00%(upstream:short)%00%(objectname)%00%(upstream:track)%00%(upstream:remotename)%00%(upstream:remoteref) refs/heads/main refs/remotes/main [3ms]
2024-11-26 08:17:30.714 [info] > git status -z -uall [7ms]
2024-11-26 08:17:30.718 [info] > git for-each-ref --sort -committerdate --format %(refname) %(objectname) %(*objectname) [4ms]
2024-11-26 08:18:08.846 [info] > git check-ignore -v -z --stdin [2ms]
2024-11-26 08:18:16.138 [info] > git show --textconv :openvidu-tutorials/openvidu-react/src/components/Pages/Room/Room.jsx [6ms]
2024-11-26 08:18:16.139 [info] > git ls-files --stage -- /home/ubuntu/Project-Agora/openvidu-tutorials/openvidu-react/src/components/Pages/Room/Room.jsx [2ms]
2024-11-26 08:18:16.147 [info] > git cat-file -s 2abdaedd0ba2f469c004eba45f3e53dd9e6cca59 [3ms]
2024-11-26 08:18:58.637 [info] > git check-ignore -v -z --stdin [1ms]
2024-11-26 08:18:59.203 [info] > git config --get commit.template [6ms]
2024-11-26 08:18:59.204 [info] > git for-each-ref --format=%(refname)%00%(upstream:short)%00%(objectname)%00%(upstream:track)%00%(upstream:remotename)%00%(upstream:remoteref) refs/heads/main refs/remotes/main [2ms]
2024-11-26 08:18:59.216 [info] > git status -z -uall [8ms]
2024-11-26 08:18:59.219 [info] > git for-each-ref --sort -committerdate --format %(refname) %(objectname) %(*objectname) [4ms]
2024-11-26 08:19:03.215 [info] > git show --textconv :openvidu-tutorials/openvidu-react/src/components/Pages/Room/Room.css [16ms]
2024-11-26 08:19:03.216 [info] > git ls-files --stage -- /home/ubuntu/Project-Agora/openvidu-tutorials/openvidu-react/src/components/Pages/Room/Room.css [1ms]
2024-11-26 08:19:03.230 [info] > git cat-file -s caa705155d4f6ccb6f2646f921c0584197942490 [4ms]
2024-11-26 08:19:05.817 [info] > git check-ignore -v -z --stdin [2ms]
2024-11-26 08:19:06.366 [info] > git show --textconv :openvidu-tutorials/openvidu-react/src/components/Pages/DebateRoom/Room.jsx [4ms]
2024-11-26 08:19:06.367 [info] > git ls-files --stage -- /home/ubuntu/Project-Agora/openvidu-tutorials/openvidu-react/src/components/Pages/DebateRoom/Room.jsx [1ms]
2024-11-26 08:19:06.395 [info] > git config --get commit.template [6ms]
2024-11-26 08:19:06.397 [info] > git for-each-ref --format=%(refname)%00%(upstream:short)%00%(objectname)%00%(upstream:track)%00%(upstream:remotename)%00%(upstream:remoteref) refs/heads/main refs/remotes/main [3ms]
2024-11-26 08:19:06.407 [info] > git status -z -uall [6ms]
2024-11-26 08:19:06.409 [info] > git for-each-ref --sort -committerdate --format %(refname) %(objectname) %(*objectname) [3ms]
2024-11-26 08:19:15.265 [info] > git check-ignore -v -z --stdin [2ms]
2024-11-26 08:19:15.769 [info] > git config --get commit.template [4ms]
2024-11-26 08:19:15.770 [info] > git for-each-ref --format=%(refname)%00%(upstream:short)%00%(objectname)%00%(upstream:track)%00%(upstream:remotename)%00%(upstream:remoteref) refs/heads/main refs/remotes/main [2ms]
2024-11-26 08:19:15.780 [info] > git status -z -uall [7ms]
2024-11-26 08:19:15.784 [info] > git for-each-ref --sort -committerdate --format %(refname) %(objectname) %(*objectname) [4ms]
2024-11-26 08:19:22.495 [info] > git show --textconv :openvidu-tutorials/openvidu-react/src/components/Pages/DebateRoom/DebateRoom.jsx [11ms]
2024-11-26 08:19:22.496 [info] > git ls-files --stage -- /home/ubuntu/Project-Agora/openvidu-tutorials/openvidu-react/src/components/Pages/DebateRoom/DebateRoom.jsx [3ms]
2024-11-26 08:19:22.757 [info] > git check-ignore -v -z --stdin [3ms]
2024-11-26 08:19:23.328 [info] > git config --get commit.template [4ms]
2024-11-26 08:19:23.329 [info] > git for-each-ref --format=%(refname)%00%(upstream:short)%00%(objectname)%00%(upstream:track)%00%(upstream:remotename)%00%(upstream:remoteref) refs/heads/main refs/remotes/main [2ms]
2024-11-26 08:19:23.344 [info] > git status -z -uall [12ms]
2024-11-26 08:19:23.344 [info] > git for-each-ref --sort -committerdate --format %(refname) %(objectname) %(*objectname) [7ms]
2024-11-26 08:19:28.359 [info] > git config --get commit.template [7ms]
2024-11-26 08:19:28.361 [info] > git for-each-ref --format=%(refname)%00%(upstream:short)%00%(objectname)%00%(upstream:track)%00%(upstream:remotename)%00%(upstream:remoteref) refs/heads/main refs/remotes/main [3ms]
2024-11-26 08:19:28.372 [info] > git status -z -uall [7ms]
2024-11-26 08:19:28.376 [info] > git for-each-ref --sort -committerdate --format %(refname) %(objectname) %(*objectname) [5ms]
2024-11-26 08:19:39.051 [info] > git config --get commit.template [8ms]
2024-11-26 08:19:39.055 [info] > git for-each-ref --format=%(refname)%00%(upstream:short)%00%(objectname)%00%(upstream:track)%00%(upstream:remotename)%00%(upstream:remoteref) refs/heads/main refs/remotes/main [5ms]
2024-11-26 08:19:39.068 [info] > git status -z -uall [7ms]
2024-11-26 08:19:39.074 [info] > git for-each-ref --sort -committerdate --format %(refname) %(objectname) %(*objectname) [8ms]
2024-11-26 08:19:45.507 [info] > git config --get commit.template [11ms]
2024-11-26 08:19:45.511 [info] > git for-each-ref --format=%(refname)%00%(upstream:short)%00%(objectname)%00%(upstream:track)%00%(upstream:remotename)%00%(upstream:remoteref) refs/heads/main refs/remotes/main [4ms]
2024-11-26 08:19:45.531 [info] > git status -z -uall [12ms]
2024-11-26 08:19:45.541 [info] > git for-each-ref --sort -committerdate --format %(refname) %(objectname) %(*objectname) [9ms]
2024-11-26 08:19:50.565 [info] > git config --get commit.template [10ms]
2024-11-26 08:19:50.569 [info] > git for-each-ref --format=%(refname)%00%(upstream:short)%00%(objectname)%00%(upstream:track)%00%(upstream:remotename)%00%(upstream:remoteref) refs/heads/main refs/remotes/main [5ms]
2024-11-26 08:19:50.578 [info] > git status -z -uall [6ms]
2024-11-26 08:19:50.580 [info] > git for-each-ref --sort -committerdate --format %(refname) %(objectname) %(*objectname) [3ms]
2024-11-26 08:19:55.591 [info] > git config --get commit.template [4ms]
2024-11-26 08:19:55.592 [info] > git for-each-ref --format=%(refname)%00%(upstream:short)%00%(objectname)%00%(upstream:track)%00%(upstream:remotename)%00%(upstream:remoteref) refs/heads/main refs/remotes/main [1ms]
2024-11-26 08:19:55.601 [info] > git status -z -uall [5ms]
2024-11-26 08:19:55.604 [info] > git for-each-ref --sort -committerdate --format %(refname) %(objectname) %(*objectname) [4ms]
2024-11-26 08:20:01.893 [info] > git config --get commit.template [17ms]
2024-11-26 08:20:01.894 [info] > git for-each-ref --format=%(refname)%00%(upstream:short)%00%(objectname)%00%(upstream:track)%00%(upstream:remotename)%00%(upstream:remoteref) refs/heads/main refs/remotes/main [4ms]
2024-11-26 08:20:01.906 [info] > git status -z -uall [7ms]
2024-11-26 08:20:01.909 [info] > git for-each-ref --sort -committerdate --format %(refname) %(objectname) %(*objectname) [4ms]
2024-11-26 08:20:16.631 [info] > git show --textconv :openvidu-tutorials/openvidu-react/src/components/Pages/DebateRoom/DebateRoom.css [7ms]
2024-11-26 08:20:16.633 [info] > git ls-files --stage -- /home/ubuntu/Project-Agora/openvidu-tutorials/openvidu-react/src/components/Pages/DebateRoom/DebateRoom.css [2ms]
2024-11-26 08:20:22.727 [info] > git config --get commit.template [7ms]
2024-11-26 08:20:22.728 [info] > git for-each-ref --format=%(refname)%00%(upstream:short)%00%(objectname)%00%(upstream:track)%00%(upstream:remotename)%00%(upstream:remoteref) refs/heads/main refs/remotes/main [2ms]
2024-11-26 08:20:22.739 [info] > git status -z -uall [7ms]
2024-11-26 08:20:22.742 [info] > git for-each-ref --sort -committerdate --format %(refname) %(objectname) %(*objectname) [3ms]
2024-11-26 08:20:27.754 [info] > git config --get commit.template [5ms]
2024-11-26 08:20:27.757 [info] > git for-each-ref --format=%(refname)%00%(upstream:short)%00%(objectname)%00%(upstream:track)%00%(upstream:remotename)%00%(upstream:remoteref) refs/heads/main refs/remotes/main [5ms]
2024-11-26 08:20:27.769 [info] > git status -z -uall [8ms]
2024-11-26 08:20:27.771 [info] > git for-each-ref --sort -committerdate --format %(refname) %(objectname) %(*objectname) [3ms]
2024-11-26 08:20:29.523 [info] > git show --textconv :openvidu-tutorials/openvidu-react/src/components/Pages/DebateRoom/DebateRoom.jsx [7ms]
2024-11-26 08:20:29.524 [info] > git ls-files --stage -- /home/ubuntu/Project-Agora/openvidu-tutorials/openvidu-react/src/components/Pages/DebateRoom/DebateRoom.jsx [3ms]
2024-11-26 08:20:32.781 [info] > git config --get commit.template [4ms]
2024-11-26 08:20:32.782 [info] > git for-each-ref --format=%(refname)%00%(upstream:short)%00%(objectname)%00%(upstream:track)%00%(upstream:remotename)%00%(upstream:remoteref) refs/heads/main refs/remotes/main [2ms]
2024-11-26 08:20:32.807 [info] > git status -z -uall [22ms]
2024-11-26 08:20:32.811 [info] > git for-each-ref --sort -committerdate --format %(refname) %(objectname) %(*objectname) [6ms]
2024-11-26 08:20:37.834 [info] > git config --get commit.template [11ms]
2024-11-26 08:20:37.835 [info] > git for-each-ref --format=%(refname)%00%(upstream:short)%00%(objectname)%00%(upstream:track)%00%(upstream:remotename)%00%(upstream:remoteref) refs/heads/main refs/remotes/main [2ms]
2024-11-26 08:20:37.858 [info] > git status -z -uall [17ms]
2024-11-26 08:20:37.859 [info] > git for-each-ref --sort -committerdate --format %(refname) %(objectname) %(*objectname) [10ms]
2024-11-26 08:20:42.874 [info] > git config --get commit.template [4ms]
2024-11-26 08:20:42.876 [info] > git for-each-ref --format=%(refname)%00%(upstream:short)%00%(objectname)%00%(upstream:track)%00%(upstream:remotename)%00%(upstream:remoteref) refs/heads/main refs/remotes/main [1ms]
2024-11-26 08:20:42.884 [info] > git status -z -uall [6ms]
2024-11-26 08:20:42.887 [info] > git for-each-ref --sort -committerdate --format %(refname) %(objectname) %(*objectname) [3ms]
2024-11-26 08:21:05.344 [info] > git show --textconv :openvidu-tutorials/openvidu-react/src/Layers.js [16ms]
2024-11-26 08:21:05.345 [info] > git ls-files --stage -- /home/ubuntu/Project-Agora/openvidu-tutorials/openvidu-react/src/Layers.js [2ms]
2024-11-26 08:21:05.354 [info] > git cat-file -s a85558499f67be8025dbe0208de378cf8c659450 [3ms]
2024-11-26 08:21:15.482 [info] > git config --get commit.template [3ms]
2024-11-26 08:21:15.493 [info] > git for-each-ref --format=%(refname)%00%(upstream:short)%00%(objectname)%00%(upstream:track)%00%(upstream:remotename)%00%(upstream:remoteref) refs/heads/main refs/remotes/main [6ms]
2024-11-26 08:21:15.519 [info] > git status -z -uall [17ms]
2024-11-26 08:21:15.524 [info] > git for-each-ref --sort -committerdate --format %(refname) %(objectname) %(*objectname) [7ms]
2024-11-26 08:21:20.542 [info] > git config --get commit.template [5ms]
2024-11-26 08:21:20.554 [info] > git for-each-ref --format=%(refname)%00%(upstream:short)%00%(objectname)%00%(upstream:track)%00%(upstream:remotename)%00%(upstream:remoteref) refs/heads/main refs/remotes/main [4ms]
2024-11-26 08:21:20.584 [info] > git status -z -uall [17ms]
2024-11-26 08:21:20.593 [info] > git for-each-ref --sort -committerdate --format %(refname) %(objectname) %(*objectname) [13ms]
2024-11-26 08:21:25.608 [info] > git config --get commit.template [8ms]
2024-11-26 08:21:25.612 [info] > git for-each-ref --format=%(refname)%00%(upstream:short)%00%(objectname)%00%(upstream:track)%00%(upstream:remotename)%00%(upstream:remoteref) refs/heads/main refs/remotes/main [4ms]
2024-11-26 08:21:25.636 [info] > git status -z -uall [17ms]
2024-11-26 08:21:25.641 [info] > git for-each-ref --sort -committerdate --format %(refname) %(objectname) %(*objectname) [11ms]
2024-11-26 08:21:33.226 [info] > git config --get commit.template [5ms]
2024-11-26 08:21:33.228 [info] > git for-each-ref --format=%(refname)%00%(upstream:short)%00%(objectname)%00%(upstream:track)%00%(upstream:remotename)%00%(upstream:remoteref) refs/heads/main refs/remotes/main [3ms]
2024-11-26 08:21:33.237 [info] > git status -z -uall [5ms]
2024-11-26 08:21:33.240 [info] > git for-each-ref --sort -committerdate --format %(refname) %(objectname) %(*objectname) [2ms]
2024-11-26 08:21:38.251 [info] > git config --get commit.template [4ms]
2024-11-26 08:21:38.253 [info] > git for-each-ref --format=%(refname)%00%(upstream:short)%00%(objectname)%00%(upstream:track)%00%(upstream:remotename)%00%(upstream:remoteref) refs/heads/main refs/remotes/main [1ms]
2024-11-26 08:21:38.261 [info] > git status -z -uall [5ms]
2024-11-26 08:21:38.265 [info] > git for-each-ref --sort -committerdate --format %(refname) %(objectname) %(*objectname) [3ms]
2024-11-26 08:21:43.621 [info] > git config --get commit.template [6ms]
2024-11-26 08:21:43.622 [info] > git for-each-ref --format=%(refname)%00%(upstream:short)%00%(objectname)%00%(upstream:track)%00%(upstream:remotename)%00%(upstream:remoteref) refs/heads/main refs/remotes/main [2ms]
2024-11-26 08:21:43.653 [info] > git status -z -uall [16ms]
2024-11-26 08:21:43.654 [info] > git for-each-ref --sort -committerdate --format %(refname) %(objectname) %(*objectname) [3ms]
