2024-11-27 03:51:55.069 [info] Extension host with pid 292430 started
2024-11-27 03:51:55.166 [info] Lock '/home/ubuntu/.vscode-server/data/User/workspaceStorage/495e8c6c7db06092e0f1b44ae70eb867/vscode.lock': Lock acquired.
2024-11-27 03:51:55.223 [info] ExtensionService#_doActivateExtension vscode.git-base, startup: false, activationEvent: '*', root cause: vscode.git
2024-11-27 03:51:55.324 [info] ExtensionService#_doActivateExtension vscode.git, startup: false, activationEvent: '*'
2024-11-27 03:51:55.325 [info] ExtensionService#_doActivateExtension vscode.github, startup: false, activationEvent: '*'
2024-11-27 03:51:55.816 [info] Eager extensions activated
2024-11-27 03:51:55.817 [info] ExtensionService#_doActivateExtension vscode.debug-auto-launch, startup: false, activationEvent: 'onStartupFinished'
2024-11-27 03:51:55.818 [info] ExtensionService#_doActivateExtension vscode.merge-conflict, startup: false, activationEvent: 'onStartupFinished'
2024-11-27 03:52:19.530 [info] ExtensionService#_doActivateExtension vscode.npm, startup: false, activationEvent: 'onTerminalQuickFixRequest:ms-vscode.npm-command'
2024-11-27 03:52:24.926 [info] ExtensionService#_doActivateExtension vscode.configuration-editing, startup: false, activationEvent: 'onLanguage:json'
2024-11-27 03:52:24.926 [info] ExtensionService#_doActivateExtension vscode.extension-editing, startup: false, activationEvent: 'onLanguage:json'
2024-11-27 03:52:24.926 [info] ExtensionService#_doActivateExtension vscode.json-language-features, startup: false, activationEvent: 'onLanguage:json'
2024-11-27 03:52:24.927 [info] ExtensionService#_doActivateExtension vscode.emmet, startup: false, activationEvent: 'onLanguage'
2024-11-27 03:52:30.377 [info] ExtensionService#_doActivateExtension vscode.typescript-language-features, startup: false, activationEvent: 'onLanguage:javascript'
2024-11-27 04:00:22.208 [info] ExtensionService#_doActivateExtension vscode.tunnel-forwarding, startup: false, activationEvent: 'onTunnel'
2024-11-27 07:26:59.978 [info] ExtensionService#_doActivateExtension vscode.css-language-features, startup: false, activationEvent: 'onLanguage:css'
2024-11-27 13:10:19.936 [info] ExtensionService#_doActivateExtension vscode.debug-server-ready, startup: false, activationEvent: 'onDebugResolve'
2024-11-28 07:23:08.920 [info] Extension host terminating: received terminate message from renderer
2024-11-28 07:23:08.928 [info] Lock '/home/ubuntu/.vscode-server/data/User/workspaceStorage/495e8c6c7db06092e0f1b44ae70eb867/vscode.lock': Marking the lockfile as scheduled to be released in 6000 ms.
2024-11-28 07:23:09.329 [info] Extension host with pid 292430 exiting with code 0
