2024-11-26 12:23:10.631 [info] [main] 로그 수준: Info
2024-11-26 12:23:10.631 [info] [main] "git"에서 찾은 git 유효성을 검사하는 중
2024-11-26 12:23:10.631 [info] [main] "2.43.0"에서 git "git"을(를) 사용하는 중
2024-11-26 12:23:10.631 [info] [Model][doInitialScan] Initial repository scan started
2024-11-26 12:23:10.631 [info] > git rev-parse --show-toplevel [191ms]
2024-11-26 12:23:10.631 [info] > git rev-parse --git-dir --git-common-dir [723ms]
2024-11-26 12:23:10.631 [info] [Model][openRepository] Opened repository: /home/ubuntu/Project-Agora
2024-11-26 12:23:10.772 [info] > git rev-parse --show-toplevel [85ms]
2024-11-26 12:23:10.781 [info] > git config --get commit.template [124ms]
2024-11-26 12:23:11.623 [info] > git for-each-ref --format=%(refname)%00%(upstream:short)%00%(objectname)%00%(upstream:track)%00%(upstream:remotename)%00%(upstream:remoteref) refs/heads/main refs/remotes/main [744ms]
2024-11-26 12:23:11.628 [info] > git rev-parse --show-toplevel [796ms]
2024-11-26 12:23:11.669 [info] > git check-ignore -v -z --stdin [59ms]
2024-11-26 12:23:11.698 [info] > git rev-parse --show-toplevel [41ms]
2024-11-26 12:23:11.779 [info] > git status -z -uall [38ms]
2024-11-26 12:23:11.789 [info] > git rev-parse --show-toplevel [63ms]
2024-11-26 12:23:11.811 [info] [Model][doInitialScan] Initial repository scan completed - repositories (1), closed repositories (0), parent repositories (0), unsafe repositories (0)
2024-11-26 12:23:11.922 [info] > git show --textconv :openvidu-tutorials/openvidu-react/src/components/Elements/openvidu/OpenviduFinal.js [85ms]
2024-11-26 12:23:11.922 [info] > git show --textconv :openvidu-tutorials/openvidu-react/src/components/Elements/TestChat/TestChat.jsx [57ms]
2024-11-26 12:23:11.923 [info] > git ls-files --stage -- /home/ubuntu/Project-Agora/openvidu-tutorials/openvidu-react/src/components/Elements/openvidu/OpenviduFinal.js [32ms]
2024-11-26 12:23:11.955 [info] > git for-each-ref --sort -committerdate --format %(refname) %(objectname) %(*objectname) [182ms]
2024-11-26 12:23:12.070 [info] > git for-each-ref --format=%(refname)%00%(upstream:short)%00%(objectname)%00%(upstream:track)%00%(upstream:remotename)%00%(upstream:remoteref) refs/heads/main refs/remotes/main [46ms]
2024-11-26 12:23:12.088 [info] > git cat-file -s 248b6aa1687e99f64f1598afcac913e04b207510 [147ms]
2024-11-26 12:23:12.095 [info] > git ls-files --stage -- /home/ubuntu/Project-Agora/openvidu-tutorials/openvidu-react/src/components/Elements/TestChat/TestChat.jsx [184ms]
2024-11-26 12:23:12.239 [info] > git cat-file -s b2a979947446564bb7390dde44d6d3d295fc99eb [130ms]
2024-11-26 12:23:12.245 [info] > git config --local branch.main.vscode-merge-base [158ms]
2024-11-26 12:23:12.267 [info] > git config --get commit.template [205ms]
2024-11-26 12:23:12.284 [info] > git for-each-ref --format=%(refname)%00%(upstream:short)%00%(objectname)%00%(upstream:track)%00%(upstream:remotename)%00%(upstream:remoteref) refs/heads/origin/main refs/remotes/origin/main [21ms]
2024-11-26 12:23:12.491 [info] > git merge-base refs/heads/main refs/remotes/origin/main [165ms]
2024-11-26 12:23:12.522 [info] > git for-each-ref --format=%(refname)%00%(upstream:short)%00%(objectname)%00%(upstream:track)%00%(upstream:remotename)%00%(upstream:remoteref) refs/heads/main refs/remotes/main [238ms]
2024-11-26 12:23:12.559 [info] > git diff --name-status -z --diff-filter=ADMR 1700c1d8c39666669222da70785a8c2103de3fa9...refs/remotes/origin/main [38ms]
2024-11-26 12:23:12.681 [info] > git status -z -uall [22ms]
2024-11-26 12:23:12.691 [info] > git for-each-ref --sort -committerdate --format %(refname) %(objectname) %(*objectname) [11ms]
2024-11-26 12:23:58.921 [info] > git show --textconv :openvidu-tutorials/openvidu-react/src/components/Elements/TestChat/TestChat.jsx [14ms]
2024-11-26 12:23:58.924 [info] > git ls-files --stage -- /home/ubuntu/Project-Agora/openvidu-tutorials/openvidu-react/src/components/Elements/TestChat/TestChat.jsx [9ms]
2024-11-26 12:23:58.941 [info] > git cat-file -s b2a979947446564bb7390dde44d6d3d295fc99eb [3ms]
2024-11-26 12:24:09.997 [info] > git check-ignore -v -z --stdin [2ms]
2024-11-26 12:24:10.857 [info] > git check-ignore -v -z --stdin [3ms]
2024-11-26 12:24:13.596 [info] > git show --textconv :openvidu-tutorials/openvidu-react/src/debateSlice.js [23ms]
2024-11-26 12:24:13.602 [info] > git ls-files --stage -- /home/ubuntu/Project-Agora/openvidu-tutorials/openvidu-react/src/debateSlice.js [17ms]
2024-11-26 12:24:47.161 [info] > git check-ignore -v -z --stdin [3ms]
2024-11-26 12:24:47.777 [info] > git show --textconv :openvidu-tutorials/openvidu-react/src/components/Pages/DebateRoom/DebateRoom.jsx [20ms]
2024-11-26 12:24:47.786 [info] > git ls-files --stage -- /home/ubuntu/Project-Agora/openvidu-tutorials/openvidu-react/src/components/Pages/DebateRoom/DebateRoom.jsx [9ms]
2024-11-26 12:37:53.700 [info] > git config --get commit.template [10ms]
2024-11-26 12:37:53.701 [info] > git for-each-ref --format=%(refname)%00%(upstream:short)%00%(objectname)%00%(upstream:track)%00%(upstream:remotename)%00%(upstream:remoteref) refs/heads/main refs/remotes/main [5ms]
2024-11-26 12:37:53.719 [info] > git status -z -uall [12ms]
2024-11-26 12:37:53.725 [info] > git for-each-ref --sort -committerdate --format %(refname) %(objectname) %(*objectname) [6ms]
2024-11-26 12:37:58.740 [info] > git config --get commit.template [5ms]
2024-11-26 12:37:58.741 [info] > git for-each-ref --format=%(refname)%00%(upstream:short)%00%(objectname)%00%(upstream:track)%00%(upstream:remotename)%00%(upstream:remoteref) refs/heads/main refs/remotes/main [3ms]
2024-11-26 12:37:58.750 [info] > git status -z -uall [6ms]
2024-11-26 12:37:58.753 [info] > git for-each-ref --sort -committerdate --format %(refname) %(objectname) %(*objectname) [4ms]
2024-11-26 12:40:16.267 [info] > git config --get commit.template [11ms]
2024-11-26 12:40:16.270 [info] > git for-each-ref --format=%(refname)%00%(upstream:short)%00%(objectname)%00%(upstream:track)%00%(upstream:remotename)%00%(upstream:remoteref) refs/heads/main refs/remotes/main [5ms]
2024-11-26 12:40:16.287 [info] > git status -z -uall [7ms]
2024-11-26 12:40:16.290 [info] > git for-each-ref --sort -committerdate --format %(refname) %(objectname) %(*objectname) [4ms]
2024-11-26 12:40:21.348 [info] > git config --get commit.template [6ms]
2024-11-26 12:40:21.391 [info] > git for-each-ref --format=%(refname)%00%(upstream:short)%00%(objectname)%00%(upstream:track)%00%(upstream:remotename)%00%(upstream:remoteref) refs/heads/main refs/remotes/main [27ms]
2024-11-26 12:40:21.451 [info] > git status -z -uall [44ms]
2024-11-26 12:40:21.467 [info] > git for-each-ref --sort -committerdate --format %(refname) %(objectname) %(*objectname) [15ms]
2024-11-26 12:40:26.497 [info] > git config --get commit.template [17ms]
2024-11-26 12:40:26.498 [info] > git for-each-ref --format=%(refname)%00%(upstream:short)%00%(objectname)%00%(upstream:track)%00%(upstream:remotename)%00%(upstream:remoteref) refs/heads/main refs/remotes/main [1ms]
2024-11-26 12:40:26.516 [info] > git status -z -uall [13ms]
2024-11-26 12:40:26.519 [info] > git for-each-ref --sort -committerdate --format %(refname) %(objectname) %(*objectname) [7ms]
2024-11-26 12:41:25.597 [info] > git config --get commit.template [18ms]
2024-11-26 12:41:25.605 [info] > git for-each-ref --format=%(refname)%00%(upstream:short)%00%(objectname)%00%(upstream:track)%00%(upstream:remotename)%00%(upstream:remoteref) refs/heads/main refs/remotes/main [9ms]
2024-11-26 12:41:25.624 [info] > git status -z -uall [12ms]
2024-11-26 12:41:25.630 [info] > git for-each-ref --sort -committerdate --format %(refname) %(objectname) %(*objectname) [6ms]
2024-11-26 12:42:24.322 [info] > git ls-files --stage -- /home/ubuntu/Project-Agora/openvidu-tutorials/openvidu-react/src/components/Pages/DebateRoom/DebateRoom.jsx [12ms]
2024-11-26 12:42:24.422 [info] > git show --textconv :openvidu-tutorials/openvidu-react/src/components/Pages/DebateRoom/DebateRoom.jsx [23ms]
2024-11-26 12:42:24.690 [info] > git config --get commit.template [37ms]
2024-11-26 12:42:24.709 [info] > git for-each-ref --format=%(refname)%00%(upstream:short)%00%(objectname)%00%(upstream:track)%00%(upstream:remotename)%00%(upstream:remoteref) refs/heads/main refs/remotes/main [20ms]
2024-11-26 12:42:24.749 [info] > git status -z -uall [19ms]
2024-11-26 12:42:24.764 [info] > git for-each-ref --sort -committerdate --format %(refname) %(objectname) %(*objectname) [16ms]
2024-11-26 12:42:26.399 [info] > git show --textconv :openvidu-tutorials/openvidu-react/src/components/Elements/TestChat/TestChat.jsx [8ms]
2024-11-26 12:42:26.400 [info] > git ls-files --stage -- /home/ubuntu/Project-Agora/openvidu-tutorials/openvidu-react/src/components/Elements/TestChat/TestChat.jsx [2ms]
2024-11-26 12:42:26.405 [info] > git cat-file -s b2a979947446564bb7390dde44d6d3d295fc99eb [0ms]
2024-11-26 12:43:04.624 [info] > git show --textconv :openvidu-tutorials/openvidu-react/src/components/Pages/DebateRoom/DebateRoom.jsx [6ms]
2024-11-26 12:43:04.626 [info] > git ls-files --stage -- /home/ubuntu/Project-Agora/openvidu-tutorials/openvidu-react/src/components/Pages/DebateRoom/DebateRoom.jsx [4ms]
2024-11-26 12:43:23.323 [info] > git show --textconv :openvidu-tutorials/openvidu-react/src/components/Elements/openvidu/OpenviduFinal.js [5ms]
2024-11-26 12:43:23.324 [info] > git ls-files --stage -- /home/ubuntu/Project-Agora/openvidu-tutorials/openvidu-react/src/components/Elements/openvidu/OpenviduFinal.js [3ms]
2024-11-26 12:43:23.329 [info] > git cat-file -s 248b6aa1687e99f64f1598afcac913e04b207510 [1ms]
2024-11-26 12:43:23.576 [info] > git config --get commit.template [2ms]
2024-11-26 12:43:23.584 [info] > git for-each-ref --format=%(refname)%00%(upstream:short)%00%(objectname)%00%(upstream:track)%00%(upstream:remotename)%00%(upstream:remoteref) refs/heads/main refs/remotes/main [3ms]
2024-11-26 12:43:23.602 [info] > git status -z -uall [13ms]
2024-11-26 12:43:23.603 [info] > git for-each-ref --sort -committerdate --format %(refname) %(objectname) %(*objectname) [3ms]
2024-11-26 12:44:20.314 [info] > git show --textconv :openvidu-tutorials/openvidu-react/src/components/Pages/Room/Room.jsx [22ms]
2024-11-26 12:44:20.327 [info] > git ls-files --stage -- /home/ubuntu/Project-Agora/openvidu-tutorials/openvidu-react/src/components/Pages/Room/Room.jsx [17ms]
2024-11-26 12:44:20.367 [info] > git cat-file -s 2abdaedd0ba2f469c004eba45f3e53dd9e6cca59 [11ms]
2024-11-26 12:44:33.311 [info] > git check-ignore -v -z --stdin [0ms]
2024-11-26 12:44:33.962 [info] > git show --textconv :openvidu-tutorials/openvidu-react/src/components/Elements/RoomList/RoomList.jsx [6ms]
2024-11-26 12:44:33.963 [info] > git ls-files --stage -- /home/ubuntu/Project-Agora/openvidu-tutorials/openvidu-react/src/components/Elements/RoomList/RoomList.jsx [3ms]
2024-11-26 12:44:33.972 [info] > git cat-file -s 613c78c493a1f1eb5d5fe94b21017598bba9df71 [1ms]
2024-11-26 12:45:52.091 [info] > git show --textconv :openvidu-tutorials/openvidu-react/src/components/Elements/TestChat/TestChat.jsx [7ms]
2024-11-26 12:45:52.093 [info] > git ls-files --stage -- /home/ubuntu/Project-Agora/openvidu-tutorials/openvidu-react/src/components/Elements/TestChat/TestChat.jsx [6ms]
2024-11-26 12:45:52.098 [info] > git cat-file -s b2a979947446564bb7390dde44d6d3d295fc99eb [2ms]
2024-11-26 12:46:01.684 [info] > git show --textconv :openvidu-tutorials/openvidu-react/src/components/Elements/openvidu/Timer/Timer.jsx [12ms]
2024-11-26 12:46:01.688 [info] > git ls-files --stage -- /home/ubuntu/Project-Agora/openvidu-tutorials/openvidu-react/src/components/Elements/openvidu/Timer/Timer.jsx [9ms]
2024-11-26 12:46:01.702 [info] > git cat-file -s 6324987d791b0a725096c59898b9f314fd7a9fcb [7ms]
2024-11-26 12:47:15.908 [info] > git check-ignore -v -z --stdin [1ms]
2024-11-26 12:47:16.755 [info] > git show --textconv :openvidu-tutorials/openvidu-basic-node/routes/timer.js [20ms]
2024-11-26 12:47:16.756 [info] > git ls-files --stage -- /home/ubuntu/Project-Agora/openvidu-tutorials/openvidu-basic-node/routes/timer.js [2ms]
2024-11-26 12:47:16.774 [info] > git cat-file -s e9f0efca51e6a4a3043f9c653f1bf7be6748d7fd [10ms]
2024-11-26 12:51:49.243 [info] > git config --get commit.template [6ms]
2024-11-26 12:51:49.244 [info] > git for-each-ref --format=%(refname)%00%(upstream:short)%00%(objectname)%00%(upstream:track)%00%(upstream:remotename)%00%(upstream:remoteref) refs/heads/main refs/remotes/main [2ms]
2024-11-26 12:51:49.254 [info] > git status -z -uall [6ms]
2024-11-26 12:51:49.256 [info] > git for-each-ref --sort -committerdate --format %(refname) %(objectname) %(*objectname) [3ms]
2024-11-26 12:51:59.576 [info] > git show --textconv :openvidu-tutorials/openvidu-react/src/components/Elements/openvidu/Timer/Timer.jsx [14ms]
2024-11-26 12:51:59.580 [info] > git ls-files --stage -- /home/ubuntu/Project-Agora/openvidu-tutorials/openvidu-react/src/components/Elements/openvidu/Timer/Timer.jsx [8ms]
2024-11-26 12:51:59.591 [info] > git cat-file -s 6324987d791b0a725096c59898b9f314fd7a9fcb [3ms]
2024-11-26 12:52:04.931 [info] > git config --get commit.template [4ms]
2024-11-26 12:52:04.932 [info] > git for-each-ref --format=%(refname)%00%(upstream:short)%00%(objectname)%00%(upstream:track)%00%(upstream:remotename)%00%(upstream:remoteref) refs/heads/main refs/remotes/main [2ms]
2024-11-26 12:52:04.943 [info] > git status -z -uall [7ms]
2024-11-26 12:52:04.945 [info] > git for-each-ref --sort -committerdate --format %(refname) %(objectname) %(*objectname) [3ms]
2024-11-26 12:52:47.422 [info] > git config --get commit.template [5ms]
2024-11-26 12:52:47.423 [info] > git for-each-ref --format=%(refname)%00%(upstream:short)%00%(objectname)%00%(upstream:track)%00%(upstream:remotename)%00%(upstream:remoteref) refs/heads/main refs/remotes/main [2ms]
2024-11-26 12:52:47.432 [info] > git status -z -uall [6ms]
2024-11-26 12:52:47.435 [info] > git for-each-ref --sort -committerdate --format %(refname) %(objectname) %(*objectname) [3ms]
2024-11-26 12:53:32.935 [info] > git config --get commit.template [1ms]
2024-11-26 12:53:32.942 [info] > git for-each-ref --format=%(refname)%00%(upstream:short)%00%(objectname)%00%(upstream:track)%00%(upstream:remotename)%00%(upstream:remoteref) refs/heads/main refs/remotes/main [2ms]
2024-11-26 12:53:32.963 [info] > git status -z -uall [13ms]
2024-11-26 12:53:32.967 [info] > git for-each-ref --sort -committerdate --format %(refname) %(objectname) %(*objectname) [7ms]
2024-11-26 12:56:53.056 [info] > git show --textconv :openvidu-tutorials/openvidu-basic-node/routes/timer.js [8ms]
2024-11-26 12:56:53.057 [info] > git ls-files --stage -- /home/ubuntu/Project-Agora/openvidu-tutorials/openvidu-basic-node/routes/timer.js [5ms]
2024-11-26 12:56:53.063 [info] > git cat-file -s e9f0efca51e6a4a3043f9c653f1bf7be6748d7fd [2ms]
2024-11-26 12:59:56.321 [info] > git config --get commit.template [29ms]
2024-11-26 12:59:56.322 [info] > git for-each-ref --format=%(refname)%00%(upstream:short)%00%(objectname)%00%(upstream:track)%00%(upstream:remotename)%00%(upstream:remoteref) refs/heads/main refs/remotes/main [3ms]
2024-11-26 12:59:56.377 [info] > git status -z -uall [42ms]
2024-11-26 12:59:56.384 [info] > git for-each-ref --sort -committerdate --format %(refname) %(objectname) %(*objectname) [32ms]
2024-11-26 13:00:01.737 [info] > git config --get commit.template [19ms]
2024-11-26 13:00:01.737 [info] > git for-each-ref --format=%(refname)%00%(upstream:short)%00%(objectname)%00%(upstream:track)%00%(upstream:remotename)%00%(upstream:remoteref) refs/heads/main refs/remotes/main [4ms]
2024-11-26 13:00:01.767 [info] > git status -z -uall [15ms]
2024-11-26 13:00:01.769 [info] > git for-each-ref --sort -committerdate --format %(refname) %(objectname) %(*objectname) [8ms]
2024-11-26 13:00:06.782 [info] > git config --get commit.template [2ms]
2024-11-26 13:00:06.793 [info] > git for-each-ref --format=%(refname)%00%(upstream:short)%00%(objectname)%00%(upstream:track)%00%(upstream:remotename)%00%(upstream:remoteref) refs/heads/main refs/remotes/main [4ms]
2024-11-26 13:00:06.815 [info] > git status -z -uall [12ms]
2024-11-26 13:00:06.821 [info] > git for-each-ref --sort -committerdate --format %(refname) %(objectname) %(*objectname) [8ms]
2024-11-26 13:00:11.851 [info] > git config --get commit.template [0ms]
2024-11-26 13:00:11.861 [info] > git for-each-ref --format=%(refname)%00%(upstream:short)%00%(objectname)%00%(upstream:track)%00%(upstream:remotename)%00%(upstream:remoteref) refs/heads/main refs/remotes/main [3ms]
2024-11-26 13:00:11.889 [info] > git status -z -uall [9ms]
2024-11-26 13:00:11.890 [info] > git for-each-ref --sort -committerdate --format %(refname) %(objectname) %(*objectname) [4ms]
2024-11-26 13:00:42.014 [info] > git config --get commit.template [9ms]
2024-11-26 13:00:42.014 [info] > git for-each-ref --format=%(refname)%00%(upstream:short)%00%(objectname)%00%(upstream:track)%00%(upstream:remotename)%00%(upstream:remoteref) refs/heads/main refs/remotes/main [2ms]
2024-11-26 13:00:42.024 [info] > git status -z -uall [6ms]
2024-11-26 13:00:42.028 [info] > git for-each-ref --sort -committerdate --format %(refname) %(objectname) %(*objectname) [4ms]
2024-11-26 13:00:47.040 [info] > git config --get commit.template [4ms]
2024-11-26 13:00:47.041 [info] > git for-each-ref --format=%(refname)%00%(upstream:short)%00%(objectname)%00%(upstream:track)%00%(upstream:remotename)%00%(upstream:remoteref) refs/heads/main refs/remotes/main [2ms]
2024-11-26 13:00:47.051 [info] > git status -z -uall [7ms]
2024-11-26 13:00:47.053 [info] > git for-each-ref --sort -committerdate --format %(refname) %(objectname) %(*objectname) [3ms]
2024-11-26 13:00:54.216 [info] > git show --textconv :openvidu-tutorials/openvidu-react/src/components/Elements/openvidu/Timer/Timer.jsx [9ms]
2024-11-26 13:00:54.220 [info] > git ls-files --stage -- /home/ubuntu/Project-Agora/openvidu-tutorials/openvidu-react/src/components/Elements/openvidu/Timer/Timer.jsx [7ms]
2024-11-26 13:00:54.226 [info] > git cat-file -s 6324987d791b0a725096c59898b9f314fd7a9fcb [2ms]
2024-11-26 13:01:33.953 [info] > git config --get commit.template [6ms]
2024-11-26 13:01:33.955 [info] > git for-each-ref --format=%(refname)%00%(upstream:short)%00%(objectname)%00%(upstream:track)%00%(upstream:remotename)%00%(upstream:remoteref) refs/heads/main refs/remotes/main [2ms]
2024-11-26 13:01:33.966 [info] > git status -z -uall [8ms]
2024-11-26 13:01:33.970 [info] > git for-each-ref --sort -committerdate --format %(refname) %(objectname) %(*objectname) [4ms]
2024-11-26 13:01:40.255 [info] > git show --textconv :openvidu-tutorials/openvidu-basic-node/routes/timer.js [10ms]
2024-11-26 13:01:40.255 [info] > git ls-files --stage -- /home/ubuntu/Project-Agora/openvidu-tutorials/openvidu-basic-node/routes/timer.js [4ms]
2024-11-26 13:01:40.262 [info] > git cat-file -s e9f0efca51e6a4a3043f9c653f1bf7be6748d7fd [2ms]
2024-11-26 13:01:41.271 [info] > git config --get commit.template [28ms]
2024-11-26 13:01:41.280 [info] > git for-each-ref --format=%(refname)%00%(upstream:short)%00%(objectname)%00%(upstream:track)%00%(upstream:remotename)%00%(upstream:remoteref) refs/heads/main refs/remotes/main [18ms]
2024-11-26 13:01:41.336 [info] > git status -z -uall [42ms]
2024-11-26 13:01:41.345 [info] > git for-each-ref --sort -committerdate --format %(refname) %(objectname) %(*objectname) [26ms]
2024-11-26 13:01:46.368 [info] > git config --get commit.template [7ms]
2024-11-26 13:01:46.371 [info] > git for-each-ref --format=%(refname)%00%(upstream:short)%00%(objectname)%00%(upstream:track)%00%(upstream:remotename)%00%(upstream:remoteref) refs/heads/main refs/remotes/main [4ms]
2024-11-26 13:01:46.391 [info] > git status -z -uall [15ms]
2024-11-26 13:01:46.395 [info] > git for-each-ref --sort -committerdate --format %(refname) %(objectname) %(*objectname) [9ms]
2024-11-26 13:02:08.877 [info] > git show --textconv :openvidu-tutorials/openvidu-react/src/components/Elements/openvidu/Timer/Timer.jsx [13ms]
2024-11-26 13:02:08.878 [info] > git ls-files --stage -- /home/ubuntu/Project-Agora/openvidu-tutorials/openvidu-react/src/components/Elements/openvidu/Timer/Timer.jsx [2ms]
2024-11-26 13:02:08.888 [info] > git cat-file -s 6324987d791b0a725096c59898b9f314fd7a9fcb [3ms]
2024-11-26 13:04:02.050 [info] > git show --textconv :openvidu-tutorials/openvidu-basic-node/routes/timer.js [19ms]
2024-11-26 13:04:02.050 [info] > git ls-files --stage -- /home/ubuntu/Project-Agora/openvidu-tutorials/openvidu-basic-node/routes/timer.js [5ms]
2024-11-26 13:04:02.061 [info] > git cat-file -s e9f0efca51e6a4a3043f9c653f1bf7be6748d7fd [5ms]
2024-11-26 13:04:06.678 [info] > git config --get commit.template [4ms]
2024-11-26 13:04:06.680 [info] > git for-each-ref --format=%(refname)%00%(upstream:short)%00%(objectname)%00%(upstream:track)%00%(upstream:remotename)%00%(upstream:remoteref) refs/heads/main refs/remotes/main [3ms]
2024-11-26 13:04:06.699 [info] > git status -z -uall [14ms]
2024-11-26 13:04:06.701 [info] > git for-each-ref --sort -committerdate --format %(refname) %(objectname) %(*objectname) [3ms]
2024-11-26 13:04:11.266 [info] > git show --textconv :openvidu-tutorials/openvidu-react/src/components/Elements/openvidu/Timer/Timer.jsx [7ms]
2024-11-26 13:04:11.268 [info] > git ls-files --stage -- /home/ubuntu/Project-Agora/openvidu-tutorials/openvidu-react/src/components/Elements/openvidu/Timer/Timer.jsx [2ms]
2024-11-26 13:04:11.277 [info] > git cat-file -s 6324987d791b0a725096c59898b9f314fd7a9fcb [4ms]
2024-11-26 13:04:11.715 [info] > git config --get commit.template [7ms]
2024-11-26 13:04:11.716 [info] > git for-each-ref --format=%(refname)%00%(upstream:short)%00%(objectname)%00%(upstream:track)%00%(upstream:remotename)%00%(upstream:remoteref) refs/heads/main refs/remotes/main [2ms]
2024-11-26 13:04:11.730 [info] > git status -z -uall [10ms]
2024-11-26 13:04:11.732 [info] > git for-each-ref --sort -committerdate --format %(refname) %(objectname) %(*objectname) [6ms]
2024-11-26 13:04:30.340 [info] > git config --get commit.template [6ms]
2024-11-26 13:04:30.356 [info] > git for-each-ref --format=%(refname)%00%(upstream:short)%00%(objectname)%00%(upstream:track)%00%(upstream:remotename)%00%(upstream:remoteref) refs/heads/main refs/remotes/main [7ms]
2024-11-26 13:04:30.401 [info] > git status -z -uall [23ms]
2024-11-26 13:04:30.407 [info] > git for-each-ref --sort -committerdate --format %(refname) %(objectname) %(*objectname) [9ms]
2024-11-26 13:04:30.518 [info] > git show --textconv :openvidu-tutorials/openvidu-basic-node/routes/timer.js [22ms]
2024-11-26 13:04:30.519 [info] > git ls-files --stage -- /home/ubuntu/Project-Agora/openvidu-tutorials/openvidu-basic-node/routes/timer.js [7ms]
2024-11-26 13:04:30.538 [info] > git cat-file -s e9f0efca51e6a4a3043f9c653f1bf7be6748d7fd [7ms]
2024-11-26 13:04:36.231 [info] > git config --get commit.template [19ms]
2024-11-26 13:04:36.242 [info] > git for-each-ref --format=%(refname)%00%(upstream:short)%00%(objectname)%00%(upstream:track)%00%(upstream:remotename)%00%(upstream:remoteref) refs/heads/main refs/remotes/main [12ms]
2024-11-26 13:04:36.276 [info] > git status -z -uall [23ms]
2024-11-26 13:04:36.301 [info] > git for-each-ref --sort -committerdate --format %(refname) %(objectname) %(*objectname) [31ms]
2024-11-26 13:04:41.315 [info] > git config --get commit.template [3ms]
2024-11-26 13:04:41.325 [info] > git for-each-ref --format=%(refname)%00%(upstream:short)%00%(objectname)%00%(upstream:track)%00%(upstream:remotename)%00%(upstream:remoteref) refs/heads/main refs/remotes/main [2ms]
2024-11-26 13:04:41.348 [info] > git status -z -uall [13ms]
2024-11-26 13:04:41.357 [info] > git for-each-ref --sort -committerdate --format %(refname) %(objectname) %(*objectname) [12ms]
2024-11-26 13:04:46.377 [info] > git config --get commit.template [8ms]
2024-11-26 13:04:46.379 [info] > git for-each-ref --format=%(refname)%00%(upstream:short)%00%(objectname)%00%(upstream:track)%00%(upstream:remotename)%00%(upstream:remoteref) refs/heads/main refs/remotes/main [3ms]
2024-11-26 13:04:46.397 [info] > git status -z -uall [13ms]
2024-11-26 13:04:46.408 [info] > git for-each-ref --sort -committerdate --format %(refname) %(objectname) %(*objectname) [12ms]
2024-11-26 13:05:04.960 [info] > git show --textconv :openvidu-tutorials/openvidu-react/src/components/Elements/openvidu/Timer/Timer.jsx [5ms]
2024-11-26 13:05:04.970 [info] > git ls-files --stage -- /home/ubuntu/Project-Agora/openvidu-tutorials/openvidu-react/src/components/Elements/openvidu/Timer/Timer.jsx [9ms]
2024-11-26 13:05:04.980 [info] > git cat-file -s 6324987d791b0a725096c59898b9f314fd7a9fcb [4ms]
2024-11-26 13:05:05.421 [info] > git config --get commit.template [5ms]
2024-11-26 13:05:05.439 [info] > git for-each-ref --format=%(refname)%00%(upstream:short)%00%(objectname)%00%(upstream:track)%00%(upstream:remotename)%00%(upstream:remoteref) refs/heads/main refs/remotes/main [5ms]
2024-11-26 13:05:05.453 [info] > git status -z -uall [9ms]
2024-11-26 13:05:05.454 [info] > git for-each-ref --sort -committerdate --format %(refname) %(objectname) %(*objectname) [5ms]
2024-11-26 13:05:13.136 [info] > git config --get commit.template [14ms]
2024-11-26 13:05:13.141 [info] > git for-each-ref --format=%(refname)%00%(upstream:short)%00%(objectname)%00%(upstream:track)%00%(upstream:remotename)%00%(upstream:remoteref) refs/heads/main refs/remotes/main [5ms]
2024-11-26 13:05:13.166 [info] > git status -z -uall [16ms]
2024-11-26 13:05:13.188 [info] > git for-each-ref --sort -committerdate --format %(refname) %(objectname) %(*objectname) [22ms]
2024-11-26 13:07:59.494 [info] > git config --get commit.template [5ms]
2024-11-26 13:07:59.495 [info] > git for-each-ref --format=%(refname)%00%(upstream:short)%00%(objectname)%00%(upstream:track)%00%(upstream:remotename)%00%(upstream:remoteref) refs/heads/main refs/remotes/main [2ms]
2024-11-26 13:07:59.507 [info] > git status -z -uall [7ms]
2024-11-26 13:07:59.508 [info] > git for-each-ref --sort -committerdate --format %(refname) %(objectname) %(*objectname) [2ms]
2024-11-26 13:07:59.886 [info] > git show --textconv :openvidu-tutorials/openvidu-react/src/components/Elements/openvidu/OpenviduFinal.js [7ms]
2024-11-26 13:07:59.889 [info] > git ls-files --stage -- /home/ubuntu/Project-Agora/openvidu-tutorials/openvidu-react/src/components/Elements/openvidu/OpenviduFinal.js [6ms]
2024-11-26 13:07:59.894 [info] > git cat-file -s 248b6aa1687e99f64f1598afcac913e04b207510 [2ms]
2024-11-26 13:08:04.522 [info] > git config --get commit.template [5ms]
2024-11-26 13:08:04.524 [info] > git for-each-ref --format=%(refname)%00%(upstream:short)%00%(objectname)%00%(upstream:track)%00%(upstream:remotename)%00%(upstream:remoteref) refs/heads/main refs/remotes/main [3ms]
2024-11-26 13:08:04.534 [info] > git status -z -uall [7ms]
2024-11-26 13:08:04.537 [info] > git for-each-ref --sort -committerdate --format %(refname) %(objectname) %(*objectname) [4ms]
2024-11-26 13:10:05.355 [info] > git config --get commit.template [5ms]
2024-11-26 13:10:05.356 [info] > git for-each-ref --format=%(refname)%00%(upstream:short)%00%(objectname)%00%(upstream:track)%00%(upstream:remotename)%00%(upstream:remoteref) refs/heads/main refs/remotes/main [2ms]
2024-11-26 13:10:05.367 [info] > git status -z -uall [6ms]
2024-11-26 13:10:05.370 [info] > git for-each-ref --sort -committerdate --format %(refname) %(objectname) %(*objectname) [4ms]
2024-11-26 13:10:05.659 [info] > git show --textconv :openvidu-tutorials/openvidu-react/src/components/Elements/openvidu/Timer/Timer.jsx [11ms]
2024-11-26 13:10:05.668 [info] > git ls-files --stage -- /home/ubuntu/Project-Agora/openvidu-tutorials/openvidu-react/src/components/Elements/openvidu/Timer/Timer.jsx [11ms]
2024-11-26 13:10:05.675 [info] > git cat-file -s 6324987d791b0a725096c59898b9f314fd7a9fcb [4ms]
2024-11-26 13:10:09.251 [info] > git show --textconv :openvidu-tutorials/openvidu-basic-node/routes/timer.js [5ms]
2024-11-26 13:10:09.252 [info] > git ls-files --stage -- /home/ubuntu/Project-Agora/openvidu-tutorials/openvidu-basic-node/routes/timer.js [2ms]
2024-11-26 13:10:09.261 [info] > git cat-file -s e9f0efca51e6a4a3043f9c653f1bf7be6748d7fd [5ms]
2024-11-26 13:14:20.955 [info] > git config --get commit.template [4ms]
2024-11-26 13:14:20.956 [info] > git for-each-ref --format=%(refname)%00%(upstream:short)%00%(objectname)%00%(upstream:track)%00%(upstream:remotename)%00%(upstream:remoteref) refs/heads/main refs/remotes/main [2ms]
2024-11-26 13:14:20.967 [info] > git status -z -uall [7ms]
2024-11-26 13:14:20.969 [info] > git for-each-ref --sort -committerdate --format %(refname) %(objectname) %(*objectname) [3ms]
2024-11-26 13:14:25.989 [info] > git config --get commit.template [6ms]
2024-11-26 13:14:26.009 [info] > git for-each-ref --format=%(refname)%00%(upstream:short)%00%(objectname)%00%(upstream:track)%00%(upstream:remotename)%00%(upstream:remoteref) refs/heads/main refs/remotes/main [10ms]
2024-11-26 13:14:26.050 [info] > git status -z -uall [21ms]
2024-11-26 13:14:26.055 [info] > git for-each-ref --sort -committerdate --format %(refname) %(objectname) %(*objectname) [6ms]
2024-11-26 13:14:31.065 [info] > git config --get commit.template [2ms]
2024-11-26 13:14:31.071 [info] > git for-each-ref --format=%(refname)%00%(upstream:short)%00%(objectname)%00%(upstream:track)%00%(upstream:remotename)%00%(upstream:remoteref) refs/heads/main refs/remotes/main [2ms]
2024-11-26 13:14:31.081 [info] > git status -z -uall [6ms]
2024-11-26 13:14:31.086 [info] > git for-each-ref --sort -committerdate --format %(refname) %(objectname) %(*objectname) [5ms]
2024-11-26 13:14:44.476 [info] > git config --get commit.template [3ms]
2024-11-26 13:14:44.482 [info] > git for-each-ref --format=%(refname)%00%(upstream:short)%00%(objectname)%00%(upstream:track)%00%(upstream:remotename)%00%(upstream:remoteref) refs/heads/main refs/remotes/main [2ms]
2024-11-26 13:14:44.496 [info] > git status -z -uall [9ms]
2024-11-26 13:14:44.500 [info] > git for-each-ref --sort -committerdate --format %(refname) %(objectname) %(*objectname) [4ms]
2024-11-26 13:14:50.592 [info] > git config --get commit.template [6ms]
2024-11-26 13:14:50.594 [info] > git for-each-ref --format=%(refname)%00%(upstream:short)%00%(objectname)%00%(upstream:track)%00%(upstream:remotename)%00%(upstream:remoteref) refs/heads/main refs/remotes/main [3ms]
2024-11-26 13:14:50.607 [info] > git status -z -uall [6ms]
2024-11-26 13:14:50.610 [info] > git for-each-ref --sort -committerdate --format %(refname) %(objectname) %(*objectname) [4ms]
2024-11-26 13:15:24.164 [info] > git config --get commit.template [12ms]
2024-11-26 13:15:24.177 [info] > git for-each-ref --format=%(refname)%00%(upstream:short)%00%(objectname)%00%(upstream:track)%00%(upstream:remotename)%00%(upstream:remoteref) refs/heads/main refs/remotes/main [13ms]
2024-11-26 13:15:24.205 [info] > git status -z -uall [6ms]
2024-11-26 13:15:24.208 [info] > git for-each-ref --sort -committerdate --format %(refname) %(objectname) %(*objectname) [4ms]
2024-11-26 13:15:29.230 [info] > git config --get commit.template [4ms]
2024-11-26 13:15:29.231 [info] > git for-each-ref --format=%(refname)%00%(upstream:short)%00%(objectname)%00%(upstream:track)%00%(upstream:remotename)%00%(upstream:remoteref) refs/heads/main refs/remotes/main [2ms]
2024-11-26 13:15:29.240 [info] > git status -z -uall [5ms]
2024-11-26 13:15:29.242 [info] > git for-each-ref --sort -committerdate --format %(refname) %(objectname) %(*objectname) [3ms]
2024-11-26 13:15:41.807 [info] > git config --get commit.template [10ms]
2024-11-26 13:15:41.809 [info] > git for-each-ref --format=%(refname)%00%(upstream:short)%00%(objectname)%00%(upstream:track)%00%(upstream:remotename)%00%(upstream:remoteref) refs/heads/main refs/remotes/main [3ms]
2024-11-26 13:15:41.822 [info] > git status -z -uall [9ms]
2024-11-26 13:15:41.824 [info] > git for-each-ref --sort -committerdate --format %(refname) %(objectname) %(*objectname) [5ms]
2024-11-26 13:16:53.711 [info] > git config --get commit.template [6ms]
2024-11-26 13:16:53.719 [info] > git for-each-ref --format=%(refname)%00%(upstream:short)%00%(objectname)%00%(upstream:track)%00%(upstream:remotename)%00%(upstream:remoteref) refs/heads/main refs/remotes/main [8ms]
2024-11-26 13:16:53.735 [info] > git status -z -uall [12ms]
2024-11-26 13:16:53.740 [info] > git for-each-ref --sort -committerdate --format %(refname) %(objectname) %(*objectname) [12ms]
2024-11-26 13:16:58.761 [info] > git config --get commit.template [7ms]
2024-11-26 13:16:58.765 [info] > git for-each-ref --format=%(refname)%00%(upstream:short)%00%(objectname)%00%(upstream:track)%00%(upstream:remotename)%00%(upstream:remoteref) refs/heads/main refs/remotes/main [5ms]
2024-11-26 13:16:58.786 [info] > git status -z -uall [14ms]
2024-11-26 13:16:58.789 [info] > git for-each-ref --sort -committerdate --format %(refname) %(objectname) %(*objectname) [4ms]
2024-11-26 13:17:03.811 [info] > git config --get commit.template [11ms]
2024-11-26 13:17:03.812 [info] > git for-each-ref --format=%(refname)%00%(upstream:short)%00%(objectname)%00%(upstream:track)%00%(upstream:remotename)%00%(upstream:remoteref) refs/heads/main refs/remotes/main [3ms]
2024-11-26 13:17:03.827 [info] > git status -z -uall [10ms]
2024-11-26 13:17:03.841 [info] > git for-each-ref --sort -committerdate --format %(refname) %(objectname) %(*objectname) [7ms]
2024-11-26 13:23:05.386 [info] > git config --get commit.template [9ms]
2024-11-26 13:23:05.389 [info] > git for-each-ref --format=%(refname)%00%(upstream:short)%00%(objectname)%00%(upstream:track)%00%(upstream:remotename)%00%(upstream:remoteref) refs/heads/main refs/remotes/main [4ms]
2024-11-26 13:23:05.406 [info] > git status -z -uall [9ms]
2024-11-26 13:23:05.409 [info] > git for-each-ref --sort -committerdate --format %(refname) %(objectname) %(*objectname) [4ms]
2024-11-26 13:23:10.421 [info] > git config --get commit.template [5ms]
2024-11-26 13:23:10.422 [info] > git for-each-ref --format=%(refname)%00%(upstream:short)%00%(objectname)%00%(upstream:track)%00%(upstream:remotename)%00%(upstream:remoteref) refs/heads/main refs/remotes/main [2ms]
2024-11-26 13:23:10.431 [info] > git status -z -uall [5ms]
2024-11-26 13:23:10.435 [info] > git for-each-ref --sort -committerdate --format %(refname) %(objectname) %(*objectname) [3ms]
2024-11-26 13:24:06.048 [info] > git config --get commit.template [5ms]
2024-11-26 13:24:06.050 [info] > git for-each-ref --format=%(refname)%00%(upstream:short)%00%(objectname)%00%(upstream:track)%00%(upstream:remotename)%00%(upstream:remoteref) refs/heads/main refs/remotes/main [3ms]
2024-11-26 13:24:06.059 [info] > git status -z -uall [6ms]
2024-11-26 13:24:06.062 [info] > git for-each-ref --sort -committerdate --format %(refname) %(objectname) %(*objectname) [3ms]
2024-11-26 13:28:04.845 [info] > git config --get commit.template [8ms]
2024-11-26 13:28:04.847 [info] > git for-each-ref --format=%(refname)%00%(upstream:short)%00%(objectname)%00%(upstream:track)%00%(upstream:remotename)%00%(upstream:remoteref) refs/heads/main refs/remotes/main [4ms]
2024-11-26 13:28:04.868 [info] > git status -z -uall [15ms]
2024-11-26 13:28:04.870 [info] > git for-each-ref --sort -committerdate --format %(refname) %(objectname) %(*objectname) [8ms]
2024-11-26 13:28:36.072 [info] > git config --get commit.template [13ms]
2024-11-26 13:28:36.080 [info] > git for-each-ref --format=%(refname)%00%(upstream:short)%00%(objectname)%00%(upstream:track)%00%(upstream:remotename)%00%(upstream:remoteref) refs/heads/main refs/remotes/main [9ms]
2024-11-26 13:28:36.102 [info] > git status -z -uall [12ms]
2024-11-26 13:28:36.114 [info] > git for-each-ref --sort -committerdate --format %(refname) %(objectname) %(*objectname) [13ms]
2024-11-26 13:28:36.369 [info] > git show --textconv :openvidu-tutorials/openvidu-react/src/components/Elements/openvidu/Timer/Timer.jsx [8ms]
2024-11-26 13:28:36.370 [info] > git ls-files --stage -- /home/ubuntu/Project-Agora/openvidu-tutorials/openvidu-react/src/components/Elements/openvidu/Timer/Timer.jsx [4ms]
2024-11-26 13:28:36.374 [info] > git cat-file -s 6324987d791b0a725096c59898b9f314fd7a9fcb [2ms]
2024-11-26 13:29:20.498 [info] > git config --get commit.template [7ms]
2024-11-26 13:29:20.499 [info] > git for-each-ref --format=%(refname)%00%(upstream:short)%00%(objectname)%00%(upstream:track)%00%(upstream:remotename)%00%(upstream:remoteref) refs/heads/main refs/remotes/main [2ms]
2024-11-26 13:29:20.510 [info] > git status -z -uall [7ms]
2024-11-26 13:29:20.513 [info] > git for-each-ref --sort -committerdate --format %(refname) %(objectname) %(*objectname) [4ms]
2024-11-26 13:30:07.000 [info] > git config --get commit.template [9ms]
2024-11-26 13:30:07.003 [info] > git for-each-ref --format=%(refname)%00%(upstream:short)%00%(objectname)%00%(upstream:track)%00%(upstream:remotename)%00%(upstream:remoteref) refs/heads/main refs/remotes/main [6ms]
2024-11-26 13:30:07.021 [info] > git status -z -uall [11ms]
2024-11-26 13:30:07.024 [info] > git for-each-ref --sort -committerdate --format %(refname) %(objectname) %(*objectname) [5ms]
2024-11-26 13:30:12.044 [info] > git config --get commit.template [12ms]
2024-11-26 13:30:12.046 [info] > git for-each-ref --format=%(refname)%00%(upstream:short)%00%(objectname)%00%(upstream:track)%00%(upstream:remotename)%00%(upstream:remoteref) refs/heads/main refs/remotes/main [3ms]
2024-11-26 13:30:12.063 [info] > git status -z -uall [11ms]
2024-11-26 13:30:12.067 [info] > git for-each-ref --sort -committerdate --format %(refname) %(objectname) %(*objectname) [8ms]
2024-11-26 13:30:17.091 [info] > git config --get commit.template [15ms]
2024-11-26 13:30:17.093 [info] > git for-each-ref --format=%(refname)%00%(upstream:short)%00%(objectname)%00%(upstream:track)%00%(upstream:remotename)%00%(upstream:remoteref) refs/heads/main refs/remotes/main [7ms]
2024-11-26 13:30:17.126 [info] > git status -z -uall [15ms]
2024-11-26 13:30:17.130 [info] > git for-each-ref --sort -committerdate --format %(refname) %(objectname) %(*objectname) [7ms]
2024-11-26 13:30:22.143 [info] > git config --get commit.template [4ms]
2024-11-26 13:30:22.145 [info] > git for-each-ref --format=%(refname)%00%(upstream:short)%00%(objectname)%00%(upstream:track)%00%(upstream:remotename)%00%(upstream:remoteref) refs/heads/main refs/remotes/main [2ms]
2024-11-26 13:30:22.157 [info] > git status -z -uall [7ms]
2024-11-26 13:30:22.160 [info] > git for-each-ref --sort -committerdate --format %(refname) %(objectname) %(*objectname) [3ms]
2024-11-26 13:30:26.173 [info] > git show --textconv :openvidu-tutorials/openvidu-react/src/components/Elements/openvidu/Timer/Timer.css [9ms]
2024-11-26 13:30:26.180 [info] > git ls-files --stage -- /home/ubuntu/Project-Agora/openvidu-tutorials/openvidu-react/src/components/Elements/openvidu/Timer/Timer.css [7ms]
2024-11-26 13:30:26.189 [info] > git cat-file -s e69de29bb2d1d6434b8b29ae775ad8c2e48c5391 [3ms]
2024-11-26 13:30:33.461 [info] > git show --textconv :openvidu-tutorials/openvidu-react/src/components/Elements/openvidu/Timer/Timer.jsx [15ms]
2024-11-26 13:30:33.464 [info] > git ls-files --stage -- /home/ubuntu/Project-Agora/openvidu-tutorials/openvidu-react/src/components/Elements/openvidu/Timer/Timer.jsx [10ms]
2024-11-26 13:30:33.471 [info] > git config --get commit.template [11ms]
2024-11-26 13:30:33.471 [info] > git cat-file -s 6324987d791b0a725096c59898b9f314fd7a9fcb [3ms]
2024-11-26 13:30:33.478 [info] > git for-each-ref --format=%(refname)%00%(upstream:short)%00%(objectname)%00%(upstream:track)%00%(upstream:remotename)%00%(upstream:remoteref) refs/heads/main refs/remotes/main [2ms]
2024-11-26 13:30:33.490 [info] > git status -z -uall [8ms]
2024-11-26 13:30:33.502 [info] > git for-each-ref --sort -committerdate --format %(refname) %(objectname) %(*objectname) [15ms]
2024-11-26 13:31:10.170 [info] > git config --get commit.template [2ms]
2024-11-26 13:31:10.177 [info] > git for-each-ref --format=%(refname)%00%(upstream:short)%00%(objectname)%00%(upstream:track)%00%(upstream:remotename)%00%(upstream:remoteref) refs/heads/main refs/remotes/main [1ms]
2024-11-26 13:31:10.189 [info] > git status -z -uall [7ms]
2024-11-26 13:31:10.191 [info] > git for-each-ref --sort -committerdate --format %(refname) %(objectname) %(*objectname) [4ms]
2024-11-26 13:31:12.859 [info] > git show --textconv :openvidu-tutorials/openvidu-basic-node/routes/timer.js [13ms]
2024-11-26 13:31:12.862 [info] > git ls-files --stage -- /home/ubuntu/Project-Agora/openvidu-tutorials/openvidu-basic-node/routes/timer.js [5ms]
2024-11-26 13:31:12.874 [info] > git cat-file -s e9f0efca51e6a4a3043f9c653f1bf7be6748d7fd [6ms]
2024-11-26 13:31:16.968 [info] > git config --get commit.template [6ms]
2024-11-26 13:31:16.969 [info] > git for-each-ref --format=%(refname)%00%(upstream:short)%00%(objectname)%00%(upstream:track)%00%(upstream:remotename)%00%(upstream:remoteref) refs/heads/main refs/remotes/main [3ms]
2024-11-26 13:31:16.977 [info] > git status -z -uall [5ms]
2024-11-26 13:31:16.980 [info] > git for-each-ref --sort -committerdate --format %(refname) %(objectname) %(*objectname) [4ms]
2024-11-26 13:31:22.024 [info] > git config --get commit.template [1ms]
2024-11-26 13:31:22.037 [info] > git for-each-ref --format=%(refname)%00%(upstream:short)%00%(objectname)%00%(upstream:track)%00%(upstream:remotename)%00%(upstream:remoteref) refs/heads/main refs/remotes/main [5ms]
2024-11-26 13:31:22.068 [info] > git status -z -uall [18ms]
2024-11-26 13:31:22.070 [info] > git for-each-ref --sort -committerdate --format %(refname) %(objectname) %(*objectname) [5ms]
2024-11-26 13:35:32.545 [info] > git config --get commit.template [9ms]
2024-11-26 13:35:32.547 [info] > git for-each-ref --format=%(refname)%00%(upstream:short)%00%(objectname)%00%(upstream:track)%00%(upstream:remotename)%00%(upstream:remoteref) refs/heads/main refs/remotes/main [4ms]
2024-11-26 13:35:32.559 [info] > git status -z -uall [7ms]
2024-11-26 13:35:32.563 [info] > git for-each-ref --sort -committerdate --format %(refname) %(objectname) %(*objectname) [5ms]
2024-11-26 13:35:37.582 [info] > git config --get commit.template [8ms]
2024-11-26 13:35:37.584 [info] > git for-each-ref --format=%(refname)%00%(upstream:short)%00%(objectname)%00%(upstream:track)%00%(upstream:remotename)%00%(upstream:remoteref) refs/heads/main refs/remotes/main [2ms]
2024-11-26 13:35:37.601 [info] > git status -z -uall [11ms]
2024-11-26 13:35:37.604 [info] > git for-each-ref --sort -committerdate --format %(refname) %(objectname) %(*objectname) [5ms]
2024-11-26 13:36:10.105 [info] > git config --get commit.template [21ms]
2024-11-26 13:36:10.117 [info] > git for-each-ref --format=%(refname)%00%(upstream:short)%00%(objectname)%00%(upstream:track)%00%(upstream:remotename)%00%(upstream:remoteref) refs/heads/main refs/remotes/main [13ms]
2024-11-26 13:36:10.165 [info] > git status -z -uall [16ms]
2024-11-26 13:36:10.178 [info] > git for-each-ref --sort -committerdate --format %(refname) %(objectname) %(*objectname) [14ms]
2024-11-26 13:36:15.228 [info] > git config --get commit.template [14ms]
2024-11-26 13:36:15.240 [info] > git for-each-ref --format=%(refname)%00%(upstream:short)%00%(objectname)%00%(upstream:track)%00%(upstream:remotename)%00%(upstream:remoteref) refs/heads/main refs/remotes/main [13ms]
2024-11-26 13:36:15.288 [info] > git status -z -uall [35ms]
2024-11-26 13:36:15.300 [info] > git for-each-ref --sort -committerdate --format %(refname) %(objectname) %(*objectname) [15ms]
2024-11-26 13:36:20.371 [info] > git config --get commit.template [38ms]
2024-11-26 13:36:20.380 [info] > git for-each-ref --format=%(refname)%00%(upstream:short)%00%(objectname)%00%(upstream:track)%00%(upstream:remotename)%00%(upstream:remoteref) refs/heads/main refs/remotes/main [9ms]
2024-11-26 13:36:20.425 [info] > git status -z -uall [17ms]
2024-11-26 13:36:20.438 [info] > git for-each-ref --sort -committerdate --format %(refname) %(objectname) %(*objectname) [17ms]
2024-11-26 13:36:25.496 [info] > git config --get commit.template [20ms]
2024-11-26 13:36:25.501 [info] > git for-each-ref --format=%(refname)%00%(upstream:short)%00%(objectname)%00%(upstream:track)%00%(upstream:remotename)%00%(upstream:remoteref) refs/heads/main refs/remotes/main [6ms]
2024-11-26 13:36:25.528 [info] > git status -z -uall [13ms]
2024-11-26 13:36:25.534 [info] > git for-each-ref --sort -committerdate --format %(refname) %(objectname) %(*objectname) [9ms]
2024-11-26 13:36:30.558 [info] > git config --get commit.template [3ms]
2024-11-26 13:36:30.568 [info] > git for-each-ref --format=%(refname)%00%(upstream:short)%00%(objectname)%00%(upstream:track)%00%(upstream:remotename)%00%(upstream:remoteref) refs/heads/main refs/remotes/main [2ms]
2024-11-26 13:36:30.595 [info] > git status -z -uall [18ms]
2024-11-26 13:36:30.600 [info] > git for-each-ref --sort -committerdate --format %(refname) %(objectname) %(*objectname) [11ms]
2024-11-26 13:38:57.643 [info] > git config --get commit.template [4ms]
2024-11-26 13:38:57.644 [info] > git for-each-ref --format=%(refname)%00%(upstream:short)%00%(objectname)%00%(upstream:track)%00%(upstream:remotename)%00%(upstream:remoteref) refs/heads/main refs/remotes/main [2ms]
2024-11-26 13:38:57.653 [info] > git status -z -uall [6ms]
2024-11-26 13:38:57.659 [info] > git for-each-ref --sort -committerdate --format %(refname) %(objectname) %(*objectname) [7ms]
2024-11-26 13:38:57.664 [info] > git ls-files --stage -- /home/ubuntu/Project-Agora/openvidu-tutorials/openvidu-basic-node/routes/timer.js [5ms]
2024-11-26 13:38:57.670 [info] > git cat-file -s e9f0efca51e6a4a3043f9c653f1bf7be6748d7fd [3ms]
2024-11-26 13:38:57.713 [info] > git show --textconv :openvidu-tutorials/openvidu-basic-node/routes/timer.js [8ms]
2024-11-26 13:39:02.594 [info] > git show --textconv :openvidu-tutorials/openvidu-react/src/components/Elements/openvidu/OpenviduFinal.js [6ms]
2024-11-26 13:39:02.595 [info] > git ls-files --stage -- /home/ubuntu/Project-Agora/openvidu-tutorials/openvidu-react/src/components/Elements/openvidu/OpenviduFinal.js [2ms]
2024-11-26 13:39:02.602 [info] > git cat-file -s 248b6aa1687e99f64f1598afcac913e04b207510 [3ms]
2024-11-26 13:39:47.509 [info] > git check-ignore -v -z --stdin [1ms]
2024-11-26 13:39:50.477 [info] > git show --textconv :openvidu-tutorials/openvidu-react/public/index.html [6ms]
2024-11-26 13:39:50.480 [info] > git ls-files --stage -- /home/ubuntu/Project-Agora/openvidu-tutorials/openvidu-react/public/index.html [4ms]
2024-11-26 13:39:50.486 [info] > git cat-file -s 1d688f949c46041601521e32274cc01fc7500764 [1ms]
2024-11-26 13:39:59.252 [info] > git check-ignore -v -z --stdin [2ms]
2024-11-26 13:40:41.323 [info] > git show --textconv :openvidu-tutorials/openvidu-basic-node/index.js [34ms]
2024-11-26 13:40:41.336 [info] > git ls-files --stage -- /home/ubuntu/Project-Agora/openvidu-tutorials/openvidu-basic-node/index.js [33ms]
2024-11-26 13:40:41.349 [info] > git cat-file -s 777469b9f159aeb7d2514cc702dcea144a501210 [6ms]
2024-11-26 13:41:45.007 [info] > git ls-files --stage -- /home/ubuntu/Project-Agora/openvidu-tutorials/openvidu-react/src/components/Elements/openvidu/OvVideo.js [6ms]
2024-11-26 13:41:45.015 [info] > git show --textconv :openvidu-tutorials/openvidu-react/src/components/Elements/openvidu/OvVideo.js [27ms]
2024-11-26 13:41:45.015 [info] > git cat-file -s f0d48b1e3adfc6782757a9c6bbbbd6c011018396 [3ms]
2024-11-26 13:41:46.690 [info] > git show --textconv :openvidu-tutorials/openvidu-react/src/components/Elements/openvidu/ScreenShareComponent.js [15ms]
2024-11-26 13:41:46.702 [info] > git ls-files --stage -- /home/ubuntu/Project-Agora/openvidu-tutorials/openvidu-react/src/components/Elements/openvidu/ScreenShareComponent.js [20ms]
2024-11-26 13:41:46.735 [info] > git cat-file -s 5b6cb1bc4ac159d90cde02b0e784d4a37a93c592 [8ms]
2024-11-26 13:41:52.189 [info] > git show --textconv :openvidu-tutorials/openvidu-react/src/components/Elements/openvidu/UserVideo.css [14ms]
2024-11-26 13:41:52.192 [info] > git ls-files --stage -- /home/ubuntu/Project-Agora/openvidu-tutorials/openvidu-react/src/components/Elements/openvidu/UserVideo.css [8ms]
2024-11-26 13:41:52.217 [info] > git cat-file -s 5e8779db62e76d30180ef0b465bb1b0c08085b17 [17ms]
2024-11-26 13:41:53.023 [info] > git ls-files --stage -- /home/ubuntu/Project-Agora/openvidu-tutorials/openvidu-react/src/components/Elements/openvidu/UserVideoComponent.js [2ms]
2024-11-26 13:41:53.026 [info] > git show --textconv :openvidu-tutorials/openvidu-react/src/components/Elements/openvidu/UserVideoComponent.js [10ms]
2024-11-26 13:41:53.028 [info] > git cat-file -s 818116ec034926f3e6cfe92aaafc74d3d31c1642 [2ms]
2024-11-26 13:42:01.045 [info] > git show --textconv :openvidu-tutorials/openvidu-react/src/components/Elements/openvidu/OvVideo.js [6ms]
2024-11-26 13:42:01.046 [info] > git ls-files --stage -- /home/ubuntu/Project-Agora/openvidu-tutorials/openvidu-react/src/components/Elements/openvidu/OvVideo.js [2ms]
2024-11-26 13:42:01.052 [info] > git cat-file -s f0d48b1e3adfc6782757a9c6bbbbd6c011018396 [1ms]
2024-11-26 13:42:07.320 [info] > git check-ignore -v -z --stdin [1ms]
2024-11-26 13:42:11.062 [info] > git show --textconv :openvidu-tutorials/openvidu-basic-node/index.js [10ms]
2024-11-26 13:42:11.063 [info] > git ls-files --stage -- /home/ubuntu/Project-Agora/openvidu-tutorials/openvidu-basic-node/index.js [2ms]
2024-11-26 13:42:11.070 [info] > git cat-file -s 777469b9f159aeb7d2514cc702dcea144a501210 [2ms]
2024-11-26 13:42:31.122 [info] > git check-ignore -v -z --stdin [3ms]
2024-11-26 13:42:36.330 [info] > git show --textconv :openvidu-tutorials/openvidu-react/src/components/Elements/openvidu/OpenviduFinal.js [35ms]
2024-11-26 13:42:36.338 [info] > git ls-files --stage -- /home/ubuntu/Project-Agora/openvidu-tutorials/openvidu-react/src/components/Elements/openvidu/OpenviduFinal.js [18ms]
2024-11-26 13:42:36.367 [info] > git cat-file -s 248b6aa1687e99f64f1598afcac913e04b207510 [12ms]
2024-11-26 13:43:17.347 [info] > git config --get commit.template [12ms]
2024-11-26 13:43:17.378 [info] > git for-each-ref --format=%(refname)%00%(upstream:short)%00%(objectname)%00%(upstream:track)%00%(upstream:remotename)%00%(upstream:remoteref) refs/heads/main refs/remotes/main [9ms]
2024-11-26 13:43:17.428 [info] > git status -z -uall [33ms]
2024-11-26 13:43:17.439 [info] > git for-each-ref --sort -committerdate --format %(refname) %(objectname) %(*objectname) [25ms]
2024-11-26 13:43:22.479 [info] > git config --get commit.template [1ms]
2024-11-26 13:43:22.497 [info] > git for-each-ref --format=%(refname)%00%(upstream:short)%00%(objectname)%00%(upstream:track)%00%(upstream:remotename)%00%(upstream:remoteref) refs/heads/main refs/remotes/main [7ms]
2024-11-26 13:43:22.531 [info] > git status -z -uall [24ms]
2024-11-26 13:43:22.533 [info] > git for-each-ref --sort -committerdate --format %(refname) %(objectname) %(*objectname) [14ms]
2024-11-26 13:43:34.281 [info] > git show --textconv :openvidu-tutorials/openvidu-react/src/components/Elements/openvidu/OvVideo.js [6ms]
2024-11-26 13:43:34.282 [info] > git ls-files --stage -- /home/ubuntu/Project-Agora/openvidu-tutorials/openvidu-react/src/components/Elements/openvidu/OvVideo.js [3ms]
2024-11-26 13:43:34.289 [info] > git cat-file -s f0d48b1e3adfc6782757a9c6bbbbd6c011018396 [2ms]
2024-11-26 13:43:41.797 [info] > git config --get commit.template [3ms]
2024-11-26 13:43:41.806 [info] > git for-each-ref --format=%(refname)%00%(upstream:short)%00%(objectname)%00%(upstream:track)%00%(upstream:remotename)%00%(upstream:remoteref) refs/heads/main refs/remotes/main [2ms]
2024-11-26 13:43:41.830 [info] > git status -z -uall [14ms]
2024-11-26 13:43:41.835 [info] > git for-each-ref --sort -committerdate --format %(refname) %(objectname) %(*objectname) [10ms]
2024-11-26 13:43:46.857 [info] > git config --get commit.template [11ms]
2024-11-26 13:43:46.857 [info] > git for-each-ref --format=%(refname)%00%(upstream:short)%00%(objectname)%00%(upstream:track)%00%(upstream:remotename)%00%(upstream:remoteref) refs/heads/main refs/remotes/main [5ms]
2024-11-26 13:43:46.879 [info] > git status -z -uall [14ms]
2024-11-26 13:43:46.881 [info] > git for-each-ref --sort -committerdate --format %(refname) %(objectname) %(*objectname) [6ms]
2024-11-26 13:43:55.453 [info] > git show --textconv :openvidu-tutorials/openvidu-react/src/components/Elements/openvidu/ScreenShareComponent.js [18ms]
2024-11-26 13:43:55.454 [info] > git ls-files --stage -- /home/ubuntu/Project-Agora/openvidu-tutorials/openvidu-react/src/components/Elements/openvidu/ScreenShareComponent.js [5ms]
2024-11-26 13:43:55.469 [info] > git cat-file -s 5b6cb1bc4ac159d90cde02b0e784d4a37a93c592 [1ms]
2024-11-26 13:43:55.988 [info] > git show --textconv :openvidu-tutorials/openvidu-react/src/components/Elements/openvidu/UserVideo.css [14ms]
2024-11-26 13:43:55.990 [info] > git ls-files --stage -- /home/ubuntu/Project-Agora/openvidu-tutorials/openvidu-react/src/components/Elements/openvidu/UserVideo.css [2ms]
2024-11-26 13:43:55.998 [info] > git cat-file -s 5e8779db62e76d30180ef0b465bb1b0c08085b17 [3ms]
2024-11-26 13:43:56.354 [info] > git show --textconv :openvidu-tutorials/openvidu-react/src/components/Elements/openvidu/UserVideoComponent.js [22ms]
2024-11-26 13:43:56.360 [info] > git ls-files --stage -- /home/ubuntu/Project-Agora/openvidu-tutorials/openvidu-react/src/components/Elements/openvidu/UserVideoComponent.js [10ms]
2024-11-26 13:43:56.375 [info] > git cat-file -s 818116ec034926f3e6cfe92aaafc74d3d31c1642 [4ms]
2024-11-26 13:44:04.163 [info] > git for-each-ref --format=%(refname)%00%(upstream:short)%00%(objectname)%00%(upstream:track)%00%(upstream:remotename)%00%(upstream:remoteref) refs/heads/main refs/remotes/main [3ms]
2024-11-26 13:44:04.163 [info] > git config --get commit.template [7ms]
2024-11-26 13:44:04.179 [info] > git status -z -uall [11ms]
2024-11-26 13:44:04.180 [info] > git for-each-ref --sort -committerdate --format %(refname) %(objectname) %(*objectname) [5ms]
2024-11-26 13:44:12.632 [info] > git config --get commit.template [8ms]
2024-11-26 13:44:12.633 [info] > git for-each-ref --format=%(refname)%00%(upstream:short)%00%(objectname)%00%(upstream:track)%00%(upstream:remotename)%00%(upstream:remoteref) refs/heads/main refs/remotes/main [2ms]
2024-11-26 13:44:12.646 [info] > git status -z -uall [9ms]
2024-11-26 13:44:12.649 [info] > git for-each-ref --sort -committerdate --format %(refname) %(objectname) %(*objectname) [5ms]
2024-11-26 13:44:12.943 [info] > git show --textconv :openvidu-tutorials/openvidu-basic-node/index.js [9ms]
2024-11-26 13:44:12.945 [info] > git ls-files --stage -- /home/ubuntu/Project-Agora/openvidu-tutorials/openvidu-basic-node/index.js [4ms]
2024-11-26 13:44:12.951 [info] > git cat-file -s 777469b9f159aeb7d2514cc702dcea144a501210 [3ms]
2024-11-26 13:52:53.656 [info] > git show --textconv :openvidu-tutorials/openvidu-react/src/components/Pages/DebateRoom/DebateRoom.jsx [15ms]
2024-11-26 13:52:53.656 [info] > git ls-files --stage -- /home/ubuntu/Project-Agora/openvidu-tutorials/openvidu-react/src/components/Pages/DebateRoom/DebateRoom.jsx [8ms]
2024-11-26 13:53:53.937 [info] > git config --get commit.template [51ms]
2024-11-26 13:53:54.005 [info] > git for-each-ref --format=%(refname)%00%(upstream:short)%00%(objectname)%00%(upstream:track)%00%(upstream:remotename)%00%(upstream:remoteref) refs/heads/main refs/remotes/main [101ms]
2024-11-26 13:53:54.083 [info] > git for-each-ref --sort -committerdate --format %(refname) %(objectname) %(*objectname) [51ms]
2024-11-26 13:53:54.129 [info] > git status -z -uall [108ms]
2024-11-26 13:54:21.226 [info] > git show --textconv :openvidu-tutorials/openvidu-react/src/components/Elements/RoomList/RoomList.jsx [12ms]
2024-11-26 13:54:21.226 [info] > git ls-files --stage -- /home/ubuntu/Project-Agora/openvidu-tutorials/openvidu-react/src/components/Elements/RoomList/RoomList.jsx [3ms]
2024-11-26 13:54:21.233 [info] > git cat-file -s 613c78c493a1f1eb5d5fe94b21017598bba9df71 [3ms]
2024-11-26 13:54:48.454 [info] > git show --textconv :openvidu-tutorials/openvidu-react/src/components/Elements/RoomInfo.jsx [9ms]
2024-11-26 13:54:48.459 [info] > git ls-files --stage -- /home/ubuntu/Project-Agora/openvidu-tutorials/openvidu-react/src/components/Elements/RoomInfo.jsx [7ms]
2024-11-26 13:54:48.474 [info] > git cat-file -s 02ec80086b5824e6517d12265a5e7fa5a1daa818 [6ms]
2024-11-26 13:55:21.213 [info] > git show --textconv :openvidu-tutorials/openvidu-react/src/components/Elements/RoomList/RoomList.jsx [4ms]
2024-11-26 13:55:21.215 [info] > git ls-files --stage -- /home/ubuntu/Project-Agora/openvidu-tutorials/openvidu-react/src/components/Elements/RoomList/RoomList.jsx [2ms]
2024-11-26 13:55:21.219 [info] > git cat-file -s 613c78c493a1f1eb5d5fe94b21017598bba9df71 [2ms]
2024-11-26 14:10:25.475 [info] > git config --get commit.template [6ms]
2024-11-26 14:10:25.510 [info] > git for-each-ref --format=%(refname)%00%(upstream:short)%00%(objectname)%00%(upstream:track)%00%(upstream:remotename)%00%(upstream:remoteref) refs/heads/main refs/remotes/main [14ms]
2024-11-26 14:10:25.565 [info] > git status -z -uall [30ms]
2024-11-26 14:10:25.565 [info] > git for-each-ref --sort -committerdate --format %(refname) %(objectname) %(*objectname) [14ms]
2024-11-27 01:57:29.483 [info] > git check-ignore -v -z --stdin [2ms]
2024-11-27 01:57:30.050 [info] > git config --get commit.template [10ms]
2024-11-27 01:57:30.052 [info] > git for-each-ref --format=%(refname)%00%(upstream:short)%00%(objectname)%00%(upstream:track)%00%(upstream:remotename)%00%(upstream:remoteref) refs/heads/main refs/remotes/main [5ms]
2024-11-27 01:57:30.068 [info] > git status -z -uall [10ms]
2024-11-27 01:57:30.072 [info] > git for-each-ref --sort -committerdate --format %(refname) %(objectname) %(*objectname) [5ms]
2024-11-27 01:57:46.639 [info] > git config --get commit.template [6ms]
2024-11-27 01:57:46.640 [info] > git for-each-ref --format=%(refname)%00%(upstream:short)%00%(objectname)%00%(upstream:track)%00%(upstream:remotename)%00%(upstream:remoteref) refs/heads/main refs/remotes/main [2ms]
2024-11-27 01:57:46.650 [info] > git status -z -uall [6ms]
2024-11-27 01:57:46.654 [info] > git for-each-ref --sort -committerdate --format %(refname) %(objectname) %(*objectname) [5ms]
