2024-11-29 08:11:12.537 [info] [main] 로그 수준: Info
2024-11-29 08:11:12.537 [info] [main] "git"에서 찾은 git 유효성을 검사하는 중
2024-11-29 08:11:12.537 [info] [main] "2.43.0"에서 git "git"을(를) 사용하는 중
2024-11-29 08:11:12.537 [info] [Model][doInitialScan] Initial repository scan started
2024-11-29 08:11:12.537 [info] > git rev-parse --show-toplevel [167ms]
2024-11-29 08:11:12.537 [info] > git rev-parse --git-dir --git-common-dir [525ms]
2024-11-29 08:11:12.537 [info] [Model][openRepository] Opened repository: /home/ubuntu/Project-Agora
2024-11-29 08:11:12.537 [info] > git rev-parse --show-toplevel [65ms]
2024-11-29 08:11:12.537 [info] > git config --get commit.template [106ms]
2024-11-29 08:11:13.547 [info] > git rev-parse --show-toplevel [987ms]
2024-11-29 08:11:13.613 [info] > git fetch [1330ms]
2024-11-29 08:11:13.613 [info] git@github.com: Permission denied (publickey).
fatal: Could not read from remote repository.

Please make sure you have the correct access rights
and the repository exists.
2024-11-29 08:11:13.614 [info] > git for-each-ref --format=%(refname)%00%(upstream:short)%00%(objectname)%00%(upstream:track)%00%(upstream:remotename)%00%(upstream:remoteref) refs/heads/main refs/remotes/main [1034ms]
2024-11-29 08:11:13.656 [info] > git check-ignore -v -z --stdin [83ms]
2024-11-29 08:11:13.660 [info] > git rev-parse --show-toplevel [65ms]
2024-11-29 08:11:13.668 [info] > git config --get commit.template [31ms]
2024-11-29 08:11:13.867 [info] > git for-each-ref --format=%(refname)%00%(upstream:short)%00%(objectname)%00%(upstream:track)%00%(upstream:remotename)%00%(upstream:remoteref) refs/heads/main refs/remotes/main [79ms]
2024-11-29 08:11:13.902 [info] > git for-each-ref --format=%(refname)%00%(upstream:short)%00%(objectname)%00%(upstream:track)%00%(upstream:remotename)%00%(upstream:remoteref) refs/heads/main refs/remotes/main [171ms]
2024-11-29 08:11:13.902 [info] > git rev-parse --show-toplevel [199ms]
2024-11-29 08:11:13.907 [info] > git config --get commit.template [59ms]
2024-11-29 08:11:13.981 [info] > git config --local branch.main.vscode-merge-base [76ms]
2024-11-29 08:11:14.067 [info] > git for-each-ref --format=%(refname)%00%(upstream:short)%00%(objectname)%00%(upstream:track)%00%(upstream:remotename)%00%(upstream:remoteref) refs/heads/main refs/remotes/main [99ms]
2024-11-29 08:11:14.069 [info] > git rev-parse --show-toplevel [129ms]
2024-11-29 08:11:14.093 [info] [Model][doInitialScan] Initial repository scan completed - repositories (1), closed repositories (0), parent repositories (0), unsafe repositories (0)
2024-11-29 08:11:14.172 [info] > git show --textconv :openvidu-tutorials/openvidu-react/src/components/Elements/openvidu/OvVideo.js [43ms]
2024-11-29 08:11:14.173 [info] > git for-each-ref --format=%(refname)%00%(upstream:short)%00%(objectname)%00%(upstream:track)%00%(upstream:remotename)%00%(upstream:remoteref) refs/heads/main refs/remotes/main [122ms]
2024-11-29 08:11:14.201 [info] > git for-each-ref --format=%(refname)%00%(upstream:short)%00%(objectname)%00%(upstream:track)%00%(upstream:remotename)%00%(upstream:remoteref) refs/heads/origin/main refs/remotes/origin/main [187ms]
2024-11-29 08:11:14.295 [info] > git config --local branch.main.vscode-merge-base [95ms]
2024-11-29 08:11:14.320 [info] > git ls-files --stage -- /home/ubuntu/Project-Agora/openvidu-tutorials/openvidu-react/src/components/Elements/openvidu/OvVideo.js [159ms]
2024-11-29 08:11:14.343 [info] > git for-each-ref --format=%(refname)%00%(upstream:short)%00%(objectname)%00%(upstream:track)%00%(upstream:remotename)%00%(upstream:remoteref) refs/heads/origin/main refs/remotes/origin/main [19ms]
2024-11-29 08:11:14.359 [info] > git merge-base refs/heads/main refs/remotes/origin/main [128ms]
2024-11-29 08:11:14.452 [info] > git merge-base refs/heads/main refs/remotes/origin/main [94ms]
2024-11-29 08:11:14.475 [info] > git cat-file -s b98be027805a3f9f0ad2f12641a2c2bc0df12062 [141ms]
2024-11-29 08:11:14.493 [info] > git status -z -uall [74ms]
2024-11-29 08:11:14.505 [info] > git for-each-ref --sort -committerdate --format %(refname) %(objectname) %(*objectname) [54ms]
2024-11-29 08:11:14.593 [info] > git diff --name-status -z --diff-filter=ADMR ee324f52e897252e3247c75fc6476f695944853c...refs/remotes/origin/main [203ms]
2024-11-29 08:11:14.605 [info] > git merge-base refs/heads/main refs/remotes/origin/main [76ms]
2024-11-29 08:11:14.624 [info] > git diff --name-status -z --diff-filter=ADMR ee324f52e897252e3247c75fc6476f695944853c...refs/remotes/origin/main [149ms]
2024-11-29 08:11:14.642 [info] > git diff --name-status -z --diff-filter=ADMR ee324f52e897252e3247c75fc6476f695944853c...refs/remotes/origin/main [18ms]
2024-11-29 08:11:26.070 [info] > git log --format=%H%n%aN%n%aE%n%at%n%ct%n%P%n%D%n%B -z --shortstat --diff-merges=first-parent -n50 --skip=0 --topo-order --decorate=full --stdin [8626ms]
2024-11-29 08:12:12.205 [info] > git log --format=%H%n%aN%n%aE%n%at%n%ct%n%P%n%D%n%B -z --shortstat --diff-merges=first-parent -n50 --skip=0 --topo-order --decorate=full --stdin [6089ms]
2024-11-29 08:13:25.542 [info] > git config --get commit.template [8ms]
2024-11-29 08:13:25.542 [info] > git for-each-ref --format=%(refname)%00%(upstream:short)%00%(objectname)%00%(upstream:track)%00%(upstream:remotename)%00%(upstream:remoteref) refs/heads/audio-final refs/remotes/audio-final [3ms]
2024-11-29 08:13:25.570 [info] > git status -z -uall [22ms]
2024-11-29 08:13:25.574 [info] > git for-each-ref --sort -committerdate --format %(refname) %(objectname) %(*objectname) [9ms]
2024-11-29 08:13:25.586 [info] > git for-each-ref --format=%(refname)%00%(upstream:short)%00%(objectname)%00%(upstream:track)%00%(upstream:remotename)%00%(upstream:remoteref) refs/heads/audio-final refs/remotes/audio-final [4ms]
2024-11-29 08:13:25.593 [info] > git config --local branch.audio-final.vscode-merge-base [2ms]
2024-11-29 08:13:25.601 [info] > git for-each-ref --format=%(refname)%00%(upstream:short)%00%(objectname)%00%(upstream:track)%00%(upstream:remotename)%00%(upstream:remoteref) refs/heads/origin/main refs/remotes/origin/main [4ms]
2024-11-29 08:13:26.680 [info] > git config --get commit.template [14ms]
2024-11-29 08:13:26.681 [info] > git for-each-ref --format=%(refname)%00%(upstream:short)%00%(objectname)%00%(upstream:track)%00%(upstream:remotename)%00%(upstream:remoteref) refs/heads/audio-final refs/remotes/audio-final [3ms]
2024-11-29 08:13:26.716 [info] > git status -z -uall [18ms]
2024-11-29 08:13:26.723 [info] > git for-each-ref --sort -committerdate --format %(refname) %(objectname) %(*objectname) [7ms]
2024-11-29 08:13:26.781 [info] > git ls-files --stage -- /home/ubuntu/Project-Agora/openvidu-tutorials/openvidu-react/src/components/Elements/openvidu/OvVideo.js [2ms]
2024-11-29 08:13:26.790 [info] > git cat-file -s b98be027805a3f9f0ad2f12641a2c2bc0df12062 [3ms]
2024-11-29 08:13:26.813 [info] > git show --textconv :openvidu-tutorials/openvidu-react/src/components/Elements/openvidu/OvVideo.js [3ms]
2024-11-29 08:13:30.933 [info] > git show --textconv :openvidu-tutorials/openvidu-react/src/components/Elements/openvidu/UserVideoComponent.js [8ms]
2024-11-29 08:13:30.935 [info] > git ls-files --stage -- /home/ubuntu/Project-Agora/openvidu-tutorials/openvidu-react/src/components/Elements/openvidu/UserVideoComponent.js [3ms]
2024-11-29 08:13:30.941 [info] > git cat-file -s 954437630e52098b25f9dcea8131ba96b7bf2d2d [2ms]
2024-11-29 08:13:32.126 [info] > git log --format=%H%n%aN%n%aE%n%at%n%ct%n%P%n%D%n%B -z --shortstat --diff-merges=first-parent -n50 --skip=0 --topo-order --decorate=full --stdin [6487ms]
2024-11-29 08:13:32.874 [info] > git show --textconv :openvidu-tutorials/openvidu-react/src/stores/debateRoomStates.js [6ms]
2024-11-29 08:13:32.875 [info] > git ls-files --stage -- /home/ubuntu/Project-Agora/openvidu-tutorials/openvidu-react/src/stores/debateRoomStates.js [2ms]
2024-11-29 08:13:32.881 [info] > git cat-file -s ce33e74d2e8322b49a29791dc09e38b3fad9e964 [3ms]
2024-11-29 08:13:43.448 [info] > git show --textconv :openvidu-tutorials/openvidu-react/src/components/Elements/openvidu/OpenviduFinal.js [10ms]
2024-11-29 08:13:43.452 [info] > git ls-files --stage -- /home/ubuntu/Project-Agora/openvidu-tutorials/openvidu-react/src/components/Elements/openvidu/OpenviduFinal.js [5ms]
2024-11-29 08:13:43.484 [info] > git cat-file -s bc60b8ac9a6f6199a2bd51964688530359473541 [11ms]
2024-11-29 08:13:47.382 [info] > git show --textconv :openvidu-tutorials/openvidu-react/src/components/Elements/openvidu/OvVideo.js [6ms]
2024-11-29 08:13:47.383 [info] > git ls-files --stage -- /home/ubuntu/Project-Agora/openvidu-tutorials/openvidu-react/src/components/Elements/openvidu/OvVideo.js [2ms]
2024-11-29 08:13:47.387 [info] > git cat-file -s b98be027805a3f9f0ad2f12641a2c2bc0df12062 [1ms]
2024-11-29 08:13:52.868 [info] > git config --get commit.template [8ms]
2024-11-29 08:13:52.874 [info] > git for-each-ref --format=%(refname)%00%(upstream:short)%00%(objectname)%00%(upstream:track)%00%(upstream:remotename)%00%(upstream:remoteref) refs/heads/audio-final refs/remotes/audio-final [6ms]
2024-11-29 08:13:52.884 [info] > git status -z -uall [6ms]
2024-11-29 08:13:52.897 [info] > git for-each-ref --sort -committerdate --format %(refname) %(objectname) %(*objectname) [14ms]
2024-11-29 08:14:00.601 [info] > git config --get commit.template [6ms]
2024-11-29 08:14:00.602 [info] > git for-each-ref --format=%(refname)%00%(upstream:short)%00%(objectname)%00%(upstream:track)%00%(upstream:remotename)%00%(upstream:remoteref) refs/heads/audio-final refs/remotes/audio-final [2ms]
2024-11-29 08:14:00.615 [info] > git status -z -uall [9ms]
2024-11-29 08:14:00.619 [info] > git for-each-ref --sort -committerdate --format %(refname) %(objectname) %(*objectname) [6ms]
2024-11-29 08:14:00.724 [info] > git ls-files --stage -- /home/ubuntu/Project-Agora/openvidu-tutorials/openvidu-react/src/components/Elements/openvidu/OvVideo.js [7ms]
2024-11-29 08:14:00.732 [info] > git cat-file -s b98be027805a3f9f0ad2f12641a2c2bc0df12062 [5ms]
2024-11-29 08:14:00.754 [info] > git show --textconv :openvidu-tutorials/openvidu-react/src/components/Elements/openvidu/OvVideo.js [3ms]
2024-11-29 08:14:15.036 [info] > git fetch [974ms]
2024-11-29 08:14:15.036 [info] git@github.com: Permission denied (publickey).
fatal: Could not read from remote repository.

Please make sure you have the correct access rights
and the repository exists.
2024-11-29 08:14:15.050 [info] > git config --get commit.template [8ms]
2024-11-29 08:14:15.050 [info] > git for-each-ref --format=%(refname)%00%(upstream:short)%00%(objectname)%00%(upstream:track)%00%(upstream:remotename)%00%(upstream:remoteref) refs/heads/audio-final refs/remotes/audio-final [3ms]
2024-11-29 08:14:15.066 [info] > git status -z -uall [9ms]
2024-11-29 08:14:15.073 [info] > git for-each-ref --sort -committerdate --format %(refname) %(objectname) %(*objectname) [9ms]
2024-11-29 08:14:15.303 [info] > git ls-files --stage -- /home/ubuntu/Project-Agora/openvidu-tutorials/openvidu-react/src/components/Elements/openvidu/OvVideo.js [4ms]
2024-11-29 08:14:15.309 [info] > git cat-file -s b98be027805a3f9f0ad2f12641a2c2bc0df12062 [2ms]
2024-11-29 08:14:15.340 [info] > git show --textconv :openvidu-tutorials/openvidu-react/src/components/Elements/openvidu/OvVideo.js [3ms]
