2024-11-27 11:03:37.085 [info] [main] 로그 수준: Info
2024-11-27 11:03:37.085 [info] [main] "git"에서 찾은 git 유효성을 검사하는 중
2024-11-27 11:03:37.085 [info] [main] "2.43.0"에서 git "git"을(를) 사용하는 중
2024-11-27 11:03:37.085 [info] [Model][doInitialScan] Initial repository scan started
2024-11-27 11:03:37.085 [info] > git rev-parse --show-toplevel [183ms]
2024-11-27 11:03:37.085 [info] > git rev-parse --git-dir --git-common-dir [421ms]
2024-11-27 11:03:37.085 [info] [Model][openRepository] Opened repository: /home/ubuntu/Project-Agora
2024-11-27 11:03:37.085 [info] > git rev-parse --show-toplevel [174ms]
2024-11-27 11:03:37.085 [info] > git config --get commit.template [279ms]
2024-11-27 11:03:38.133 [info] > git for-each-ref --format=%(refname)%00%(upstream:short)%00%(objectname)%00%(upstream:track)%00%(upstream:remotename)%00%(upstream:remoteref) refs/heads/main refs/remotes/main [955ms]
2024-11-27 11:03:38.134 [info] > git rev-parse --show-toplevel [1052ms]
2024-11-27 11:03:38.168 [info] > git check-ignore -v -z --stdin [39ms]
2024-11-27 11:03:38.188 [info] > git rev-parse --show-toplevel [32ms]
2024-11-27 11:03:38.348 [info] > git status -z -uall [35ms]
2024-11-27 11:03:38.351 [info] > git rev-parse --show-toplevel [121ms]
2024-11-27 11:03:38.390 [info] > git fetch [1838ms]
2024-11-27 11:03:38.390 [info] Missing or invalid credentials.
Skip silent fetch commands
Missing or invalid credentials.
Skip silent fetch commands
remote: Repository not found.
fatal: Authentication failed for 'https://github.com/Domvy/Project-Agora.git/'
2024-11-27 11:03:38.397 [info] > git for-each-ref --sort -committerdate --format %(refname) %(objectname) %(*objectname) [66ms] (cancelled)
2024-11-27 11:03:38.505 [info] > git for-each-ref --format=%(refname)%00%(upstream:short)%00%(objectname)%00%(upstream:track)%00%(upstream:remotename)%00%(upstream:remoteref) refs/heads/main refs/remotes/main [88ms]
2024-11-27 11:03:38.530 [info] > git rev-parse --show-toplevel [161ms]
2024-11-27 11:03:38.549 [info] [Model][doInitialScan] Initial repository scan completed - repositories (1), closed repositories (0), parent repositories (0), unsafe repositories (0)
2024-11-27 11:03:38.610 [info] > git show --textconv :openvidu-tutorials/openvidu-react/src/components/Elements/openvidu/OpenviduFinal.js [42ms]
2024-11-27 11:03:38.620 [info] > git config --local branch.main.vscode-merge-base [90ms]
2024-11-27 11:03:38.642 [info] > git config --get commit.template [174ms]
2024-11-27 11:03:38.642 [info] > git config --get commit.template [190ms]
2024-11-27 11:03:38.657 [info] > git for-each-ref --format=%(refname)%00%(upstream:short)%00%(objectname)%00%(upstream:track)%00%(upstream:remotename)%00%(upstream:remoteref) refs/heads/origin/main refs/remotes/origin/main [18ms]
2024-11-27 11:03:38.669 [info] > git ls-files --stage -- /home/ubuntu/Project-Agora/openvidu-tutorials/openvidu-react/src/components/Elements/openvidu/OpenviduFinal.js [79ms]
2024-11-27 11:03:38.725 [info] > git merge-base refs/heads/main refs/remotes/origin/main [57ms]
2024-11-27 11:03:38.746 [info] > git for-each-ref --format=%(refname)%00%(upstream:short)%00%(objectname)%00%(upstream:track)%00%(upstream:remotename)%00%(upstream:remoteref) refs/heads/main refs/remotes/main [26ms]
2024-11-27 11:03:38.749 [info] > git for-each-ref --format=%(refname)%00%(upstream:short)%00%(objectname)%00%(upstream:track)%00%(upstream:remotename)%00%(upstream:remoteref) refs/heads/main refs/remotes/main [42ms]
2024-11-27 11:03:38.752 [info] > git cat-file -s 48d2fc1dd2a14c95b350d089b296d9cd379dcc37 [64ms]
2024-11-27 11:03:38.753 [info] > git diff --name-status -z --diff-filter=ADMR 5e9785bcd40817d5f30d5d2d0cc9eb92795a93ee...refs/remotes/origin/main [11ms]
2024-11-27 11:03:38.802 [info] > git status -z -uall [37ms]
2024-11-27 11:03:38.813 [info] > git for-each-ref --sort -committerdate --format %(refname) %(objectname) %(*objectname) [25ms]
2024-11-27 11:03:39.123 [info] > git check-ignore -v -z --stdin [9ms]
2024-11-27 11:17:04.171 [info] > git config --get commit.template [9ms]
2024-11-27 11:17:04.175 [info] > git for-each-ref --format=%(refname)%00%(upstream:short)%00%(objectname)%00%(upstream:track)%00%(upstream:remotename)%00%(upstream:remoteref) refs/heads/main refs/remotes/main [11ms]
2024-11-27 11:17:04.199 [info] > git status -z -uall [15ms]
2024-11-27 11:17:04.208 [info] > git for-each-ref --sort -committerdate --format %(refname) %(objectname) %(*objectname) [8ms]
2024-11-27 11:17:09.245 [info] > git config --get commit.template [10ms]
2024-11-27 11:17:09.271 [info] > git for-each-ref --format=%(refname)%00%(upstream:short)%00%(objectname)%00%(upstream:track)%00%(upstream:remotename)%00%(upstream:remoteref) refs/heads/main refs/remotes/main [9ms]
2024-11-27 11:17:09.304 [info] > git status -z -uall [24ms]
2024-11-27 11:17:09.314 [info] > git for-each-ref --sort -committerdate --format %(refname) %(objectname) %(*objectname) [13ms]
2024-11-27 11:17:17.833 [info] > git config --get commit.template [16ms]
2024-11-27 11:17:17.838 [info] > git for-each-ref --format=%(refname)%00%(upstream:short)%00%(objectname)%00%(upstream:track)%00%(upstream:remotename)%00%(upstream:remoteref) refs/heads/main refs/remotes/main [6ms]
2024-11-27 11:17:17.855 [info] > git status -z -uall [11ms]
2024-11-27 11:17:17.865 [info] > git for-each-ref --sort -committerdate --format %(refname) %(objectname) %(*objectname) [10ms]
2024-11-27 11:22:19.972 [info] > git config --get commit.template [27ms]
2024-11-27 11:22:19.994 [info] > git for-each-ref --format=%(refname)%00%(upstream:short)%00%(objectname)%00%(upstream:track)%00%(upstream:remotename)%00%(upstream:remoteref) refs/heads/main refs/remotes/main [23ms]
2024-11-27 11:22:20.056 [info] > git status -z -uall [31ms]
2024-11-27 11:22:20.063 [info] > git for-each-ref --sort -committerdate --format %(refname) %(objectname) %(*objectname) [17ms]
2024-11-27 11:22:25.141 [info] > git config --get commit.template [25ms]
2024-11-27 11:22:25.152 [info] > git for-each-ref --format=%(refname)%00%(upstream:short)%00%(objectname)%00%(upstream:track)%00%(upstream:remotename)%00%(upstream:remoteref) refs/heads/main refs/remotes/main [12ms]
2024-11-27 11:22:25.198 [info] > git status -z -uall [27ms]
2024-11-27 11:22:25.210 [info] > git for-each-ref --sort -committerdate --format %(refname) %(objectname) %(*objectname) [24ms]
2024-11-27 11:22:30.275 [info] > git config --get commit.template [27ms]
2024-11-27 11:22:30.281 [info] > git for-each-ref --format=%(refname)%00%(upstream:short)%00%(objectname)%00%(upstream:track)%00%(upstream:remotename)%00%(upstream:remoteref) refs/heads/main refs/remotes/main [10ms]
2024-11-27 11:22:30.338 [info] > git status -z -uall [24ms]
2024-11-27 11:22:30.360 [info] > git for-each-ref --sort -committerdate --format %(refname) %(objectname) %(*objectname) [25ms]
2024-11-27 11:22:35.400 [info] > git config --get commit.template [14ms]
2024-11-27 11:22:35.401 [info] > git for-each-ref --format=%(refname)%00%(upstream:short)%00%(objectname)%00%(upstream:track)%00%(upstream:remotename)%00%(upstream:remoteref) refs/heads/main refs/remotes/main [6ms]
2024-11-27 11:22:35.446 [info] > git status -z -uall [23ms]
2024-11-27 11:22:35.467 [info] > git for-each-ref --sort -committerdate --format %(refname) %(objectname) %(*objectname) [23ms]
2024-11-27 11:22:40.534 [info] > git config --get commit.template [31ms]
2024-11-27 11:22:40.538 [info] > git for-each-ref --format=%(refname)%00%(upstream:short)%00%(objectname)%00%(upstream:track)%00%(upstream:remotename)%00%(upstream:remoteref) refs/heads/main refs/remotes/main [6ms]
2024-11-27 11:22:40.578 [info] > git status -z -uall [31ms]
2024-11-27 11:22:40.586 [info] > git for-each-ref --sort -committerdate --format %(refname) %(objectname) %(*objectname) [14ms]
2024-11-27 11:22:45.613 [info] > git config --get commit.template [4ms]
2024-11-27 11:22:45.614 [info] > git for-each-ref --format=%(refname)%00%(upstream:short)%00%(objectname)%00%(upstream:track)%00%(upstream:remotename)%00%(upstream:remoteref) refs/heads/main refs/remotes/main [2ms]
2024-11-27 11:22:45.624 [info] > git status -z -uall [5ms]
2024-11-27 11:22:45.626 [info] > git for-each-ref --sort -committerdate --format %(refname) %(objectname) %(*objectname) [3ms]
2024-11-27 11:24:12.432 [info] > git config --get commit.template [15ms]
2024-11-27 11:24:12.433 [info] > git for-each-ref --format=%(refname)%00%(upstream:short)%00%(objectname)%00%(upstream:track)%00%(upstream:remotename)%00%(upstream:remoteref) refs/heads/main refs/remotes/main [8ms]
2024-11-27 11:24:12.476 [info] > git status -z -uall [25ms]
2024-11-27 11:24:12.522 [info] > git for-each-ref --sort -committerdate --format %(refname) %(objectname) %(*objectname) [49ms]
2024-11-27 11:24:20.595 [info] > git config --get commit.template [1ms]
2024-11-27 11:24:20.623 [info] > git for-each-ref --format=%(refname)%00%(upstream:short)%00%(objectname)%00%(upstream:track)%00%(upstream:remotename)%00%(upstream:remoteref) refs/heads/main refs/remotes/main [2ms]
2024-11-27 11:24:20.700 [info] > git status -z -uall [48ms]
2024-11-27 11:24:20.734 [info] > git for-each-ref --sort -committerdate --format %(refname) %(objectname) %(*objectname) [42ms]
2024-11-27 11:24:25.768 [info] > git config --get commit.template [5ms]
2024-11-27 11:24:25.791 [info] > git for-each-ref --format=%(refname)%00%(upstream:short)%00%(objectname)%00%(upstream:track)%00%(upstream:remotename)%00%(upstream:remoteref) refs/heads/main refs/remotes/main [12ms]
2024-11-27 11:24:25.818 [info] > git status -z -uall [14ms]
2024-11-27 11:24:25.823 [info] > git for-each-ref --sort -committerdate --format %(refname) %(objectname) %(*objectname) [9ms]
2024-11-27 11:24:30.893 [info] > git config --get commit.template [26ms]
2024-11-27 11:24:30.900 [info] > git for-each-ref --format=%(refname)%00%(upstream:short)%00%(objectname)%00%(upstream:track)%00%(upstream:remotename)%00%(upstream:remoteref) refs/heads/main refs/remotes/main [15ms]
2024-11-27 11:24:30.942 [info] > git status -z -uall [20ms]
2024-11-27 11:24:30.960 [info] > git for-each-ref --sort -committerdate --format %(refname) %(objectname) %(*objectname) [28ms]
2024-11-27 11:24:36.025 [info] > git config --get commit.template [29ms]
2024-11-27 11:24:36.029 [info] > git for-each-ref --format=%(refname)%00%(upstream:short)%00%(objectname)%00%(upstream:track)%00%(upstream:remotename)%00%(upstream:remoteref) refs/heads/main refs/remotes/main [4ms]
2024-11-27 11:24:36.078 [info] > git status -z -uall [30ms]
2024-11-27 11:24:36.093 [info] > git for-each-ref --sort -committerdate --format %(refname) %(objectname) %(*objectname) [17ms]
2024-11-27 11:24:41.156 [info] > git config --get commit.template [19ms]
2024-11-27 11:24:41.169 [info] > git for-each-ref --format=%(refname)%00%(upstream:short)%00%(objectname)%00%(upstream:track)%00%(upstream:remotename)%00%(upstream:remoteref) refs/heads/main refs/remotes/main [16ms]
2024-11-27 11:24:41.219 [info] > git status -z -uall [30ms]
2024-11-27 11:24:41.225 [info] > git for-each-ref --sort -committerdate --format %(refname) %(objectname) %(*objectname) [18ms]
2024-11-27 11:25:02.495 [info] > git config --get commit.template [13ms]
2024-11-27 11:25:02.502 [info] > git for-each-ref --format=%(refname)%00%(upstream:short)%00%(objectname)%00%(upstream:track)%00%(upstream:remotename)%00%(upstream:remoteref) refs/heads/main refs/remotes/main [12ms]
2024-11-27 11:25:02.531 [info] > git status -z -uall [12ms]
2024-11-27 11:25:02.535 [info] > git for-each-ref --sort -committerdate --format %(refname) %(objectname) %(*objectname) [4ms]
2024-11-27 11:25:26.022 [info] > git config --get commit.template [7ms]
2024-11-27 11:25:26.034 [info] > git for-each-ref --format=%(refname)%00%(upstream:short)%00%(objectname)%00%(upstream:track)%00%(upstream:remotename)%00%(upstream:remoteref) refs/heads/main refs/remotes/main [3ms]
2024-11-27 11:25:26.087 [info] > git status -z -uall [37ms]
2024-11-27 11:25:26.092 [info] > git for-each-ref --sort -committerdate --format %(refname) %(objectname) %(*objectname) [14ms]
2024-11-27 11:25:36.881 [info] > git config --get commit.template [9ms]
2024-11-27 11:25:36.882 [info] > git for-each-ref --format=%(refname)%00%(upstream:short)%00%(objectname)%00%(upstream:track)%00%(upstream:remotename)%00%(upstream:remoteref) refs/heads/main refs/remotes/main [7ms]
2024-11-27 11:25:36.912 [info] > git status -z -uall [19ms]
2024-11-27 11:25:36.919 [info] > git for-each-ref --sort -committerdate --format %(refname) %(objectname) %(*objectname) [11ms]
2024-11-27 11:27:00.464 [info] > git config --get commit.template [2ms]
2024-11-27 11:27:00.474 [info] > git for-each-ref --format=%(refname)%00%(upstream:short)%00%(objectname)%00%(upstream:track)%00%(upstream:remotename)%00%(upstream:remoteref) refs/heads/main refs/remotes/main [4ms]
2024-11-27 11:27:00.495 [info] > git status -z -uall [14ms]
2024-11-27 11:27:00.502 [info] > git for-each-ref --sort -committerdate --format %(refname) %(objectname) %(*objectname) [11ms]
2024-11-27 11:36:47.282 [info] > git config --get commit.template [10ms]
2024-11-27 11:36:47.288 [info] > git for-each-ref --format=%(refname)%00%(upstream:short)%00%(objectname)%00%(upstream:track)%00%(upstream:remotename)%00%(upstream:remoteref) refs/heads/main refs/remotes/main [8ms]
2024-11-27 11:36:47.312 [info] > git status -z -uall [16ms]
2024-11-27 11:36:47.317 [info] > git for-each-ref --sort -committerdate --format %(refname) %(objectname) %(*objectname) [6ms]
2024-11-27 11:36:54.209 [info] > git config --get commit.template [10ms]
2024-11-27 11:36:54.211 [info] > git for-each-ref --format=%(refname)%00%(upstream:short)%00%(objectname)%00%(upstream:track)%00%(upstream:remotename)%00%(upstream:remoteref) refs/heads/main refs/remotes/main [3ms]
2024-11-27 11:36:54.231 [info] > git status -z -uall [9ms]
2024-11-27 11:36:54.238 [info] > git for-each-ref --sort -committerdate --format %(refname) %(objectname) %(*objectname) [8ms]
2024-11-27 11:37:09.592 [info] > git config --get commit.template [17ms]
2024-11-27 11:37:09.638 [info] > git for-each-ref --format=%(refname)%00%(upstream:short)%00%(objectname)%00%(upstream:track)%00%(upstream:remotename)%00%(upstream:remoteref) refs/heads/main refs/remotes/main [5ms]
2024-11-27 11:37:09.714 [info] > git status -z -uall [55ms]
2024-11-27 11:37:09.743 [info] > git for-each-ref --sort -committerdate --format %(refname) %(objectname) %(*objectname) [43ms]
2024-11-27 11:37:14.763 [info] > git config --get commit.template [11ms]
2024-11-27 11:37:14.767 [info] > git for-each-ref --format=%(refname)%00%(upstream:short)%00%(objectname)%00%(upstream:track)%00%(upstream:remotename)%00%(upstream:remoteref) refs/heads/main refs/remotes/main [4ms]
2024-11-27 11:37:14.784 [info] > git status -z -uall [9ms]
2024-11-27 11:37:14.788 [info] > git for-each-ref --sort -committerdate --format %(refname) %(objectname) %(*objectname) [5ms]
2024-11-27 11:37:22.499 [info] > git config --get commit.template [7ms]
2024-11-27 11:37:22.503 [info] > git for-each-ref --format=%(refname)%00%(upstream:short)%00%(objectname)%00%(upstream:track)%00%(upstream:remotename)%00%(upstream:remoteref) refs/heads/main refs/remotes/main [5ms]
2024-11-27 11:37:22.521 [info] > git status -z -uall [13ms]
2024-11-27 11:37:22.524 [info] > git for-each-ref --sort -committerdate --format %(refname) %(objectname) %(*objectname) [4ms]
2024-11-27 11:40:57.475 [info] > git config --get commit.template [13ms]
2024-11-27 11:40:57.484 [info] > git for-each-ref --format=%(refname)%00%(upstream:short)%00%(objectname)%00%(upstream:track)%00%(upstream:remotename)%00%(upstream:remoteref) refs/heads/main refs/remotes/main [8ms]
2024-11-27 11:40:57.516 [info] > git status -z -uall [15ms]
2024-11-27 11:40:57.519 [info] > git for-each-ref --sort -committerdate --format %(refname) %(objectname) %(*objectname) [5ms]
2024-11-27 11:41:12.647 [info] > git config --get commit.template [18ms]
2024-11-27 11:41:12.659 [info] > git for-each-ref --format=%(refname)%00%(upstream:short)%00%(objectname)%00%(upstream:track)%00%(upstream:remotename)%00%(upstream:remoteref) refs/heads/main refs/remotes/main [12ms]
2024-11-27 11:41:12.709 [info] > git status -z -uall [28ms]
2024-11-27 11:41:12.720 [info] > git for-each-ref --sort -committerdate --format %(refname) %(objectname) %(*objectname) [11ms]
2024-11-27 11:41:17.769 [info] > git config --get commit.template [17ms]
2024-11-27 11:41:17.777 [info] > git for-each-ref --format=%(refname)%00%(upstream:short)%00%(objectname)%00%(upstream:track)%00%(upstream:remotename)%00%(upstream:remoteref) refs/heads/main refs/remotes/main [13ms]
2024-11-27 11:41:17.814 [info] > git status -z -uall [21ms]
2024-11-27 11:41:17.834 [info] > git for-each-ref --sort -committerdate --format %(refname) %(objectname) %(*objectname) [25ms]
2024-11-27 11:41:22.853 [info] > git config --get commit.template [5ms]
2024-11-27 11:41:22.854 [info] > git for-each-ref --format=%(refname)%00%(upstream:short)%00%(objectname)%00%(upstream:track)%00%(upstream:remotename)%00%(upstream:remoteref) refs/heads/main refs/remotes/main [2ms]
2024-11-27 11:41:22.864 [info] > git status -z -uall [6ms]
2024-11-27 11:41:22.866 [info] > git for-each-ref --sort -committerdate --format %(refname) %(objectname) %(*objectname) [2ms]
2024-11-27 11:41:27.923 [info] > git config --get commit.template [8ms]
2024-11-27 11:41:27.968 [info] > git for-each-ref --format=%(refname)%00%(upstream:short)%00%(objectname)%00%(upstream:track)%00%(upstream:remotename)%00%(upstream:remoteref) refs/heads/main refs/remotes/main [24ms]
2024-11-27 11:41:28.049 [info] > git status -z -uall [56ms]
2024-11-27 11:41:28.055 [info] > git for-each-ref --sort -committerdate --format %(refname) %(objectname) %(*objectname) [31ms]
2024-11-27 11:41:33.101 [info] > git config --get commit.template [12ms]
2024-11-27 11:41:33.118 [info] > git for-each-ref --format=%(refname)%00%(upstream:short)%00%(objectname)%00%(upstream:track)%00%(upstream:remotename)%00%(upstream:remoteref) refs/heads/main refs/remotes/main [18ms]
2024-11-27 11:41:33.157 [info] > git status -z -uall [23ms]
2024-11-27 11:41:33.169 [info] > git for-each-ref --sort -committerdate --format %(refname) %(objectname) %(*objectname) [13ms]
2024-11-27 11:41:43.937 [info] > git config --get commit.template [4ms]
2024-11-27 11:41:43.947 [info] > git for-each-ref --format=%(refname)%00%(upstream:short)%00%(objectname)%00%(upstream:track)%00%(upstream:remotename)%00%(upstream:remoteref) refs/heads/main refs/remotes/main [4ms]
2024-11-27 11:41:43.973 [info] > git status -z -uall [14ms]
2024-11-27 11:41:43.978 [info] > git for-each-ref --sort -committerdate --format %(refname) %(objectname) %(*objectname) [6ms]
2024-11-27 11:45:41.079 [info] > git config --get commit.template [9ms]
2024-11-27 11:45:41.079 [info] > git for-each-ref --format=%(refname)%00%(upstream:short)%00%(objectname)%00%(upstream:track)%00%(upstream:remotename)%00%(upstream:remoteref) refs/heads/main refs/remotes/main [4ms]
2024-11-27 11:45:41.094 [info] > git status -z -uall [8ms]
2024-11-27 11:45:41.101 [info] > git for-each-ref --sort -committerdate --format %(refname) %(objectname) %(*objectname) [6ms]
2024-11-27 11:45:46.133 [info] > git config --get commit.template [19ms]
2024-11-27 11:45:46.138 [info] > git for-each-ref --format=%(refname)%00%(upstream:short)%00%(objectname)%00%(upstream:track)%00%(upstream:remotename)%00%(upstream:remoteref) refs/heads/main refs/remotes/main [11ms]
2024-11-27 11:45:46.159 [info] > git status -z -uall [10ms]
2024-11-27 11:45:46.165 [info] > git for-each-ref --sort -committerdate --format %(refname) %(objectname) %(*objectname) [7ms]
2024-11-27 11:45:56.485 [info] > git config --get commit.template [6ms]
2024-11-27 11:45:56.487 [info] > git for-each-ref --format=%(refname)%00%(upstream:short)%00%(objectname)%00%(upstream:track)%00%(upstream:remotename)%00%(upstream:remoteref) refs/heads/main refs/remotes/main [3ms]
2024-11-27 11:45:56.499 [info] > git status -z -uall [8ms]
2024-11-27 11:45:56.503 [info] > git for-each-ref --sort -committerdate --format %(refname) %(objectname) %(*objectname) [4ms]
2024-11-27 11:47:02.991 [info] > git config --get commit.template [14ms]
2024-11-27 11:47:03.006 [info] > git for-each-ref --format=%(refname)%00%(upstream:short)%00%(objectname)%00%(upstream:track)%00%(upstream:remotename)%00%(upstream:remoteref) refs/heads/main refs/remotes/main [16ms]
2024-11-27 11:47:03.037 [info] > git status -z -uall [18ms]
2024-11-27 11:47:03.043 [info] > git for-each-ref --sort -committerdate --format %(refname) %(objectname) %(*objectname) [5ms]
2024-11-27 11:47:25.901 [info] > git config --get commit.template [8ms]
2024-11-27 11:47:25.904 [info] > git for-each-ref --format=%(refname)%00%(upstream:short)%00%(objectname)%00%(upstream:track)%00%(upstream:remotename)%00%(upstream:remoteref) refs/heads/main refs/remotes/main [4ms]
2024-11-27 11:47:25.928 [info] > git status -z -uall [18ms]
2024-11-27 11:47:25.938 [info] > git for-each-ref --sort -committerdate --format %(refname) %(objectname) %(*objectname) [10ms]
2024-11-27 11:49:36.656 [info] > git config --get commit.template [32ms]
2024-11-27 11:49:36.687 [info] > git for-each-ref --format=%(refname)%00%(upstream:short)%00%(objectname)%00%(upstream:track)%00%(upstream:remotename)%00%(upstream:remoteref) refs/heads/main refs/remotes/main [10ms]
2024-11-27 11:49:36.759 [info] > git status -z -uall [42ms]
2024-11-27 11:49:36.761 [info] > git for-each-ref --sort -committerdate --format %(refname) %(objectname) %(*objectname) [31ms]
2024-11-27 11:50:24.806 [info] > git config --get commit.template [14ms]
2024-11-27 11:50:24.825 [info] > git for-each-ref --format=%(refname)%00%(upstream:short)%00%(objectname)%00%(upstream:track)%00%(upstream:remotename)%00%(upstream:remoteref) refs/heads/main refs/remotes/main [22ms]
2024-11-27 11:50:24.853 [info] > git status -z -uall [15ms]
2024-11-27 11:50:24.856 [info] > git for-each-ref --sort -committerdate --format %(refname) %(objectname) %(*objectname) [9ms]
2024-11-27 11:50:29.875 [info] > git config --get commit.template [5ms]
2024-11-27 11:50:29.897 [info] > git for-each-ref --format=%(refname)%00%(upstream:short)%00%(objectname)%00%(upstream:track)%00%(upstream:remotename)%00%(upstream:remoteref) refs/heads/main refs/remotes/main [12ms]
2024-11-27 11:50:29.921 [info] > git for-each-ref --sort -committerdate --format %(refname) %(objectname) %(*objectname) [4ms]
2024-11-27 11:50:29.924 [info] > git status -z -uall [15ms]
2024-11-27 11:50:34.939 [info] > git config --get commit.template [7ms]
2024-11-27 11:50:34.941 [info] > git for-each-ref --format=%(refname)%00%(upstream:short)%00%(objectname)%00%(upstream:track)%00%(upstream:remotename)%00%(upstream:remoteref) refs/heads/main refs/remotes/main [3ms]
2024-11-27 11:50:34.955 [info] > git status -z -uall [8ms]
2024-11-27 11:50:34.958 [info] > git for-each-ref --sort -committerdate --format %(refname) %(objectname) %(*objectname) [3ms]
2024-11-27 11:50:57.241 [info] > git config --get commit.template [14ms]
2024-11-27 11:50:57.244 [info] > git for-each-ref --format=%(refname)%00%(upstream:short)%00%(objectname)%00%(upstream:track)%00%(upstream:remotename)%00%(upstream:remoteref) refs/heads/main refs/remotes/main [3ms]
2024-11-27 11:50:57.267 [info] > git status -z -uall [14ms]
2024-11-27 11:50:57.283 [info] > git for-each-ref --sort -committerdate --format %(refname) %(objectname) %(*objectname) [17ms]
2024-11-27 11:51:07.722 [info] > git config --get commit.template [8ms]
2024-11-27 11:51:07.753 [info] > git for-each-ref --format=%(refname)%00%(upstream:short)%00%(objectname)%00%(upstream:track)%00%(upstream:remotename)%00%(upstream:remoteref) refs/heads/main refs/remotes/main [10ms]
2024-11-27 11:51:07.785 [info] > git status -z -uall [20ms]
2024-11-27 11:51:07.803 [info] > git for-each-ref --sort -committerdate --format %(refname) %(objectname) %(*objectname) [19ms]
2024-11-27 11:51:23.719 [info] > git config --get commit.template [4ms]
2024-11-27 11:51:23.732 [info] > git for-each-ref --format=%(refname)%00%(upstream:short)%00%(objectname)%00%(upstream:track)%00%(upstream:remotename)%00%(upstream:remoteref) refs/heads/main refs/remotes/main [6ms]
2024-11-27 11:51:23.756 [info] > git status -z -uall [17ms]
2024-11-27 11:51:23.762 [info] > git for-each-ref --sort -committerdate --format %(refname) %(objectname) %(*objectname) [11ms]
2024-11-27 11:51:29.176 [info] > git config --get commit.template [6ms]
2024-11-27 11:51:29.197 [info] > git for-each-ref --format=%(refname)%00%(upstream:short)%00%(objectname)%00%(upstream:track)%00%(upstream:remotename)%00%(upstream:remoteref) refs/heads/main refs/remotes/main [24ms]
2024-11-27 11:51:29.228 [info] > git status -z -uall [20ms]
2024-11-27 11:51:29.243 [info] > git for-each-ref --sort -committerdate --format %(refname) %(objectname) %(*objectname) [16ms]
2024-11-27 11:51:34.280 [info] > git config --get commit.template [5ms]
2024-11-27 11:51:34.309 [info] > git for-each-ref --format=%(refname)%00%(upstream:short)%00%(objectname)%00%(upstream:track)%00%(upstream:remotename)%00%(upstream:remoteref) refs/heads/main refs/remotes/main [15ms]
2024-11-27 11:51:34.352 [info] > git status -z -uall [23ms]
2024-11-27 11:51:34.372 [info] > git for-each-ref --sort -committerdate --format %(refname) %(objectname) %(*objectname) [21ms]
2024-11-27 11:51:39.406 [info] > git config --get commit.template [18ms]
2024-11-27 11:51:39.411 [info] > git for-each-ref --format=%(refname)%00%(upstream:short)%00%(objectname)%00%(upstream:track)%00%(upstream:remotename)%00%(upstream:remoteref) refs/heads/main refs/remotes/main [6ms]
2024-11-27 11:51:39.428 [info] > git status -z -uall [12ms]
2024-11-27 11:51:39.434 [info] > git for-each-ref --sort -committerdate --format %(refname) %(objectname) %(*objectname) [7ms]
2024-11-27 11:51:44.449 [info] > git config --get commit.template [4ms]
2024-11-27 11:51:44.462 [info] > git for-each-ref --format=%(refname)%00%(upstream:short)%00%(objectname)%00%(upstream:track)%00%(upstream:remotename)%00%(upstream:remoteref) refs/heads/main refs/remotes/main [4ms]
2024-11-27 11:51:44.480 [info] > git status -z -uall [12ms]
2024-11-27 11:51:44.486 [info] > git for-each-ref --sort -committerdate --format %(refname) %(objectname) %(*objectname) [7ms]
2024-11-27 11:51:57.033 [info] > git config --get commit.template [5ms]
2024-11-27 11:51:57.034 [info] > git for-each-ref --format=%(refname)%00%(upstream:short)%00%(objectname)%00%(upstream:track)%00%(upstream:remotename)%00%(upstream:remoteref) refs/heads/main refs/remotes/main [2ms]
2024-11-27 11:51:57.045 [info] > git status -z -uall [7ms]
2024-11-27 11:51:57.048 [info] > git for-each-ref --sort -committerdate --format %(refname) %(objectname) %(*objectname) [4ms]
2024-11-27 11:52:02.080 [info] > git config --get commit.template [4ms]
2024-11-27 11:52:02.097 [info] > git for-each-ref --format=%(refname)%00%(upstream:short)%00%(objectname)%00%(upstream:track)%00%(upstream:remotename)%00%(upstream:remoteref) refs/heads/main refs/remotes/main [1ms]
2024-11-27 11:52:02.131 [info] > git status -z -uall [18ms]
2024-11-27 11:52:02.139 [info] > git for-each-ref --sort -committerdate --format %(refname) %(objectname) %(*objectname) [11ms]
2024-11-27 11:52:33.145 [info] > git config --get commit.template [1ms]
2024-11-27 11:52:33.157 [info] > git for-each-ref --format=%(refname)%00%(upstream:short)%00%(objectname)%00%(upstream:track)%00%(upstream:remotename)%00%(upstream:remoteref) refs/heads/main refs/remotes/main [3ms]
2024-11-27 11:52:33.178 [info] > git status -z -uall [13ms]
2024-11-27 11:52:33.182 [info] > git for-each-ref --sort -committerdate --format %(refname) %(objectname) %(*objectname) [10ms]
2024-11-27 11:54:20.498 [info] > git config --get commit.template [40ms]
2024-11-27 11:54:20.511 [info] > git for-each-ref --format=%(refname)%00%(upstream:short)%00%(objectname)%00%(upstream:track)%00%(upstream:remotename)%00%(upstream:remoteref) refs/heads/main refs/remotes/main [15ms]
2024-11-27 11:54:20.547 [info] > git status -z -uall [16ms]
2024-11-27 11:54:20.568 [info] > git for-each-ref --sort -committerdate --format %(refname) %(objectname) %(*objectname) [22ms]
2024-11-27 11:54:25.585 [info] > git config --get commit.template [5ms]
2024-11-27 11:54:25.607 [info] > git for-each-ref --format=%(refname)%00%(upstream:short)%00%(objectname)%00%(upstream:track)%00%(upstream:remotename)%00%(upstream:remoteref) refs/heads/main refs/remotes/main [9ms]
2024-11-27 11:54:25.646 [info] > git status -z -uall [18ms]
2024-11-27 11:54:25.658 [info] > git for-each-ref --sort -committerdate --format %(refname) %(objectname) %(*objectname) [16ms]
2024-11-27 11:54:35.648 [info] > git config --get commit.template [4ms]
2024-11-27 11:54:35.649 [info] > git for-each-ref --format=%(refname)%00%(upstream:short)%00%(objectname)%00%(upstream:track)%00%(upstream:remotename)%00%(upstream:remoteref) refs/heads/main refs/remotes/main [3ms]
2024-11-27 11:54:35.661 [info] > git status -z -uall [7ms]
2024-11-27 11:54:35.664 [info] > git for-each-ref --sort -committerdate --format %(refname) %(objectname) %(*objectname) [3ms]
2024-11-27 11:55:09.885 [info] > git config --get commit.template [2ms]
2024-11-27 11:55:09.897 [info] > git for-each-ref --format=%(refname)%00%(upstream:short)%00%(objectname)%00%(upstream:track)%00%(upstream:remotename)%00%(upstream:remoteref) refs/heads/main refs/remotes/main [6ms]
2024-11-27 11:55:09.925 [info] > git status -z -uall [18ms]
2024-11-27 11:55:09.932 [info] > git for-each-ref --sort -committerdate --format %(refname) %(objectname) %(*objectname) [9ms]
2024-11-27 11:55:23.073 [info] > git config --get commit.template [19ms]
2024-11-27 11:55:23.080 [info] > git for-each-ref --format=%(refname)%00%(upstream:short)%00%(objectname)%00%(upstream:track)%00%(upstream:remotename)%00%(upstream:remoteref) refs/heads/main refs/remotes/main [8ms]
2024-11-27 11:55:23.114 [info] > git status -z -uall [18ms]
2024-11-27 11:55:23.125 [info] > git for-each-ref --sort -committerdate --format %(refname) %(objectname) %(*objectname) [19ms]
2024-11-27 11:55:28.177 [info] > git config --get commit.template [8ms]
2024-11-27 11:55:28.213 [info] > git for-each-ref --format=%(refname)%00%(upstream:short)%00%(objectname)%00%(upstream:track)%00%(upstream:remotename)%00%(upstream:remoteref) refs/heads/main refs/remotes/main [18ms]
2024-11-27 11:55:28.275 [info] > git status -z -uall [37ms]
2024-11-27 11:55:28.302 [info] > git for-each-ref --sort -committerdate --format %(refname) %(objectname) %(*objectname) [28ms]
2024-11-27 11:55:33.507 [info] > git config --get commit.template [167ms]
2024-11-27 11:55:33.530 [info] > git for-each-ref --format=%(refname)%00%(upstream:short)%00%(objectname)%00%(upstream:track)%00%(upstream:remotename)%00%(upstream:remoteref) refs/heads/main refs/remotes/main [4ms]
2024-11-27 11:55:33.547 [info] > git status -z -uall [6ms]
2024-11-27 11:55:33.550 [info] > git for-each-ref --sort -committerdate --format %(refname) %(objectname) %(*objectname) [5ms]
2024-11-27 11:55:38.563 [info] > git config --get commit.template [5ms]
2024-11-27 11:55:38.564 [info] > git for-each-ref --format=%(refname)%00%(upstream:short)%00%(objectname)%00%(upstream:track)%00%(upstream:remotename)%00%(upstream:remoteref) refs/heads/main refs/remotes/main [2ms]
2024-11-27 11:55:38.575 [info] > git status -z -uall [7ms]
2024-11-27 11:55:38.577 [info] > git for-each-ref --sort -committerdate --format %(refname) %(objectname) %(*objectname) [4ms]
2024-11-27 11:56:04.339 [info] > git config --get commit.template [9ms]
2024-11-27 11:56:04.341 [info] > git for-each-ref --format=%(refname)%00%(upstream:short)%00%(objectname)%00%(upstream:track)%00%(upstream:remotename)%00%(upstream:remoteref) refs/heads/main refs/remotes/main [3ms]
2024-11-27 11:56:04.364 [info] > git status -z -uall [16ms]
2024-11-27 11:56:04.366 [info] > git for-each-ref --sort -committerdate --format %(refname) %(objectname) %(*objectname) [8ms]
2024-11-27 11:57:02.812 [info] > git config --get commit.template [7ms]
2024-11-27 11:57:02.838 [info] > git for-each-ref --format=%(refname)%00%(upstream:short)%00%(objectname)%00%(upstream:track)%00%(upstream:remotename)%00%(upstream:remoteref) refs/heads/main refs/remotes/main [10ms]
2024-11-27 11:57:02.863 [info] > git status -z -uall [13ms]
2024-11-27 11:57:02.867 [info] > git for-each-ref --sort -committerdate --format %(refname) %(objectname) %(*objectname) [5ms]
2024-11-27 11:57:07.889 [info] > git config --get commit.template [4ms]
2024-11-27 11:57:07.899 [info] > git for-each-ref --format=%(refname)%00%(upstream:short)%00%(objectname)%00%(upstream:track)%00%(upstream:remotename)%00%(upstream:remoteref) refs/heads/main refs/remotes/main [4ms]
2024-11-27 11:57:07.916 [info] > git status -z -uall [12ms]
2024-11-27 11:57:07.920 [info] > git for-each-ref --sort -committerdate --format %(refname) %(objectname) %(*objectname) [7ms]
2024-11-27 11:57:43.637 [info] > git config --get commit.template [5ms]
2024-11-27 11:57:43.648 [info] > git for-each-ref --format=%(refname)%00%(upstream:short)%00%(objectname)%00%(upstream:track)%00%(upstream:remotename)%00%(upstream:remoteref) refs/heads/main refs/remotes/main [3ms]
2024-11-27 11:57:43.670 [info] > git status -z -uall [11ms]
2024-11-27 11:57:43.677 [info] > git for-each-ref --sort -committerdate --format %(refname) %(objectname) %(*objectname) [8ms]
2024-11-27 11:58:21.010 [info] > git config --get commit.template [1ms]
2024-11-27 11:58:21.048 [info] > git for-each-ref --format=%(refname)%00%(upstream:short)%00%(objectname)%00%(upstream:track)%00%(upstream:remotename)%00%(upstream:remoteref) refs/heads/main refs/remotes/main [12ms]
2024-11-27 11:58:21.085 [info] > git status -z -uall [23ms]
2024-11-27 11:58:21.098 [info] > git for-each-ref --sort -committerdate --format %(refname) %(objectname) %(*objectname) [13ms]
2024-11-27 12:00:07.247 [info] > git config --get commit.template [18ms]
2024-11-27 12:00:07.257 [info] > git for-each-ref --format=%(refname)%00%(upstream:short)%00%(objectname)%00%(upstream:track)%00%(upstream:remotename)%00%(upstream:remoteref) refs/heads/main refs/remotes/main [10ms]
2024-11-27 12:00:07.292 [info] > git status -z -uall [19ms]
2024-11-27 12:00:07.304 [info] > git for-each-ref --sort -committerdate --format %(refname) %(objectname) %(*objectname) [16ms]
2024-11-27 12:00:34.558 [info] > git config --get commit.template [1ms]
2024-11-27 12:00:34.573 [info] > git for-each-ref --format=%(refname)%00%(upstream:short)%00%(objectname)%00%(upstream:track)%00%(upstream:remotename)%00%(upstream:remoteref) refs/heads/main refs/remotes/main [4ms]
2024-11-27 12:00:34.587 [info] > git status -z -uall [9ms]
2024-11-27 12:00:34.593 [info] > git for-each-ref --sort -committerdate --format %(refname) %(objectname) %(*objectname) [6ms]
2024-11-27 12:01:36.030 [info] > git config --get commit.template [9ms]
2024-11-27 12:01:36.034 [info] > git for-each-ref --format=%(refname)%00%(upstream:short)%00%(objectname)%00%(upstream:track)%00%(upstream:remotename)%00%(upstream:remoteref) refs/heads/main refs/remotes/main [3ms]
2024-11-27 12:01:36.045 [info] > git status -z -uall [7ms]
2024-11-27 12:01:36.050 [info] > git for-each-ref --sort -committerdate --format %(refname) %(objectname) %(*objectname) [5ms]
2024-11-27 12:01:41.061 [info] > git config --get commit.template [4ms]
2024-11-27 12:01:41.062 [info] > git for-each-ref --format=%(refname)%00%(upstream:short)%00%(objectname)%00%(upstream:track)%00%(upstream:remotename)%00%(upstream:remoteref) refs/heads/main refs/remotes/main [2ms]
2024-11-27 12:01:41.071 [info] > git status -z -uall [6ms]
2024-11-27 12:01:41.074 [info] > git for-each-ref --sort -committerdate --format %(refname) %(objectname) %(*objectname) [4ms]
2024-11-27 12:02:22.870 [info] > git config --get commit.template [11ms]
2024-11-27 12:02:22.902 [info] > git for-each-ref --format=%(refname)%00%(upstream:short)%00%(objectname)%00%(upstream:track)%00%(upstream:remotename)%00%(upstream:remoteref) refs/heads/main refs/remotes/main [14ms]
2024-11-27 12:02:22.957 [info] > git status -z -uall [27ms]
2024-11-27 12:02:22.965 [info] > git for-each-ref --sort -committerdate --format %(refname) %(objectname) %(*objectname) [9ms]
2024-11-27 12:02:27.990 [info] > git config --get commit.template [10ms]
2024-11-27 12:02:27.995 [info] > git for-each-ref --format=%(refname)%00%(upstream:short)%00%(objectname)%00%(upstream:track)%00%(upstream:remotename)%00%(upstream:remoteref) refs/heads/main refs/remotes/main [8ms]
2024-11-27 12:02:28.015 [info] > git status -z -uall [10ms]
2024-11-27 12:02:28.022 [info] > git for-each-ref --sort -committerdate --format %(refname) %(objectname) %(*objectname) [9ms]
2024-11-27 12:02:33.053 [info] > git config --get commit.template [14ms]
2024-11-27 12:02:33.058 [info] > git for-each-ref --format=%(refname)%00%(upstream:short)%00%(objectname)%00%(upstream:track)%00%(upstream:remotename)%00%(upstream:remoteref) refs/heads/main refs/remotes/main [9ms]
2024-11-27 12:02:33.086 [info] > git status -z -uall [11ms]
2024-11-27 12:02:33.095 [info] > git for-each-ref --sort -committerdate --format %(refname) %(objectname) %(*objectname) [10ms]
2024-11-27 12:02:38.155 [info] > git config --get commit.template [9ms]
2024-11-27 12:02:38.195 [info] > git for-each-ref --format=%(refname)%00%(upstream:short)%00%(objectname)%00%(upstream:track)%00%(upstream:remotename)%00%(upstream:remoteref) refs/heads/main refs/remotes/main [8ms]
2024-11-27 12:02:38.241 [info] > git status -z -uall [25ms]
2024-11-27 12:02:38.249 [info] > git for-each-ref --sort -committerdate --format %(refname) %(objectname) %(*objectname) [9ms]
2024-11-27 12:02:45.778 [info] > git config --get commit.template [6ms]
2024-11-27 12:02:45.779 [info] > git for-each-ref --format=%(refname)%00%(upstream:short)%00%(objectname)%00%(upstream:track)%00%(upstream:remotename)%00%(upstream:remoteref) refs/heads/main refs/remotes/main [2ms]
2024-11-27 12:02:45.793 [info] > git status -z -uall [8ms]
2024-11-27 12:02:45.797 [info] > git for-each-ref --sort -committerdate --format %(refname) %(objectname) %(*objectname) [5ms]
2024-11-27 12:02:50.823 [info] > git config --get commit.template [1ms]
2024-11-27 12:02:50.839 [info] > git for-each-ref --format=%(refname)%00%(upstream:short)%00%(objectname)%00%(upstream:track)%00%(upstream:remotename)%00%(upstream:remoteref) refs/heads/main refs/remotes/main [7ms]
2024-11-27 12:02:50.876 [info] > git status -z -uall [19ms]
2024-11-27 12:02:50.884 [info] > git for-each-ref --sort -committerdate --format %(refname) %(objectname) %(*objectname) [15ms]
2024-11-27 12:02:55.912 [info] > git config --get commit.template [2ms]
2024-11-27 12:02:55.920 [info] > git for-each-ref --format=%(refname)%00%(upstream:short)%00%(objectname)%00%(upstream:track)%00%(upstream:remotename)%00%(upstream:remoteref) refs/heads/main refs/remotes/main [3ms]
2024-11-27 12:02:55.938 [info] > git status -z -uall [13ms]
2024-11-27 12:02:55.944 [info] > git for-each-ref --sort -committerdate --format %(refname) %(objectname) %(*objectname) [9ms]
2024-11-27 12:03:18.005 [info] > git config --get commit.template [8ms]
2024-11-27 12:03:18.010 [info] > git for-each-ref --format=%(refname)%00%(upstream:short)%00%(objectname)%00%(upstream:track)%00%(upstream:remotename)%00%(upstream:remoteref) refs/heads/main refs/remotes/main [5ms]
2024-11-27 12:03:18.032 [info] > git status -z -uall [14ms]
2024-11-27 12:03:18.036 [info] > git for-each-ref --sort -committerdate --format %(refname) %(objectname) %(*objectname) [5ms]
2024-11-27 12:04:56.930 [info] > git config --get commit.template [30ms]
2024-11-27 12:04:56.975 [info] > git for-each-ref --format=%(refname)%00%(upstream:short)%00%(objectname)%00%(upstream:track)%00%(upstream:remotename)%00%(upstream:remoteref) refs/heads/main refs/remotes/main [10ms]
2024-11-27 12:04:57.004 [info] > git status -z -uall [21ms]
2024-11-27 12:04:57.024 [info] > git for-each-ref --sort -committerdate --format %(refname) %(objectname) %(*objectname) [22ms]
2024-11-27 12:05:15.088 [info] > git config --get commit.template [9ms]
2024-11-27 12:05:15.090 [info] > git for-each-ref --format=%(refname)%00%(upstream:short)%00%(objectname)%00%(upstream:track)%00%(upstream:remotename)%00%(upstream:remoteref) refs/heads/main refs/remotes/main [3ms]
2024-11-27 12:05:15.105 [info] > git status -z -uall [7ms]
2024-11-27 12:05:15.111 [info] > git for-each-ref --sort -committerdate --format %(refname) %(objectname) %(*objectname) [5ms]
2024-11-27 12:05:37.915 [info] > git config --get commit.template [2ms]
2024-11-27 12:05:37.925 [info] > git for-each-ref --format=%(refname)%00%(upstream:short)%00%(objectname)%00%(upstream:track)%00%(upstream:remotename)%00%(upstream:remoteref) refs/heads/main refs/remotes/main [3ms]
2024-11-27 12:05:37.953 [info] > git status -z -uall [22ms]
2024-11-27 12:05:37.955 [info] > git for-each-ref --sort -committerdate --format %(refname) %(objectname) %(*objectname) [8ms]
2024-11-27 12:06:42.216 [info] > git config --get commit.template [7ms]
2024-11-27 12:06:42.218 [info] > git for-each-ref --format=%(refname)%00%(upstream:short)%00%(objectname)%00%(upstream:track)%00%(upstream:remotename)%00%(upstream:remoteref) refs/heads/main refs/remotes/main [3ms]
2024-11-27 12:06:42.233 [info] > git status -z -uall [9ms]
2024-11-27 12:06:42.235 [info] > git for-each-ref --sort -committerdate --format %(refname) %(objectname) %(*objectname) [3ms]
2024-11-27 12:06:48.212 [info] > git config --get commit.template [18ms]
2024-11-27 12:06:48.228 [info] > git for-each-ref --format=%(refname)%00%(upstream:short)%00%(objectname)%00%(upstream:track)%00%(upstream:remotename)%00%(upstream:remoteref) refs/heads/main refs/remotes/main [17ms]
2024-11-27 12:06:48.261 [info] > git status -z -uall [17ms]
2024-11-27 12:06:48.272 [info] > git for-each-ref --sort -committerdate --format %(refname) %(objectname) %(*objectname) [14ms]
2024-11-27 12:07:57.514 [info] > git config --get commit.template [4ms]
2024-11-27 12:07:57.516 [info] > git for-each-ref --format=%(refname)%00%(upstream:short)%00%(objectname)%00%(upstream:track)%00%(upstream:remotename)%00%(upstream:remoteref) refs/heads/main refs/remotes/main [2ms]
2024-11-27 12:07:57.525 [info] > git status -z -uall [6ms]
2024-11-27 12:07:57.530 [info] > git for-each-ref --sort -committerdate --format %(refname) %(objectname) %(*objectname) [6ms]
2024-11-27 12:08:27.390 [info] > git config --get commit.template [1ms]
2024-11-27 12:08:27.401 [info] > git for-each-ref --format=%(refname)%00%(upstream:short)%00%(objectname)%00%(upstream:track)%00%(upstream:remotename)%00%(upstream:remoteref) refs/heads/main refs/remotes/main [3ms]
2024-11-27 12:08:27.424 [info] > git status -z -uall [18ms]
2024-11-27 12:08:27.429 [info] > git for-each-ref --sort -committerdate --format %(refname) %(objectname) %(*objectname) [13ms]
2024-11-27 12:09:26.005 [info] > git config --get commit.template [8ms]
2024-11-27 12:09:26.006 [info] > git for-each-ref --format=%(refname)%00%(upstream:short)%00%(objectname)%00%(upstream:track)%00%(upstream:remotename)%00%(upstream:remoteref) refs/heads/main refs/remotes/main [2ms]
2024-11-27 12:09:26.016 [info] > git status -z -uall [6ms]
2024-11-27 12:09:26.019 [info] > git for-each-ref --sort -committerdate --format %(refname) %(objectname) %(*objectname) [3ms]
2024-11-27 12:15:45.827 [info] > git config --get commit.template [12ms]
2024-11-27 12:15:45.829 [info] > git for-each-ref --format=%(refname)%00%(upstream:short)%00%(objectname)%00%(upstream:track)%00%(upstream:remotename)%00%(upstream:remoteref) refs/heads/main refs/remotes/main [3ms]
2024-11-27 12:15:45.846 [info] > git status -z -uall [11ms]
2024-11-27 12:15:45.851 [info] > git for-each-ref --sort -committerdate --format %(refname) %(objectname) %(*objectname) [6ms]
2024-11-27 12:15:53.708 [info] > git config --get commit.template [15ms]
2024-11-27 12:15:53.755 [info] > git for-each-ref --format=%(refname)%00%(upstream:short)%00%(objectname)%00%(upstream:track)%00%(upstream:remotename)%00%(upstream:remoteref) refs/heads/main refs/remotes/main [7ms]
2024-11-27 12:15:53.839 [info] > git status -z -uall [53ms]
2024-11-27 12:15:53.854 [info] > git for-each-ref --sort -committerdate --format %(refname) %(objectname) %(*objectname) [34ms]
2024-11-27 12:15:58.884 [info] > git config --get commit.template [8ms]
2024-11-27 12:15:58.889 [info] > git for-each-ref --format=%(refname)%00%(upstream:short)%00%(objectname)%00%(upstream:track)%00%(upstream:remotename)%00%(upstream:remoteref) refs/heads/main refs/remotes/main [5ms]
2024-11-27 12:15:58.909 [info] > git status -z -uall [11ms]
2024-11-27 12:15:58.916 [info] > git for-each-ref --sort -committerdate --format %(refname) %(objectname) %(*objectname) [9ms]
2024-11-27 12:18:07.278 [info] > git config --get commit.template [6ms]
2024-11-27 12:18:07.288 [info] > git for-each-ref --format=%(refname)%00%(upstream:short)%00%(objectname)%00%(upstream:track)%00%(upstream:remotename)%00%(upstream:remoteref) refs/heads/main refs/remotes/main [4ms]
2024-11-27 12:18:07.307 [info] > git status -z -uall [12ms]
2024-11-27 12:18:07.312 [info] > git for-each-ref --sort -committerdate --format %(refname) %(objectname) %(*objectname) [7ms]
2024-11-27 12:18:19.463 [info] > git config --get commit.template [4ms]
2024-11-27 12:18:19.465 [info] > git for-each-ref --format=%(refname)%00%(upstream:short)%00%(objectname)%00%(upstream:track)%00%(upstream:remotename)%00%(upstream:remoteref) refs/heads/main refs/remotes/main [2ms]
2024-11-27 12:18:19.476 [info] > git status -z -uall [7ms]
2024-11-27 12:18:19.479 [info] > git for-each-ref --sort -committerdate --format %(refname) %(objectname) %(*objectname) [4ms]
2024-11-27 12:18:24.498 [info] > git config --get commit.template [12ms]
2024-11-27 12:18:24.503 [info] > git for-each-ref --format=%(refname)%00%(upstream:short)%00%(objectname)%00%(upstream:track)%00%(upstream:remotename)%00%(upstream:remoteref) refs/heads/main refs/remotes/main [6ms]
2024-11-27 12:18:24.514 [info] > git status -z -uall [7ms]
2024-11-27 12:18:24.519 [info] > git for-each-ref --sort -committerdate --format %(refname) %(objectname) %(*objectname) [6ms]
2024-11-27 12:19:06.848 [info] > git config --get commit.template [7ms]
2024-11-27 12:19:06.873 [info] > git for-each-ref --format=%(refname)%00%(upstream:short)%00%(objectname)%00%(upstream:track)%00%(upstream:remotename)%00%(upstream:remoteref) refs/heads/main refs/remotes/main [11ms]
2024-11-27 12:19:06.923 [info] > git status -z -uall [32ms]
2024-11-27 12:19:06.932 [info] > git for-each-ref --sort -committerdate --format %(refname) %(objectname) %(*objectname) [20ms]
2024-11-27 12:23:30.725 [info] > git config --get commit.template [0ms]
2024-11-27 12:23:30.738 [info] > git for-each-ref --format=%(refname)%00%(upstream:short)%00%(objectname)%00%(upstream:track)%00%(upstream:remotename)%00%(upstream:remoteref) refs/heads/main refs/remotes/main [6ms]
2024-11-27 12:23:30.774 [info] > git status -z -uall [21ms]
2024-11-27 12:23:30.780 [info] > git for-each-ref --sort -committerdate --format %(refname) %(objectname) %(*objectname) [13ms]
2024-11-27 12:23:38.558 [info] > git config --get commit.template [17ms]
2024-11-27 12:23:38.560 [info] > git for-each-ref --format=%(refname)%00%(upstream:short)%00%(objectname)%00%(upstream:track)%00%(upstream:remotename)%00%(upstream:remoteref) refs/heads/main refs/remotes/main [4ms]
2024-11-27 12:23:38.590 [info] > git status -z -uall [20ms]
2024-11-27 12:23:38.596 [info] > git for-each-ref --sort -committerdate --format %(refname) %(objectname) %(*objectname) [13ms]
2024-11-27 12:31:27.299 [info] > git config --get commit.template [8ms]
2024-11-27 12:31:27.301 [info] > git for-each-ref --format=%(refname)%00%(upstream:short)%00%(objectname)%00%(upstream:track)%00%(upstream:remotename)%00%(upstream:remoteref) refs/heads/main refs/remotes/main [3ms]
2024-11-27 12:31:27.315 [info] > git status -z -uall [9ms]
2024-11-27 12:31:27.319 [info] > git for-each-ref --sort -committerdate --format %(refname) %(objectname) %(*objectname) [5ms]
2024-11-27 12:38:17.583 [info] > git config --get commit.template [8ms]
2024-11-27 12:38:17.586 [info] > git for-each-ref --format=%(refname)%00%(upstream:short)%00%(objectname)%00%(upstream:track)%00%(upstream:remotename)%00%(upstream:remoteref) refs/heads/main refs/remotes/main [4ms]
2024-11-27 12:38:17.600 [info] > git status -z -uall [9ms]
2024-11-27 12:38:17.606 [info] > git for-each-ref --sort -committerdate --format %(refname) %(objectname) %(*objectname) [6ms]
2024-11-27 12:38:22.641 [info] > git config --get commit.template [13ms]
2024-11-27 12:38:22.644 [info] > git for-each-ref --format=%(refname)%00%(upstream:short)%00%(objectname)%00%(upstream:track)%00%(upstream:remotename)%00%(upstream:remoteref) refs/heads/main refs/remotes/main [4ms]
2024-11-27 12:38:22.665 [info] > git status -z -uall [13ms]
2024-11-27 12:38:22.673 [info] > git for-each-ref --sort -committerdate --format %(refname) %(objectname) %(*objectname) [9ms]
2024-11-27 12:38:27.688 [info] > git config --get commit.template [6ms]
2024-11-27 12:38:27.688 [info] > git for-each-ref --format=%(refname)%00%(upstream:short)%00%(objectname)%00%(upstream:track)%00%(upstream:remotename)%00%(upstream:remoteref) refs/heads/main refs/remotes/main [3ms]
2024-11-27 12:38:27.704 [info] > git status -z -uall [13ms]
2024-11-27 12:38:27.722 [info] > git for-each-ref --sort -committerdate --format %(refname) %(objectname) %(*objectname) [18ms]
2024-11-27 12:38:35.468 [info] > git config --get commit.template [10ms]
2024-11-27 12:38:35.472 [info] > git for-each-ref --format=%(refname)%00%(upstream:short)%00%(objectname)%00%(upstream:track)%00%(upstream:remotename)%00%(upstream:remoteref) refs/heads/main refs/remotes/main [5ms]
2024-11-27 12:38:35.503 [info] > git status -z -uall [24ms]
2024-11-27 12:38:35.512 [info] > git for-each-ref --sort -committerdate --format %(refname) %(objectname) %(*objectname) [11ms]
2024-11-27 12:38:46.240 [info] > git config --get commit.template [6ms]
2024-11-27 12:38:46.253 [info] > git for-each-ref --format=%(refname)%00%(upstream:short)%00%(objectname)%00%(upstream:track)%00%(upstream:remotename)%00%(upstream:remoteref) refs/heads/main refs/remotes/main [3ms]
2024-11-27 12:38:46.277 [info] > git status -z -uall [13ms]
2024-11-27 12:38:46.282 [info] > git for-each-ref --sort -committerdate --format %(refname) %(objectname) %(*objectname) [7ms]
2024-11-27 12:38:51.328 [info] > git config --get commit.template [8ms]
2024-11-27 12:38:51.362 [info] > git for-each-ref --format=%(refname)%00%(upstream:short)%00%(objectname)%00%(upstream:track)%00%(upstream:remotename)%00%(upstream:remoteref) refs/heads/main refs/remotes/main [6ms]
2024-11-27 12:38:51.433 [info] > git status -z -uall [42ms]
2024-11-27 12:38:51.454 [info] > git for-each-ref --sort -committerdate --format %(refname) %(objectname) %(*objectname) [33ms]
2024-11-27 12:38:56.480 [info] > git config --get commit.template [7ms]
2024-11-27 12:38:56.493 [info] > git for-each-ref --format=%(refname)%00%(upstream:short)%00%(objectname)%00%(upstream:track)%00%(upstream:remotename)%00%(upstream:remoteref) refs/heads/main refs/remotes/main [7ms]
2024-11-27 12:38:56.516 [info] > git status -z -uall [14ms]
2024-11-27 12:38:56.528 [info] > git for-each-ref --sort -committerdate --format %(refname) %(objectname) %(*objectname) [14ms]
2024-11-27 12:39:56.321 [info] > git config --get commit.template [45ms]
2024-11-27 12:39:56.340 [info] > git for-each-ref --format=%(refname)%00%(upstream:short)%00%(objectname)%00%(upstream:track)%00%(upstream:remotename)%00%(upstream:remoteref) refs/heads/main refs/remotes/main [22ms]
2024-11-27 12:39:56.402 [info] > git status -z -uall [32ms]
2024-11-27 12:39:56.441 [info] > git for-each-ref --sort -committerdate --format %(refname) %(objectname) %(*objectname) [41ms]
2024-11-27 12:40:01.465 [info] > git config --get commit.template [6ms]
2024-11-27 12:40:01.466 [info] > git for-each-ref --format=%(refname)%00%(upstream:short)%00%(objectname)%00%(upstream:track)%00%(upstream:remotename)%00%(upstream:remoteref) refs/heads/main refs/remotes/main [3ms]
2024-11-27 12:40:01.476 [info] > git status -z -uall [7ms]
2024-11-27 12:40:01.481 [info] > git for-each-ref --sort -committerdate --format %(refname) %(objectname) %(*objectname) [6ms]
2024-11-27 12:40:34.899 [info] > git config --get commit.template [1ms]
2024-11-27 12:40:34.929 [info] > git for-each-ref --format=%(refname)%00%(upstream:short)%00%(objectname)%00%(upstream:track)%00%(upstream:remotename)%00%(upstream:remoteref) refs/heads/main refs/remotes/main [12ms]
2024-11-27 12:40:34.965 [info] > git status -z -uall [20ms]
2024-11-27 12:40:35.000 [info] > git for-each-ref --sort -committerdate --format %(refname) %(objectname) %(*objectname) [20ms]
2024-11-27 12:41:34.120 [info] > git config --get commit.template [2ms]
2024-11-27 12:41:34.132 [info] > git for-each-ref --format=%(refname)%00%(upstream:short)%00%(objectname)%00%(upstream:track)%00%(upstream:remotename)%00%(upstream:remoteref) refs/heads/main refs/remotes/main [6ms]
2024-11-27 12:41:34.157 [info] > git status -z -uall [17ms]
2024-11-27 12:41:34.165 [info] > git for-each-ref --sort -committerdate --format %(refname) %(objectname) %(*objectname) [13ms]
2024-11-27 12:41:51.545 [info] > git config --get commit.template [6ms]
2024-11-27 12:41:51.558 [info] > git for-each-ref --format=%(refname)%00%(upstream:short)%00%(objectname)%00%(upstream:track)%00%(upstream:remotename)%00%(upstream:remoteref) refs/heads/main refs/remotes/main [4ms]
2024-11-27 12:41:51.576 [info] > git status -z -uall [12ms]
2024-11-27 12:41:51.583 [info] > git for-each-ref --sort -committerdate --format %(refname) %(objectname) %(*objectname) [8ms]
2024-11-27 12:43:35.520 [info] > git config --get commit.template [6ms]
2024-11-27 12:43:35.534 [info] > git for-each-ref --format=%(refname)%00%(upstream:short)%00%(objectname)%00%(upstream:track)%00%(upstream:remotename)%00%(upstream:remoteref) refs/heads/main refs/remotes/main [5ms]
2024-11-27 12:43:35.555 [info] > git status -z -uall [13ms]
2024-11-27 12:43:35.561 [info] > git for-each-ref --sort -committerdate --format %(refname) %(objectname) %(*objectname) [7ms]
2024-11-27 12:43:55.320 [info] > git config --get commit.template [9ms]
2024-11-27 12:43:55.323 [info] > git for-each-ref --format=%(refname)%00%(upstream:short)%00%(objectname)%00%(upstream:track)%00%(upstream:remotename)%00%(upstream:remoteref) refs/heads/main refs/remotes/main [4ms]
2024-11-27 12:43:55.341 [info] > git status -z -uall [12ms]
2024-11-27 12:43:55.346 [info] > git for-each-ref --sort -committerdate --format %(refname) %(objectname) %(*objectname) [7ms]
2024-11-27 12:46:12.012 [info] > git config --get commit.template [17ms]
2024-11-27 12:46:12.017 [info] > git for-each-ref --format=%(refname)%00%(upstream:short)%00%(objectname)%00%(upstream:track)%00%(upstream:remotename)%00%(upstream:remoteref) refs/heads/main refs/remotes/main [5ms]
2024-11-27 12:46:12.055 [info] > git status -z -uall [27ms]
2024-11-27 12:46:12.059 [info] > git for-each-ref --sort -committerdate --format %(refname) %(objectname) %(*objectname) [15ms]
2024-11-27 12:49:06.050 [info] > git config --get commit.template [3ms]
2024-11-27 12:49:06.079 [info] > git for-each-ref --format=%(refname)%00%(upstream:short)%00%(objectname)%00%(upstream:track)%00%(upstream:remotename)%00%(upstream:remoteref) refs/heads/main refs/remotes/main [16ms]
2024-11-27 12:49:06.120 [info] > git status -z -uall [14ms]
2024-11-27 12:49:06.128 [info] > git for-each-ref --sort -committerdate --format %(refname) %(objectname) %(*objectname) [11ms]
2024-11-27 12:53:19.571 [info] > git config --get commit.template [34ms]
2024-11-27 12:53:19.572 [info] > git for-each-ref --format=%(refname)%00%(upstream:short)%00%(objectname)%00%(upstream:track)%00%(upstream:remotename)%00%(upstream:remoteref) refs/heads/main refs/remotes/main [7ms]
2024-11-27 12:53:19.605 [info] > git status -z -uall [23ms]
2024-11-27 12:53:19.614 [info] > git for-each-ref --sort -committerdate --format %(refname) %(objectname) %(*objectname) [18ms]
2024-11-27 12:53:31.709 [info] > git config --get commit.template [5ms]
2024-11-27 12:53:31.709 [info] > git for-each-ref --format=%(refname)%00%(upstream:short)%00%(objectname)%00%(upstream:track)%00%(upstream:remotename)%00%(upstream:remoteref) refs/heads/main refs/remotes/main [3ms]
2024-11-27 12:53:31.718 [info] > git status -z -uall [5ms]
2024-11-27 12:53:31.720 [info] > git for-each-ref --sort -committerdate --format %(refname) %(objectname) %(*objectname) [3ms]
2024-11-27 12:53:36.734 [info] > git config --get commit.template [6ms]
2024-11-27 12:53:36.735 [info] > git for-each-ref --format=%(refname)%00%(upstream:short)%00%(objectname)%00%(upstream:track)%00%(upstream:remotename)%00%(upstream:remoteref) refs/heads/main refs/remotes/main [2ms]
2024-11-27 12:53:36.747 [info] > git status -z -uall [7ms]
2024-11-27 12:53:36.750 [info] > git for-each-ref --sort -committerdate --format %(refname) %(objectname) %(*objectname) [4ms]
2024-11-27 12:54:15.833 [info] > git config --get commit.template [9ms]
2024-11-27 12:54:15.843 [info] > git for-each-ref --format=%(refname)%00%(upstream:short)%00%(objectname)%00%(upstream:track)%00%(upstream:remotename)%00%(upstream:remoteref) refs/heads/main refs/remotes/main [6ms]
2024-11-27 12:54:15.863 [info] > git status -z -uall [13ms]
2024-11-27 12:54:15.873 [info] > git for-each-ref --sort -committerdate --format %(refname) %(objectname) %(*objectname) [9ms]
2024-11-27 12:54:20.898 [info] > git config --get commit.template [10ms]
2024-11-27 12:54:20.906 [info] > git for-each-ref --format=%(refname)%00%(upstream:short)%00%(objectname)%00%(upstream:track)%00%(upstream:remotename)%00%(upstream:remoteref) refs/heads/main refs/remotes/main [10ms]
2024-11-27 12:54:20.936 [info] > git status -z -uall [16ms]
2024-11-27 12:54:20.939 [info] > git for-each-ref --sort -committerdate --format %(refname) %(objectname) %(*objectname) [10ms]
2024-11-27 12:54:26.479 [info] > git config --get commit.template [6ms]
2024-11-27 12:54:26.481 [info] > git for-each-ref --format=%(refname)%00%(upstream:short)%00%(objectname)%00%(upstream:track)%00%(upstream:remotename)%00%(upstream:remoteref) refs/heads/main refs/remotes/main [4ms]
2024-11-27 12:54:26.505 [info] > git status -z -uall [19ms]
2024-11-27 12:54:26.509 [info] > git for-each-ref --sort -committerdate --format %(refname) %(objectname) %(*objectname) [7ms]
2024-11-27 12:58:06.367 [info] > git config --get commit.template [9ms]
2024-11-27 12:58:06.370 [info] > git for-each-ref --format=%(refname)%00%(upstream:short)%00%(objectname)%00%(upstream:track)%00%(upstream:remotename)%00%(upstream:remoteref) refs/heads/main refs/remotes/main [4ms]
2024-11-27 12:58:06.392 [info] > git status -z -uall [13ms]
2024-11-27 12:58:06.398 [info] > git for-each-ref --sort -committerdate --format %(refname) %(objectname) %(*objectname) [6ms]
2024-11-27 12:58:48.689 [info] > git config --get commit.template [2ms]
2024-11-27 12:58:48.695 [info] > git for-each-ref --format=%(refname)%00%(upstream:short)%00%(objectname)%00%(upstream:track)%00%(upstream:remotename)%00%(upstream:remoteref) refs/heads/main refs/remotes/main [2ms]
2024-11-27 12:58:48.705 [info] > git status -z -uall [7ms]
2024-11-27 12:58:48.708 [info] > git for-each-ref --sort -committerdate --format %(refname) %(objectname) %(*objectname) [3ms]
2024-11-27 12:59:48.659 [info] > git config --get commit.template [3ms]
2024-11-27 12:59:48.664 [info] > git for-each-ref --format=%(refname)%00%(upstream:short)%00%(objectname)%00%(upstream:track)%00%(upstream:remotename)%00%(upstream:remoteref) refs/heads/main refs/remotes/main [2ms]
2024-11-27 12:59:48.674 [info] > git status -z -uall [6ms]
2024-11-27 12:59:48.677 [info] > git for-each-ref --sort -committerdate --format %(refname) %(objectname) %(*objectname) [3ms]
2024-11-27 13:00:04.903 [info] > git config --get commit.template [17ms]
2024-11-27 13:00:04.906 [info] > git for-each-ref --format=%(refname)%00%(upstream:short)%00%(objectname)%00%(upstream:track)%00%(upstream:remotename)%00%(upstream:remoteref) refs/heads/main refs/remotes/main [5ms]
2024-11-27 13:00:04.931 [info] > git status -z -uall [16ms]
2024-11-27 13:00:04.937 [info] > git for-each-ref --sort -committerdate --format %(refname) %(objectname) %(*objectname) [6ms]
2024-11-27 13:00:09.957 [info] > git config --get commit.template [9ms]
2024-11-27 13:00:09.959 [info] > git for-each-ref --format=%(refname)%00%(upstream:short)%00%(objectname)%00%(upstream:track)%00%(upstream:remotename)%00%(upstream:remoteref) refs/heads/main refs/remotes/main [4ms]
2024-11-27 13:00:09.978 [info] > git status -z -uall [12ms]
2024-11-27 13:00:09.985 [info] > git for-each-ref --sort -committerdate --format %(refname) %(objectname) %(*objectname) [8ms]
2024-11-27 13:01:19.546 [info] > git config --get commit.template [42ms]
2024-11-27 13:01:19.553 [info] > git for-each-ref --format=%(refname)%00%(upstream:short)%00%(objectname)%00%(upstream:track)%00%(upstream:remotename)%00%(upstream:remoteref) refs/heads/main refs/remotes/main [21ms]
2024-11-27 13:01:19.644 [info] > git status -z -uall [55ms]
2024-11-27 13:01:19.657 [info] > git for-each-ref --sort -committerdate --format %(refname) %(objectname) %(*objectname) [36ms]
2024-11-27 13:01:24.736 [info] > git config --get commit.template [9ms]
2024-11-27 13:01:24.772 [info] > git for-each-ref --format=%(refname)%00%(upstream:short)%00%(objectname)%00%(upstream:track)%00%(upstream:remotename)%00%(upstream:remoteref) refs/heads/main refs/remotes/main [8ms]
2024-11-27 13:01:24.850 [info] > git status -z -uall [27ms]
2024-11-27 13:01:24.880 [info] > git for-each-ref --sort -committerdate --format %(refname) %(objectname) %(*objectname) [31ms]
2024-11-27 13:01:29.921 [info] > git config --get commit.template [13ms]
2024-11-27 13:01:29.925 [info] > git for-each-ref --format=%(refname)%00%(upstream:short)%00%(objectname)%00%(upstream:track)%00%(upstream:remotename)%00%(upstream:remoteref) refs/heads/main refs/remotes/main [4ms]
2024-11-27 13:01:29.960 [info] > git status -z -uall [21ms]
2024-11-27 13:01:29.978 [info] > git for-each-ref --sort -committerdate --format %(refname) %(objectname) %(*objectname) [21ms]
2024-11-27 13:01:35.016 [info] > git config --get commit.template [11ms]
2024-11-27 13:01:35.020 [info] > git for-each-ref --format=%(refname)%00%(upstream:short)%00%(objectname)%00%(upstream:track)%00%(upstream:remotename)%00%(upstream:remoteref) refs/heads/main refs/remotes/main [6ms]
2024-11-27 13:01:35.047 [info] > git status -z -uall [17ms]
2024-11-27 13:01:35.060 [info] > git for-each-ref --sort -committerdate --format %(refname) %(objectname) %(*objectname) [15ms]
2024-11-27 13:01:40.108 [info] > git config --get commit.template [11ms]
2024-11-27 13:01:40.113 [info] > git for-each-ref --format=%(refname)%00%(upstream:short)%00%(objectname)%00%(upstream:track)%00%(upstream:remotename)%00%(upstream:remoteref) refs/heads/main refs/remotes/main [9ms]
2024-11-27 13:01:40.170 [info] > git status -z -uall [35ms]
2024-11-27 13:01:40.180 [info] > git for-each-ref --sort -committerdate --format %(refname) %(objectname) %(*objectname) [23ms]
2024-11-27 13:01:45.208 [info] > git config --get commit.template [9ms]
2024-11-27 13:01:45.212 [info] > git for-each-ref --format=%(refname)%00%(upstream:short)%00%(objectname)%00%(upstream:track)%00%(upstream:remotename)%00%(upstream:remoteref) refs/heads/main refs/remotes/main [6ms]
2024-11-27 13:01:45.245 [info] > git status -z -uall [22ms]
2024-11-27 13:01:45.252 [info] > git for-each-ref --sort -committerdate --format %(refname) %(objectname) %(*objectname) [11ms]
2024-11-27 13:01:50.275 [info] > git config --get commit.template [7ms]
2024-11-27 13:01:50.278 [info] > git for-each-ref --format=%(refname)%00%(upstream:short)%00%(objectname)%00%(upstream:track)%00%(upstream:remotename)%00%(upstream:remoteref) refs/heads/main refs/remotes/main [4ms]
2024-11-27 13:01:50.291 [info] > git status -z -uall [9ms]
2024-11-27 13:01:50.294 [info] > git for-each-ref --sort -committerdate --format %(refname) %(objectname) %(*objectname) [4ms]
2024-11-27 13:01:55.334 [info] > git config --get commit.template [17ms]
2024-11-27 13:01:55.341 [info] > git for-each-ref --format=%(refname)%00%(upstream:short)%00%(objectname)%00%(upstream:track)%00%(upstream:remotename)%00%(upstream:remoteref) refs/heads/main refs/remotes/main [10ms]
2024-11-27 13:01:55.385 [info] > git status -z -uall [24ms]
2024-11-27 13:01:55.405 [info] > git for-each-ref --sort -committerdate --format %(refname) %(objectname) %(*objectname) [21ms]
2024-11-27 13:02:00.418 [info] > git config --get commit.template [2ms]
2024-11-27 13:02:00.425 [info] > git for-each-ref --format=%(refname)%00%(upstream:short)%00%(objectname)%00%(upstream:track)%00%(upstream:remotename)%00%(upstream:remoteref) refs/heads/main refs/remotes/main [2ms]
2024-11-27 13:02:00.443 [info] > git status -z -uall [11ms]
2024-11-27 13:02:00.445 [info] > git for-each-ref --sort -committerdate --format %(refname) %(objectname) %(*objectname) [4ms]
2024-11-27 13:06:35.684 [info] > git config --get commit.template [6ms]
2024-11-27 13:06:35.686 [info] > git for-each-ref --format=%(refname)%00%(upstream:short)%00%(objectname)%00%(upstream:track)%00%(upstream:remotename)%00%(upstream:remoteref) refs/heads/main refs/remotes/main [2ms]
2024-11-27 13:06:35.699 [info] > git status -z -uall [9ms]
2024-11-27 13:06:35.703 [info] > git for-each-ref --sort -committerdate --format %(refname) %(objectname) %(*objectname) [5ms]
2024-11-27 13:06:41.689 [info] > git check-ignore -v -z --stdin [1ms]
2024-11-27 13:07:09.777 [info] > git config --get commit.template [1ms]
2024-11-27 13:07:09.788 [info] > git for-each-ref --format=%(refname)%00%(upstream:short)%00%(objectname)%00%(upstream:track)%00%(upstream:remotename)%00%(upstream:remoteref) refs/heads/main refs/remotes/main [6ms]
2024-11-27 13:07:09.820 [info] > git status -z -uall [22ms]
2024-11-27 13:07:09.832 [info] > git for-each-ref --sort -committerdate --format %(refname) %(objectname) %(*objectname) [18ms]
2024-11-27 13:07:10.466 [info] > git check-ignore -v -z --stdin [1ms]
2024-11-27 13:07:14.851 [info] > git config --get commit.template [4ms]
2024-11-27 13:07:14.861 [info] > git for-each-ref --format=%(refname)%00%(upstream:short)%00%(objectname)%00%(upstream:track)%00%(upstream:remotename)%00%(upstream:remoteref) refs/heads/main refs/remotes/main [2ms]
2024-11-27 13:07:14.885 [info] > git status -z -uall [16ms]
2024-11-27 13:07:14.892 [info] > git for-each-ref --sort -committerdate --format %(refname) %(objectname) %(*objectname) [9ms]
2024-11-27 13:07:19.919 [info] > git config --get commit.template [14ms]
2024-11-27 13:07:19.922 [info] > git for-each-ref --format=%(refname)%00%(upstream:short)%00%(objectname)%00%(upstream:track)%00%(upstream:remotename)%00%(upstream:remoteref) refs/heads/main refs/remotes/main [4ms]
2024-11-27 13:07:19.965 [info] > git status -z -uall [37ms]
2024-11-27 13:07:19.965 [info] > git for-each-ref --sort -committerdate --format %(refname) %(objectname) %(*objectname) [19ms]
2024-11-27 13:07:25.003 [info] > git config --get commit.template [16ms]
2024-11-27 13:07:25.007 [info] > git for-each-ref --format=%(refname)%00%(upstream:short)%00%(objectname)%00%(upstream:track)%00%(upstream:remotename)%00%(upstream:remoteref) refs/heads/main refs/remotes/main [5ms]
2024-11-27 13:07:25.049 [info] > git status -z -uall [25ms]
2024-11-27 13:07:25.053 [info] > git for-each-ref --sort -committerdate --format %(refname) %(objectname) %(*objectname) [11ms]
2024-11-27 13:07:30.084 [info] > git config --get commit.template [3ms]
2024-11-27 13:07:30.110 [info] > git for-each-ref --format=%(refname)%00%(upstream:short)%00%(objectname)%00%(upstream:track)%00%(upstream:remotename)%00%(upstream:remoteref) refs/heads/main refs/remotes/main [4ms]
2024-11-27 13:07:30.148 [info] > git status -z -uall [15ms]
2024-11-27 13:07:30.161 [info] > git for-each-ref --sort -committerdate --format %(refname) %(objectname) %(*objectname) [15ms]
2024-11-27 13:28:00.614 [info] > git config --get commit.template [25ms]
2024-11-27 13:28:00.614 [info] > git for-each-ref --format=%(refname)%00%(upstream:short)%00%(objectname)%00%(upstream:track)%00%(upstream:remotename)%00%(upstream:remoteref) refs/heads/main refs/remotes/main [15ms]
2024-11-27 13:28:00.640 [info] > git status -z -uall [14ms]
2024-11-27 13:28:00.641 [info] > git ls-files --stage -- /home/ubuntu/Project-Agora/openvidu-tutorials/openvidu-react/src/components/Elements/openvidu/OpenviduFinal.js [28ms]
2024-11-27 13:28:00.650 [info] > git for-each-ref --sort -committerdate --format %(refname) %(objectname) %(*objectname) [11ms]
2024-11-27 13:28:00.663 [info] > git cat-file -s dc74bab6964c390a0513f9da4ac56f8d056c6985 [14ms]
2024-11-27 13:28:00.664 [info] > git merge-base refs/heads/main refs/remotes/origin/main [4ms]
2024-11-27 13:28:00.672 [info] > git diff --name-status -z --diff-filter=ADMR ee324f52e897252e3247c75fc6476f695944853c...refs/remotes/origin/main [2ms]
2024-11-27 13:28:00.702 [info] > git show --textconv :openvidu-tutorials/openvidu-react/src/components/Elements/openvidu/OpenviduFinal.js [3ms]
