2024-11-29 08:16:37.475 [info] [main] 로그 수준: Info
2024-11-29 08:16:37.475 [info] [main] "git"에서 찾은 git 유효성을 검사하는 중
2024-11-29 08:16:37.475 [info] [main] "2.43.0"에서 git "git"을(를) 사용하는 중
2024-11-29 08:16:37.475 [info] [Model][doInitialScan] Initial repository scan started
2024-11-29 08:16:37.475 [info] > git rev-parse --show-toplevel [48ms]
2024-11-29 08:16:37.475 [info] > git rev-parse --git-dir --git-common-dir [8ms]
2024-11-29 08:16:37.475 [info] [Model][openRepository] Opened repository: /home/ubuntu/Project-Agora
2024-11-29 08:16:37.475 [info] > git rev-parse --show-toplevel [6ms]
2024-11-29 08:16:37.475 [info] > git config --get commit.template [11ms]
2024-11-29 08:16:37.598 [info] > git rev-parse --show-toplevel [104ms]
2024-11-29 08:16:37.620 [info] > git for-each-ref --format=%(refname)%00%(upstream:short)%00%(objectname)%00%(upstream:track)%00%(upstream:remotename)%00%(upstream:remoteref) refs/heads/audio-final refs/remotes/audio-final [115ms]
2024-11-29 08:16:37.681 [info] > git status -z -uall [40ms]
2024-11-29 08:16:37.685 [info] > git rev-parse --show-toplevel [71ms]
2024-11-29 08:16:37.714 [info] > git for-each-ref --sort -committerdate --format %(refname) %(objectname) %(*objectname) [39ms]
2024-11-29 08:16:37.759 [info] > git for-each-ref --format=%(refname)%00%(upstream:short)%00%(objectname)%00%(upstream:track)%00%(upstream:remotename)%00%(upstream:remoteref) refs/heads/audio-final refs/remotes/audio-final [27ms]
2024-11-29 08:16:37.771 [info] > git rev-parse --show-toplevel [77ms]
2024-11-29 08:16:37.778 [info] [Model][doInitialScan] Initial repository scan completed - repositories (1), closed repositories (0), parent repositories (0), unsafe repositories (0)
2024-11-29 08:16:37.781 [info] > git config --local branch.audio-final.vscode-merge-base [13ms]
2024-11-29 08:16:37.790 [info] > git config --get commit.template [39ms]
2024-11-29 08:16:37.796 [info] > git for-each-ref --format=%(refname)%00%(upstream:short)%00%(objectname)%00%(upstream:track)%00%(upstream:remotename)%00%(upstream:remoteref) refs/heads/origin/main refs/remotes/origin/main [8ms]
2024-11-29 08:16:37.833 [info] > git for-each-ref --format=%(refname)%00%(upstream:short)%00%(objectname)%00%(upstream:track)%00%(upstream:remotename)%00%(upstream:remoteref) refs/heads/audio-final refs/remotes/audio-final [37ms]
2024-11-29 08:16:37.846 [info] > git status -z -uall [9ms]
2024-11-29 08:16:37.853 [info] > git for-each-ref --sort -committerdate --format %(refname) %(objectname) %(*objectname) [7ms]
2024-11-29 08:16:38.018 [info] > git check-ignore -v -z --stdin [3ms]
2024-11-29 08:16:38.436 [info] > git fetch [993ms]
2024-11-29 08:16:38.436 [info] git@github.com: Permission denied (publickey).
fatal: Could not read from remote repository.

Please make sure you have the correct access rights
and the repository exists.
2024-11-29 08:16:38.457 [info] > git config --get commit.template [11ms]
2024-11-29 08:16:38.457 [info] > git for-each-ref --format=%(refname)%00%(upstream:short)%00%(objectname)%00%(upstream:track)%00%(upstream:remotename)%00%(upstream:remoteref) refs/heads/audio-final refs/remotes/audio-final [4ms]
2024-11-29 08:16:38.480 [info] > git status -z -uall [15ms]
2024-11-29 08:16:38.486 [info] > git for-each-ref --sort -committerdate --format %(refname) %(objectname) %(*objectname) [13ms]
2024-11-29 08:16:40.606 [info] > git check-ignore -v -z --stdin [3ms]
2024-11-29 08:16:46.497 [info] > git check-ignore -v -z --stdin [2ms]
2024-11-29 08:19:24.083 [info] > git config --get commit.template [4ms]
2024-11-29 08:19:24.084 [info] > git for-each-ref --format=%(refname)%00%(upstream:short)%00%(objectname)%00%(upstream:track)%00%(upstream:remotename)%00%(upstream:remoteref) refs/heads/audio-final refs/remotes/audio-final [2ms]
2024-11-29 08:19:24.093 [info] > git status -z -uall [6ms]
2024-11-29 08:19:24.098 [info] > git for-each-ref --sort -committerdate --format %(refname) %(objectname) %(*objectname) [5ms]
2024-11-29 08:19:34.252 [info] > git config --get commit.template [7ms]
2024-11-29 08:19:34.253 [info] > git for-each-ref --format=%(refname)%00%(upstream:short)%00%(objectname)%00%(upstream:track)%00%(upstream:remotename)%00%(upstream:remoteref) refs/heads/audio-final refs/remotes/audio-final [3ms]
2024-11-29 08:19:34.264 [info] > git status -z -uall [5ms]
2024-11-29 08:19:34.269 [info] > git for-each-ref --sort -committerdate --format %(refname) %(objectname) %(*objectname) [4ms]
2024-11-29 08:19:39.458 [info] > git fetch [965ms]
2024-11-29 08:19:39.458 [info] git@github.com: Permission denied (publickey).
fatal: Could not read from remote repository.

Please make sure you have the correct access rights
and the repository exists.
2024-11-29 08:19:39.466 [info] > git config --get commit.template [4ms]
2024-11-29 08:19:39.467 [info] > git for-each-ref --format=%(refname)%00%(upstream:short)%00%(objectname)%00%(upstream:track)%00%(upstream:remotename)%00%(upstream:remoteref) refs/heads/audio-final refs/remotes/audio-final [2ms]
2024-11-29 08:19:39.477 [info] > git status -z -uall [6ms]
2024-11-29 08:19:39.483 [info] > git for-each-ref --sort -committerdate --format %(refname) %(objectname) %(*objectname) [5ms]
2024-11-29 08:20:08.699 [info] > git config --get commit.template [10ms]
2024-11-29 08:20:08.700 [info] > git for-each-ref --format=%(refname)%00%(upstream:short)%00%(objectname)%00%(upstream:track)%00%(upstream:remotename)%00%(upstream:remoteref) refs/heads/audio-final refs/remotes/audio-final [2ms]
2024-11-29 08:20:08.713 [info] > git status -z -uall [9ms]
2024-11-29 08:20:08.719 [info] > git for-each-ref --sort -committerdate --format %(refname) %(objectname) %(*objectname) [7ms]
2024-11-29 08:20:23.871 [info] > git config --get commit.template [7ms]
2024-11-29 08:20:23.874 [info] > git for-each-ref --format=%(refname)%00%(upstream:short)%00%(objectname)%00%(upstream:track)%00%(upstream:remotename)%00%(upstream:remoteref) refs/heads/test refs/remotes/test [5ms]
2024-11-29 08:20:23.887 [info] > git status -z -uall [10ms]
2024-11-29 08:20:23.892 [info] > git for-each-ref --sort -committerdate --format %(refname) %(objectname) %(*objectname) [5ms]
2024-11-29 08:20:23.901 [info] > git for-each-ref --format=%(refname)%00%(upstream:short)%00%(objectname)%00%(upstream:track)%00%(upstream:remotename)%00%(upstream:remoteref) refs/heads/test refs/remotes/test [3ms]
2024-11-29 08:20:23.909 [info] > git config --local branch.test.vscode-merge-base [2ms]
2024-11-29 08:20:23.909 [warning] [Git][config] git config failed: Failed to execute git
2024-11-29 08:20:23.919 [info] > git reflog test --grep-reflog=branch: Created from *. [5ms]
2024-11-29 08:20:23.928 [info] > git reflog HEAD --grep-reflog=checkout: moving from .* to test [5ms]
2024-11-29 08:20:23.935 [info] > git for-each-ref --format=%(refname)%00%(upstream:short)%00%(objectname)%00%(upstream:track)%00%(upstream:remotename)%00%(upstream:remoteref) refs/heads/audio-final refs/remotes/audio-final [3ms]
2024-11-29 08:20:23.943 [info] > git symbolic-ref --short refs/remotes/origin/HEAD [3ms]
2024-11-29 08:20:23.950 [info] > git for-each-ref --format=%(refname)%00%(upstream:short)%00%(objectname)%00%(upstream:track)%00%(upstream:remotename)%00%(upstream:remoteref) refs/heads/origin/main refs/remotes/origin/main [4ms]
2024-11-29 08:20:23.957 [info] > git config --local branch.test.vscode-merge-base origin/main [2ms]
2024-11-29 08:20:23.968 [info] > git config --get commit.template [6ms]
2024-11-29 08:20:23.970 [info] > git for-each-ref --format=%(refname)%00%(upstream:short)%00%(objectname)%00%(upstream:track)%00%(upstream:remotename)%00%(upstream:remoteref) refs/heads/test refs/remotes/test [4ms]
2024-11-29 08:20:23.983 [info] > git status -z -uall [9ms]
2024-11-29 08:20:23.989 [info] > git for-each-ref --sort -committerdate --format %(refname) %(objectname) %(*objectname) [7ms]
2024-11-29 08:20:23.998 [info] > git for-each-ref --format=%(refname)%00%(upstream:short)%00%(objectname)%00%(upstream:track)%00%(upstream:remotename)%00%(upstream:remoteref) refs/heads/test refs/remotes/test [3ms]
2024-11-29 08:20:24.014 [info] > git config --local branch.test.vscode-merge-base [6ms]
2024-11-29 08:20:24.027 [info] > git for-each-ref --format=%(refname)%00%(upstream:short)%00%(objectname)%00%(upstream:track)%00%(upstream:remotename)%00%(upstream:remoteref) refs/heads/origin/main refs/remotes/origin/main [4ms]
2024-11-29 08:20:25.171 [info] > git config --get commit.template [6ms]
2024-11-29 08:20:25.172 [info] > git for-each-ref --format=%(refname)%00%(upstream:short)%00%(objectname)%00%(upstream:track)%00%(upstream:remotename)%00%(upstream:remoteref) refs/heads/test refs/remotes/test [2ms]
2024-11-29 08:20:25.186 [info] > git status -z -uall [7ms]
2024-11-29 08:20:25.190 [info] > git for-each-ref --sort -committerdate --format %(refname) %(objectname) %(*objectname) [7ms]
2024-11-29 08:20:26.397 [info] > git config --get commit.template [6ms]
2024-11-29 08:20:26.398 [info] > git for-each-ref --format=%(refname)%00%(upstream:short)%00%(objectname)%00%(upstream:track)%00%(upstream:remotename)%00%(upstream:remoteref) refs/heads/test refs/remotes/test [3ms]
2024-11-29 08:20:26.415 [info] > git status -z -uall [13ms]
2024-11-29 08:20:26.421 [info] > git for-each-ref --sort -committerdate --format %(refname) %(objectname) %(*objectname) [7ms]
2024-11-29 08:20:35.217 [info] > git config --get commit.template [11ms]
2024-11-29 08:20:35.221 [info] > git for-each-ref --format=%(refname)%00%(upstream:short)%00%(objectname)%00%(upstream:track)%00%(upstream:remotename)%00%(upstream:remoteref) refs/heads/test refs/remotes/test [7ms]
2024-11-29 08:20:35.247 [info] > git status -z -uall [17ms]
2024-11-29 08:20:35.253 [info] > git for-each-ref --sort -committerdate --format %(refname) %(objectname) %(*objectname) [8ms]
2024-11-29 08:23:52.732 [info] > git fetch [972ms]
2024-11-29 08:23:52.732 [info] git@github.com: Permission denied (publickey).
fatal: Could not read from remote repository.

Please make sure you have the correct access rights
and the repository exists.
2024-11-29 08:23:52.740 [info] > git config --get commit.template [4ms]
2024-11-29 08:23:52.741 [info] > git for-each-ref --format=%(refname)%00%(upstream:short)%00%(objectname)%00%(upstream:track)%00%(upstream:remotename)%00%(upstream:remoteref) refs/heads/test refs/remotes/test [2ms]
2024-11-29 08:23:52.750 [info] > git status -z -uall [6ms]
2024-11-29 08:23:52.752 [info] > git for-each-ref --sort -committerdate --format %(refname) %(objectname) %(*objectname) [3ms]
2024-11-29 08:31:22.332 [info] > git fetch [976ms]
2024-11-29 08:31:22.332 [info] git@github.com: Permission denied (publickey).
fatal: Could not read from remote repository.

Please make sure you have the correct access rights
and the repository exists.
2024-11-29 08:31:22.339 [info] > git config --get commit.template [2ms]
2024-11-29 08:31:22.344 [info] > git for-each-ref --format=%(refname)%00%(upstream:short)%00%(objectname)%00%(upstream:track)%00%(upstream:remotename)%00%(upstream:remoteref) refs/heads/test refs/remotes/test [2ms]
2024-11-29 08:31:22.354 [info] > git status -z -uall [7ms]
2024-11-29 08:31:22.358 [info] > git for-each-ref --sort -committerdate --format %(refname) %(objectname) %(*objectname) [4ms]
2024-11-29 08:31:28.976 [info] > git log --format=%H%n%aN%n%aE%n%at%n%ct%n%P%n%D%n%B -z --shortstat --diff-merges=first-parent -n50 --skip=0 --topo-order --decorate=full --stdin [6217ms]
2024-11-29 08:31:37.194 [info] > git diff-tree -r --name-status -z --diff-filter=ADMR ee324f52e897252e3247c75fc6476f695944853c 58202207941ed352001754a7f631dc55eb3983c9 [5ms]
2024-11-29 08:31:37.416 [info] > git show --textconv ee324f52e897252e3247c75fc6476f695944853c:openvidu-tutorials/openvidu-react/src/components/Elements/openvidu/OpenviduFinal.css [178ms]
2024-11-29 08:31:37.417 [info] > git show --textconv 58202207941ed352001754a7f631dc55eb3983c9:openvidu-tutorials/openvidu-react/src/components/Elements/openvidu/OpenviduFinal.css [170ms]
2024-11-29 08:31:37.417 [info] > git show --textconv ee324f52e897252e3247c75fc6476f695944853c:openvidu-tutorials/openvidu-react/src/components/Elements/openvidu/OpenviduFinal.js [159ms]
2024-11-29 08:31:37.417 [info] > git show --textconv 58202207941ed352001754a7f631dc55eb3983c9:openvidu-tutorials/openvidu-react/src/components/Elements/openvidu/OpenviduFinal.js [152ms]
2024-11-29 08:31:37.417 [info] > git show --textconv ee324f52e897252e3247c75fc6476f695944853c:openvidu-tutorials/openvidu-react/src/components/Elements/openvidu/OvVideo.js [141ms]
2024-11-29 08:31:37.417 [info] > git show --textconv 58202207941ed352001754a7f631dc55eb3983c9:openvidu-tutorials/openvidu-react/src/components/Elements/openvidu/OvVideo.js [133ms]
2024-11-29 08:31:37.417 [info] > git show --textconv ee324f52e897252e3247c75fc6476f695944853c:openvidu-tutorials/openvidu-react/src/components/Elements/openvidu/Timer/Timer.jsx [125ms]
2024-11-29 08:31:37.417 [info] > git show --textconv 58202207941ed352001754a7f631dc55eb3983c9:openvidu-tutorials/openvidu-react/src/components/Elements/openvidu/Timer/Timer.jsx [116ms]
2024-11-29 08:31:37.417 [info] > git show --textconv ee324f52e897252e3247c75fc6476f695944853c:openvidu-tutorials/openvidu-react/src/components/Elements/openvidu/UserVideoComponent.js [106ms]
2024-11-29 08:31:37.417 [info] > git show --textconv 58202207941ed352001754a7f631dc55eb3983c9:openvidu-tutorials/openvidu-react/src/components/Elements/openvidu/UserVideoComponent.js [98ms]
2024-11-29 08:31:37.417 [info] > git show --textconv ee324f52e897252e3247c75fc6476f695944853c:openvidu-tutorials/openvidu-react/src/components/Shell/LeftSidebar/Categories/Categories.jsx [92ms]
2024-11-29 08:31:37.417 [info] > git show --textconv 58202207941ed352001754a7f631dc55eb3983c9:openvidu-tutorials/openvidu-react/src/components/Shell/LeftSidebar/Categories/Categories.jsx [85ms]
2024-11-29 08:31:37.418 [info] > git ls-tree -l ee324f52e897252e3247c75fc6476f695944853c -- /home/ubuntu/Project-Agora/openvidu-tutorials/openvidu-react/src/components/Shell/LeftSidebar/Categories/Categories.jsx [18ms]
2024-11-29 08:31:37.419 [info] > git ls-tree -l 58202207941ed352001754a7f631dc55eb3983c9 -- /home/ubuntu/Project-Agora/openvidu-tutorials/openvidu-react/src/components/Elements/openvidu/UserVideoComponent.js [24ms]
2024-11-29 08:31:37.420 [info] > git ls-tree -l ee324f52e897252e3247c75fc6476f695944853c -- /home/ubuntu/Project-Agora/openvidu-tutorials/openvidu-react/src/components/Elements/openvidu/UserVideoComponent.js [30ms]
2024-11-29 08:31:37.420 [info] > git ls-tree -l 58202207941ed352001754a7f631dc55eb3983c9 -- /home/ubuntu/Project-Agora/openvidu-tutorials/openvidu-react/src/components/Elements/openvidu/Timer/Timer.jsx [37ms]
2024-11-29 08:31:37.420 [info] > git ls-tree -l ee324f52e897252e3247c75fc6476f695944853c -- /home/ubuntu/Project-Agora/openvidu-tutorials/openvidu-react/src/components/Elements/openvidu/Timer/Timer.jsx [41ms]
2024-11-29 08:31:37.420 [info] > git ls-tree -l 58202207941ed352001754a7f631dc55eb3983c9 -- /home/ubuntu/Project-Agora/openvidu-tutorials/openvidu-react/src/components/Elements/openvidu/OvVideo.js [48ms]
2024-11-29 08:31:37.421 [info] > git ls-tree -l ee324f52e897252e3247c75fc6476f695944853c -- /home/ubuntu/Project-Agora/openvidu-tutorials/openvidu-react/src/components/Elements/openvidu/OvVideo.js [61ms]
2024-11-29 08:31:37.421 [info] > git ls-tree -l 58202207941ed352001754a7f631dc55eb3983c9 -- /home/ubuntu/Project-Agora/openvidu-tutorials/openvidu-react/src/components/Elements/openvidu/OpenviduFinal.js [65ms]
2024-11-29 08:31:37.421 [info] > git ls-tree -l ee324f52e897252e3247c75fc6476f695944853c -- /home/ubuntu/Project-Agora/openvidu-tutorials/openvidu-react/src/components/Elements/openvidu/OpenviduFinal.js [69ms]
2024-11-29 08:31:37.422 [info] > git ls-tree -l 58202207941ed352001754a7f631dc55eb3983c9 -- /home/ubuntu/Project-Agora/openvidu-tutorials/openvidu-react/src/components/Elements/openvidu/OpenviduFinal.css [81ms]
2024-11-29 08:31:37.422 [info] > git ls-tree -l ee324f52e897252e3247c75fc6476f695944853c -- /home/ubuntu/Project-Agora/openvidu-tutorials/openvidu-react/src/components/Elements/openvidu/OpenviduFinal.css [85ms]
2024-11-29 08:31:37.430 [info] > git ls-tree -l 58202207941ed352001754a7f631dc55eb3983c9 -- /home/ubuntu/Project-Agora/openvidu-tutorials/openvidu-react/src/components/Shell/LeftSidebar/Categories/Categories.jsx [21ms]
2024-11-29 08:31:37.947 [info] > git check-ignore -v -z --stdin [189ms]
2024-11-29 08:31:57.781 [info] > git config --get commit.template [7ms]
2024-11-29 08:31:57.782 [info] > git for-each-ref --format=%(refname)%00%(upstream:short)%00%(objectname)%00%(upstream:track)%00%(upstream:remotename)%00%(upstream:remoteref) refs/heads/test refs/remotes/test [3ms]
2024-11-29 08:31:57.799 [info] > git status -z -uall [11ms]
2024-11-29 08:31:57.805 [info] > git for-each-ref --sort -committerdate --format %(refname) %(objectname) %(*objectname) [6ms]
2024-11-29 08:32:04.699 [info] > git config --get commit.template [4ms]
2024-11-29 08:32:04.718 [info] > git for-each-ref --format=%(refname)%00%(upstream:short)%00%(objectname)%00%(upstream:track)%00%(upstream:remotename)%00%(upstream:remoteref) refs/heads/audio-final refs/remotes/audio-final [10ms]
2024-11-29 08:32:04.745 [info] > git status -z -uall [16ms]
2024-11-29 08:32:04.746 [info] > git for-each-ref --sort -committerdate --format %(refname) %(objectname) %(*objectname) [7ms]
2024-11-29 08:32:04.753 [info] > git for-each-ref --format=%(refname)%00%(upstream:short)%00%(objectname)%00%(upstream:track)%00%(upstream:remotename)%00%(upstream:remoteref) refs/heads/audio-final refs/remotes/audio-final [2ms]
2024-11-29 08:32:04.763 [info] > git config --local branch.audio-final.vscode-merge-base [3ms]
2024-11-29 08:32:04.771 [info] > git for-each-ref --format=%(refname)%00%(upstream:short)%00%(objectname)%00%(upstream:track)%00%(upstream:remotename)%00%(upstream:remoteref) refs/heads/origin/main refs/remotes/origin/main [3ms]
2024-11-29 08:32:05.831 [info] > git config --get commit.template [12ms]
2024-11-29 08:32:05.839 [info] > git for-each-ref --format=%(refname)%00%(upstream:short)%00%(objectname)%00%(upstream:track)%00%(upstream:remotename)%00%(upstream:remoteref) refs/heads/audio-final refs/remotes/audio-final [10ms]
2024-11-29 08:32:05.873 [info] > git status -z -uall [20ms]
2024-11-29 08:32:05.882 [info] > git for-each-ref --sort -committerdate --format %(refname) %(objectname) %(*objectname) [9ms]
2024-11-29 08:32:06.035 [info] > git ls-tree -l ee324f52e897252e3247c75fc6476f695944853c -- /home/ubuntu/Project-Agora/openvidu-tutorials/openvidu-react/src/components/Shell/LeftSidebar/Categories/Categories.jsx [17ms]
2024-11-29 08:32:06.036 [info] > git ls-tree -l 58202207941ed352001754a7f631dc55eb3983c9 -- /home/ubuntu/Project-Agora/openvidu-tutorials/openvidu-react/src/components/Elements/openvidu/UserVideoComponent.js [29ms]
2024-11-29 08:32:06.037 [info] > git ls-tree -l ee324f52e897252e3247c75fc6476f695944853c -- /home/ubuntu/Project-Agora/openvidu-tutorials/openvidu-react/src/components/Elements/openvidu/UserVideoComponent.js [34ms]
2024-11-29 08:32:06.037 [info] > git ls-tree -l 58202207941ed352001754a7f631dc55eb3983c9 -- /home/ubuntu/Project-Agora/openvidu-tutorials/openvidu-react/src/components/Elements/openvidu/Timer/Timer.jsx [45ms]
2024-11-29 08:32:06.037 [info] > git ls-tree -l ee324f52e897252e3247c75fc6476f695944853c -- /home/ubuntu/Project-Agora/openvidu-tutorials/openvidu-react/src/components/Elements/openvidu/Timer/Timer.jsx [58ms]
2024-11-29 08:32:06.038 [info] > git ls-tree -l 58202207941ed352001754a7f631dc55eb3983c9 -- /home/ubuntu/Project-Agora/openvidu-tutorials/openvidu-react/src/components/Elements/openvidu/OvVideo.js [68ms]
2024-11-29 08:32:06.038 [info] > git ls-tree -l ee324f52e897252e3247c75fc6476f695944853c -- /home/ubuntu/Project-Agora/openvidu-tutorials/openvidu-react/src/components/Elements/openvidu/OvVideo.js [75ms]
2024-11-29 08:32:06.039 [info] > git ls-tree -l 58202207941ed352001754a7f631dc55eb3983c9 -- /home/ubuntu/Project-Agora/openvidu-tutorials/openvidu-react/src/components/Elements/openvidu/OpenviduFinal.js [85ms]
2024-11-29 08:32:06.039 [info] > git ls-tree -l ee324f52e897252e3247c75fc6476f695944853c -- /home/ubuntu/Project-Agora/openvidu-tutorials/openvidu-react/src/components/Elements/openvidu/OpenviduFinal.js [92ms]
2024-11-29 08:32:06.039 [info] > git ls-tree -l 58202207941ed352001754a7f631dc55eb3983c9 -- /home/ubuntu/Project-Agora/openvidu-tutorials/openvidu-react/src/components/Elements/openvidu/OpenviduFinal.css [99ms]
2024-11-29 08:32:06.041 [info] > git ls-tree -l ee324f52e897252e3247c75fc6476f695944853c -- /home/ubuntu/Project-Agora/openvidu-tutorials/openvidu-react/src/components/Elements/openvidu/OpenviduFinal.css [112ms]
2024-11-29 08:32:06.042 [info] > git ls-tree -l 58202207941ed352001754a7f631dc55eb3983c9 -- /home/ubuntu/Project-Agora/openvidu-tutorials/openvidu-react/src/components/Shell/LeftSidebar/Categories/Categories.jsx [14ms]
2024-11-29 08:32:06.190 [info] > git show --textconv ee324f52e897252e3247c75fc6476f695944853c:openvidu-tutorials/openvidu-react/src/components/Shell/LeftSidebar/Categories/Categories.jsx [127ms]
2024-11-29 08:32:06.190 [info] > git show --textconv 58202207941ed352001754a7f631dc55eb3983c9:openvidu-tutorials/openvidu-react/src/components/Elements/openvidu/UserVideoComponent.js [118ms]
2024-11-29 08:32:06.190 [info] > git show --textconv ee324f52e897252e3247c75fc6476f695944853c:openvidu-tutorials/openvidu-react/src/components/Elements/openvidu/UserVideoComponent.js [108ms]
2024-11-29 08:32:06.190 [info] > git show --textconv 58202207941ed352001754a7f631dc55eb3983c9:openvidu-tutorials/openvidu-react/src/components/Elements/openvidu/Timer/Timer.jsx [99ms]
2024-11-29 08:32:06.190 [info] > git show --textconv ee324f52e897252e3247c75fc6476f695944853c:openvidu-tutorials/openvidu-react/src/components/Elements/openvidu/Timer/Timer.jsx [89ms]
2024-11-29 08:32:06.190 [info] > git show --textconv 58202207941ed352001754a7f631dc55eb3983c9:openvidu-tutorials/openvidu-react/src/components/Elements/openvidu/OvVideo.js [79ms]
2024-11-29 08:32:06.190 [info] > git show --textconv ee324f52e897252e3247c75fc6476f695944853c:openvidu-tutorials/openvidu-react/src/components/Elements/openvidu/OvVideo.js [65ms]
2024-11-29 08:32:06.190 [info] > git show --textconv 58202207941ed352001754a7f631dc55eb3983c9:openvidu-tutorials/openvidu-react/src/components/Elements/openvidu/OpenviduFinal.js [54ms]
2024-11-29 08:32:06.191 [info] > git show --textconv ee324f52e897252e3247c75fc6476f695944853c:openvidu-tutorials/openvidu-react/src/components/Elements/openvidu/OpenviduFinal.js [44ms]
2024-11-29 08:32:06.191 [info] > git show --textconv 58202207941ed352001754a7f631dc55eb3983c9:openvidu-tutorials/openvidu-react/src/components/Elements/openvidu/OpenviduFinal.css [38ms]
2024-11-29 08:32:06.191 [info] > git show --textconv ee324f52e897252e3247c75fc6476f695944853c:openvidu-tutorials/openvidu-react/src/components/Elements/openvidu/OpenviduFinal.css [28ms]
2024-11-29 08:32:06.191 [info] > git show --textconv 58202207941ed352001754a7f631dc55eb3983c9:openvidu-tutorials/openvidu-react/src/components/Shell/LeftSidebar/Categories/Categories.jsx [12ms]
2024-11-29 08:32:10.899 [info] > git config --get commit.template [3ms]
2024-11-29 08:32:10.913 [info] > git for-each-ref --format=%(refname)%00%(upstream:short)%00%(objectname)%00%(upstream:track)%00%(upstream:remotename)%00%(upstream:remoteref) refs/heads/audio-final refs/remotes/audio-final [8ms]
2024-11-29 08:32:10.934 [info] > git status -z -uall [14ms]
2024-11-29 08:32:10.943 [info] > git for-each-ref --sort -committerdate --format %(refname) %(objectname) %(*objectname) [9ms]
2024-11-29 08:32:12.074 [info] > git log --format=%H%n%aN%n%aE%n%at%n%ct%n%P%n%D%n%B -z --shortstat --diff-merges=first-parent -n50 --skip=0 --topo-order --decorate=full --stdin [7280ms]
2024-11-29 08:32:12.184 [info] > git config --get commit.template [6ms]
2024-11-29 08:32:12.187 [info] > git for-each-ref --format=%(refname)%00%(upstream:short)%00%(objectname)%00%(upstream:track)%00%(upstream:remotename)%00%(upstream:remoteref) refs/heads/audio-final refs/remotes/audio-final [4ms]
2024-11-29 08:32:12.214 [info] > git status -z -uall [18ms]
2024-11-29 08:32:12.224 [info] > git for-each-ref --sort -committerdate --format %(refname) %(objectname) %(*objectname) [13ms]
2024-11-29 08:32:17.938 [info] > git config --get commit.template [10ms]
2024-11-29 08:32:17.940 [info] > git for-each-ref --format=%(refname)%00%(upstream:short)%00%(objectname)%00%(upstream:track)%00%(upstream:remotename)%00%(upstream:remoteref) refs/heads/audio-final refs/remotes/audio-final [4ms]
2024-11-29 08:32:17.962 [info] > git status -z -uall [18ms]
2024-11-29 08:32:17.969 [info] > git for-each-ref --sort -committerdate --format %(refname) %(objectname) %(*objectname) [12ms]
2024-11-29 08:32:18.162 [info] > git ls-tree -l ee324f52e897252e3247c75fc6476f695944853c -- /home/ubuntu/Project-Agora/openvidu-tutorials/openvidu-react/src/components/Shell/LeftSidebar/Categories/Categories.jsx [18ms]
2024-11-29 08:32:18.163 [info] > git ls-tree -l 58202207941ed352001754a7f631dc55eb3983c9 -- /home/ubuntu/Project-Agora/openvidu-tutorials/openvidu-react/src/components/Elements/openvidu/UserVideoComponent.js [31ms]
2024-11-29 08:32:18.163 [info] > git ls-tree -l ee324f52e897252e3247c75fc6476f695944853c -- /home/ubuntu/Project-Agora/openvidu-tutorials/openvidu-react/src/components/Elements/openvidu/UserVideoComponent.js [36ms]
2024-11-29 08:32:18.163 [info] > git ls-tree -l 58202207941ed352001754a7f631dc55eb3983c9 -- /home/ubuntu/Project-Agora/openvidu-tutorials/openvidu-react/src/components/Elements/openvidu/Timer/Timer.jsx [47ms]
2024-11-29 08:32:18.164 [info] > git ls-tree -l ee324f52e897252e3247c75fc6476f695944853c -- /home/ubuntu/Project-Agora/openvidu-tutorials/openvidu-react/src/components/Elements/openvidu/Timer/Timer.jsx [59ms]
2024-11-29 08:32:18.164 [info] > git ls-tree -l 58202207941ed352001754a7f631dc55eb3983c9 -- /home/ubuntu/Project-Agora/openvidu-tutorials/openvidu-react/src/components/Elements/openvidu/OvVideo.js [67ms]
2024-11-29 08:32:18.165 [info] > git ls-tree -l ee324f52e897252e3247c75fc6476f695944853c -- /home/ubuntu/Project-Agora/openvidu-tutorials/openvidu-react/src/components/Elements/openvidu/OvVideo.js [78ms]
2024-11-29 08:32:18.166 [info] > git ls-tree -l 58202207941ed352001754a7f631dc55eb3983c9 -- /home/ubuntu/Project-Agora/openvidu-tutorials/openvidu-react/src/components/Elements/openvidu/OpenviduFinal.js [91ms]
2024-11-29 08:32:18.166 [info] > git ls-tree -l ee324f52e897252e3247c75fc6476f695944853c -- /home/ubuntu/Project-Agora/openvidu-tutorials/openvidu-react/src/components/Elements/openvidu/OpenviduFinal.js [99ms]
2024-11-29 08:32:18.166 [info] > git ls-tree -l 58202207941ed352001754a7f631dc55eb3983c9 -- /home/ubuntu/Project-Agora/openvidu-tutorials/openvidu-react/src/components/Elements/openvidu/OpenviduFinal.css [108ms]
2024-11-29 08:32:18.167 [info] > git ls-tree -l ee324f52e897252e3247c75fc6476f695944853c -- /home/ubuntu/Project-Agora/openvidu-tutorials/openvidu-react/src/components/Elements/openvidu/OpenviduFinal.css [116ms]
2024-11-29 08:32:18.168 [info] > git ls-tree -l 58202207941ed352001754a7f631dc55eb3983c9 -- /home/ubuntu/Project-Agora/openvidu-tutorials/openvidu-react/src/components/Shell/LeftSidebar/Categories/Categories.jsx [17ms]
2024-11-29 08:32:18.287 [info] > git show --textconv ee324f52e897252e3247c75fc6476f695944853c:openvidu-tutorials/openvidu-react/src/components/Shell/LeftSidebar/Categories/Categories.jsx [98ms]
2024-11-29 08:32:18.287 [info] > git show --textconv 58202207941ed352001754a7f631dc55eb3983c9:openvidu-tutorials/openvidu-react/src/components/Elements/openvidu/UserVideoComponent.js [89ms]
2024-11-29 08:32:18.287 [info] > git show --textconv ee324f52e897252e3247c75fc6476f695944853c:openvidu-tutorials/openvidu-react/src/components/Elements/openvidu/UserVideoComponent.js [80ms]
2024-11-29 08:32:18.287 [info] > git show --textconv 58202207941ed352001754a7f631dc55eb3983c9:openvidu-tutorials/openvidu-react/src/components/Elements/openvidu/Timer/Timer.jsx [71ms]
2024-11-29 08:32:18.287 [info] > git show --textconv ee324f52e897252e3247c75fc6476f695944853c:openvidu-tutorials/openvidu-react/src/components/Elements/openvidu/Timer/Timer.jsx [61ms]
2024-11-29 08:32:18.287 [info] > git show --textconv 58202207941ed352001754a7f631dc55eb3983c9:openvidu-tutorials/openvidu-react/src/components/Elements/openvidu/OvVideo.js [54ms]
2024-11-29 08:32:18.287 [info] > git show --textconv ee324f52e897252e3247c75fc6476f695944853c:openvidu-tutorials/openvidu-react/src/components/Elements/openvidu/OvVideo.js [43ms]
2024-11-29 08:32:18.287 [info] > git show --textconv 58202207941ed352001754a7f631dc55eb3983c9:openvidu-tutorials/openvidu-react/src/components/Elements/openvidu/OpenviduFinal.js [37ms]
2024-11-29 08:32:18.287 [info] > git show --textconv ee324f52e897252e3247c75fc6476f695944853c:openvidu-tutorials/openvidu-react/src/components/Elements/openvidu/OpenviduFinal.js [27ms]
2024-11-29 08:32:18.287 [info] > git show --textconv 58202207941ed352001754a7f631dc55eb3983c9:openvidu-tutorials/openvidu-react/src/components/Elements/openvidu/OpenviduFinal.css [21ms]
2024-11-29 08:32:18.287 [info] > git show --textconv ee324f52e897252e3247c75fc6476f695944853c:openvidu-tutorials/openvidu-react/src/components/Elements/openvidu/OpenviduFinal.css [13ms]
2024-11-29 08:32:18.297 [info] > git show --textconv 58202207941ed352001754a7f631dc55eb3983c9:openvidu-tutorials/openvidu-react/src/components/Shell/LeftSidebar/Categories/Categories.jsx [15ms]
2024-11-29 08:32:18.420 [info] > git log --format=%H%n%aN%n%aE%n%at%n%ct%n%P%n%D%n%B -z --shortstat --diff-merges=first-parent -n50 --skip=0 --topo-order --decorate=full --stdin [6307ms]
2024-11-29 08:32:22.982 [info] > git config --get commit.template [6ms]
2024-11-29 08:32:22.984 [info] > git for-each-ref --format=%(refname)%00%(upstream:short)%00%(objectname)%00%(upstream:track)%00%(upstream:remotename)%00%(upstream:remoteref) refs/heads/audio-final refs/remotes/audio-final [3ms]
2024-11-29 08:32:23.001 [info] > git status -z -uall [11ms]
2024-11-29 08:32:23.005 [info] > git for-each-ref --sort -committerdate --format %(refname) %(objectname) %(*objectname) [5ms]
2024-11-29 08:32:40.067 [info] > git ls-tree -l ee324f52e897252e3247c75fc6476f695944853c -- /home/ubuntu/Project-Agora/openvidu-tutorials/openvidu-react/src/components/Elements/openvidu/OpenviduFinal.js [13ms]
2024-11-29 08:32:40.068 [info] > git ls-tree -l 58202207941ed352001754a7f631dc55eb3983c9 -- /home/ubuntu/Project-Agora/openvidu-tutorials/openvidu-react/src/components/Elements/openvidu/OpenviduFinal.css [20ms]
2024-11-29 08:32:40.068 [info] > git ls-tree -l ee324f52e897252e3247c75fc6476f695944853c -- /home/ubuntu/Project-Agora/openvidu-tutorials/openvidu-react/src/components/Elements/openvidu/OpenviduFinal.css [27ms]
2024-11-29 08:32:40.069 [info] > git ls-tree -l 58202207941ed352001754a7f631dc55eb3983c9 -- /home/ubuntu/Project-Agora/openvidu-tutorials/openvidu-react/src/components/Elements/openvidu/OpenviduFinal.js [9ms]
