2024-11-24 04:56:49.999 [info] [main] 로그 수준: Info
2024-11-24 04:56:49.999 [info] [main] "git"에서 찾은 git 유효성을 검사하는 중
2024-11-24 04:56:49.999 [info] [main] "2.43.0"에서 git "git"을(를) 사용하는 중
2024-11-24 04:56:49.999 [info] [Model][doInitialScan] Initial repository scan started
2024-11-24 04:56:49.999 [info] > git rev-parse --show-toplevel [6ms]
2024-11-24 04:56:50.017 [info] > git rev-parse --show-toplevel [230ms]
2024-11-24 04:56:50.043 [info] > git rev-parse --show-toplevel [1ms]
2024-11-24 04:56:50.062 [info] > git rev-parse --show-toplevel [3ms]
2024-11-24 04:56:50.078 [info] > git rev-parse --show-toplevel [1ms]
2024-11-24 04:56:50.124 [info] > git rev-parse --show-toplevel [8ms]
2024-11-24 04:56:50.140 [info] [Model][doInitialScan] Initial repository scan completed - repositories (0), closed repositories (0), parent repositories (1), unsafe repositories (0)
2024-11-24 04:58:30.791 [info] > git rev-parse --show-toplevel [36ms]
2024-11-24 04:58:32.856 [info] > git rev-parse --show-toplevel [9ms]
2024-11-24 04:58:34.044 [info] > git rev-parse --show-toplevel [12ms]
2024-11-24 04:58:34.605 [info] > git rev-parse --show-toplevel [9ms]
2024-11-24 05:00:04.894 [info] > git rev-parse --show-toplevel [11ms]
2024-11-24 05:00:08.790 [info] > git rev-parse --show-toplevel [5ms]
2024-11-24 05:00:10.928 [info] > git rev-parse --show-toplevel [2ms]
2024-11-24 05:01:07.515 [info] > git rev-parse --show-toplevel [9ms]
2024-11-24 05:01:17.060 [info] > git rev-parse --show-toplevel [8ms]
2024-11-24 05:01:48.550 [info] > git rev-parse --show-toplevel [3ms]
2024-11-24 05:01:56.942 [info] > git rev-parse --show-toplevel [1ms]
2024-11-24 05:02:08.026 [info] > git rev-parse --show-toplevel [6ms]
2024-11-24 05:02:30.037 [info] > git rev-parse --show-toplevel [8ms]
2024-11-24 05:02:35.244 [info] > git rev-parse --show-toplevel [5ms]
2024-11-24 05:02:40.506 [info] > git rev-parse --show-toplevel [2ms]
2024-11-24 05:02:41.379 [info] > git rev-parse --show-toplevel [3ms]
2024-11-24 05:02:52.204 [info] > git rev-parse --show-toplevel [2ms]
2024-11-24 05:02:56.966 [info] > git rev-parse --show-toplevel [1ms]
2024-11-24 05:03:06.010 [info] > git rev-parse --show-toplevel [2ms]
2024-11-24 05:03:08.313 [info] > git rev-parse --show-toplevel [3ms]
2024-11-24 05:03:08.942 [info] > git rev-parse --show-toplevel [6ms]
2024-11-24 05:03:11.887 [info] > git rev-parse --show-toplevel [4ms]
2024-11-24 05:03:13.290 [info] > git rev-parse --show-toplevel [5ms]
2024-11-24 05:03:14.741 [info] > git rev-parse --show-toplevel [4ms]
2024-11-24 05:03:23.266 [info] > git rev-parse --show-toplevel [5ms]
2024-11-24 05:03:24.843 [info] > git rev-parse --show-toplevel [8ms]
2024-11-24 05:03:24.859 [info] > git rev-parse --show-toplevel [7ms]
2024-11-24 05:03:25.963 [info] > git rev-parse --show-toplevel [2ms]
2024-11-24 05:03:26.848 [info] > git rev-parse --show-toplevel [3ms]
2024-11-24 05:05:52.865 [info] > git rev-parse --show-toplevel [3ms]
2024-11-24 05:05:57.242 [info] > git rev-parse --show-toplevel [4ms]
2024-11-24 05:05:59.176 [info] > git rev-parse --show-toplevel [9ms]
2024-11-24 05:06:00.103 [info] > git rev-parse --show-toplevel [4ms]
2024-11-24 05:06:00.133 [info] > git rev-parse --show-toplevel [3ms]
2024-11-24 05:06:00.152 [info] > git rev-parse --show-toplevel [9ms]
2024-11-24 05:07:00.122 [info] > git rev-parse --show-toplevel [3ms]
2024-11-24 05:07:00.134 [info] > git rev-parse --show-toplevel [2ms]
2024-11-24 05:07:30.759 [info] > git rev-parse --show-toplevel [17ms]
2024-11-24 05:07:33.453 [info] > git rev-parse --show-toplevel [3ms]
2024-11-24 05:07:35.033 [info] > git rev-parse --show-toplevel [12ms]
2024-11-24 05:07:36.336 [info] > git rev-parse --show-toplevel [3ms]
2024-11-24 05:07:40.655 [info] > git rev-parse --show-toplevel [8ms]
2024-11-24 05:07:43.319 [info] > git rev-parse --show-toplevel [3ms]
2024-11-24 05:07:48.481 [info] > git rev-parse --show-toplevel [6ms]
2024-11-24 05:07:49.309 [info] > git rev-parse --show-toplevel [7ms]
2024-11-24 05:07:55.118 [info] > git rev-parse --show-toplevel [2ms]
2024-11-24 05:07:55.875 [info] > git rev-parse --show-toplevel [3ms]
2024-11-24 05:07:58.671 [info] > git rev-parse --show-toplevel [6ms]
2024-11-24 05:07:59.297 [info] > git rev-parse --show-toplevel [10ms]
2024-11-24 05:08:01.651 [info] > git rev-parse --show-toplevel [19ms]
2024-11-24 05:08:02.115 [info] > git rev-parse --show-toplevel [13ms]
2024-11-24 05:08:04.217 [info] > git rev-parse --show-toplevel [2ms]
2024-11-24 05:08:31.675 [info] > git rev-parse --show-toplevel [7ms]
2024-11-24 05:08:32.996 [info] > git rev-parse --show-toplevel [4ms]
2024-11-24 05:08:35.585 [info] > git rev-parse --show-toplevel [3ms]
2024-11-24 05:08:36.061 [info] > git rev-parse --show-toplevel [2ms]
2024-11-24 05:08:36.615 [info] > git rev-parse --show-toplevel [4ms]
2024-11-24 05:08:37.063 [info] > git rev-parse --show-toplevel [5ms]
2024-11-24 05:08:57.120 [info] > git rev-parse --show-toplevel [3ms]
2024-11-24 05:09:36.074 [info] > git rev-parse --show-toplevel [8ms]
2024-11-24 05:09:39.547 [info] > git rev-parse --show-toplevel [3ms]
2024-11-24 05:11:37.514 [info] > git rev-parse --show-toplevel [11ms]
2024-11-24 05:11:42.834 [info] > git rev-parse --show-toplevel [3ms]
2024-11-24 05:13:42.830 [info] > git rev-parse --show-toplevel [9ms]
2024-11-24 05:13:56.671 [info] > git rev-parse --show-toplevel [1ms]
2024-11-24 05:17:42.159 [info] > git rev-parse --show-toplevel [1ms]
2024-11-24 05:18:05.695 [info] > git rev-parse --show-toplevel [8ms]
2024-11-24 05:20:45.268 [info] > git rev-parse --show-toplevel [13ms]
2024-11-24 05:20:52.152 [info] > git rev-parse --show-toplevel [5ms]
2024-11-24 05:20:58.030 [info] > git rev-parse --show-toplevel [8ms]
2024-11-24 05:21:09.338 [info] > git rev-parse --show-toplevel [4ms]
2024-11-24 05:21:18.581 [info] > git rev-parse --show-toplevel [2ms]
2024-11-24 05:21:21.455 [info] > git rev-parse --show-toplevel [9ms]
2024-11-24 05:23:46.062 [info] > git rev-parse --show-toplevel [2ms]
2024-11-24 05:24:26.205 [info] > git rev-parse --show-toplevel [3ms]
2024-11-24 05:24:51.453 [info] > git rev-parse --show-toplevel [4ms]
2024-11-24 05:25:29.339 [info] > git rev-parse --show-toplevel [10ms]
2024-11-24 05:25:37.279 [info] > git rev-parse --show-toplevel [2ms]
2024-11-24 05:25:40.400 [info] > git rev-parse --show-toplevel [3ms]
2024-11-24 05:26:19.860 [info] > git rev-parse --show-toplevel [3ms]
2024-11-24 05:26:20.065 [info] > git rev-parse --show-toplevel [2ms]
2024-11-24 05:26:24.305 [info] > git rev-parse --show-toplevel [3ms]
2024-11-24 05:26:39.155 [info] > git rev-parse --show-toplevel [2ms]
2024-11-24 05:28:00.627 [info] > git rev-parse --show-toplevel [6ms]
2024-11-24 05:28:12.691 [info] > git rev-parse --show-toplevel [5ms]
2024-11-24 05:29:13.823 [info] > git rev-parse --show-toplevel [3ms]
2024-11-24 05:29:51.108 [info] > git rev-parse --show-toplevel [7ms]
2024-11-24 05:29:53.653 [info] > git rev-parse --show-toplevel [3ms]
2024-11-24 05:29:57.350 [info] > git rev-parse --show-toplevel [4ms]
2024-11-24 05:29:57.366 [info] > git rev-parse --show-toplevel [5ms]
2024-11-24 05:29:57.383 [info] > git rev-parse --show-toplevel [5ms]
2024-11-24 05:30:05.873 [info] > git rev-parse --show-toplevel [2ms]
2024-11-24 05:30:05.879 [info] > git rev-parse --show-toplevel [2ms]
2024-11-24 05:30:05.886 [info] > git rev-parse --show-toplevel [2ms]
2024-11-24 05:30:57.326 [info] > git rev-parse --show-toplevel [3ms]
2024-11-24 05:30:57.332 [info] > git rev-parse --show-toplevel [2ms]
2024-11-24 05:30:57.338 [info] > git rev-parse --show-toplevel [1ms]
2024-11-24 05:31:00.955 [info] > git rev-parse --show-toplevel [2ms]
2024-11-24 05:31:00.965 [info] > git rev-parse --show-toplevel [2ms]
2024-11-24 05:31:00.970 [info] > git rev-parse --show-toplevel [1ms]
2024-11-24 05:31:03.540 [info] > git rev-parse --show-toplevel [2ms]
2024-11-24 05:31:03.546 [info] > git rev-parse --show-toplevel [2ms]
2024-11-24 05:31:03.552 [info] > git rev-parse --show-toplevel [2ms]
2024-11-24 05:31:49.237 [info] > git rev-parse --show-toplevel [4ms]
2024-11-24 05:31:49.245 [info] > git rev-parse --show-toplevel [2ms]
2024-11-24 05:31:49.252 [info] > git rev-parse --show-toplevel [2ms]
2024-11-24 05:31:52.571 [info] > git rev-parse --show-toplevel [3ms]
2024-11-24 05:31:52.580 [info] > git rev-parse --show-toplevel [3ms]
2024-11-24 05:31:52.587 [info] > git rev-parse --show-toplevel [3ms]
2024-11-24 05:32:40.719 [info] > git rev-parse --show-toplevel [3ms]
2024-11-24 05:32:40.731 [info] > git rev-parse --show-toplevel [2ms]
2024-11-24 05:32:40.743 [info] > git rev-parse --show-toplevel [4ms]
2024-11-24 05:32:57.253 [info] > git rev-parse --show-toplevel [3ms]
2024-11-24 05:32:57.262 [info] > git rev-parse --show-toplevel [1ms]
2024-11-24 05:32:58.889 [info] > git rev-parse --show-toplevel [3ms]
2024-11-24 05:32:59.596 [info] > git rev-parse --show-toplevel [5ms]
2024-11-24 05:33:23.357 [info] > git rev-parse --show-toplevel [2ms]
2024-11-24 05:35:50.804 [info] > git rev-parse --show-toplevel [4ms]
2024-11-24 05:37:10.895 [info] > git rev-parse --show-toplevel [7ms]
2024-11-24 05:40:37.363 [info] > git rev-parse --show-toplevel [14ms]
2024-11-24 05:40:44.860 [info] > git rev-parse --show-toplevel [9ms]
2024-11-24 05:41:15.918 [info] > git rev-parse --show-toplevel [3ms]
2024-11-24 05:41:18.781 [info] > git rev-parse --show-toplevel [12ms]
2024-11-24 05:41:26.313 [info] > git rev-parse --show-toplevel [1ms]
2024-11-24 05:41:30.263 [info] > git rev-parse --show-toplevel [2ms]
2024-11-24 05:41:34.663 [info] > git rev-parse --show-toplevel [3ms]
2024-11-24 05:41:37.857 [info] > git rev-parse --show-toplevel [9ms]
2024-11-24 05:41:38.223 [info] > git rev-parse --show-toplevel [2ms]
2024-11-24 05:41:38.676 [info] > git rev-parse --show-toplevel [2ms]
2024-11-24 05:42:30.482 [info] > git rev-parse --show-toplevel [3ms]
2024-11-24 05:42:44.951 [info] > git rev-parse --show-toplevel [9ms]
2024-11-24 05:42:48.243 [info] > git rev-parse --show-toplevel [5ms]
2024-11-24 05:43:13.264 [info] > git rev-parse --show-toplevel [2ms]
2024-11-24 05:43:21.281 [info] > git rev-parse --show-toplevel [9ms]
2024-11-24 05:43:42.948 [info] > git rev-parse --show-toplevel [1ms]
2024-11-24 05:43:53.866 [info] > git rev-parse --show-toplevel [3ms]
2024-11-24 05:43:56.882 [info] > git rev-parse --show-toplevel [3ms]
2024-11-24 05:44:47.325 [info] > git rev-parse --show-toplevel [3ms]
2024-11-24 05:45:02.957 [info] > git rev-parse --show-toplevel [5ms]
2024-11-24 05:45:19.052 [info] > git rev-parse --show-toplevel [3ms]
2024-11-24 05:45:23.629 [info] > git rev-parse --show-toplevel [2ms]
2024-11-24 05:47:40.377 [info] > git rev-parse --show-toplevel [2ms]
2024-11-24 05:48:36.833 [info] > git rev-parse --show-toplevel [4ms]
2024-11-24 05:48:44.476 [info] > git rev-parse --show-toplevel [3ms]
2024-11-24 05:48:51.206 [info] > git rev-parse --show-toplevel [3ms]
2024-11-24 05:49:08.863 [info] > git rev-parse --show-toplevel [4ms]
2024-11-24 05:49:13.306 [info] > git rev-parse --show-toplevel [2ms]
2024-11-24 05:49:14.096 [info] > git rev-parse --show-toplevel [3ms]
2024-11-24 05:49:15.587 [info] > git rev-parse --show-toplevel [1ms]
2024-11-24 05:49:16.415 [info] > git rev-parse --show-toplevel [5ms]
2024-11-24 05:49:27.646 [info] > git rev-parse --show-toplevel [6ms]
2024-11-24 05:49:32.055 [info] > git rev-parse --show-toplevel [5ms]
2024-11-24 05:50:09.552 [info] > git rev-parse --show-toplevel [3ms]
2024-11-24 05:50:10.216 [info] > git rev-parse --show-toplevel [5ms]
2024-11-24 05:50:10.828 [info] > git rev-parse --show-toplevel [5ms]
2024-11-24 05:50:11.885 [info] > git rev-parse --show-toplevel [9ms]
2024-11-24 05:50:12.334 [info] > git rev-parse --show-toplevel [7ms]
2024-11-24 05:50:14.880 [info] > git rev-parse --show-toplevel [2ms]
2024-11-24 05:50:21.862 [info] > git rev-parse --show-toplevel [2ms]
2024-11-24 05:50:32.671 [info] > git rev-parse --show-toplevel [2ms]
2024-11-24 05:50:33.925 [info] > git rev-parse --show-toplevel [2ms]
2024-11-24 05:50:36.928 [info] > git rev-parse --show-toplevel [2ms]
2024-11-24 05:50:38.841 [info] > git rev-parse --show-toplevel [2ms]
2024-11-24 05:50:39.447 [info] > git rev-parse --show-toplevel [15ms]
2024-11-24 05:50:43.914 [info] > git rev-parse --show-toplevel [10ms]
2024-11-24 05:50:44.418 [info] > git rev-parse --show-toplevel [2ms]
2024-11-24 05:50:44.969 [info] > git rev-parse --show-toplevel [3ms]
2024-11-24 05:50:48.327 [info] > git rev-parse --show-toplevel [5ms]
2024-11-24 05:52:27.964 [info] > git rev-parse --show-toplevel [7ms]
2024-11-24 05:52:38.077 [info] > git rev-parse --show-toplevel [3ms]
2024-11-24 05:54:15.329 [info] > git rev-parse --show-toplevel [2ms]
