2024-11-24 06:05:21.092 [info] Extension host with pid 48432 started
2024-11-24 06:05:21.092 [error] Error: EEXIST: file already exists, open '/home/ubuntu/.vscode-server/data/User/workspaceStorage/cbc31ea0fba3a2073e4abc697175b5b5/vscode.lock'
2024-11-24 06:05:21.101 [info] Lock '/home/ubuntu/.vscode-server/data/User/workspaceStorage/cbc31ea0fba3a2073e4abc697175b5b5/vscode.lock': Could not acquire lock, checking if the file is stale.
2024-11-24 06:05:21.168 [info] Lock '/home/ubuntu/.vscode-server/data/User/workspaceStorage/cbc31ea0fba3a2073e4abc697175b5b5/vscode.lock': The lock does not look stale, elapsed: 975 ms, giving up.
2024-11-24 06:05:21.182 [info] Lock '/home/ubuntu/.vscode-server/data/User/workspaceStorage/cbc31ea0fba3a2073e4abc697175b5b5-1/vscode.lock': Lock acquired.
2024-11-24 06:05:21.313 [info] ExtensionService#_doActivateExtension vscode.emmet, startup: false, activationEvent: 'onLanguage'
2024-11-24 06:05:21.315 [info] ExtensionService#_doActivateExtension vscode.tunnel-forwarding, startup: false, activationEvent: 'onTunnel'
2024-11-24 06:05:21.317 [info] ExtensionService#_doActivateExtension vscode.typescript-language-features, startup: false, activationEvent: 'onLanguage:javascript'
2024-11-24 06:05:21.318 [info] ExtensionService#_doActivateExtension vscode.git-base, startup: false, activationEvent: '*', root cause: vscode.git
2024-11-24 06:05:22.789 [info] ExtensionService#_doActivateExtension vscode.git, startup: false, activationEvent: '*'
2024-11-24 06:05:22.790 [info] ExtensionService#_doActivateExtension vscode.github, startup: false, activationEvent: '*'
2024-11-24 06:05:24.021 [info] Eager extensions activated
2024-11-24 06:05:24.028 [info] ExtensionService#_doActivateExtension vscode.debug-auto-launch, startup: false, activationEvent: 'onStartupFinished'
2024-11-24 06:05:24.029 [info] ExtensionService#_doActivateExtension vscode.merge-conflict, startup: false, activationEvent: 'onStartupFinished'
2024-11-24 06:13:02.447 [info] ExtensionService#_doActivateExtension vscode.debug-server-ready, startup: false, activationEvent: 'onDebugResolve'
2024-11-24 06:28:47.267 [info] ExtensionService#_doActivateExtension vscode.npm, startup: false, activationEvent: 'onTerminalQuickFixRequest:ms-vscode.npm-command'
2024-11-24 06:28:52.563 [info] ExtensionService#_doActivateExtension vscode.configuration-editing, startup: false, activationEvent: 'onLanguage:json'
2024-11-24 06:28:52.563 [info] ExtensionService#_doActivateExtension vscode.extension-editing, startup: false, activationEvent: 'onLanguage:json'
2024-11-24 06:28:52.563 [info] ExtensionService#_doActivateExtension vscode.json-language-features, startup: false, activationEvent: 'onLanguage:json'
2024-11-24 06:45:17.173 [info] ExtensionService#_doActivateExtension vscode.css-language-features, startup: false, activationEvent: 'onLanguage:css'
2024-11-24 15:05:02.090 [info] Extension host terminating: received terminate message from renderer
2024-11-24 15:05:02.096 [info] Lock '/home/ubuntu/.vscode-server/data/User/workspaceStorage/cbc31ea0fba3a2073e4abc697175b5b5-1/vscode.lock': Marking the lockfile as scheduled to be released in 6000 ms.
2024-11-24 15:05:02.474 [info] Extension host with pid 48432 exiting with code 0
