0 verbose cli /usr/bin/node /usr/bin/npm
1 info using npm@9.2.0
2 info using node@v18.19.1
3 timing npm:load:whichnode Completed in 1ms
4 timing config:load:defaults Completed in 4ms
5 timing config:load:file:/usr/share/nodejs/npm/npmrc Completed in 8ms
6 timing config:load:builtin Completed in 8ms
7 timing config:load:cli Completed in 3ms
8 timing config:load:env Completed in 1ms
9 timing config:load:file:/home/ubuntu/.cache/typescript/5.6/.npmrc Completed in 1ms
10 timing config:load:project Completed in 3ms
11 timing config:load:file:/home/ubuntu/.npmrc Completed in 0ms
12 timing config:load:user Completed in 2ms
13 timing config:load:file:/etc/npmrc Completed in 0ms
14 timing config:load:global Completed in 1ms
15 timing config:load:setEnvs Completed in 3ms
16 timing config:load Completed in 27ms
17 timing npm:load:configload Completed in 27ms
18 timing npm:load:mkdirpcache Completed in 4ms
19 timing npm:load:mkdirplogs Completed in 0ms
20 verbose title npm install @types/react@ts5.6
21 verbose argv "install" "--ignore-scripts" "@types/react@ts5.6" "--save-dev" "--user-agent" "typesInstaller/5.6.3"
22 timing npm:load:setTitle Completed in 5ms
23 timing config:load:flatten Completed in 9ms
24 timing npm:load:display Completed in 11ms
25 verbose logfile logs-max:10 dir:/home/ubuntu/.npm/_logs/2024-11-28T11_18_43_446Z-
26 verbose logfile /home/ubuntu/.npm/_logs/2024-11-28T11_18_43_446Z-debug-0.log
27 timing npm:load:logFile Completed in 14ms
28 timing npm:load:timers Completed in 1ms
29 timing npm:load:configScope Completed in 0ms
30 timing npm:load Completed in 63ms
31 silly logfile start cleaning logs, removing 1 files
32 timing config:load:flatten Completed in 1ms
33 timing arborist:ctor Completed in 1ms
34 silly logfile done cleaning log files
35 timing idealTree:init Completed in 309ms
36 timing arborist:ctor Completed in 0ms
37 http fetch GET 200 https://registry.npmjs.org/@types%2freact 338ms (cache revalidated)
38 timing idealTree:userRequests Completed in 378ms
39 silly idealTree buildDeps
40 silly fetch manifest @types/react@18.3.12
41 silly placeDep ROOT @types/react@18.3.12 REPLACE for:  want: 18.3.12
42 timing idealTree:#root Completed in 14ms
43 timing idealTree:node_modules/@types/react Completed in 0ms
44 timing idealTree:buildDeps Completed in 17ms
45 timing idealTree:fixDepFlags Completed in 1ms
46 timing idealTree Completed in 713ms
47 timing reify:loadTrees Completed in 715ms
48 timing reify:diffTrees Completed in 7ms
49 silly reify moves {}
50 timing reify:retireShallow Completed in 2ms
51 timing reify:createSparse Completed in 0ms
52 timing reify:loadBundles Completed in 0ms
53 silly audit bulk request {
53 silly audit   '@babel/runtime': [ '7.26.0' ],
53 silly audit   '@ioredis/commands': [ '1.2.0' ],
53 silly audit   '@types/accepts': [ '1.3.7' ],
53 silly audit   '@types/bcryptjs': [ '2.4.6' ],
53 silly audit   '@types/body-parser': [ '1.19.5' ],
53 silly audit   '@types/busboy': [ '1.5.4' ],
53 silly audit   '@types/cheerio': [ '0.22.35' ],
53 silly audit   '@types/clean-css': [ '4.2.11' ],
53 silly audit   '@types/concat-stream': [ '2.0.3' ],
53 silly audit   '@types/connect': [ '3.4.38' ],
53 silly audit   '@types/connect-redis': [ '0.0.23' ],
53 silly audit   '@types/content-disposition': [ '0.5.8' ],
53 silly audit   '@types/content-type': [ '1.1.8' ],
53 silly audit   '@types/cookie-parser': [ '1.4.8' ],
53 silly audit   '@types/cookie-session': [ '2.0.49' ],
53 silly audit   '@types/cookie-signature': [ '1.1.2' ],
53 silly audit   '@types/cookiejar': [ '2.1.5' ],
53 silly audit   '@types/cors': [ '2.8.17' ],
53 silly audit   '@types/debug': [ '4.1.12' ],
53 silly audit   '@types/depd': [ '1.1.37' ],
53 silly audit   '@types/ejs': [ '3.1.5' ],
53 silly audit   '@types/encodeurl': [ '1.0.2' ],
53 silly audit   '@types/engine.io-client': [ '3.1.8' ],
53 silly audit   '@types/escape-html': [ '1.0.4' ],
53 silly audit   '@types/etag': [ '1.8.3' ],
53 silly audit   '@types/express': [ '5.0.0' ],
53 silly audit   '@types/express-serve-static-core': [ '5.0.1' ],
53 silly audit   '@types/express-session': [ '1.18.1' ],
53 silly audit   '@types/finalhandler': [ '1.2.3' ],
53 silly audit   '@types/fresh': [ '0.5.2' ],
53 silly audit   '@types/fs-extra': [ '11.0.4' ],
53 silly audit   '@types/hark': [ '1.2.5' ],
53 silly audit   '@types/hbs': [ '4.0.4' ],
53 silly audit   '@types/hoist-non-react-statics': [ '3.3.5' ],
53 silly audit   '@types/html-minifier': [ '4.0.5' ],
53 silly audit   '@types/html-webpack-plugin': [ '3.2.9' ],
53 silly audit   '@types/http-errors': [ '2.0.4' ],
53 silly audit   '@types/inherits': [ '0.0.33' ],
53 silly audit   '@types/jquery': [ '3.5.32' ],
53 silly audit   '@types/jsonfile': [ '6.1.4' ],
53 silly audit   '@types/jsonwebtoken': [ '9.0.7' ],
53 silly audit   '@types/jws': [ '3.2.10' ],
53 silly audit   '@types/keygrip': [ '1.0.6' ],
53 silly audit   '@types/lodash': [ '4.17.13' ],
53 silly audit   '@types/lodash.includes': [ '4.3.9' ],
53 silly audit   '@types/lodash.isboolean': [ '3.0.9' ],
53 silly audit   '@types/lodash.isinteger': [ '4.0.9' ],
53 silly audit   '@types/lodash.isnumber': [ '3.0.9' ],
53 silly audit   '@types/lodash.isplainobject': [ '4.0.9' ],
53 silly audit   '@types/lodash.isstring': [ '4.0.9' ],
53 silly audit   '@types/lodash.once': [ '4.1.9' ],
53 silly audit   '@types/matter-js': [ '0.19.7' ],
53 silly audit   '@types/merge-descriptors': [ '1.0.3' ],
53 silly audit   '@types/method-override': [ '0.0.35' ],
53 silly audit   '@types/methods': [ '1.1.4' ],
53 silly audit   '@types/mime': [ '1.3.5' ],
53 silly audit   '@types/mocha': [ '10.0.10' ],
53 silly audit   '@types/morgan': [ '1.9.9' ],
53 silly audit   '@types/ms': [ '0.7.34' ],
53 silly audit   '@types/multer': [ '1.4.12' ],
53 silly audit   '@types/multiparty': [ '4.2.1' ],
53 silly audit   '@types/node': [ '22.9.0' ],
53 silly audit   '@types/on-finished': [ '2.3.4' ],
53 silly audit   '@types/parseurl': [ '1.3.3' ],
53 silly audit   '@types/prop-types': [ '15.7.13' ],
53 silly audit   '@types/proxy-addr': [ '2.0.3' ],
53 silly audit   '@types/qs': [ '6.9.17' ],
53 silly audit   '@types/range-parser': [ '1.2.7' ],
53 silly audit   '@types/react-dom': [ '18.3.1' ],
53 silly audit   '@types/react-redux': [ '7.1.34' ],
53 silly audit   '@types/react-responsive': [ '8.0.8' ],
53 silly audit   '@types/redis': [ '2.8.32' ],
53 silly audit   '@types/relateurl': [ '0.2.33' ],
53 silly audit   '@types/send': [ '0.17.4' ],
53 silly audit   '@types/serve-static': [ '1.15.7' ],
53 silly audit   '@types/sizzle': [ '2.3.9' ],
53 silly audit   '@types/source-list-map': [ '0.1.6' ],
53 silly audit   '@types/statuses': [ '2.0.5' ],
53 silly audit   '@types/store': [ '2.0.5' ],
53 silly audit   '@types/styled-components': [ '5.1.34' ],
53 silly audit   '@types/superagent': [ '8.1.9' ],
53 silly audit   '@types/supertest': [ '6.0.2' ],
53 silly audit   '@types/tapable': [ '1.0.12' ],
53 silly audit   '@types/type-is': [ '1.6.6' ],
53 silly audit   '@types/uglify-js': [ '3.17.5' ],
53 silly audit   '@types/universalify': [ '1.0.3' ],
53 silly audit   '@types/utils-merge': [ '1.0.0' ],
53 silly audit   '@types/uuid': [ '10.0.0' ],
53 silly audit   '@types/vary': [ '1.1.3' ],
53 silly audit   '@types/vhost': [ '3.0.9' ],
53 silly audit   '@types/webpack': [ '4.41.40' ],
53 silly audit   '@types/webpack-sources': [ '3.2.3' ],
53 silly audit   'source-map': [ '0.7.4', '0.6.1' ],
53 silly audit   '@types/xtend': [ '4.0.6' ],
53 silly audit   anymatch: [ '3.1.3' ],
53 silly audit   asynckit: [ '0.4.0' ],
53 silly audit   'cluster-key-slot': [ '1.1.2' ],
53 silly audit   'combined-stream': [ '1.0.8' ],
53 silly audit   csstype: [ '3.1.3' ],
53 silly audit   debug: [ '4.3.7' ],
53 silly audit   'delayed-stream': [ '1.0.0' ],
53 silly audit   denque: [ '2.1.0' ],
53 silly audit   'form-data': [ '4.0.1' ],
53 silly audit   handlebars: [ '4.7.8' ],
53 silly audit   'hoist-non-react-statics': [ '3.3.2' ],
53 silly audit   ioredis: [ '5.4.1' ],
53 silly audit   'lodash.defaults': [ '4.2.0' ],
53 silly audit   'lodash.isarguments': [ '3.1.0' ],
53 silly audit   'mime-db': [ '1.52.0' ],
53 silly audit   'mime-types': [ '2.1.35' ],
53 silly audit   minimist: [ '1.2.8' ],
53 silly audit   ms: [ '2.1.3' ],
53 silly audit   'neo-async': [ '2.6.2' ],
53 silly audit   'normalize-path': [ '3.0.0' ],
53 silly audit   picomatch: [ '2.3.1' ],
53 silly audit   'react-is': [ '16.13.1' ],
53 silly audit   'redis-errors': [ '1.2.0' ],
53 silly audit   'redis-parser': [ '3.0.0' ],
53 silly audit   redux: [ '4.2.1' ],
53 silly audit   'regenerator-runtime': [ '0.14.1' ],
53 silly audit   'standard-as-callback': [ '2.1.0' ],
53 silly audit   'types-registry': [ '0.1.696' ],
53 silly audit   'uglify-js': [ '3.19.3' ],
53 silly audit   'undici-types': [ '6.19.8' ],
53 silly audit   wordwrap: [ '1.0.0' ],
53 silly audit   '@types/react': [ '18.3.12' ]
53 silly audit }
54 timing reify:unpack Completed in 1ms
55 timing reify:unretire Completed in 0ms
56 timing build:queue Completed in 0ms
57 timing build:deps Completed in 1ms
58 timing build Completed in 1ms
59 timing reify:build Completed in 2ms
60 timing reify:trash Completed in 0ms
61 timing reify:save Completed in 121ms
62 http fetch POST 200 https://registry.npmjs.org/-/npm/v1/security/advisories/bulk 236ms
63 timing auditReport:getReport Completed in 244ms
64 silly audit report {}
65 timing auditReport:init Completed in 0ms
66 timing reify:audit Completed in 246ms
67 timing reify Completed in 979ms
68 timing command:install Completed in 991ms
69 verbose exit 0
70 timing npm Completed in 1095ms
71 info ok
