2024-11-24 06:05:24.729 [info] [main] 로그 수준: Info
2024-11-24 06:05:24.729 [info] [main] "git"에서 찾은 git 유효성을 검사하는 중
2024-11-24 06:05:24.729 [info] [main] "2.43.0"에서 git "git"을(를) 사용하는 중
2024-11-24 06:05:24.729 [info] [Model][doInitialScan] Initial repository scan started
2024-11-24 06:05:24.729 [info] > git rev-parse --show-toplevel [162ms]
2024-11-24 06:05:24.744 [info] > git rev-parse --show-toplevel [390ms]
2024-11-24 06:05:24.797 [info] > git rev-parse --show-toplevel [23ms]
2024-11-24 06:05:24.848 [info] > git rev-parse --show-toplevel [5ms]
2024-11-24 06:05:24.905 [info] > git rev-parse --show-toplevel [11ms]
2024-11-24 06:05:24.996 [info] > git rev-parse --show-toplevel [57ms]
2024-11-24 06:05:25.040 [info] [Model][doInitialScan] Initial repository scan completed - repositories (0), closed repositories (0), parent repositories (1), unsafe repositories (0)
2024-11-24 06:06:30.839 [info] > git rev-parse --show-toplevel [8ms]
2024-11-24 06:06:38.204 [info] > git rev-parse --show-toplevel [14ms]
2024-11-24 06:09:08.855 [info] > git rev-parse --show-toplevel [11ms]
2024-11-24 06:09:19.006 [info] > git rev-parse --show-toplevel [4ms]
2024-11-24 06:09:36.981 [info] > git rev-parse --show-toplevel [5ms]
2024-11-24 06:09:39.418 [info] > git rev-parse --show-toplevel [4ms]
2024-11-24 06:09:44.194 [info] > git rev-parse --show-toplevel [4ms]
2024-11-24 06:09:44.678 [info] > git rev-parse --show-toplevel [3ms]
2024-11-24 06:09:45.422 [info] > git rev-parse --show-toplevel [2ms]
2024-11-24 06:10:13.445 [info] > git rev-parse --show-toplevel [1ms]
2024-11-24 06:10:23.010 [info] > git rev-parse --show-toplevel [2ms]
2024-11-24 06:10:48.434 [info] > git rev-parse --show-toplevel [1ms]
2024-11-24 06:10:58.411 [info] > git rev-parse --show-toplevel [4ms]
2024-11-24 06:10:59.412 [info] > git rev-parse --show-toplevel [9ms]
2024-11-24 06:11:04.127 [info] > git rev-parse --show-toplevel [2ms]
2024-11-24 06:11:05.941 [info] > git rev-parse --show-toplevel [4ms]
2024-11-24 06:11:30.174 [info] > git rev-parse --show-toplevel [14ms]
2024-11-24 06:11:38.695 [info] > git rev-parse --show-toplevel [3ms]
2024-11-24 06:11:42.442 [info] > git rev-parse --show-toplevel [1ms]
2024-11-24 06:11:45.731 [info] > git rev-parse --show-toplevel [3ms]
2024-11-24 06:11:47.735 [info] > git rev-parse --show-toplevel [5ms]
2024-11-24 06:12:01.451 [info] > git rev-parse --show-toplevel [9ms]
2024-11-24 06:12:02.815 [info] > git rev-parse --show-toplevel [4ms]
2024-11-24 06:12:57.163 [info] > git rev-parse --show-toplevel [1ms]
2024-11-24 06:13:00.204 [info] > git rev-parse --show-toplevel [4ms]
2024-11-24 06:13:10.377 [info] > git rev-parse --show-toplevel [11ms]
2024-11-24 06:13:55.162 [info] > git rev-parse --show-toplevel [1ms]
2024-11-24 06:15:16.035 [info] > git rev-parse --show-toplevel [2ms]
2024-11-24 06:15:33.416 [info] > git rev-parse --show-toplevel [1ms]
2024-11-24 06:15:36.092 [info] > git rev-parse --show-toplevel [3ms]
2024-11-24 06:15:38.693 [info] > git rev-parse --show-toplevel [4ms]
2024-11-24 06:15:40.587 [info] > git rev-parse --show-toplevel [5ms]
2024-11-24 06:15:41.717 [info] > git rev-parse --show-toplevel [2ms]
2024-11-24 06:15:44.117 [info] > git rev-parse --show-toplevel [2ms]
2024-11-24 06:16:16.525 [info] > git rev-parse --show-toplevel [8ms]
2024-11-24 06:16:16.525 [info] fatal: not a git repository (or any of the parent directories): .git
2024-11-24 06:16:18.855 [info] > git rev-parse --show-toplevel [12ms]
2024-11-24 06:16:20.897 [info] > git rev-parse --show-toplevel [13ms]
2024-11-24 06:16:20.930 [info] > git rev-parse --show-toplevel [4ms]
2024-11-24 06:16:22.293 [info] > git rev-parse --show-toplevel [2ms]
2024-11-24 06:17:38.675 [info] > git rev-parse --show-toplevel [10ms]
2024-11-24 06:17:40.772 [info] > git rev-parse --show-toplevel [7ms]
2024-11-24 06:17:44.012 [info] > git rev-parse --show-toplevel [6ms]
2024-11-24 06:19:07.453 [info] > git rev-parse --show-toplevel [3ms]
2024-11-24 06:19:09.815 [info] > git rev-parse --show-toplevel [5ms]
2024-11-24 06:19:17.199 [info] > git rev-parse --show-toplevel [3ms]
2024-11-24 06:19:47.598 [info] > git rev-parse --show-toplevel [10ms]
2024-11-24 06:19:57.768 [info] > git rev-parse --show-toplevel [12ms]
2024-11-24 06:20:07.466 [info] > git rev-parse --show-toplevel [3ms]
2024-11-24 06:20:45.270 [info] > git rev-parse --show-toplevel [7ms]
2024-11-24 06:20:45.946 [info] > git rev-parse --show-toplevel [5ms]
2024-11-24 06:20:50.611 [info] > git rev-parse --show-toplevel [2ms]
2024-11-24 06:20:52.206 [info] > git rev-parse --show-toplevel [1ms]
2024-11-24 06:20:53.101 [info] > git rev-parse --show-toplevel [3ms]
2024-11-24 06:20:55.071 [info] > git rev-parse --show-toplevel [2ms]
2024-11-24 06:21:09.613 [info] > git rev-parse --show-toplevel [17ms]
2024-11-24 06:21:10.807 [info] > git rev-parse --show-toplevel [2ms]
2024-11-24 06:21:31.424 [info] > git rev-parse --show-toplevel [3ms]
2024-11-24 06:21:33.724 [info] > git rev-parse --show-toplevel [4ms]
2024-11-24 06:21:53.268 [info] > git rev-parse --show-toplevel [3ms]
2024-11-24 06:22:03.894 [info] > git rev-parse --show-toplevel [3ms]
2024-11-24 06:22:22.464 [info] > git rev-parse --show-toplevel [3ms]
2024-11-24 06:23:41.907 [info] > git rev-parse --show-toplevel [3ms]
2024-11-24 06:23:55.887 [info] > git rev-parse --show-toplevel [2ms]
2024-11-24 06:24:23.202 [info] > git rev-parse --show-toplevel [3ms]
2024-11-24 06:24:25.197 [info] > git rev-parse --show-toplevel [3ms]
2024-11-24 06:26:13.460 [info] > git rev-parse --show-toplevel [10ms]
2024-11-24 06:27:24.676 [info] > git rev-parse --show-toplevel [4ms]
2024-11-24 06:27:35.489 [info] > git rev-parse --show-toplevel [6ms]
2024-11-24 06:28:09.582 [info] > git rev-parse --show-toplevel [3ms]
2024-11-24 06:31:30.043 [info] > git rev-parse --show-toplevel [6ms]
2024-11-24 06:31:34.135 [info] > git rev-parse --show-toplevel [3ms]
2024-11-24 06:31:34.143 [info] > git rev-parse --show-toplevel [2ms]
2024-11-24 06:31:34.148 [info] > git rev-parse --show-toplevel [1ms]
2024-11-24 06:31:38.146 [info] > git rev-parse --show-toplevel [4ms]
2024-11-24 06:31:38.152 [info] > git rev-parse --show-toplevel [2ms]
2024-11-24 06:31:38.157 [info] > git rev-parse --show-toplevel [2ms]
2024-11-24 06:31:38.704 [info] > git rev-parse --show-toplevel [2ms]
2024-11-24 06:31:38.710 [info] > git rev-parse --show-toplevel [2ms]
2024-11-24 06:31:38.715 [info] > git rev-parse --show-toplevel [1ms]
2024-11-24 06:31:41.260 [info] > git rev-parse --show-toplevel [2ms]
2024-11-24 06:31:41.266 [info] > git rev-parse --show-toplevel [1ms]
2024-11-24 06:31:41.272 [info] > git rev-parse --show-toplevel [1ms]
2024-11-24 06:31:42.831 [info] > git rev-parse --show-toplevel [5ms]
2024-11-24 06:31:42.843 [info] > git rev-parse --show-toplevel [5ms]
2024-11-24 06:31:42.863 [info] > git rev-parse --show-toplevel [8ms]
2024-11-24 06:31:47.124 [info] > git rev-parse --show-toplevel [9ms]
2024-11-24 06:31:47.139 [info] > git rev-parse --show-toplevel [6ms]
2024-11-24 06:31:47.158 [info] > git rev-parse --show-toplevel [7ms]
2024-11-24 06:31:48.472 [info] > git rev-parse --show-toplevel [6ms]
2024-11-24 06:31:48.480 [info] > git rev-parse --show-toplevel [2ms]
2024-11-24 06:31:48.493 [info] > git rev-parse --show-toplevel [2ms]
2024-11-24 06:39:16.190 [info] > git rev-parse --show-toplevel [4ms]
2024-11-24 06:39:16.204 [info] > git rev-parse --show-toplevel [3ms]
2024-11-24 06:39:16.212 [info] > git rev-parse --show-toplevel [3ms]
2024-11-24 06:43:23.857 [info] > git rev-parse --show-toplevel [1ms]
2024-11-24 06:43:23.942 [info] > git rev-parse --show-toplevel [3ms]
2024-11-24 06:43:23.948 [info] > git rev-parse --show-toplevel [2ms]
2024-11-24 06:43:37.144 [info] > git rev-parse --show-toplevel [1ms]
2024-11-24 06:43:37.191 [info] > git rev-parse --show-toplevel [5ms]
2024-11-24 06:43:37.199 [info] > git rev-parse --show-toplevel [2ms]
2024-11-24 06:43:39.789 [info] > git rev-parse --show-toplevel [2ms]
2024-11-24 06:43:39.795 [info] > git rev-parse --show-toplevel [2ms]
2024-11-24 06:43:39.800 [info] > git rev-parse --show-toplevel [2ms]
2024-11-24 06:43:40.426 [info] > git rev-parse --show-toplevel [2ms]
2024-11-24 06:43:40.432 [info] > git rev-parse --show-toplevel [2ms]
2024-11-24 06:43:40.438 [info] > git rev-parse --show-toplevel [1ms]
2024-11-24 06:43:45.356 [info] > git rev-parse --show-toplevel [4ms]
2024-11-24 06:43:45.363 [info] > git rev-parse --show-toplevel [2ms]
2024-11-24 06:43:45.370 [info] > git rev-parse --show-toplevel [2ms]
2024-11-24 06:45:17.085 [info] > git rev-parse --show-toplevel [2ms]
2024-11-24 06:45:17.183 [info] > git rev-parse --show-toplevel [3ms]
2024-11-24 06:45:17.193 [info] > git rev-parse --show-toplevel [3ms]
2024-11-24 06:45:18.387 [info] > git rev-parse --show-toplevel [2ms]
2024-11-24 06:45:18.392 [info] > git rev-parse --show-toplevel [2ms]
2024-11-24 06:45:18.397 [info] > git rev-parse --show-toplevel [1ms]
2024-11-24 06:46:07.451 [info] > git rev-parse --show-toplevel [3ms]
2024-11-24 06:46:07.458 [info] > git rev-parse --show-toplevel [2ms]
2024-11-24 06:46:07.466 [info] > git rev-parse --show-toplevel [3ms]
2024-11-24 06:46:08.555 [info] > git rev-parse --show-toplevel [3ms]
2024-11-24 06:46:08.561 [info] > git rev-parse --show-toplevel [2ms]
2024-11-24 06:46:08.567 [info] > git rev-parse --show-toplevel [2ms]
2024-11-24 06:46:08.969 [info] > git rev-parse --show-toplevel [5ms]
2024-11-24 06:46:08.980 [info] > git rev-parse --show-toplevel [3ms]
2024-11-24 06:46:08.988 [info] > git rev-parse --show-toplevel [1ms]
2024-11-24 06:46:29.552 [info] > git rev-parse --show-toplevel [3ms]
2024-11-24 06:46:29.557 [info] > git rev-parse --show-toplevel [1ms]
2024-11-24 06:46:29.563 [info] > git rev-parse --show-toplevel [2ms]
2024-11-24 06:46:31.939 [info] > git rev-parse --show-toplevel [5ms]
2024-11-24 06:46:31.954 [info] > git rev-parse --show-toplevel [5ms]
2024-11-24 06:46:31.966 [info] > git rev-parse --show-toplevel [1ms]
2024-11-24 06:47:16.565 [info] > git rev-parse --show-toplevel [3ms]
2024-11-24 06:47:16.572 [info] > git rev-parse --show-toplevel [2ms]
2024-11-24 06:47:16.580 [info] > git rev-parse --show-toplevel [4ms]
2024-11-24 06:48:42.352 [info] > git rev-parse --show-toplevel [2ms]
2024-11-24 06:48:42.357 [info] > git rev-parse --show-toplevel [1ms]
2024-11-24 06:48:42.363 [info] > git rev-parse --show-toplevel [3ms]
2024-11-24 06:48:47.801 [info] > git rev-parse --show-toplevel [7ms]
2024-11-24 06:48:47.808 [info] > git rev-parse --show-toplevel [2ms]
2024-11-24 06:48:47.816 [info] > git rev-parse --show-toplevel [1ms]
2024-11-24 06:48:48.389 [info] > git rev-parse --show-toplevel [5ms]
2024-11-24 06:48:48.402 [info] > git rev-parse --show-toplevel [3ms]
2024-11-24 06:48:48.410 [info] > git rev-parse --show-toplevel [0ms]
2024-11-24 06:48:48.775 [info] > git rev-parse --show-toplevel [3ms]
2024-11-24 06:48:48.796 [info] > git rev-parse --show-toplevel [10ms]
2024-11-24 06:48:48.807 [info] > git rev-parse --show-toplevel [1ms]
2024-11-24 06:48:49.661 [info] > git rev-parse --show-toplevel [11ms]
2024-11-24 06:48:49.699 [info] > git rev-parse --show-toplevel [14ms]
2024-11-24 06:48:49.725 [info] > git rev-parse --show-toplevel [11ms]
2024-11-24 06:55:08.097 [info] > git rev-parse --show-toplevel [6ms]
2024-11-24 06:55:08.103 [info] > git rev-parse --show-toplevel [2ms]
2024-11-24 06:55:08.109 [info] > git rev-parse --show-toplevel [1ms]
2024-11-24 06:55:45.625 [info] > git rev-parse --show-toplevel [4ms]
2024-11-24 06:55:45.631 [info] > git rev-parse --show-toplevel [2ms]
2024-11-24 06:55:45.637 [info] > git rev-parse --show-toplevel [1ms]
2024-11-24 06:56:04.722 [info] > git rev-parse --show-toplevel [8ms]
2024-11-24 06:56:04.736 [info] > git rev-parse --show-toplevel [4ms]
2024-11-24 06:56:04.749 [info] > git rev-parse --show-toplevel [3ms]
2024-11-24 06:56:26.392 [info] > git rev-parse --show-toplevel [2ms]
2024-11-24 06:56:26.398 [info] > git rev-parse --show-toplevel [2ms]
2024-11-24 06:56:26.404 [info] > git rev-parse --show-toplevel [2ms]
2024-11-24 06:56:33.174 [info] > git rev-parse --show-toplevel [2ms]
2024-11-24 06:56:33.207 [info] > git rev-parse --show-toplevel [1ms]
2024-11-24 06:56:33.220 [info] > git rev-parse --show-toplevel [7ms]
2024-11-24 06:56:40.765 [info] > git rev-parse --show-toplevel [3ms]
2024-11-24 06:56:40.770 [info] > git rev-parse --show-toplevel [2ms]
2024-11-24 06:56:40.775 [info] > git rev-parse --show-toplevel [2ms]
2024-11-24 06:57:44.472 [info] > git rev-parse --show-toplevel [2ms]
2024-11-24 06:57:44.478 [info] > git rev-parse --show-toplevel [2ms]
2024-11-24 06:57:44.487 [info] > git rev-parse --show-toplevel [1ms]
2024-11-24 06:57:45.382 [info] > git rev-parse --show-toplevel [7ms]
2024-11-24 06:57:45.394 [info] > git rev-parse --show-toplevel [3ms]
2024-11-24 06:57:45.407 [info] > git rev-parse --show-toplevel [4ms]
2024-11-24 06:57:46.014 [info] > git rev-parse --show-toplevel [3ms]
2024-11-24 06:57:46.020 [info] > git rev-parse --show-toplevel [2ms]
2024-11-24 06:57:46.026 [info] > git rev-parse --show-toplevel [2ms]
2024-11-24 06:57:47.324 [info] > git rev-parse --show-toplevel [7ms]
2024-11-24 06:57:47.329 [info] > git rev-parse --show-toplevel [1ms]
2024-11-24 06:57:47.335 [info] > git rev-parse --show-toplevel [2ms]
2024-11-24 06:57:47.764 [info] > git rev-parse --show-toplevel [3ms]
2024-11-24 06:57:47.769 [info] > git rev-parse --show-toplevel [1ms]
2024-11-24 06:57:47.775 [info] > git rev-parse --show-toplevel [2ms]
2024-11-24 06:57:49.576 [info] > git rev-parse --show-toplevel [4ms]
2024-11-24 06:57:49.582 [info] > git rev-parse --show-toplevel [2ms]
2024-11-24 06:57:49.588 [info] > git rev-parse --show-toplevel [2ms]
2024-11-24 06:57:52.279 [info] > git rev-parse --show-toplevel [4ms]
2024-11-24 06:57:52.304 [info] > git rev-parse --show-toplevel [4ms]
2024-11-24 06:57:52.315 [info] > git rev-parse --show-toplevel [3ms]
2024-11-24 06:57:53.300 [info] > git rev-parse --show-toplevel [3ms]
2024-11-24 06:57:53.308 [info] > git rev-parse --show-toplevel [3ms]
2024-11-24 06:57:53.314 [info] > git rev-parse --show-toplevel [1ms]
2024-11-24 06:58:18.241 [info] > git rev-parse --show-toplevel [1ms]
2024-11-24 06:58:18.275 [info] > git rev-parse --show-toplevel [1ms]
2024-11-24 06:58:18.282 [info] > git rev-parse --show-toplevel [3ms]
2024-11-24 06:58:31.262 [info] > git rev-parse --show-toplevel [3ms]
2024-11-24 06:58:31.275 [info] > git rev-parse --show-toplevel [3ms]
2024-11-24 06:58:31.282 [info] > git rev-parse --show-toplevel [2ms]
2024-11-24 06:58:52.954 [info] > git rev-parse --show-toplevel [6ms]
2024-11-24 06:58:52.970 [info] > git rev-parse --show-toplevel [4ms]
2024-11-24 06:58:52.976 [info] > git rev-parse --show-toplevel [2ms]
2024-11-24 07:00:04.012 [info] > git rev-parse --show-toplevel [21ms]
2024-11-24 07:00:04.033 [info] > git rev-parse --show-toplevel [6ms]
2024-11-24 07:00:04.055 [info] > git rev-parse --show-toplevel [7ms]
2024-11-24 07:00:05.699 [info] > git rev-parse --show-toplevel [3ms]
2024-11-24 07:00:05.708 [info] > git rev-parse --show-toplevel [2ms]
2024-11-24 07:00:05.715 [info] > git rev-parse --show-toplevel [1ms]
2024-11-24 07:00:06.335 [info] > git rev-parse --show-toplevel [2ms]
2024-11-24 07:00:06.344 [info] > git rev-parse --show-toplevel [3ms]
2024-11-24 07:00:06.349 [info] > git rev-parse --show-toplevel [2ms]
2024-11-24 07:00:50.922 [info] > git rev-parse --show-toplevel [6ms]
2024-11-24 07:00:50.928 [info] > git rev-parse --show-toplevel [2ms]
2024-11-24 07:00:50.933 [info] > git rev-parse --show-toplevel [1ms]
2024-11-24 07:00:53.933 [info] > git rev-parse --show-toplevel [1ms]
2024-11-24 07:00:53.942 [info] > git rev-parse --show-toplevel [3ms]
2024-11-24 07:00:53.950 [info] > git rev-parse --show-toplevel [3ms]
2024-11-24 07:00:54.628 [info] > git rev-parse --show-toplevel [2ms]
2024-11-24 07:00:54.634 [info] > git rev-parse --show-toplevel [1ms]
2024-11-24 07:00:54.639 [info] > git rev-parse --show-toplevel [1ms]
2024-11-24 07:08:40.358 [info] > git rev-parse --show-toplevel [41ms]
2024-11-24 07:08:40.402 [info] > git rev-parse --show-toplevel [19ms]
2024-11-24 07:08:40.457 [info] > git rev-parse --show-toplevel [30ms]
2024-11-24 07:09:01.298 [info] > git rev-parse --show-toplevel [3ms]
2024-11-24 07:09:01.305 [info] > git rev-parse --show-toplevel [2ms]
2024-11-24 07:09:01.313 [info] > git rev-parse --show-toplevel [2ms]
2024-11-24 07:09:03.694 [info] > git rev-parse --show-toplevel [2ms]
2024-11-24 07:09:03.705 [info] > git rev-parse --show-toplevel [1ms]
2024-11-24 07:09:03.711 [info] > git rev-parse --show-toplevel [1ms]
2024-11-24 07:12:29.875 [info] > git rev-parse --show-toplevel [42ms]
2024-11-24 07:12:29.903 [info] > git rev-parse --show-toplevel [8ms]
2024-11-24 07:12:29.911 [info] > git rev-parse --show-toplevel [1ms]
2024-11-24 07:13:11.103 [info] > git rev-parse --show-toplevel [4ms]
2024-11-24 07:13:11.111 [info] > git rev-parse --show-toplevel [2ms]
2024-11-24 07:13:11.116 [info] > git rev-parse --show-toplevel [1ms]
2024-11-24 07:13:32.818 [info] > git rev-parse --show-toplevel [7ms]
2024-11-24 07:13:32.830 [info] > git rev-parse --show-toplevel [3ms]
2024-11-24 07:13:32.864 [info] > git rev-parse --show-toplevel [11ms]
2024-11-24 07:13:35.677 [info] > git rev-parse --show-toplevel [2ms]
2024-11-24 07:13:35.686 [info] > git rev-parse --show-toplevel [1ms]
2024-11-24 07:13:35.693 [info] > git rev-parse --show-toplevel [4ms]
2024-11-24 07:13:37.916 [info] > git rev-parse --show-toplevel [3ms]
2024-11-24 07:13:37.921 [info] > git rev-parse --show-toplevel [2ms]
2024-11-24 07:13:37.925 [info] > git rev-parse --show-toplevel [1ms]
2024-11-24 07:13:39.449 [info] > git rev-parse --show-toplevel [4ms]
2024-11-24 07:13:39.455 [info] > git rev-parse --show-toplevel [2ms]
2024-11-24 07:13:39.463 [info] > git rev-parse --show-toplevel [2ms]
2024-11-24 07:14:03.453 [info] > git rev-parse --show-toplevel [3ms]
2024-11-24 07:14:03.461 [info] > git rev-parse --show-toplevel [2ms]
2024-11-24 07:14:03.473 [info] > git rev-parse --show-toplevel [7ms]
2024-11-24 07:16:54.347 [info] > git rev-parse --show-toplevel [4ms]
2024-11-24 07:16:54.352 [info] > git rev-parse --show-toplevel [1ms]
2024-11-24 07:16:54.357 [info] > git rev-parse --show-toplevel [1ms]
2024-11-24 07:16:54.718 [info] > git rev-parse --show-toplevel [2ms]
2024-11-24 07:16:54.725 [info] > git rev-parse --show-toplevel [2ms]
2024-11-24 07:16:54.731 [info] > git rev-parse --show-toplevel [2ms]
2024-11-24 07:16:55.129 [info] > git rev-parse --show-toplevel [1ms]
2024-11-24 07:16:55.137 [info] > git rev-parse --show-toplevel [0ms]
2024-11-24 07:16:55.149 [info] > git rev-parse --show-toplevel [1ms]
2024-11-24 07:16:56.004 [info] > git rev-parse --show-toplevel [1ms]
2024-11-24 07:16:56.010 [info] > git rev-parse --show-toplevel [2ms]
2024-11-24 07:16:56.015 [info] > git rev-parse --show-toplevel [1ms]
2024-11-24 07:16:56.453 [info] > git rev-parse --show-toplevel [3ms]
2024-11-24 07:16:56.473 [info] > git rev-parse --show-toplevel [4ms]
2024-11-24 07:16:56.496 [info] > git rev-parse --show-toplevel [1ms]
2024-11-24 07:16:57.334 [info] > git rev-parse --show-toplevel [2ms]
2024-11-24 07:16:57.339 [info] > git rev-parse --show-toplevel [2ms]
2024-11-24 07:16:57.365 [info] > git rev-parse --show-toplevel [14ms]
2024-11-24 07:16:57.654 [info] > git rev-parse --show-toplevel [4ms]
2024-11-24 07:16:57.661 [info] > git rev-parse --show-toplevel [2ms]
2024-11-24 07:16:57.665 [info] > git rev-parse --show-toplevel [1ms]
2024-11-24 07:16:58.241 [info] > git rev-parse --show-toplevel [2ms]
2024-11-24 07:16:58.247 [info] > git rev-parse --show-toplevel [2ms]
2024-11-24 07:16:58.251 [info] > git rev-parse --show-toplevel [1ms]
2024-11-24 07:16:58.779 [info] > git rev-parse --show-toplevel [5ms]
2024-11-24 07:16:58.785 [info] > git rev-parse --show-toplevel [2ms]
2024-11-24 07:16:58.791 [info] > git rev-parse --show-toplevel [1ms]
2024-11-24 07:16:59.291 [info] > git rev-parse --show-toplevel [1ms]
2024-11-24 07:16:59.297 [info] > git rev-parse --show-toplevel [2ms]
2024-11-24 07:16:59.302 [info] > git rev-parse --show-toplevel [1ms]
2024-11-24 07:16:59.824 [info] > git rev-parse --show-toplevel [4ms]
2024-11-24 07:16:59.834 [info] > git rev-parse --show-toplevel [2ms]
2024-11-24 07:16:59.845 [info] > git rev-parse --show-toplevel [1ms]
2024-11-24 07:17:00.163 [info] > git rev-parse --show-toplevel [5ms]
2024-11-24 07:17:00.169 [info] > git rev-parse --show-toplevel [2ms]
2024-11-24 07:17:00.176 [info] > git rev-parse --show-toplevel [1ms]
2024-11-24 07:17:00.746 [info] > git rev-parse --show-toplevel [3ms]
2024-11-24 07:17:00.755 [info] > git rev-parse --show-toplevel [1ms]
2024-11-24 07:17:00.765 [info] > git rev-parse --show-toplevel [6ms]
2024-11-24 07:17:05.469 [info] > git rev-parse --show-toplevel [2ms]
2024-11-24 07:17:05.475 [info] > git rev-parse --show-toplevel [2ms]
2024-11-24 07:17:05.481 [info] > git rev-parse --show-toplevel [2ms]
2024-11-24 07:26:21.947 [info] > git rev-parse --show-toplevel [3ms]
2024-11-24 07:26:21.953 [info] > git rev-parse --show-toplevel [1ms]
2024-11-24 07:26:21.958 [info] > git rev-parse --show-toplevel [1ms]
2024-11-24 07:26:30.281 [info] > git rev-parse --show-toplevel [2ms]
2024-11-24 07:26:30.287 [info] > git rev-parse --show-toplevel [2ms]
2024-11-24 07:26:30.291 [info] > git rev-parse --show-toplevel [1ms]
2024-11-24 07:30:02.180 [info] > git rev-parse --show-toplevel [36ms]
2024-11-24 07:30:02.194 [info] > git rev-parse --show-toplevel [1ms]
2024-11-24 07:30:02.208 [info] > git rev-parse --show-toplevel [8ms]
2024-11-24 07:30:21.387 [info] > git rev-parse --show-toplevel [3ms]
2024-11-24 07:30:21.491 [info] > git rev-parse --show-toplevel [3ms]
2024-11-24 07:30:21.509 [info] > git rev-parse --show-toplevel [4ms]
2024-11-24 07:30:34.113 [info] > git rev-parse --show-toplevel [10ms]
2024-11-24 07:30:34.121 [info] > git rev-parse --show-toplevel [2ms]
2024-11-24 07:30:34.129 [info] > git rev-parse --show-toplevel [1ms]
2024-11-24 07:34:15.157 [info] > git rev-parse --show-toplevel [5ms]
2024-11-24 07:34:15.164 [info] > git rev-parse --show-toplevel [2ms]
2024-11-24 07:34:15.170 [info] > git rev-parse --show-toplevel [2ms]
2024-11-24 07:37:13.533 [info] > git rev-parse --show-toplevel [1ms]
2024-11-24 07:37:13.598 [info] > git rev-parse --show-toplevel [2ms]
2024-11-24 07:37:13.613 [info] > git rev-parse --show-toplevel [4ms]
2024-11-24 07:37:16.721 [info] > git rev-parse --show-toplevel [4ms]
2024-11-24 07:37:16.753 [info] > git rev-parse --show-toplevel [4ms]
2024-11-24 07:37:16.760 [info] > git rev-parse --show-toplevel [0ms]
2024-11-24 07:37:19.032 [info] > git rev-parse --show-toplevel [2ms]
2024-11-24 07:37:19.044 [info] > git rev-parse --show-toplevel [2ms]
2024-11-24 07:37:19.067 [info] > git rev-parse --show-toplevel [11ms]
2024-11-24 07:37:59.738 [info] > git rev-parse --show-toplevel [5ms]
2024-11-24 07:37:59.752 [info] > git rev-parse --show-toplevel [4ms]
2024-11-24 07:37:59.769 [info] > git rev-parse --show-toplevel [6ms]
2024-11-24 07:38:12.504 [info] > git rev-parse --show-toplevel [2ms]
2024-11-24 07:38:12.513 [info] > git rev-parse --show-toplevel [2ms]
2024-11-24 07:38:12.522 [info] > git rev-parse --show-toplevel [3ms]
2024-11-24 07:39:02.802 [info] > git rev-parse --show-toplevel [31ms]
2024-11-24 07:39:02.822 [info] > git rev-parse --show-toplevel [7ms]
2024-11-24 07:39:02.834 [info] > git rev-parse --show-toplevel [3ms]
2024-11-24 07:39:04.083 [info] > git rev-parse --show-toplevel [12ms]
2024-11-24 07:39:04.095 [info] > git rev-parse --show-toplevel [5ms]
2024-11-24 07:39:04.110 [info] > git rev-parse --show-toplevel [1ms]
2024-11-24 07:39:04.116 [info] > git rev-parse --show-toplevel [2ms]
2024-11-24 07:39:04.122 [info] > git rev-parse --show-toplevel [2ms]
2024-11-24 07:39:04.128 [info] > git rev-parse --show-toplevel [2ms]
2024-11-24 07:44:45.952 [info] > git rev-parse --show-toplevel [2ms]
2024-11-24 07:44:45.957 [info] > git rev-parse --show-toplevel [1ms]
2024-11-24 07:44:45.963 [info] > git rev-parse --show-toplevel [2ms]
2024-11-24 07:44:45.972 [info] > git rev-parse --show-toplevel [2ms]
2024-11-24 07:44:45.978 [info] > git rev-parse --show-toplevel [1ms]
2024-11-24 07:44:49.379 [info] > git rev-parse --show-toplevel [2ms]
2024-11-24 07:44:49.384 [info] > git rev-parse --show-toplevel [2ms]
2024-11-24 07:44:49.389 [info] > git rev-parse --show-toplevel [2ms]
2024-11-24 07:44:49.393 [info] > git rev-parse --show-toplevel [1ms]
2024-11-24 07:44:49.398 [info] > git rev-parse --show-toplevel [2ms]
2024-11-24 07:44:50.729 [info] > git rev-parse --show-toplevel [7ms]
2024-11-24 07:44:50.748 [info] > git rev-parse --show-toplevel [2ms]
2024-11-24 07:44:50.757 [info] > git rev-parse --show-toplevel [2ms]
2024-11-24 07:44:50.769 [info] > git rev-parse --show-toplevel [5ms]
2024-11-24 07:44:50.781 [info] > git rev-parse --show-toplevel [6ms]
2024-11-24 07:45:17.542 [info] > git rev-parse --show-toplevel [5ms]
2024-11-24 07:45:17.549 [info] > git rev-parse --show-toplevel [3ms]
2024-11-24 07:45:17.560 [info] > git rev-parse --show-toplevel [2ms]
2024-11-24 07:45:17.568 [info] > git rev-parse --show-toplevel [1ms]
2024-11-24 07:45:17.577 [info] > git rev-parse --show-toplevel [1ms]
2024-11-24 07:45:18.418 [info] > git rev-parse --show-toplevel [12ms]
2024-11-24 07:45:18.429 [info] > git rev-parse --show-toplevel [1ms]
2024-11-24 07:45:18.441 [info] > git rev-parse --show-toplevel [1ms]
2024-11-24 07:45:18.448 [info] > git rev-parse --show-toplevel [1ms]
2024-11-24 07:45:18.455 [info] > git rev-parse --show-toplevel [2ms]
2024-11-24 07:45:19.502 [info] > git rev-parse --show-toplevel [4ms]
2024-11-24 07:45:19.510 [info] > git rev-parse --show-toplevel [3ms]
2024-11-24 07:47:09.576 [info] > git rev-parse --show-toplevel [2ms]
2024-11-24 07:47:09.583 [info] > git rev-parse --show-toplevel [2ms]
2024-11-24 07:47:09.593 [info] > git rev-parse --show-toplevel [5ms]
2024-11-24 07:48:09.210 [info] > git rev-parse --show-toplevel [15ms]
2024-11-24 07:48:09.227 [info] > git rev-parse --show-toplevel [4ms]
2024-11-24 07:48:09.235 [info] > git rev-parse --show-toplevel [2ms]
2024-11-24 07:50:19.613 [info] > git rev-parse --show-toplevel [394ms]
2024-11-24 07:50:19.890 [info] > git rev-parse --show-toplevel [22ms]
2024-11-24 07:50:19.929 [info] > git rev-parse --show-toplevel [17ms]
2024-11-24 07:50:19.947 [info] > git rev-parse --show-toplevel [2ms]
2024-11-24 07:50:19.965 [info] > git rev-parse --show-toplevel [4ms]
2024-11-24 07:50:19.980 [info] > git rev-parse --show-toplevel [11ms]
2024-11-24 07:50:49.806 [info] > git rev-parse --show-toplevel [12ms]
2024-11-24 07:50:49.829 [info] > git rev-parse --show-toplevel [3ms]
2024-11-24 07:50:49.879 [info] > git rev-parse --show-toplevel [17ms]
2024-11-24 07:50:51.095 [info] > git rev-parse --show-toplevel [110ms]
2024-11-24 07:50:51.219 [info] > git rev-parse --show-toplevel [6ms]
2024-11-24 07:50:51.228 [info] > git rev-parse --show-toplevel [3ms]
2024-11-24 07:53:03.295 [info] > git rev-parse --show-toplevel [574ms]
2024-11-24 07:53:03.757 [info] > git rev-parse --show-toplevel [144ms]
2024-11-24 07:53:03.903 [info] > git rev-parse --show-toplevel [5ms]
2024-11-24 07:54:46.574 [info] > git rev-parse --show-toplevel [3ms]
2024-11-24 07:54:46.596 [info] > git rev-parse --show-toplevel [4ms]
2024-11-24 07:54:46.615 [info] > git rev-parse --show-toplevel [5ms]
2024-11-24 07:58:38.166 [info] > git rev-parse --show-toplevel [6ms]
2024-11-24 07:58:38.175 [info] > git rev-parse --show-toplevel [3ms]
2024-11-24 07:58:38.181 [info] > git rev-parse --show-toplevel [1ms]
2024-11-24 08:00:56.068 [info] > git rev-parse --show-toplevel [9ms]
2024-11-24 08:00:56.090 [info] > git rev-parse --show-toplevel [2ms]
2024-11-24 08:00:56.110 [info] > git rev-parse --show-toplevel [6ms]
2024-11-24 08:01:32.092 [info] > git rev-parse --show-toplevel [2ms]
2024-11-24 08:01:32.127 [info] > git rev-parse --show-toplevel [6ms]
2024-11-24 08:01:32.151 [info] > git rev-parse --show-toplevel [10ms]
2024-11-24 08:01:57.808 [info] > git rev-parse --show-toplevel [11ms]
2024-11-24 08:01:57.821 [info] > git rev-parse --show-toplevel [3ms]
2024-11-24 08:01:57.833 [info] > git rev-parse --show-toplevel [4ms]
2024-11-24 08:02:04.187 [info] > git rev-parse --show-toplevel [9ms]
2024-11-24 08:02:04.214 [info] > git rev-parse --show-toplevel [9ms]
2024-11-24 08:02:04.242 [info] > git rev-parse --show-toplevel [8ms]
2024-11-24 08:02:04.589 [info] > git rev-parse --show-toplevel [8ms]
2024-11-24 08:02:04.606 [info] > git rev-parse --show-toplevel [4ms]
2024-11-24 08:02:04.624 [info] > git rev-parse --show-toplevel [5ms]
2024-11-24 08:02:06.751 [info] > git rev-parse --show-toplevel [3ms]
2024-11-24 08:02:06.758 [info] > git rev-parse --show-toplevel [2ms]
2024-11-24 08:02:06.764 [info] > git rev-parse --show-toplevel [2ms]
2024-11-24 08:02:09.247 [info] > git rev-parse --show-toplevel [1ms]
2024-11-24 08:02:09.263 [info] > git rev-parse --show-toplevel [4ms]
2024-11-24 08:02:09.277 [info] > git rev-parse --show-toplevel [3ms]
2024-11-24 08:02:19.798 [info] > git rev-parse --show-toplevel [5ms]
2024-11-24 08:02:19.806 [info] > git rev-parse --show-toplevel [3ms]
2024-11-24 08:02:19.817 [info] > git rev-parse --show-toplevel [1ms]
2024-11-24 08:02:21.194 [info] > git rev-parse --show-toplevel [3ms]
2024-11-24 08:02:21.212 [info] > git rev-parse --show-toplevel [5ms]
2024-11-24 08:02:21.230 [info] > git rev-parse --show-toplevel [5ms]
2024-11-24 08:02:35.425 [info] > git rev-parse --show-toplevel [5ms]
2024-11-24 08:02:35.440 [info] > git rev-parse --show-toplevel [3ms]
2024-11-24 08:02:35.455 [info] > git rev-parse --show-toplevel [4ms]
2024-11-24 08:02:37.486 [info] > git rev-parse --show-toplevel [1ms]
2024-11-24 08:02:37.492 [info] > git rev-parse --show-toplevel [2ms]
2024-11-24 08:02:37.497 [info] > git rev-parse --show-toplevel [1ms]
2024-11-24 08:03:09.130 [info] > git rev-parse --show-toplevel [204ms]
2024-11-24 08:03:09.227 [info] > git rev-parse --show-toplevel [10ms]
2024-11-24 08:03:09.244 [info] > git rev-parse --show-toplevel [4ms]
2024-11-24 08:03:23.027 [info] > git rev-parse --show-toplevel [8ms]
2024-11-24 08:03:23.042 [info] > git rev-parse --show-toplevel [5ms]
2024-11-24 08:03:23.057 [info] > git rev-parse --show-toplevel [4ms]
2024-11-24 08:03:31.381 [info] > git rev-parse --show-toplevel [9ms]
2024-11-24 08:03:31.390 [info] > git rev-parse --show-toplevel [3ms]
2024-11-24 08:03:31.409 [info] > git rev-parse --show-toplevel [3ms]
2024-11-24 08:04:04.593 [info] > git rev-parse --show-toplevel [13ms]
2024-11-24 08:04:04.600 [info] > git rev-parse --show-toplevel [2ms]
2024-11-24 08:04:04.605 [info] > git rev-parse --show-toplevel [1ms]
2024-11-24 08:08:40.735 [info] > git rev-parse --show-toplevel [37ms]
2024-11-24 08:08:40.756 [info] > git rev-parse --show-toplevel [1ms]
2024-11-24 08:08:40.763 [info] > git rev-parse --show-toplevel [2ms]
2024-11-24 08:08:45.616 [info] > git rev-parse --show-toplevel [8ms]
2024-11-24 08:08:45.625 [info] > git rev-parse --show-toplevel [3ms]
2024-11-24 08:08:45.633 [info] > git rev-parse --show-toplevel [2ms]
2024-11-24 08:08:52.751 [info] > git rev-parse --show-toplevel [2ms]
2024-11-24 08:08:52.758 [info] > git rev-parse --show-toplevel [3ms]
2024-11-24 08:08:52.766 [info] > git rev-parse --show-toplevel [2ms]
2024-11-24 08:08:56.073 [info] > git rev-parse --show-toplevel [2ms]
2024-11-24 08:08:56.082 [info] > git rev-parse --show-toplevel [2ms]
2024-11-24 08:08:56.090 [info] > git rev-parse --show-toplevel [3ms]
2024-11-24 08:09:00.734 [info] > git rev-parse --show-toplevel [305ms]
2024-11-24 08:09:00.758 [info] > git rev-parse --show-toplevel [1ms]
2024-11-24 08:09:00.764 [info] > git rev-parse --show-toplevel [2ms]
2024-11-24 08:09:03.352 [info] > git rev-parse --show-toplevel [11ms]
2024-11-24 08:09:03.367 [info] > git rev-parse --show-toplevel [2ms]
2024-11-24 08:09:03.376 [info] > git rev-parse --show-toplevel [2ms]
2024-11-24 08:09:03.576 [info] > git rev-parse --show-toplevel [2ms]
2024-11-24 08:09:03.582 [info] > git rev-parse --show-toplevel [2ms]
2024-11-24 08:09:03.589 [info] > git rev-parse --show-toplevel [2ms]
2024-11-24 08:09:04.765 [info] > git rev-parse --show-toplevel [2ms]
2024-11-24 08:09:04.778 [info] > git rev-parse --show-toplevel [6ms]
2024-11-24 08:09:04.786 [info] > git rev-parse --show-toplevel [2ms]
2024-11-24 08:09:06.641 [info] > git rev-parse --show-toplevel [7ms]
2024-11-24 08:09:06.649 [info] > git rev-parse --show-toplevel [3ms]
2024-11-24 08:09:06.660 [info] > git rev-parse --show-toplevel [0ms]
2024-11-24 08:09:09.109 [info] > git rev-parse --show-toplevel [10ms]
2024-11-24 08:09:09.118 [info] > git rev-parse --show-toplevel [2ms]
2024-11-24 08:09:09.133 [info] > git rev-parse --show-toplevel [8ms]
2024-11-24 08:09:09.740 [info] > git rev-parse --show-toplevel [6ms]
2024-11-24 08:09:09.769 [info] > git rev-parse --show-toplevel [9ms]
2024-11-24 08:09:09.778 [info] > git rev-parse --show-toplevel [1ms]
2024-11-24 08:09:21.832 [info] > git rev-parse --show-toplevel [28ms]
2024-11-24 08:09:21.839 [info] > git rev-parse --show-toplevel [2ms]
2024-11-24 08:09:21.845 [info] > git rev-parse --show-toplevel [2ms]
2024-11-24 08:09:25.578 [info] > git rev-parse --show-toplevel [3ms]
2024-11-24 08:09:25.588 [info] > git rev-parse --show-toplevel [3ms]
2024-11-24 08:09:25.598 [info] > git rev-parse --show-toplevel [1ms]
2024-11-24 08:09:26.077 [info] > git rev-parse --show-toplevel [4ms]
2024-11-24 08:09:26.084 [info] > git rev-parse --show-toplevel [2ms]
2024-11-24 08:09:26.099 [info] > git rev-parse --show-toplevel [3ms]
2024-11-24 08:09:26.676 [info] > git rev-parse --show-toplevel [8ms]
2024-11-24 08:09:26.684 [info] > git rev-parse --show-toplevel [1ms]
2024-11-24 08:09:26.696 [info] > git rev-parse --show-toplevel [3ms]
2024-11-24 08:09:47.193 [info] > git rev-parse --show-toplevel [2ms]
2024-11-24 08:09:47.202 [info] > git rev-parse --show-toplevel [3ms]
2024-11-24 08:09:47.211 [info] > git rev-parse --show-toplevel [1ms]
2024-11-24 08:09:48.559 [info] > git rev-parse --show-toplevel [9ms]
2024-11-24 08:09:48.586 [info] > git rev-parse --show-toplevel [5ms]
2024-11-24 08:09:48.596 [info] > git rev-parse --show-toplevel [2ms]
2024-11-24 08:09:51.021 [info] > git rev-parse --show-toplevel [2ms]
2024-11-24 08:09:51.036 [info] > git rev-parse --show-toplevel [10ms]
2024-11-24 08:09:51.049 [info] > git rev-parse --show-toplevel [3ms]
2024-11-24 08:09:52.330 [info] > git rev-parse --show-toplevel [3ms]
2024-11-24 08:09:52.345 [info] > git rev-parse --show-toplevel [3ms]
2024-11-24 08:09:52.361 [info] > git rev-parse --show-toplevel [6ms]
2024-11-24 08:09:53.177 [info] > git rev-parse --show-toplevel [13ms]
2024-11-24 08:09:53.195 [info] > git rev-parse --show-toplevel [4ms]
2024-11-24 08:09:53.205 [info] > git rev-parse --show-toplevel [0ms]
2024-11-24 08:10:27.241 [info] > git rev-parse --show-toplevel [21ms]
2024-11-24 08:10:27.252 [info] > git rev-parse --show-toplevel [2ms]
2024-11-24 08:10:27.268 [info] > git rev-parse --show-toplevel [8ms]
2024-11-24 08:10:27.274 [info] > git rev-parse --show-toplevel [2ms]
2024-11-24 08:10:40.519 [info] > git rev-parse --show-toplevel [21ms]
2024-11-24 08:10:40.569 [info] > git rev-parse --show-toplevel [17ms]
2024-11-24 08:10:40.625 [info] > git rev-parse --show-toplevel [20ms]
2024-11-24 08:10:40.674 [info] > git rev-parse --show-toplevel [32ms]
2024-11-24 08:10:40.714 [info] > git rev-parse --show-toplevel [6ms]
2024-11-24 08:10:46.639 [info] > git rev-parse --show-toplevel [7ms]
2024-11-24 08:10:46.645 [info] > git rev-parse --show-toplevel [2ms]
2024-11-24 08:10:46.651 [info] > git rev-parse --show-toplevel [2ms]
2024-11-24 08:10:46.656 [info] > git rev-parse --show-toplevel [1ms]
2024-11-24 08:10:47.564 [info] > git rev-parse --show-toplevel [3ms]
2024-11-24 08:10:47.576 [info] > git rev-parse --show-toplevel [7ms]
2024-11-24 08:10:47.582 [info] > git rev-parse --show-toplevel [2ms]
2024-11-24 08:10:47.587 [info] > git rev-parse --show-toplevel [2ms]
2024-11-24 08:10:47.592 [info] > git rev-parse --show-toplevel [1ms]
2024-11-24 08:10:48.400 [info] > git rev-parse --show-toplevel [2ms]
2024-11-24 08:10:48.407 [info] > git rev-parse --show-toplevel [3ms]
2024-11-24 08:10:48.413 [info] > git rev-parse --show-toplevel [2ms]
2024-11-24 08:10:53.782 [info] > git rev-parse --show-toplevel [1ms]
2024-11-24 08:10:53.798 [info] > git rev-parse --show-toplevel [4ms]
2024-11-24 08:10:53.811 [info] > git rev-parse --show-toplevel [6ms]
2024-11-24 08:11:02.049 [info] > git rev-parse --show-toplevel [4ms]
2024-11-24 08:11:02.058 [info] > git rev-parse --show-toplevel [2ms]
2024-11-24 08:11:02.072 [info] > git rev-parse --show-toplevel [2ms]
2024-11-24 08:11:45.817 [info] > git rev-parse --show-toplevel [5ms]
2024-11-24 08:11:45.835 [info] > git rev-parse --show-toplevel [5ms]
2024-11-24 08:11:45.844 [info] > git rev-parse --show-toplevel [3ms]
2024-11-24 08:11:46.899 [info] > git rev-parse --show-toplevel [4ms]
2024-11-24 08:11:46.905 [info] > git rev-parse --show-toplevel [2ms]
2024-11-24 08:11:46.911 [info] > git rev-parse --show-toplevel [2ms]
2024-11-24 08:11:47.462 [info] > git rev-parse --show-toplevel [2ms]
2024-11-24 08:11:47.472 [info] > git rev-parse --show-toplevel [3ms]
2024-11-24 08:11:47.478 [info] > git rev-parse --show-toplevel [1ms]
2024-11-24 08:11:48.363 [info] > git rev-parse --show-toplevel [4ms]
2024-11-24 08:11:48.378 [info] > git rev-parse --show-toplevel [5ms]
2024-11-24 08:11:48.385 [info] > git rev-parse --show-toplevel [1ms]
2024-11-24 08:11:49.466 [info] > git rev-parse --show-toplevel [3ms]
2024-11-24 08:11:49.474 [info] > git rev-parse --show-toplevel [1ms]
2024-11-24 08:11:49.482 [info] > git rev-parse --show-toplevel [1ms]
2024-11-24 08:13:40.759 [info] > git rev-parse --show-toplevel [7ms]
2024-11-24 08:13:40.769 [info] > git rev-parse --show-toplevel [2ms]
2024-11-24 08:13:40.776 [info] > git rev-parse --show-toplevel [2ms]
2024-11-24 08:14:46.333 [info] > git rev-parse --show-toplevel [2ms]
2024-11-24 08:14:46.339 [info] > git rev-parse --show-toplevel [2ms]
2024-11-24 08:14:46.345 [info] > git rev-parse --show-toplevel [1ms]
2024-11-24 08:14:57.247 [info] > git rev-parse --show-toplevel [5ms]
2024-11-24 08:14:57.255 [info] > git rev-parse --show-toplevel [2ms]
2024-11-24 08:14:57.263 [info] > git rev-parse --show-toplevel [0ms]
2024-11-24 08:15:03.386 [info] > git rev-parse --show-toplevel [5ms]
2024-11-24 08:15:03.395 [info] > git rev-parse --show-toplevel [4ms]
2024-11-24 08:15:03.404 [info] > git rev-parse --show-toplevel [3ms]
2024-11-24 08:15:07.745 [info] > git rev-parse --show-toplevel [2ms]
2024-11-24 08:15:07.752 [info] > git rev-parse --show-toplevel [2ms]
2024-11-24 08:15:07.760 [info] > git rev-parse --show-toplevel [2ms]
2024-11-24 08:15:12.797 [info] > git rev-parse --show-toplevel [2ms]
2024-11-24 08:15:12.802 [info] > git rev-parse --show-toplevel [1ms]
2024-11-24 08:15:12.807 [info] > git rev-parse --show-toplevel [1ms]
2024-11-24 08:15:13.403 [info] > git rev-parse --show-toplevel [2ms]
2024-11-24 08:15:13.409 [info] > git rev-parse --show-toplevel [2ms]
2024-11-24 08:15:13.414 [info] > git rev-parse --show-toplevel [2ms]
2024-11-24 08:15:17.479 [info] > git rev-parse --show-toplevel [12ms]
2024-11-24 08:15:17.495 [info] > git rev-parse --show-toplevel [9ms]
2024-11-24 08:15:17.508 [info] > git rev-parse --show-toplevel [4ms]
2024-11-24 08:15:18.167 [info] > git rev-parse --show-toplevel [3ms]
2024-11-24 08:15:18.174 [info] > git rev-parse --show-toplevel [2ms]
2024-11-24 08:15:18.180 [info] > git rev-parse --show-toplevel [2ms]
2024-11-24 08:15:22.390 [info] > git rev-parse --show-toplevel [5ms]
2024-11-24 08:15:22.398 [info] > git rev-parse --show-toplevel [1ms]
2024-11-24 08:15:22.406 [info] > git rev-parse --show-toplevel [2ms]
2024-11-24 08:15:23.709 [info] > git rev-parse --show-toplevel [2ms]
2024-11-24 08:15:23.715 [info] > git rev-parse --show-toplevel [2ms]
2024-11-24 08:15:23.720 [info] > git rev-parse --show-toplevel [2ms]
2024-11-24 08:15:40.263 [info] > git rev-parse --show-toplevel [1ms]
2024-11-24 08:15:40.329 [info] > git rev-parse --show-toplevel [2ms]
2024-11-24 08:15:40.337 [info] > git rev-parse --show-toplevel [0ms]
2024-11-24 08:15:42.331 [info] > git rev-parse --show-toplevel [6ms]
2024-11-24 08:15:42.357 [info] > git rev-parse --show-toplevel [3ms]
2024-11-24 08:15:42.379 [info] > git rev-parse --show-toplevel [5ms]
2024-11-24 08:15:45.551 [info] > git rev-parse --show-toplevel [3ms]
2024-11-24 08:15:45.558 [info] > git rev-parse --show-toplevel [1ms]
2024-11-24 08:15:45.563 [info] > git rev-parse --show-toplevel [2ms]
2024-11-24 08:15:46.004 [info] > git rev-parse --show-toplevel [9ms]
2024-11-24 08:15:46.014 [info] > git rev-parse --show-toplevel [4ms]
2024-11-24 08:15:46.027 [info] > git rev-parse --show-toplevel [2ms]
2024-11-24 08:15:50.032 [info] > git rev-parse --show-toplevel [7ms]
2024-11-24 08:15:50.085 [info] > git rev-parse --show-toplevel [16ms]
2024-11-24 08:15:50.126 [info] > git rev-parse --show-toplevel [13ms]
2024-11-24 08:16:06.276 [info] > git rev-parse --show-toplevel [1ms]
2024-11-24 08:16:06.280 [info] > git rev-parse --show-toplevel [1ms]
2024-11-24 08:16:06.287 [info] > git rev-parse --show-toplevel [1ms]
2024-11-24 08:16:06.937 [info] > git rev-parse --show-toplevel [7ms]
2024-11-24 08:16:06.950 [info] > git rev-parse --show-toplevel [4ms]
2024-11-24 08:16:06.971 [info] > git rev-parse --show-toplevel [5ms]
2024-11-24 08:17:40.711 [info] > git rev-parse --show-toplevel [2ms]
2024-11-24 08:17:40.756 [info] > git rev-parse --show-toplevel [4ms]
2024-11-24 08:17:40.789 [info] > git rev-parse --show-toplevel [6ms]
2024-11-24 08:17:43.418 [info] > git rev-parse --show-toplevel [2ms]
2024-11-24 08:17:43.444 [info] > git rev-parse --show-toplevel [2ms]
2024-11-24 08:17:43.459 [info] > git rev-parse --show-toplevel [6ms]
2024-11-24 08:17:43.980 [info] > git rev-parse --show-toplevel [2ms]
2024-11-24 08:17:43.987 [info] > git rev-parse --show-toplevel [2ms]
2024-11-24 08:17:43.993 [info] > git rev-parse --show-toplevel [2ms]
2024-11-24 08:17:44.790 [info] > git rev-parse --show-toplevel [3ms]
2024-11-24 08:17:44.842 [info] > git rev-parse --show-toplevel [6ms]
2024-11-24 08:17:44.857 [info] > git rev-parse --show-toplevel [8ms]
2024-11-24 08:17:45.452 [info] > git rev-parse --show-toplevel [3ms]
2024-11-24 08:17:45.477 [info] > git rev-parse --show-toplevel [2ms]
2024-11-24 08:17:45.486 [info] > git rev-parse --show-toplevel [2ms]
2024-11-24 08:17:46.054 [info] > git rev-parse --show-toplevel [6ms]
2024-11-24 08:17:46.063 [info] > git rev-parse --show-toplevel [2ms]
2024-11-24 08:17:46.072 [info] > git rev-parse --show-toplevel [5ms]
2024-11-24 08:17:58.105 [info] > git rev-parse --show-toplevel [4ms]
2024-11-24 08:17:58.117 [info] > git rev-parse --show-toplevel [1ms]
2024-11-24 08:17:58.124 [info] > git rev-parse --show-toplevel [1ms]
2024-11-24 08:24:40.972 [info] > git rev-parse --show-toplevel [86ms]
2024-11-24 08:24:40.990 [info] > git rev-parse --show-toplevel [1ms]
2024-11-24 08:24:40.997 [info] > git rev-parse --show-toplevel [2ms]
2024-11-24 08:28:03.909 [info] > git rev-parse --show-toplevel [2ms]
2024-11-24 08:28:03.917 [info] > git rev-parse --show-toplevel [1ms]
2024-11-24 08:28:03.932 [info] > git rev-parse --show-toplevel [2ms]
2024-11-24 08:28:04.513 [info] > git rev-parse --show-toplevel [2ms]
2024-11-24 08:28:04.518 [info] > git rev-parse --show-toplevel [1ms]
2024-11-24 08:28:04.524 [info] > git rev-parse --show-toplevel [2ms]
2024-11-24 08:28:16.811 [info] > git rev-parse --show-toplevel [2ms]
2024-11-24 08:28:16.821 [info] > git rev-parse --show-toplevel [1ms]
2024-11-24 08:28:16.826 [info] > git rev-parse --show-toplevel [1ms]
2024-11-24 08:28:43.731 [info] > git rev-parse --show-toplevel [68ms]
2024-11-24 08:28:43.747 [info] > git rev-parse --show-toplevel [7ms]
2024-11-24 08:28:43.765 [info] > git rev-parse --show-toplevel [4ms]
2024-11-24 08:28:48.826 [info] > git rev-parse --show-toplevel [8ms]
2024-11-24 08:28:48.838 [info] > git rev-parse --show-toplevel [3ms]
2024-11-24 08:28:48.848 [info] > git rev-parse --show-toplevel [3ms]
2024-11-24 08:28:50.033 [info] > git rev-parse --show-toplevel [12ms]
2024-11-24 08:28:50.056 [info] > git rev-parse --show-toplevel [8ms]
2024-11-24 08:28:50.080 [info] > git rev-parse --show-toplevel [8ms]
2024-11-24 08:29:04.869 [info] > git rev-parse --show-toplevel [8ms]
2024-11-24 08:29:04.886 [info] > git rev-parse --show-toplevel [5ms]
2024-11-24 08:29:04.901 [info] > git rev-parse --show-toplevel [4ms]
2024-11-24 08:29:13.159 [info] > git rev-parse --show-toplevel [41ms]
2024-11-24 08:29:13.186 [info] > git rev-parse --show-toplevel [15ms]
2024-11-24 08:29:13.199 [info] > git rev-parse --show-toplevel [4ms]
2024-11-24 08:41:43.520 [info] > git rev-parse --show-toplevel [3ms]
2024-11-24 08:41:43.528 [info] > git rev-parse --show-toplevel [1ms]
2024-11-24 08:41:43.533 [info] > git rev-parse --show-toplevel [1ms]
2024-11-24 08:41:44.026 [info] > git rev-parse --show-toplevel [3ms]
2024-11-24 08:41:44.042 [info] > git rev-parse --show-toplevel [1ms]
2024-11-24 08:41:44.049 [info] > git rev-parse --show-toplevel [0ms]
2024-11-24 08:41:54.008 [info] > git rev-parse --show-toplevel [3ms]
2024-11-24 08:41:54.020 [info] > git rev-parse --show-toplevel [2ms]
2024-11-24 08:41:54.032 [info] > git rev-parse --show-toplevel [2ms]
2024-11-24 08:41:56.274 [info] > git rev-parse --show-toplevel [6ms]
2024-11-24 08:41:56.389 [info] > git rev-parse --show-toplevel [1ms]
2024-11-24 08:41:56.414 [info] > git rev-parse --show-toplevel [5ms]
2024-11-24 10:29:56.925 [info] > git rev-parse --show-toplevel [28ms]
2024-11-24 10:46:35.217 [info] > git rev-parse --show-toplevel [4ms]
2024-11-24 10:46:35.290 [info] > git rev-parse --show-toplevel [11ms]
2024-11-24 10:46:35.319 [info] > git rev-parse --show-toplevel [6ms]
2024-11-24 10:46:58.863 [info] > git rev-parse --show-toplevel [5ms]
2024-11-24 10:46:58.874 [info] > git rev-parse --show-toplevel [2ms]
2024-11-24 10:46:58.891 [info] > git rev-parse --show-toplevel [2ms]
2024-11-24 10:55:25.179 [info] > git rev-parse --show-toplevel [2ms]
2024-11-24 10:55:25.244 [info] > git rev-parse --show-toplevel [7ms]
2024-11-24 10:55:25.307 [info] > git rev-parse --show-toplevel [11ms]
2024-11-24 10:57:15.462 [info] > git rev-parse --show-toplevel [2ms]
2024-11-24 10:57:15.469 [info] > git rev-parse --show-toplevel [2ms]
2024-11-24 10:57:15.476 [info] > git rev-parse --show-toplevel [3ms]
2024-11-24 10:57:16.291 [info] > git rev-parse --show-toplevel [2ms]
2024-11-24 10:57:16.296 [info] > git rev-parse --show-toplevel [2ms]
2024-11-24 10:57:16.302 [info] > git rev-parse --show-toplevel [3ms]
2024-11-24 10:57:24.214 [info] > git rev-parse --show-toplevel [2ms]
2024-11-24 10:57:24.283 [info] > git rev-parse --show-toplevel [4ms]
2024-11-24 10:57:24.312 [info] > git rev-parse --show-toplevel [8ms]
2024-11-24 10:57:26.787 [info] > git rev-parse --show-toplevel [2ms]
2024-11-24 10:57:26.841 [info] > git rev-parse --show-toplevel [8ms]
2024-11-24 10:57:26.856 [info] > git rev-parse --show-toplevel [2ms]
2024-11-24 10:57:32.350 [info] > git rev-parse --show-toplevel [3ms]
2024-11-24 10:57:32.360 [info] > git rev-parse --show-toplevel [1ms]
2024-11-24 10:57:32.372 [info] > git rev-parse --show-toplevel [2ms]
2024-11-24 10:57:55.831 [info] > git rev-parse --show-toplevel [5ms]
2024-11-24 10:57:55.844 [info] > git rev-parse --show-toplevel [1ms]
2024-11-24 10:57:55.857 [info] > git rev-parse --show-toplevel [4ms]
2024-11-24 10:59:01.542 [info] > git rev-parse --show-toplevel [2ms]
2024-11-24 10:59:01.550 [info] > git rev-parse --show-toplevel [2ms]
2024-11-24 10:59:01.556 [info] > git rev-parse --show-toplevel [1ms]
2024-11-24 11:00:38.709 [info] > git rev-parse --show-toplevel [7ms]
2024-11-24 11:00:38.764 [info] > git rev-parse --show-toplevel [2ms]
2024-11-24 11:00:38.772 [info] > git rev-parse --show-toplevel [1ms]
2024-11-24 11:02:05.106 [info] > git rev-parse --show-toplevel [4ms]
2024-11-24 11:02:05.112 [info] > git rev-parse --show-toplevel [1ms]
2024-11-24 11:02:05.118 [info] > git rev-parse --show-toplevel [2ms]
2024-11-24 11:03:58.413 [info] > git rev-parse --show-toplevel [2ms]
2024-11-24 11:03:58.507 [info] > git rev-parse --show-toplevel [6ms]
2024-11-24 11:03:58.528 [info] > git rev-parse --show-toplevel [4ms]
2024-11-24 11:04:09.755 [info] > git rev-parse --show-toplevel [3ms]
2024-11-24 11:04:09.761 [info] > git rev-parse --show-toplevel [2ms]
2024-11-24 11:04:09.768 [info] > git rev-parse --show-toplevel [2ms]
2024-11-24 11:04:13.974 [info] > git rev-parse --show-toplevel [2ms]
2024-11-24 11:04:13.980 [info] > git rev-parse --show-toplevel [2ms]
2024-11-24 11:04:13.987 [info] > git rev-parse --show-toplevel [2ms]
2024-11-24 11:04:21.012 [info] > git rev-parse --show-toplevel [4ms]
2024-11-24 11:04:21.019 [info] > git rev-parse --show-toplevel [2ms]
2024-11-24 11:04:21.025 [info] > git rev-parse --show-toplevel [3ms]
2024-11-24 11:04:23.669 [info] > git rev-parse --show-toplevel [6ms]
2024-11-24 11:04:23.700 [info] > git rev-parse --show-toplevel [8ms]
2024-11-24 11:04:23.716 [info] > git rev-parse --show-toplevel [1ms]
2024-11-24 11:04:24.789 [info] > git rev-parse --show-toplevel [2ms]
2024-11-24 11:04:24.794 [info] > git rev-parse --show-toplevel [1ms]
2024-11-24 11:04:24.800 [info] > git rev-parse --show-toplevel [2ms]
2024-11-24 11:04:29.580 [info] > git rev-parse --show-toplevel [3ms]
2024-11-24 11:04:29.589 [info] > git rev-parse --show-toplevel [4ms]
2024-11-24 11:04:29.600 [info] > git rev-parse --show-toplevel [1ms]
2024-11-24 11:04:30.321 [info] > git rev-parse --show-toplevel [6ms]
2024-11-24 11:04:30.334 [info] > git rev-parse --show-toplevel [2ms]
2024-11-24 11:04:30.347 [info] > git rev-parse --show-toplevel [3ms]
2024-11-24 11:04:31.718 [info] > git rev-parse --show-toplevel [6ms]
2024-11-24 11:04:31.736 [info] > git rev-parse --show-toplevel [5ms]
2024-11-24 11:04:31.746 [info] > git rev-parse --show-toplevel [2ms]
2024-11-24 11:04:37.304 [info] > git rev-parse --show-toplevel [10ms]
2024-11-24 11:04:37.309 [info] > git rev-parse --show-toplevel [1ms]
2024-11-24 11:04:37.315 [info] > git rev-parse --show-toplevel [2ms]
2024-11-24 11:04:38.715 [info] > git rev-parse --show-toplevel [1ms]
2024-11-24 11:04:38.722 [info] > git rev-parse --show-toplevel [3ms]
2024-11-24 11:04:38.729 [info] > git rev-parse --show-toplevel [1ms]
2024-11-24 11:04:39.252 [info] > git rev-parse --show-toplevel [3ms]
2024-11-24 11:04:39.257 [info] > git rev-parse --show-toplevel [1ms]
2024-11-24 11:04:39.265 [info] > git rev-parse --show-toplevel [1ms]
2024-11-24 11:06:14.190 [info] > git rev-parse --show-toplevel [2ms]
2024-11-24 11:06:14.196 [info] > git rev-parse --show-toplevel [2ms]
2024-11-24 11:06:14.201 [info] > git rev-parse --show-toplevel [1ms]
2024-11-24 11:06:20.962 [info] > git rev-parse --show-toplevel [2ms]
2024-11-24 11:06:20.967 [info] > git rev-parse --show-toplevel [1ms]
2024-11-24 11:06:20.973 [info] > git rev-parse --show-toplevel [2ms]
2024-11-24 11:06:27.424 [info] > git rev-parse --show-toplevel [7ms]
2024-11-24 11:06:27.441 [info] > git rev-parse --show-toplevel [6ms]
2024-11-24 11:06:27.456 [info] > git rev-parse --show-toplevel [4ms]
2024-11-24 11:06:28.993 [info] > git rev-parse --show-toplevel [3ms]
2024-11-24 11:06:29.001 [info] > git rev-parse --show-toplevel [3ms]
2024-11-24 11:06:29.009 [info] > git rev-parse --show-toplevel [1ms]
2024-11-24 11:07:09.498 [info] > git rev-parse --show-toplevel [8ms]
2024-11-24 11:07:09.515 [info] > git rev-parse --show-toplevel [7ms]
2024-11-24 11:07:09.533 [info] > git rev-parse --show-toplevel [11ms]
2024-11-24 11:11:47.836 [info] > git rev-parse --show-toplevel [5ms]
2024-11-24 11:11:47.854 [info] > git rev-parse --show-toplevel [9ms]
2024-11-24 11:11:47.884 [info] > git rev-parse --show-toplevel [9ms]
2024-11-24 11:19:31.776 [info] > git rev-parse --show-toplevel [2ms]
2024-11-24 11:19:31.785 [info] > git rev-parse --show-toplevel [1ms]
2024-11-24 11:19:31.802 [info] > git rev-parse --show-toplevel [3ms]
2024-11-24 11:19:54.119 [info] > git rev-parse --show-toplevel [5ms]
2024-11-24 11:19:54.130 [info] > git rev-parse --show-toplevel [1ms]
2024-11-24 11:19:54.137 [info] > git rev-parse --show-toplevel [2ms]
2024-11-24 11:19:56.712 [info] > git rev-parse --show-toplevel [3ms]
2024-11-24 11:19:56.719 [info] > git rev-parse --show-toplevel [2ms]
2024-11-24 11:19:56.725 [info] > git rev-parse --show-toplevel [2ms]
2024-11-24 11:20:35.660 [info] > git rev-parse --show-toplevel [2ms]
2024-11-24 11:20:35.732 [info] > git rev-parse --show-toplevel [11ms]
2024-11-24 11:20:35.763 [info] > git rev-parse --show-toplevel [10ms]
2024-11-24 11:23:02.338 [info] > git rev-parse --show-toplevel [8ms]
2024-11-24 11:23:02.353 [info] > git rev-parse --show-toplevel [7ms]
2024-11-24 11:23:02.374 [info] > git rev-parse --show-toplevel [3ms]
2024-11-24 11:23:05.134 [info] > git rev-parse --show-toplevel [3ms]
2024-11-24 11:23:05.140 [info] > git rev-parse --show-toplevel [1ms]
2024-11-24 11:23:05.144 [info] > git rev-parse --show-toplevel [1ms]
2024-11-24 11:23:06.562 [info] > git rev-parse --show-toplevel [4ms]
2024-11-24 11:23:06.569 [info] > git rev-parse --show-toplevel [1ms]
2024-11-24 11:23:06.576 [info] > git rev-parse --show-toplevel [1ms]
2024-11-24 11:23:32.957 [info] > git rev-parse --show-toplevel [1ms]
2024-11-24 11:23:33.009 [info] > git rev-parse --show-toplevel [12ms]
2024-11-24 11:23:33.025 [info] > git rev-parse --show-toplevel [1ms]
2024-11-24 11:23:34.508 [info] > git rev-parse --show-toplevel [4ms]
2024-11-24 11:23:34.554 [info] > git rev-parse --show-toplevel [3ms]
2024-11-24 11:23:34.564 [info] > git rev-parse --show-toplevel [2ms]
2024-11-24 11:23:36.744 [info] > git rev-parse --show-toplevel [2ms]
2024-11-24 11:23:36.750 [info] > git rev-parse --show-toplevel [2ms]
2024-11-24 11:23:36.756 [info] > git rev-parse --show-toplevel [0ms]
2024-11-24 11:28:27.442 [info] > git rev-parse --show-toplevel [2ms]
2024-11-24 11:28:27.450 [info] > git rev-parse --show-toplevel [1ms]
2024-11-24 11:28:27.458 [info] > git rev-parse --show-toplevel [0ms]
2024-11-24 11:28:52.963 [info] > git rev-parse --show-toplevel [2ms]
2024-11-24 11:28:52.969 [info] > git rev-parse --show-toplevel [2ms]
2024-11-24 11:28:52.975 [info] > git rev-parse --show-toplevel [1ms]
2024-11-24 11:29:15.780 [info] > git rev-parse --show-toplevel [1ms]
2024-11-24 11:29:15.809 [info] > git rev-parse --show-toplevel [3ms]
2024-11-24 11:29:15.820 [info] > git rev-parse --show-toplevel [1ms]
2024-11-24 11:29:18.533 [info] > git rev-parse --show-toplevel [3ms]
2024-11-24 11:29:18.540 [info] > git rev-parse --show-toplevel [2ms]
2024-11-24 11:29:18.547 [info] > git rev-parse --show-toplevel [3ms]
2024-11-24 11:29:18.557 [info] > git rev-parse --show-toplevel [3ms]
2024-11-24 11:29:18.566 [info] > git rev-parse --show-toplevel [4ms]
2024-11-24 11:29:18.573 [info] > git rev-parse --show-toplevel [2ms]
2024-11-24 11:29:26.883 [info] > git rev-parse --show-toplevel [2ms]
2024-11-24 11:29:26.897 [info] > git rev-parse --show-toplevel [2ms]
2024-11-24 11:29:26.909 [info] > git rev-parse --show-toplevel [2ms]
2024-11-24 11:29:26.916 [info] > git rev-parse --show-toplevel [3ms]
2024-11-24 11:29:26.925 [info] > git rev-parse --show-toplevel [1ms]
2024-11-24 11:29:32.156 [info] > git rev-parse --show-toplevel [4ms]
2024-11-24 11:29:32.168 [info] > git rev-parse --show-toplevel [1ms]
2024-11-24 11:29:32.180 [info] > git rev-parse --show-toplevel [2ms]
2024-11-24 11:29:32.191 [info] > git rev-parse --show-toplevel [3ms]
2024-11-24 11:29:32.207 [info] > git rev-parse --show-toplevel [5ms]
2024-11-24 11:33:59.808 [info] > git rev-parse --show-toplevel [4ms]
2024-11-24 11:33:59.831 [info] > git rev-parse --show-toplevel [3ms]
2024-11-24 11:33:59.843 [info] > git rev-parse --show-toplevel [3ms]
2024-11-24 11:33:59.863 [info] > git rev-parse --show-toplevel [4ms]
2024-11-24 11:33:59.872 [info] > git rev-parse --show-toplevel [2ms]
2024-11-24 11:34:08.092 [info] > git rev-parse --show-toplevel [2ms]
2024-11-24 11:34:08.098 [info] > git rev-parse --show-toplevel [1ms]
2024-11-24 11:34:08.156 [info] > git rev-parse --show-toplevel [2ms]
2024-11-24 11:34:08.169 [info] > git rev-parse --show-toplevel [1ms]
2024-11-24 11:34:08.182 [info] > git rev-parse --show-toplevel [2ms]
2024-11-24 11:34:10.741 [info] > git rev-parse --show-toplevel [4ms]
2024-11-24 11:34:10.754 [info] > git rev-parse --show-toplevel [6ms]
2024-11-24 11:34:10.772 [info] > git rev-parse --show-toplevel [1ms]
2024-11-24 11:34:10.784 [info] > git rev-parse --show-toplevel [3ms]
2024-11-24 11:34:10.801 [info] > git rev-parse --show-toplevel [4ms]
2024-11-24 11:34:29.536 [info] > git rev-parse --show-toplevel [5ms]
2024-11-24 11:34:29.545 [info] > git rev-parse --show-toplevel [2ms]
2024-11-24 11:34:29.550 [info] > git rev-parse --show-toplevel [1ms]
2024-11-24 11:34:29.557 [info] > git rev-parse --show-toplevel [2ms]
2024-11-24 11:34:29.562 [info] > git rev-parse --show-toplevel [1ms]
2024-11-24 11:34:35.540 [info] > git rev-parse --show-toplevel [2ms]
2024-11-24 11:34:35.552 [info] > git rev-parse --show-toplevel [4ms]
2024-11-24 11:34:35.562 [info] > git rev-parse --show-toplevel [2ms]
2024-11-24 11:34:35.568 [info] > git rev-parse --show-toplevel [2ms]
2024-11-24 11:34:35.574 [info] > git rev-parse --show-toplevel [1ms]
2024-11-24 11:34:36.582 [info] > git rev-parse --show-toplevel [2ms]
2024-11-24 11:34:36.590 [info] > git rev-parse --show-toplevel [1ms]
2024-11-24 11:34:36.595 [info] > git rev-parse --show-toplevel [1ms]
2024-11-24 11:34:36.601 [info] > git rev-parse --show-toplevel [2ms]
2024-11-24 11:34:36.606 [info] > git rev-parse --show-toplevel [2ms]
2024-11-24 11:34:39.591 [info] > git rev-parse --show-toplevel [2ms]
2024-11-24 11:34:39.599 [info] > git rev-parse --show-toplevel [3ms]
2024-11-24 11:34:39.606 [info] > git rev-parse --show-toplevel [2ms]
2024-11-24 11:34:39.611 [info] > git rev-parse --show-toplevel [1ms]
2024-11-24 11:34:39.620 [info] > git rev-parse --show-toplevel [3ms]
2024-11-24 11:34:42.443 [info] > git rev-parse --show-toplevel [2ms]
2024-11-24 11:34:42.449 [info] > git rev-parse --show-toplevel [1ms]
2024-11-24 11:34:42.454 [info] > git rev-parse --show-toplevel [2ms]
2024-11-24 11:34:42.459 [info] > git rev-parse --show-toplevel [2ms]
2024-11-24 11:34:42.464 [info] > git rev-parse --show-toplevel [2ms]
2024-11-24 11:34:46.891 [info] > git rev-parse --show-toplevel [2ms]
2024-11-24 11:34:46.904 [info] > git rev-parse --show-toplevel [2ms]
2024-11-24 11:34:46.945 [info] > git rev-parse --show-toplevel [19ms]
2024-11-24 11:34:46.967 [info] > git rev-parse --show-toplevel [4ms]
2024-11-24 11:34:46.981 [info] > git rev-parse --show-toplevel [3ms]
2024-11-24 11:46:37.408 [info] > git rev-parse --show-toplevel [4ms]
2024-11-24 11:46:37.414 [info] > git rev-parse --show-toplevel [1ms]
2024-11-24 11:46:37.420 [info] > git rev-parse --show-toplevel [1ms]
2024-11-24 11:46:37.425 [info] > git rev-parse --show-toplevel [1ms]
2024-11-24 11:46:37.430 [info] > git rev-parse --show-toplevel [2ms]
2024-11-24 13:43:48.842 [info] > git rev-parse --show-toplevel [15ms]
2024-11-24 13:43:48.866 [info] > git rev-parse --show-toplevel [8ms]
2024-11-24 13:43:48.874 [info] > git rev-parse --show-toplevel [2ms]
2024-11-24 13:43:48.882 [info] > git rev-parse --show-toplevel [1ms]
2024-11-24 13:43:48.892 [info] > git rev-parse --show-toplevel [1ms]
2024-11-24 14:11:05.207 [info] > git rev-parse --show-toplevel [2ms]
2024-11-24 14:11:05.215 [info] > git rev-parse --show-toplevel [2ms]
2024-11-24 14:11:05.270 [info] > git rev-parse --show-toplevel [1ms]
2024-11-24 14:11:05.282 [info] > git rev-parse --show-toplevel [2ms]
2024-11-24 14:11:05.290 [info] > git rev-parse --show-toplevel [2ms]
2024-11-24 14:32:51.494 [info] > git rev-parse --show-toplevel [3ms]
2024-11-24 14:32:51.503 [info] > git rev-parse --show-toplevel [2ms]
2024-11-24 14:32:51.540 [info] > git rev-parse --show-toplevel [2ms]
2024-11-24 14:32:51.558 [info] > git rev-parse --show-toplevel [5ms]
2024-11-24 14:32:51.566 [info] > git rev-parse --show-toplevel [1ms]
2024-11-24 14:33:29.367 [info] > git rev-parse --show-toplevel [2ms]
2024-11-24 14:33:29.374 [info] > git rev-parse --show-toplevel [3ms]
2024-11-24 14:33:29.379 [info] > git rev-parse --show-toplevel [2ms]
2024-11-24 14:33:29.386 [info] > git rev-parse --show-toplevel [1ms]
2024-11-24 14:33:29.391 [info] > git rev-parse --show-toplevel [2ms]
2024-11-24 14:34:21.937 [info] > git rev-parse --show-toplevel [1ms]
2024-11-24 14:34:21.943 [info] > git rev-parse --show-toplevel [1ms]
2024-11-24 14:34:21.958 [info] > git rev-parse --show-toplevel [11ms]
2024-11-24 14:34:21.963 [info] > git rev-parse --show-toplevel [1ms]
2024-11-24 14:34:21.968 [info] > git rev-parse --show-toplevel [1ms]
2024-11-24 14:34:29.355 [info] > git rev-parse --show-toplevel [2ms]
2024-11-24 14:34:29.362 [info] > git rev-parse --show-toplevel [2ms]
2024-11-24 14:34:29.367 [info] > git rev-parse --show-toplevel [2ms]
2024-11-24 14:34:29.372 [info] > git rev-parse --show-toplevel [2ms]
2024-11-24 14:34:29.377 [info] > git rev-parse --show-toplevel [2ms]
2024-11-24 14:35:06.539 [info] > git rev-parse --show-toplevel [2ms]
2024-11-24 14:35:06.551 [info] > git rev-parse --show-toplevel [2ms]
2024-11-24 14:35:06.557 [info] > git rev-parse --show-toplevel [2ms]
2024-11-24 14:35:06.564 [info] > git rev-parse --show-toplevel [2ms]
2024-11-24 14:35:06.572 [info] > git rev-parse --show-toplevel [2ms]
2024-11-24 14:35:11.905 [info] > git rev-parse --show-toplevel [7ms]
2024-11-24 14:35:11.932 [info] > git rev-parse --show-toplevel [17ms]
2024-11-24 14:35:11.967 [info] > git rev-parse --show-toplevel [3ms]
2024-11-24 14:35:11.981 [info] > git rev-parse --show-toplevel [2ms]
2024-11-24 14:35:11.991 [info] > git rev-parse --show-toplevel [2ms]
2024-11-24 14:36:22.961 [info] > git rev-parse --show-toplevel [2ms]
2024-11-24 14:36:22.967 [info] > git rev-parse --show-toplevel [2ms]
2024-11-24 14:36:22.972 [info] > git rev-parse --show-toplevel [2ms]
2024-11-24 14:36:22.977 [info] > git rev-parse --show-toplevel [1ms]
2024-11-24 14:36:22.982 [info] > git rev-parse --show-toplevel [1ms]
2024-11-24 14:37:52.352 [info] > git rev-parse --show-toplevel [5ms]
2024-11-24 14:37:52.359 [info] > git rev-parse --show-toplevel [3ms]
2024-11-24 14:37:52.365 [info] > git rev-parse --show-toplevel [1ms]
2024-11-24 14:37:52.373 [info] > git rev-parse --show-toplevel [2ms]
2024-11-24 14:37:52.383 [info] > git rev-parse --show-toplevel [1ms]
2024-11-24 14:37:54.186 [info] > git rev-parse --show-toplevel [3ms]
2024-11-24 14:37:54.193 [info] > git rev-parse --show-toplevel [3ms]
2024-11-24 14:37:54.202 [info] > git rev-parse --show-toplevel [2ms]
2024-11-24 14:37:54.221 [info] > git rev-parse --show-toplevel [2ms]
2024-11-24 14:37:54.233 [info] > git rev-parse --show-toplevel [6ms]
2024-11-24 14:38:12.399 [info] > git rev-parse --show-toplevel [4ms]
2024-11-24 14:38:12.409 [info] > git rev-parse --show-toplevel [2ms]
2024-11-24 14:38:12.425 [info] > git rev-parse --show-toplevel [3ms]
2024-11-24 14:38:12.436 [info] > git rev-parse --show-toplevel [1ms]
2024-11-24 14:38:12.441 [info] > git rev-parse --show-toplevel [1ms]
2024-11-24 14:38:14.976 [info] > git rev-parse --show-toplevel [0ms]
2024-11-24 14:38:14.988 [info] > git rev-parse --show-toplevel [2ms]
2024-11-24 14:38:15.005 [info] > git rev-parse --show-toplevel [10ms]
2024-11-24 14:38:15.021 [info] > git rev-parse --show-toplevel [3ms]
2024-11-24 14:38:15.033 [info] > git rev-parse --show-toplevel [3ms]
2024-11-24 14:38:34.024 [info] > git rev-parse --show-toplevel [2ms]
2024-11-24 14:38:34.033 [info] > git rev-parse --show-toplevel [5ms]
2024-11-24 14:38:34.041 [info] > git rev-parse --show-toplevel [2ms]
2024-11-24 14:38:34.046 [info] > git rev-parse --show-toplevel [2ms]
2024-11-24 14:38:34.051 [info] > git rev-parse --show-toplevel [1ms]
2024-11-24 14:38:45.183 [info] > git rev-parse --show-toplevel [3ms]
2024-11-24 14:38:45.188 [info] > git rev-parse --show-toplevel [2ms]
2024-11-24 14:38:45.193 [info] > git rev-parse --show-toplevel [2ms]
2024-11-24 14:38:45.200 [info] > git rev-parse --show-toplevel [3ms]
2024-11-24 14:38:45.204 [info] > git rev-parse --show-toplevel [1ms]
2024-11-24 14:39:02.260 [info] > git rev-parse --show-toplevel [1ms]
2024-11-24 14:39:02.266 [info] > git rev-parse --show-toplevel [2ms]
2024-11-24 14:39:02.271 [info] > git rev-parse --show-toplevel [1ms]
2024-11-24 14:39:02.276 [info] > git rev-parse --show-toplevel [2ms]
2024-11-24 14:39:02.281 [info] > git rev-parse --show-toplevel [2ms]
2024-11-24 14:40:04.164 [info] > git rev-parse --show-toplevel [4ms]
2024-11-24 14:40:04.177 [info] > git rev-parse --show-toplevel [0ms]
2024-11-24 14:40:04.189 [info] > git rev-parse --show-toplevel [2ms]
2024-11-24 14:40:04.198 [info] > git rev-parse --show-toplevel [1ms]
2024-11-24 14:40:04.212 [info] > git rev-parse --show-toplevel [3ms]
2024-11-24 14:40:09.675 [info] > git rev-parse --show-toplevel [3ms]
2024-11-24 14:40:09.689 [info] > git rev-parse --show-toplevel [4ms]
2024-11-24 14:40:09.694 [info] > git rev-parse --show-toplevel [2ms]
2024-11-24 14:40:09.699 [info] > git rev-parse --show-toplevel [1ms]
2024-11-24 14:40:09.706 [info] > git rev-parse --show-toplevel [1ms]
2024-11-24 14:40:12.431 [info] > git rev-parse --show-toplevel [8ms]
2024-11-24 14:40:12.439 [info] > git rev-parse --show-toplevel [1ms]
2024-11-24 14:40:12.447 [info] > git rev-parse --show-toplevel [3ms]
2024-11-24 14:40:12.455 [info] > git rev-parse --show-toplevel [2ms]
2024-11-24 14:40:12.465 [info] > git rev-parse --show-toplevel [3ms]
2024-11-24 14:40:13.153 [info] > git rev-parse --show-toplevel [5ms]
2024-11-24 14:40:13.164 [info] > git rev-parse --show-toplevel [4ms]
2024-11-24 14:40:13.173 [info] > git rev-parse --show-toplevel [1ms]
2024-11-24 14:40:13.188 [info] > git rev-parse --show-toplevel [4ms]
2024-11-24 14:40:13.206 [info] > git rev-parse --show-toplevel [1ms]
2024-11-24 14:42:41.832 [info] > git rev-parse --show-toplevel [49ms]
2024-11-24 14:42:41.840 [info] > git rev-parse --show-toplevel [2ms]
2024-11-24 14:42:41.845 [info] > git rev-parse --show-toplevel [1ms]
2024-11-24 14:42:41.855 [info] > git rev-parse --show-toplevel [3ms]
2024-11-24 14:42:41.862 [info] > git rev-parse --show-toplevel [2ms]
2024-11-24 14:43:20.261 [info] > git rev-parse --show-toplevel [6ms]
2024-11-24 14:43:20.268 [info] > git rev-parse --show-toplevel [2ms]
2024-11-24 14:43:20.276 [info] > git rev-parse --show-toplevel [4ms]
2024-11-24 14:43:20.284 [info] > git rev-parse --show-toplevel [2ms]
2024-11-24 14:43:20.294 [info] > git rev-parse --show-toplevel [3ms]
2024-11-24 14:43:22.740 [info] > git rev-parse --show-toplevel [4ms]
2024-11-24 14:43:22.748 [info] > git rev-parse --show-toplevel [3ms]
2024-11-24 14:43:22.754 [info] > git rev-parse --show-toplevel [2ms]
2024-11-24 14:43:22.761 [info] > git rev-parse --show-toplevel [2ms]
2024-11-24 14:43:22.771 [info] > git rev-parse --show-toplevel [3ms]
2024-11-24 14:43:24.535 [info] > git rev-parse --show-toplevel [11ms]
2024-11-24 14:43:24.557 [info] > git rev-parse --show-toplevel [3ms]
2024-11-24 14:43:24.564 [info] > git rev-parse --show-toplevel [2ms]
2024-11-24 14:43:24.570 [info] > git rev-parse --show-toplevel [2ms]
2024-11-24 14:43:24.575 [info] > git rev-parse --show-toplevel [2ms]
2024-11-24 14:43:25.215 [info] > git rev-parse --show-toplevel [2ms]
2024-11-24 14:43:25.223 [info] > git rev-parse --show-toplevel [2ms]
2024-11-24 14:43:25.230 [info] > git rev-parse --show-toplevel [3ms]
2024-11-24 14:43:25.238 [info] > git rev-parse --show-toplevel [2ms]
2024-11-24 14:43:25.246 [info] > git rev-parse --show-toplevel [3ms]
2024-11-24 14:43:30.495 [info] > git rev-parse --show-toplevel [4ms]
2024-11-24 14:43:30.503 [info] > git rev-parse --show-toplevel [2ms]
2024-11-24 14:43:30.508 [info] > git rev-parse --show-toplevel [1ms]
2024-11-24 14:43:30.516 [info] > git rev-parse --show-toplevel [2ms]
2024-11-24 14:43:30.526 [info] > git rev-parse --show-toplevel [3ms]
2024-11-24 14:43:54.558 [info] > git rev-parse --show-toplevel [3ms]
2024-11-24 14:43:54.565 [info] > git rev-parse --show-toplevel [1ms]
2024-11-24 14:43:54.572 [info] > git rev-parse --show-toplevel [0ms]
2024-11-24 14:43:54.579 [info] > git rev-parse --show-toplevel [2ms]
2024-11-24 14:43:54.587 [info] > git rev-parse --show-toplevel [1ms]
2024-11-24 14:44:21.048 [info] > git rev-parse --show-toplevel [1ms]
2024-11-24 14:44:21.055 [info] > git rev-parse --show-toplevel [3ms]
2024-11-24 14:44:21.062 [info] > git rev-parse --show-toplevel [2ms]
2024-11-24 14:44:21.068 [info] > git rev-parse --show-toplevel [2ms]
2024-11-24 14:44:21.075 [info] > git rev-parse --show-toplevel [1ms]
2024-11-24 14:49:09.259 [info] > git rev-parse --show-toplevel [4ms]
2024-11-24 14:49:09.272 [info] > git rev-parse --show-toplevel [2ms]
2024-11-24 14:49:09.292 [info] > git rev-parse --show-toplevel [6ms]
2024-11-24 14:49:09.304 [info] > git rev-parse --show-toplevel [4ms]
2024-11-24 14:49:09.323 [info] > git rev-parse --show-toplevel [5ms]
2024-11-24 14:49:20.104 [info] > git rev-parse --show-toplevel [4ms]
2024-11-24 14:49:20.109 [info] > git rev-parse --show-toplevel [1ms]
2024-11-24 14:49:20.115 [info] > git rev-parse --show-toplevel [2ms]
2024-11-24 14:49:20.121 [info] > git rev-parse --show-toplevel [1ms]
2024-11-24 14:49:20.127 [info] > git rev-parse --show-toplevel [2ms]
2024-11-24 14:49:24.331 [info] > git rev-parse --show-toplevel [3ms]
2024-11-24 14:49:24.338 [info] > git rev-parse --show-toplevel [3ms]
2024-11-24 14:49:24.348 [info] > git rev-parse --show-toplevel [5ms]
2024-11-24 14:49:24.353 [info] > git rev-parse --show-toplevel [1ms]
2024-11-24 14:49:24.361 [info] > git rev-parse --show-toplevel [2ms]
2024-11-24 14:49:25.854 [info] > git rev-parse --show-toplevel [7ms]
2024-11-24 14:49:25.868 [info] > git rev-parse --show-toplevel [3ms]
2024-11-24 14:49:25.876 [info] > git rev-parse --show-toplevel [3ms]
2024-11-24 14:49:25.883 [info] > git rev-parse --show-toplevel [2ms]
2024-11-24 14:49:25.889 [info] > git rev-parse --show-toplevel [2ms]
2024-11-24 14:49:26.721 [info] > git rev-parse --show-toplevel [2ms]
2024-11-24 14:49:26.730 [info] > git rev-parse --show-toplevel [1ms]
2024-11-24 14:49:26.738 [info] > git rev-parse --show-toplevel [1ms]
2024-11-24 14:49:26.745 [info] > git rev-parse --show-toplevel [2ms]
2024-11-24 14:49:26.754 [info] > git rev-parse --show-toplevel [3ms]
2024-11-24 14:49:31.246 [info] > git rev-parse --show-toplevel [3ms]
2024-11-24 14:49:31.253 [info] > git rev-parse --show-toplevel [2ms]
2024-11-24 14:49:31.258 [info] > git rev-parse --show-toplevel [1ms]
2024-11-24 14:49:31.263 [info] > git rev-parse --show-toplevel [2ms]
2024-11-24 14:49:31.269 [info] > git rev-parse --show-toplevel [2ms]
2024-11-24 14:49:31.648 [info] > git rev-parse --show-toplevel [2ms]
2024-11-24 14:49:31.654 [info] > git rev-parse --show-toplevel [2ms]
2024-11-24 14:49:31.659 [info] > git rev-parse --show-toplevel [1ms]
2024-11-24 14:49:31.665 [info] > git rev-parse --show-toplevel [1ms]
2024-11-24 14:49:31.671 [info] > git rev-parse --show-toplevel [2ms]
2024-11-24 14:49:32.247 [info] > git rev-parse --show-toplevel [6ms]
2024-11-24 14:49:32.260 [info] > git rev-parse --show-toplevel [5ms]
2024-11-24 14:49:32.271 [info] > git rev-parse --show-toplevel [5ms]
2024-11-24 14:49:32.286 [info] > git rev-parse --show-toplevel [6ms]
2024-11-24 14:49:32.297 [info] > git rev-parse --show-toplevel [4ms]
2024-11-24 14:50:43.203 [info] > git rev-parse --show-toplevel [5ms]
2024-11-24 14:50:43.210 [info] > git rev-parse --show-toplevel [2ms]
2024-11-24 14:50:43.216 [info] > git rev-parse --show-toplevel [1ms]
2024-11-24 14:50:43.224 [info] > git rev-parse --show-toplevel [3ms]
2024-11-24 14:50:43.231 [info] > git rev-parse --show-toplevel [1ms]
2024-11-24 14:52:48.845 [info] > git rev-parse --show-toplevel [3ms]
2024-11-24 14:52:48.851 [info] > git rev-parse --show-toplevel [1ms]
2024-11-24 14:52:48.856 [info] > git rev-parse --show-toplevel [2ms]
2024-11-24 14:52:48.863 [info] > git rev-parse --show-toplevel [2ms]
2024-11-24 14:52:48.868 [info] > git rev-parse --show-toplevel [1ms]
2024-11-24 14:52:53.161 [info] > git rev-parse --show-toplevel [6ms]
2024-11-24 14:52:53.167 [info] > git rev-parse --show-toplevel [2ms]
2024-11-24 14:52:53.173 [info] > git rev-parse --show-toplevel [2ms]
2024-11-24 14:52:53.180 [info] > git rev-parse --show-toplevel [1ms]
2024-11-24 14:52:53.188 [info] > git rev-parse --show-toplevel [2ms]
