2024-11-28 11:18:30.366 [info] [main] 로그 수준: Info
2024-11-28 11:18:30.366 [info] [main] "git"에서 찾은 git 유효성을 검사하는 중
2024-11-28 11:18:30.366 [info] [main] "2.43.0"에서 git "git"을(를) 사용하는 중
2024-11-28 11:18:30.366 [info] [Model][doInitialScan] Initial repository scan started
2024-11-28 11:18:30.366 [info] > git rev-parse --show-toplevel [202ms]
2024-11-28 11:18:30.376 [info] > git rev-parse --git-dir --git-common-dir [22ms]
2024-11-28 11:18:30.526 [info] [Model][openRepository] Opened repository: /home/ubuntu/Project-Agora
2024-11-28 11:18:31.528 [info] > git rev-parse --show-toplevel [66ms]
2024-11-28 11:18:31.532 [info] > git config --get commit.template [94ms]
2024-11-28 11:18:31.675 [info] > git rev-parse --show-toplevel [121ms]
2024-11-28 11:18:31.701 [info] > git for-each-ref --format=%(refname)%00%(upstream:short)%00%(objectname)%00%(upstream:track)%00%(upstream:remotename)%00%(upstream:remoteref) refs/heads/main refs/remotes/main [59ms]
2024-11-28 11:18:31.716 [info] > git rev-parse --show-toplevel [18ms]
2024-11-28 11:18:31.751 [info] [Model][doInitialScan] Initial repository scan completed - repositories (1), closed repositories (0), parent repositories (0), unsafe repositories (0)
2024-11-28 11:18:31.857 [info] > git show --textconv :openvidu-tutorials/openvidu-react/src/components/Elements/RoomList/RoomList.jsx [44ms]
2024-11-28 11:18:31.874 [info] > git ls-files --stage -- /home/ubuntu/Project-Agora/openvidu-tutorials/openvidu-react/src/components/Elements/RoomList/RoomList.jsx [21ms]
2024-11-28 11:18:31.974 [info] > git status -z -uall [67ms]
2024-11-28 11:18:31.980 [info] > git cat-file -s 897eb2ebdbd1ee2dcf58bc46b650d29db24d54c2 [94ms]
2024-11-28 11:18:31.991 [info] > git for-each-ref --sort -committerdate --format %(refname) %(objectname) %(*objectname) [52ms]
2024-11-28 11:18:32.119 [info] > git check-ignore -v -z --stdin [27ms]
2024-11-28 11:18:32.125 [info] > git for-each-ref --format=%(refname)%00%(upstream:short)%00%(objectname)%00%(upstream:track)%00%(upstream:remotename)%00%(upstream:remoteref) refs/heads/main refs/remotes/main [69ms]
2024-11-28 11:18:32.276 [info] > git config --local branch.main.vscode-merge-base [142ms]
2024-11-28 11:18:32.298 [info] > git config --get commit.template [179ms]
2024-11-28 11:18:32.454 [info] > git for-each-ref --format=%(refname)%00%(upstream:short)%00%(objectname)%00%(upstream:track)%00%(upstream:remotename)%00%(upstream:remoteref) refs/heads/origin/main refs/remotes/origin/main [157ms]
2024-11-28 11:18:32.493 [info] > git merge-base refs/heads/main refs/remotes/origin/main [24ms]
2024-11-28 11:18:32.508 [info] > git for-each-ref --format=%(refname)%00%(upstream:short)%00%(objectname)%00%(upstream:track)%00%(upstream:remotename)%00%(upstream:remoteref) refs/heads/main refs/remotes/main [166ms]
2024-11-28 11:18:32.592 [info] > git diff --name-status -z --diff-filter=ADMR ee324f52e897252e3247c75fc6476f695944853c...refs/remotes/origin/main [85ms]
2024-11-28 11:18:32.594 [info] > git status -z -uall [67ms]
2024-11-28 11:18:32.601 [info] > git for-each-ref --sort -committerdate --format %(refname) %(objectname) %(*objectname) [57ms]
2024-11-28 11:19:18.404 [info] > git show --textconv :openvidu-tutorials/openvidu-react/src/components/Elements/openvidu/OpenviduFinal.js [37ms]
2024-11-28 11:19:18.412 [info] > git ls-files --stage -- /home/ubuntu/Project-Agora/openvidu-tutorials/openvidu-react/src/components/Elements/openvidu/OpenviduFinal.js [26ms]
2024-11-28 11:19:18.450 [info] > git cat-file -s dc74bab6964c390a0513f9da4ac56f8d056c6985 [13ms]
2024-11-28 11:19:19.066 [info] > git check-ignore -v -z --stdin [3ms]
2024-11-28 11:19:47.707 [info] > git config --get commit.template [17ms]
2024-11-28 11:19:47.719 [info] > git for-each-ref --format=%(refname)%00%(upstream:short)%00%(objectname)%00%(upstream:track)%00%(upstream:remotename)%00%(upstream:remoteref) refs/heads/main refs/remotes/main [21ms]
2024-11-28 11:19:47.802 [info] > git status -z -uall [58ms]
2024-11-28 11:19:47.828 [info] > git for-each-ref --sort -committerdate --format %(refname) %(objectname) %(*objectname) [40ms]
2024-11-28 11:20:30.144 [info] > git config --get commit.template [10ms]
2024-11-28 11:20:30.146 [info] > git for-each-ref --format=%(refname)%00%(upstream:short)%00%(objectname)%00%(upstream:track)%00%(upstream:remotename)%00%(upstream:remoteref) refs/heads/main refs/remotes/main [3ms]
2024-11-28 11:20:30.157 [info] > git status -z -uall [6ms]
2024-11-28 11:20:30.163 [info] > git for-each-ref --sort -committerdate --format %(refname) %(objectname) %(*objectname) [6ms]
2024-11-28 11:20:36.816 [info] > git config --get commit.template [21ms]
2024-11-28 11:20:36.841 [info] > git for-each-ref --format=%(refname)%00%(upstream:short)%00%(objectname)%00%(upstream:track)%00%(upstream:remotename)%00%(upstream:remoteref) refs/heads/main refs/remotes/main [9ms]
2024-11-28 11:20:36.871 [info] > git status -z -uall [15ms]
2024-11-28 11:20:36.876 [info] > git for-each-ref --sort -committerdate --format %(refname) %(objectname) %(*objectname) [11ms]
