2024-11-25 02:08:31.752 [info] [main] 로그 수준: Info
2024-11-25 02:08:31.752 [info] [main] "git"에서 찾은 git 유효성을 검사하는 중
2024-11-25 02:08:31.752 [info] [main] "2.43.0"에서 git "git"을(를) 사용하는 중
2024-11-25 02:08:31.752 [info] [Model][doInitialScan] Initial repository scan started
2024-11-25 02:08:31.752 [info] > git rev-parse --show-toplevel [11ms]
2024-11-25 02:08:31.770 [info] > git rev-parse --show-toplevel [14ms]
2024-11-25 02:08:31.826 [info] > git rev-parse --show-toplevel [31ms]
2024-11-25 02:08:31.966 [info] > git rev-parse --show-toplevel [116ms]
2024-11-25 02:08:32.490 [info] > git rev-parse --show-toplevel [493ms]
2024-11-25 02:08:32.566 [info] > git rev-parse --show-toplevel [22ms]
2024-11-25 02:08:32.628 [info] > git rev-parse --show-toplevel [15ms]
2024-11-25 02:08:32.734 [info] > git rev-parse --show-toplevel [69ms]
2024-11-25 02:08:32.763 [info] [Model][doInitialScan] Initial repository scan completed - repositories (0), closed repositories (0), parent repositories (1), unsafe repositories (0)
2024-11-25 02:08:33.958 [info] > git rev-parse --show-toplevel [13ms]
2024-11-25 02:08:34.007 [info] > git rev-parse --show-toplevel [14ms]
2024-11-25 02:08:34.035 [info] > git rev-parse --show-toplevel [9ms]
2024-11-25 02:08:34.070 [info] > git rev-parse --show-toplevel [8ms]
2024-11-25 02:08:34.101 [info] > git rev-parse --show-toplevel [12ms]
2024-11-25 02:08:34.422 [info] > git rev-parse --show-toplevel [9ms]
2024-11-25 02:08:34.440 [info] > git rev-parse --show-toplevel [7ms]
2024-11-25 02:08:35.712 [info] > git rev-parse --show-toplevel [54ms]
2024-11-25 02:08:48.198 [info] > git rev-parse --show-toplevel [17ms]
2024-11-25 02:08:53.118 [info] > git rev-parse --show-toplevel [11ms]
2024-11-25 02:09:28.895 [info] > git rev-parse --show-toplevel [19ms]
2024-11-25 02:19:47.643 [info] > git rev-parse --show-toplevel [10ms]
2024-11-25 02:20:25.788 [info] > git rev-parse --show-toplevel [1ms]
2024-11-25 02:20:33.463 [info] > git rev-parse --show-toplevel [8ms]
2024-11-25 02:23:59.790 [info] > git rev-parse --show-toplevel [2ms]
2024-11-25 02:24:19.746 [info] > git rev-parse --show-toplevel [3ms]
2024-11-25 02:24:20.581 [info] > git rev-parse --show-toplevel [1ms]
2024-11-25 02:24:33.940 [info] > git rev-parse --show-toplevel [7ms]
