2024-11-27 01:58:07.454 [info] [main] 로그 수준: Info
2024-11-27 01:58:07.454 [info] [main] "git"에서 찾은 git 유효성을 검사하는 중
2024-11-27 01:58:07.454 [info] [main] "2.43.0"에서 git "git"을(를) 사용하는 중
2024-11-27 01:58:07.454 [info] [Model][doInitialScan] Initial repository scan started
2024-11-27 01:58:07.454 [info] > git rev-parse --show-toplevel [82ms]
2024-11-27 01:58:07.454 [info] > git rev-parse --git-dir --git-common-dir [423ms]
2024-11-27 01:58:07.454 [info] [Model][openRepository] Opened repository: /home/ubuntu/Project-Agora
2024-11-27 01:58:07.673 [info] > git rev-parse --show-toplevel [143ms]
2024-11-27 01:58:07.684 [info] > git config --get commit.template [184ms]
2024-11-27 01:58:07.777 [info] > git rev-parse --show-toplevel [44ms]
2024-11-27 01:58:08.787 [info] > git for-each-ref --format=%(refname)%00%(upstream:short)%00%(objectname)%00%(upstream:track)%00%(upstream:remotename)%00%(upstream:remoteref) refs/heads/main refs/remotes/main [1035ms]
2024-11-27 01:58:08.849 [info] > git check-ignore -v -z --stdin [23ms]
2024-11-27 01:58:08.853 [info] > git rev-parse --show-toplevel [66ms]
2024-11-27 01:58:08.940 [info] > git status -z -uall [44ms]
2024-11-27 01:58:08.946 [info] > git rev-parse --show-toplevel [72ms]
2024-11-27 01:58:08.974 [info] > git for-each-ref --sort -committerdate --format %(refname) %(objectname) %(*objectname) [33ms]
2024-11-27 01:58:09.083 [info] > git for-each-ref --format=%(refname)%00%(upstream:short)%00%(objectname)%00%(upstream:track)%00%(upstream:remotename)%00%(upstream:remoteref) refs/heads/main refs/remotes/main [31ms]
2024-11-27 01:58:09.144 [info] > git rev-parse --show-toplevel [180ms]
2024-11-27 01:58:09.172 [info] [Model][doInitialScan] Initial repository scan completed - repositories (1), closed repositories (0), parent repositories (0), unsafe repositories (0)
2024-11-27 01:58:09.471 [info] > git show --textconv :openvidu-tutorials/openvidu-react/src/components/Elements/openvidu/OpenviduFinal.js [248ms]
2024-11-27 01:58:09.471 [info] > git ls-files --stage -- /home/ubuntu/Project-Agora/openvidu-tutorials/openvidu-react/src/components/Elements/openvidu/OpenviduFinal.js [226ms]
2024-11-27 01:58:09.499 [info] > git config --local branch.main.vscode-merge-base [356ms]
2024-11-27 01:58:09.536 [info] > git cat-file -s 248b6aa1687e99f64f1598afcac913e04b207510 [38ms]
2024-11-27 01:58:09.547 [info] > git config --get commit.template [123ms]
2024-11-27 01:58:09.551 [info] > git fetch [2127ms]
2024-11-27 01:58:09.551 [info] Missing or invalid credentials.
Skip silent fetch commands
Missing or invalid credentials.
Skip silent fetch commands
remote: Repository not found.
fatal: Authentication failed for 'https://github.com/Domvy/Project-Agora.git/'
2024-11-27 01:58:09.607 [info] > git for-each-ref --format=%(refname)%00%(upstream:short)%00%(objectname)%00%(upstream:track)%00%(upstream:remotename)%00%(upstream:remoteref) refs/heads/origin/main refs/remotes/origin/main [80ms]
2024-11-27 01:58:09.675 [info] > git merge-base refs/heads/main refs/remotes/origin/main [43ms]
2024-11-27 01:58:09.699 [info] > git config --get commit.template [101ms]
2024-11-27 01:58:09.700 [info] > git for-each-ref --format=%(refname)%00%(upstream:short)%00%(objectname)%00%(upstream:track)%00%(upstream:remotename)%00%(upstream:remoteref) refs/heads/main refs/remotes/main [120ms]
2024-11-27 01:58:09.721 [info] > git diff --name-status -z --diff-filter=ADMR 1700c1d8c39666669222da70785a8c2103de3fa9...refs/remotes/origin/main [22ms]
2024-11-27 01:58:09.754 [info] > git for-each-ref --format=%(refname)%00%(upstream:short)%00%(objectname)%00%(upstream:track)%00%(upstream:remotename)%00%(upstream:remoteref) refs/heads/main refs/remotes/main [33ms]
2024-11-27 01:58:09.852 [info] > git status -z -uall [43ms]
2024-11-27 01:58:09.889 [info] > git for-each-ref --sort -committerdate --format %(refname) %(objectname) %(*objectname) [52ms]
2024-11-27 01:59:22.924 [info] > git check-ignore -v -z --stdin [6ms]
2024-11-27 01:59:24.782 [info] > git check-ignore -v -z --stdin [3ms]
2024-11-27 01:59:31.045 [info] > git log --format=%H%n%aN%n%aE%n%at%n%ct%n%P%n%D%n%B -z --shortstat --diff-merges=first-parent -n50 --skip=0 --topo-order --decorate=full --stdin [6774ms]
2024-11-27 01:59:58.721 [info] > git log --format=%H%n%aN%n%aE%n%at%n%ct%n%P%n%D%n%B -z --shortstat --diff-merges=first-parent -n50 --skip=0 --topo-order --decorate=full --stdin [8897ms]
2024-11-27 02:28:55.356 [info] > git check-ignore -v -z --stdin [2ms]
2024-11-27 02:28:58.903 [info] > git check-ignore -v -z --stdin [1ms]
2024-11-27 02:29:02.655 [info] > git show --textconv :openvidu-tutorials/openvidu-react/src/Layers.js [10ms]
2024-11-27 02:29:02.656 [info] > git ls-files --stage -- /home/ubuntu/Project-Agora/openvidu-tutorials/openvidu-react/src/Layers.js [6ms]
2024-11-27 02:29:02.673 [info] > git cat-file -s a85558499f67be8025dbe0208de378cf8c659450 [7ms]
2024-11-27 02:29:22.464 [info] > git check-ignore -v -z --stdin [2ms]
2024-11-27 02:29:41.204 [info] > git log --format=%H%n%aN%n%aE%n%at%n%ct%n%P%n%D%n%B -z --shortstat --diff-merges=first-parent -n50 --skip=0 --topo-order --decorate=full --stdin [6493ms]
2024-11-27 02:30:08.646 [info] > git show --textconv :openvidu-tutorials/openvidu-react/src/App.js [18ms]
2024-11-27 02:30:08.647 [info] > git ls-files --stage -- /home/ubuntu/Project-Agora/openvidu-tutorials/openvidu-react/src/App.js [8ms]
2024-11-27 02:30:08.659 [info] > git cat-file -s c2354a568c635a9edb2482623981c116ab3107af [6ms]
2024-11-27 02:30:15.541 [info] > git show --textconv :openvidu-tutorials/openvidu-react/src/registerServiceWorker.js [15ms]
2024-11-27 02:30:15.541 [info] > git ls-files --stage -- /home/ubuntu/Project-Agora/openvidu-tutorials/openvidu-react/src/registerServiceWorker.js [5ms]
2024-11-27 02:30:15.563 [info] > git cat-file -s a3e6c0cfc10de36d6bcb38c52e00c012e985d68e [12ms]
2024-11-27 02:30:20.432 [info] > git show --textconv :openvidu-tutorials/openvidu-react/src/store.js [32ms]
2024-11-27 02:30:20.434 [info] > git ls-files --stage -- /home/ubuntu/Project-Agora/openvidu-tutorials/openvidu-react/src/store.js [11ms]
2024-11-27 02:30:20.442 [info] > git cat-file -s fd41e3d2d77b636ee52a408cb57c3cd00f4fa960 [1ms]
2024-11-27 02:30:30.505 [info] > git show --textconv :openvidu-tutorials/openvidu-react/src/UserVideoComponent.js [14ms]
2024-11-27 02:30:30.510 [info] > git ls-files --stage -- /home/ubuntu/Project-Agora/openvidu-tutorials/openvidu-react/src/UserVideoComponent.js [9ms]
2024-11-27 02:30:30.523 [info] > git cat-file -s 4b6177e0c2a3fed97439e2913c02f6e0f36cc26c [2ms]
2024-11-27 02:30:43.058 [info] > git show --textconv :openvidu-tutorials/openvidu-react/src/OvVideo.js [11ms]
2024-11-27 02:30:43.059 [info] > git ls-files --stage -- /home/ubuntu/Project-Agora/openvidu-tutorials/openvidu-react/src/OvVideo.js [5ms]
2024-11-27 02:30:43.066 [info] > git cat-file -s f0d48b1e3adfc6782757a9c6bbbbd6c011018396 [3ms]
2024-11-27 02:30:53.183 [info] > git show --textconv :openvidu-tutorials/openvidu-react/src/components/Elements/openvidu/UserVideoComponent.js [7ms]
2024-11-27 02:30:53.189 [info] > git ls-files --stage -- /home/ubuntu/Project-Agora/openvidu-tutorials/openvidu-react/src/components/Elements/openvidu/UserVideoComponent.js [5ms]
2024-11-27 02:30:53.200 [info] > git cat-file -s 818116ec034926f3e6cfe92aaafc74d3d31c1642 [5ms]
2024-11-27 02:30:55.287 [info] > git show --textconv :openvidu-tutorials/openvidu-react/src/UserVideoComponent.js [9ms]
2024-11-27 02:30:55.291 [info] > git ls-files --stage -- /home/ubuntu/Project-Agora/openvidu-tutorials/openvidu-react/src/UserVideoComponent.js [3ms]
2024-11-27 02:30:55.305 [info] > git cat-file -s 4b6177e0c2a3fed97439e2913c02f6e0f36cc26c [8ms]
2024-11-27 02:30:56.744 [info] > git show --textconv :openvidu-tutorials/openvidu-react/src/components/Elements/openvidu/UserVideoComponent.js [26ms]
2024-11-27 02:30:56.759 [info] > git ls-files --stage -- /home/ubuntu/Project-Agora/openvidu-tutorials/openvidu-react/src/components/Elements/openvidu/UserVideoComponent.js [23ms]
2024-11-27 02:30:56.786 [info] > git cat-file -s 818116ec034926f3e6cfe92aaafc74d3d31c1642 [12ms]
2024-11-27 02:31:00.481 [info] > git show --textconv :openvidu-tutorials/openvidu-react/src/UserVideoComponent.js [16ms]
2024-11-27 02:31:00.481 [info] > git show --textconv :openvidu-tutorials/openvidu-react/src/components/Elements/openvidu/UserVideoComponent.js [12ms]
2024-11-27 02:31:00.482 [info] > git ls-files --stage -- /home/ubuntu/Project-Agora/openvidu-tutorials/openvidu-react/src/UserVideoComponent.js [8ms]
2024-11-27 02:31:00.489 [info] > git ls-files --stage -- /home/ubuntu/Project-Agora/openvidu-tutorials/openvidu-react/src/components/Elements/openvidu/UserVideoComponent.js [12ms]
2024-11-27 02:31:00.499 [info] > git cat-file -s 4b6177e0c2a3fed97439e2913c02f6e0f36cc26c [14ms]
2024-11-27 02:31:00.502 [info] > git cat-file -s 818116ec034926f3e6cfe92aaafc74d3d31c1642 [6ms]
2024-11-27 02:31:00.834 [info] > git check-ignore -v -z --stdin [1ms]
2024-11-27 02:31:29.849 [info] > git show --textconv :openvidu-tutorials/openvidu-react/src/components/Elements/openvidu/UserVideoComponent.js [5ms]
2024-11-27 02:31:29.850 [info] > git ls-files --stage -- /home/ubuntu/Project-Agora/openvidu-tutorials/openvidu-react/src/components/Elements/openvidu/UserVideoComponent.js [2ms]
2024-11-27 02:31:29.855 [info] > git cat-file -s 818116ec034926f3e6cfe92aaafc74d3d31c1642 [2ms]
2024-11-27 02:31:32.612 [info] > git show --textconv :openvidu-tutorials/openvidu-react/src/UserVideoComponent.js [4ms]
2024-11-27 02:31:32.613 [info] > git ls-files --stage -- /home/ubuntu/Project-Agora/openvidu-tutorials/openvidu-react/src/UserVideoComponent.js [2ms]
2024-11-27 02:31:32.617 [info] > git cat-file -s 4b6177e0c2a3fed97439e2913c02f6e0f36cc26c [1ms]
