2024-11-24 10:46:17.662 [info] [main] 로그 수준: Info
2024-11-24 10:46:17.662 [info] [main] "git"에서 찾은 git 유효성을 검사하는 중
2024-11-24 10:46:17.662 [info] [main] "2.43.0"에서 git "git"을(를) 사용하는 중
2024-11-24 10:46:17.662 [info] [Model][doInitialScan] Initial repository scan started
2024-11-24 10:46:17.662 [info] > git rev-parse --show-toplevel [87ms]
2024-11-24 10:46:17.662 [info] > git rev-parse --git-dir --git-common-dir [458ms]
2024-11-24 10:46:17.662 [info] [Model][openRepository] Opened repository: /home/ubuntu/Project-Agora
2024-11-24 10:46:17.782 [info] > git rev-parse --show-toplevel [77ms]
2024-11-24 10:46:17.783 [info] > git config --get commit.template [98ms]
2024-11-24 10:46:18.947 [info] > git check-ignore -v -z --stdin [93ms]
2024-11-24 10:46:18.960 [info] > git for-each-ref --format=%(refname)%00%(upstream:short)%00%(objectname)%00%(upstream:track)%00%(upstream:remotename)%00%(upstream:remoteref) refs/heads/main refs/remotes/main [1121ms]
2024-11-24 10:46:18.967 [info] > git rev-parse --show-toplevel [1153ms]
2024-11-24 10:46:19.011 [info] > git rev-parse --show-toplevel [17ms]
2024-11-24 10:46:19.025 [info] [Model][doInitialScan] Initial repository scan completed - repositories (1), closed repositories (0), parent repositories (0), unsafe repositories (0)
2024-11-24 10:46:19.141 [info] > git show --textconv :openvidu-tutorials/openvidu-react/src/components/Elements/openvidu/OpenviduFinal.js [98ms]
2024-11-24 10:46:19.141 [info] > git status -z -uall [64ms]
2024-11-24 10:46:19.150 [info] > git for-each-ref --sort -committerdate --format %(refname) %(objectname) %(*objectname) [53ms]
2024-11-24 10:46:19.224 [info] > git ls-files --stage -- /home/ubuntu/Project-Agora/openvidu-tutorials/openvidu-react/src/components/Elements/openvidu/OpenviduFinal.js [167ms]
2024-11-24 10:46:19.273 [info] > git for-each-ref --format=%(refname)%00%(upstream:short)%00%(objectname)%00%(upstream:track)%00%(upstream:remotename)%00%(upstream:remoteref) refs/heads/main refs/remotes/main [66ms]
2024-11-24 10:46:19.315 [info] > git config --get commit.template [49ms]
2024-11-24 10:46:19.315 [info] > git cat-file -s b5f23420717131271314513b8364cdc0567f32d2 [73ms]
2024-11-24 10:46:19.331 [info] > git config --local branch.main.vscode-merge-base [30ms]
2024-11-24 10:46:19.489 [info] > git for-each-ref --format=%(refname)%00%(upstream:short)%00%(objectname)%00%(upstream:track)%00%(upstream:remotename)%00%(upstream:remoteref) refs/heads/main refs/remotes/main [116ms]
2024-11-24 10:46:19.491 [info] > git for-each-ref --format=%(refname)%00%(upstream:short)%00%(objectname)%00%(upstream:track)%00%(upstream:remotename)%00%(upstream:remoteref) refs/heads/origin/main refs/remotes/origin/main [145ms]
2024-11-24 10:46:19.642 [info] > git merge-base refs/heads/main refs/remotes/origin/main [136ms]
2024-11-24 10:46:19.758 [info] > git status -z -uall [90ms]
2024-11-24 10:46:19.759 [info] > git diff --name-status -z --diff-filter=ADMR b9173bf53b1960d8aedba952f1436452be37c235...refs/remotes/origin/main [107ms]
2024-11-24 10:46:19.775 [info] > git for-each-ref --sort -committerdate --format %(refname) %(objectname) %(*objectname) [75ms]
2024-11-24 10:47:50.607 [info] > git config --get commit.template [10ms]
2024-11-24 10:47:50.616 [info] > git for-each-ref --format=%(refname)%00%(upstream:short)%00%(objectname)%00%(upstream:track)%00%(upstream:remotename)%00%(upstream:remoteref) refs/heads/main refs/remotes/main [18ms]
2024-11-24 10:47:50.661 [info] > git status -z -uall [28ms]
2024-11-24 10:47:50.670 [info] > git for-each-ref --sort -committerdate --format %(refname) %(objectname) %(*objectname) [12ms]
2024-11-24 10:55:20.334 [info] > git check-ignore -v -z --stdin [2ms]
2024-11-24 10:55:30.198 [info] > git show --textconv :openvidu-tutorials/openvidu-react/src/Layers.js [17ms]
2024-11-24 10:55:30.204 [info] > git ls-files --stage -- /home/ubuntu/Project-Agora/openvidu-tutorials/openvidu-react/src/Layers.js [6ms]
2024-11-24 10:55:30.225 [info] > git cat-file -s 2105733325a933839036b626d4019aa81dc5a1cb [10ms]
2024-11-24 10:55:33.324 [info] > git config --get commit.template [37ms]
2024-11-24 10:55:33.329 [info] > git for-each-ref --format=%(refname)%00%(upstream:short)%00%(objectname)%00%(upstream:track)%00%(upstream:remotename)%00%(upstream:remoteref) refs/heads/main refs/remotes/main [24ms]
2024-11-24 10:55:33.386 [info] > git status -z -uall [20ms]
2024-11-24 10:55:33.393 [info] > git for-each-ref --sort -committerdate --format %(refname) %(objectname) %(*objectname) [25ms]
2024-11-24 11:05:33.121 [info] > git config --get commit.template [5ms]
2024-11-24 11:05:33.123 [info] > git for-each-ref --format=%(refname)%00%(upstream:short)%00%(objectname)%00%(upstream:track)%00%(upstream:remotename)%00%(upstream:remoteref) refs/heads/main refs/remotes/main [3ms]
2024-11-24 11:05:33.142 [info] > git status -z -uall [11ms]
2024-11-24 11:05:33.143 [info] > git for-each-ref --sort -committerdate --format %(refname) %(objectname) %(*objectname) [4ms]
2024-11-24 11:05:38.167 [info] > git config --get commit.template [14ms]
2024-11-24 11:05:38.175 [info] > git for-each-ref --format=%(refname)%00%(upstream:short)%00%(objectname)%00%(upstream:track)%00%(upstream:remotename)%00%(upstream:remoteref) refs/heads/main refs/remotes/main [8ms]
2024-11-24 11:05:38.189 [info] > git status -z -uall [8ms]
2024-11-24 11:05:38.191 [info] > git for-each-ref --sort -committerdate --format %(refname) %(objectname) %(*objectname) [3ms]
2024-11-24 11:06:25.675 [info] > git config --get commit.template [2ms]
2024-11-24 11:06:25.681 [info] > git for-each-ref --format=%(refname)%00%(upstream:short)%00%(objectname)%00%(upstream:track)%00%(upstream:remotename)%00%(upstream:remoteref) refs/heads/main refs/remotes/main [2ms]
2024-11-24 11:06:25.694 [info] > git status -z -uall [10ms]
2024-11-24 11:06:25.697 [info] > git for-each-ref --sort -committerdate --format %(refname) %(objectname) %(*objectname) [8ms]
2024-11-24 11:07:17.968 [info] > git config --get commit.template [1ms]
2024-11-24 11:07:17.979 [info] > git for-each-ref --format=%(refname)%00%(upstream:short)%00%(objectname)%00%(upstream:track)%00%(upstream:remotename)%00%(upstream:remoteref) refs/heads/main refs/remotes/main [3ms]
2024-11-24 11:07:18.005 [info] > git status -z -uall [19ms]
2024-11-24 11:07:18.010 [info] > git for-each-ref --sort -committerdate --format %(refname) %(objectname) %(*objectname) [10ms]
2024-11-24 11:07:23.035 [info] > git config --get commit.template [12ms]
2024-11-24 11:07:23.039 [info] > git for-each-ref --format=%(refname)%00%(upstream:short)%00%(objectname)%00%(upstream:track)%00%(upstream:remotename)%00%(upstream:remoteref) refs/heads/main refs/remotes/main [6ms]
2024-11-24 11:07:23.054 [info] > git status -z -uall [11ms]
2024-11-24 11:07:23.057 [info] > git for-each-ref --sort -committerdate --format %(refname) %(objectname) %(*objectname) [4ms]
2024-11-24 11:36:35.172 [info] > git check-ignore -v -z --stdin [10ms]
2024-11-24 11:36:37.539 [info] > git config --get commit.template [4ms]
2024-11-24 11:36:37.540 [info] > git for-each-ref --format=%(refname)%00%(upstream:short)%00%(objectname)%00%(upstream:track)%00%(upstream:remotename)%00%(upstream:remoteref) refs/heads/main refs/remotes/main [3ms]
2024-11-24 11:36:37.554 [info] > git status -z -uall [8ms]
2024-11-24 11:36:37.557 [info] > git for-each-ref --sort -committerdate --format %(refname) %(objectname) %(*objectname) [4ms]
2024-11-24 11:36:38.391 [info] > git check-ignore -v -z --stdin [2ms]
2024-11-24 11:36:40.735 [info] > git check-ignore -v -z --stdin [2ms]
2024-11-24 11:36:41.408 [info] > git show --textconv :openvidu-tutorials/openvidu-basic-node/schemas/user.js [24ms]
2024-11-24 11:36:41.416 [info] > git ls-files --stage -- /home/ubuntu/Project-Agora/openvidu-tutorials/openvidu-basic-node/schemas/user.js [9ms]
2024-11-24 11:36:41.435 [info] > git cat-file -s b9bf7dc8d143911ae77b419b9d9eff912236a6d1 [10ms]
2024-11-24 11:36:42.619 [info] > git config --get commit.template [21ms]
2024-11-24 11:36:42.628 [info] > git for-each-ref --format=%(refname)%00%(upstream:short)%00%(objectname)%00%(upstream:track)%00%(upstream:remotename)%00%(upstream:remoteref) refs/heads/main refs/remotes/main [13ms]
2024-11-24 11:36:42.674 [info] > git status -z -uall [26ms]
2024-11-24 11:36:42.688 [info] > git for-each-ref --sort -committerdate --format %(refname) %(objectname) %(*objectname) [21ms]
2024-11-24 11:38:35.063 [info] > git show --textconv :openvidu-tutorials/openvidu-basic-node/schemas/room.js [5ms]
2024-11-24 11:38:35.064 [info] > git ls-files --stage -- /home/ubuntu/Project-Agora/openvidu-tutorials/openvidu-basic-node/schemas/room.js [2ms]
2024-11-24 11:38:35.068 [info] > git cat-file -s 9fa3ce9029e22f1e6e5df5db8688dabdd8b7ae9a [2ms]
2024-11-24 11:40:50.326 [info] > git check-ignore -v -z --stdin [2ms]
2024-11-24 11:40:51.482 [info] > git show --textconv :openvidu-tutorials/openvidu-react/src/components/Elements/TestChat/TestChat.jsx [22ms]
2024-11-24 11:40:51.494 [info] > git ls-files --stage -- /home/ubuntu/Project-Agora/openvidu-tutorials/openvidu-react/src/components/Elements/TestChat/TestChat.jsx [15ms]
2024-11-24 11:40:51.525 [info] > git cat-file -s 6172bd7ef01fcdde2023eef19794d478ccb34611 [11ms]
2024-11-24 11:40:56.346 [info] > git show --textconv :openvidu-tutorials/openvidu-react/src/Layers.js [34ms]
2024-11-24 11:40:56.346 [info] > git ls-files --stage -- /home/ubuntu/Project-Agora/openvidu-tutorials/openvidu-react/src/Layers.js [17ms]
2024-11-24 11:40:56.368 [info] > git cat-file -s 2105733325a933839036b626d4019aa81dc5a1cb [14ms]
2024-11-24 11:40:59.301 [info] > git show --textconv :openvidu-tutorials/openvidu-react/src/components/Pages/Observer/Observer.jsx [19ms]
2024-11-24 11:40:59.310 [info] > git ls-files --stage -- /home/ubuntu/Project-Agora/openvidu-tutorials/openvidu-react/src/components/Pages/Observer/Observer.jsx [10ms]
2024-11-24 11:40:59.319 [info] > git cat-file -s 6e4fc95ddc56bf09e88430c215134361b1175fde [4ms]
2024-11-24 11:40:59.758 [info] > git check-ignore -v -z --stdin [2ms]
2024-11-24 11:41:19.950 [info] > git show --textconv :openvidu-tutorials/openvidu-react/src/components/Elements/TestChat/TestChat.jsx [6ms]
2024-11-24 11:41:19.951 [info] > git ls-files --stage -- /home/ubuntu/Project-Agora/openvidu-tutorials/openvidu-react/src/components/Elements/TestChat/TestChat.jsx [2ms]
2024-11-24 11:41:19.958 [info] > git cat-file -s 6172bd7ef01fcdde2023eef19794d478ccb34611 [2ms]
2024-11-24 12:00:06.019 [info] > git show --textconv :openvidu-tutorials/openvidu-basic-node/index.js [36ms]
2024-11-24 12:00:06.025 [info] > git ls-files --stage -- /home/ubuntu/Project-Agora/openvidu-tutorials/openvidu-basic-node/index.js [26ms]
2024-11-24 12:00:06.066 [info] > git cat-file -s dd39379ece3340fc03ce67aeb9881d4f53928108 [12ms]
2024-11-24 12:00:12.243 [info] > git check-ignore -v -z --stdin [4ms]
2024-11-24 12:00:13.342 [info] > git show --textconv :openvidu-tutorials/openvidu-basic-node/routes/room.js [19ms]
2024-11-24 12:00:13.343 [info] > git ls-files --stage -- /home/ubuntu/Project-Agora/openvidu-tutorials/openvidu-basic-node/routes/room.js [6ms]
2024-11-24 12:00:13.358 [info] > git cat-file -s 683ee6c3b6a6fc175f02ee29c5290cfbf6ac2405 [6ms]
2024-11-24 12:54:33.285 [info] > git check-ignore -v -z --stdin [28ms]
2024-11-24 12:54:38.560 [info] > git ls-files --stage -- /home/ubuntu/Project-Agora/openvidu-tutorials/openvidu-react/src/components/Elements/RoomList/RoomList.jsx [9ms]
2024-11-24 12:54:38.579 [info] > git cat-file -s d3187b8a136a96a914407560397f1a153e1f7a88 [11ms]
2024-11-24 12:54:38.580 [info] > git show --textconv :openvidu-tutorials/openvidu-react/src/components/Elements/RoomList/RoomList.jsx [35ms]
2024-11-24 12:54:40.600 [info] > git show --textconv :openvidu-tutorials/openvidu-react/src/components/Elements/openvidu/OpenviduFinal.js [5ms]
2024-11-24 12:54:40.600 [info] > git ls-files --stage -- /home/ubuntu/Project-Agora/openvidu-tutorials/openvidu-react/src/components/Elements/openvidu/OpenviduFinal.js [2ms]
2024-11-24 12:54:40.605 [info] > git cat-file -s b5f23420717131271314513b8364cdc0567f32d2 [2ms]
2024-11-24 14:12:31.015 [info] > git config --get commit.template [6ms]
2024-11-24 14:12:31.020 [info] > git for-each-ref --format=%(refname)%00%(upstream:short)%00%(objectname)%00%(upstream:track)%00%(upstream:remotename)%00%(upstream:remoteref) refs/heads/main refs/remotes/main [7ms]
2024-11-24 14:12:31.056 [info] > git status -z -uall [32ms]
2024-11-24 14:12:31.070 [info] > git for-each-ref --sort -committerdate --format %(refname) %(objectname) %(*objectname) [41ms]
2024-11-24 14:12:36.087 [info] > git config --get commit.template [9ms]
2024-11-24 14:12:36.089 [info] > git for-each-ref --format=%(refname)%00%(upstream:short)%00%(objectname)%00%(upstream:track)%00%(upstream:remotename)%00%(upstream:remoteref) refs/heads/main refs/remotes/main [3ms]
2024-11-24 14:12:36.103 [info] > git status -z -uall [9ms]
2024-11-24 14:12:36.109 [info] > git for-each-ref --sort -committerdate --format %(refname) %(objectname) %(*objectname) [7ms]
2024-11-24 14:13:53.277 [info] > git config --get commit.template [5ms]
2024-11-24 14:13:53.279 [info] > git for-each-ref --format=%(refname)%00%(upstream:short)%00%(objectname)%00%(upstream:track)%00%(upstream:remotename)%00%(upstream:remoteref) refs/heads/main refs/remotes/main [2ms]
2024-11-24 14:13:53.296 [info] > git for-each-ref --sort -committerdate --format %(refname) %(objectname) %(*objectname) [4ms]
2024-11-24 14:13:53.310 [info] > git status -z -uall [23ms]
2024-11-24 14:13:54.428 [info] > git ls-files --stage -- /home/ubuntu/Project-Agora/openvidu-tutorials/openvidu-react/src/components/Elements/openvidu/OpenviduFinal.js [6ms]
2024-11-24 14:13:54.435 [info] > git cat-file -s 93e754287f07897d7029c2804fa97b587ccde3fb [2ms]
2024-11-24 14:13:54.473 [info] > git show --textconv :openvidu-tutorials/openvidu-react/src/components/Elements/openvidu/OpenviduFinal.js [3ms]
2024-11-24 14:14:41.173 [info] > git config --get commit.template [5ms]
2024-11-24 14:14:41.186 [info] > git for-each-ref --format=%(refname)%00%(upstream:short)%00%(objectname)%00%(upstream:track)%00%(upstream:remotename)%00%(upstream:remoteref) refs/heads/main refs/remotes/main [14ms]
2024-11-24 14:14:41.222 [info] > git status -z -uall [24ms]
2024-11-24 14:14:41.227 [info] > git for-each-ref --sort -committerdate --format %(refname) %(objectname) %(*objectname) [12ms]
2024-11-24 14:14:41.241 [info] > git merge-base refs/heads/main refs/remotes/origin/main [4ms]
2024-11-24 14:14:41.250 [info] > git diff --name-status -z --diff-filter=ADMR b9173bf53b1960d8aedba952f1436452be37c235...refs/remotes/origin/main [4ms]
2024-11-24 14:14:42.287 [info] > git config --get commit.template [8ms]
2024-11-24 14:14:42.289 [info] > git for-each-ref --format=%(refname)%00%(upstream:short)%00%(objectname)%00%(upstream:track)%00%(upstream:remotename)%00%(upstream:remoteref) refs/heads/main refs/remotes/main [3ms]
2024-11-24 14:14:42.303 [info] > git status -z -uall [9ms]
2024-11-24 14:14:42.307 [info] > git for-each-ref --sort -committerdate --format %(refname) %(objectname) %(*objectname) [7ms]
2024-11-24 14:14:42.397 [info] > git ls-files --stage -- /home/ubuntu/Project-Agora/openvidu-tutorials/openvidu-react/src/components/Elements/openvidu/OpenviduFinal.js [2ms]
2024-11-24 14:14:42.403 [info] > git cat-file -s 93e754287f07897d7029c2804fa97b587ccde3fb [2ms]
2024-11-24 14:14:42.430 [info] > git show --textconv :openvidu-tutorials/openvidu-react/src/components/Elements/openvidu/OpenviduFinal.js [3ms]
2024-11-24 14:14:52.138 [info] > git config --get commit.template [6ms]
2024-11-24 14:14:52.139 [info] > git for-each-ref --format=%(refname)%00%(upstream:short)%00%(objectname)%00%(upstream:track)%00%(upstream:remotename)%00%(upstream:remoteref) refs/heads/main refs/remotes/main [3ms]
2024-11-24 14:14:52.155 [info] > git status -z -uall [12ms]
2024-11-24 14:14:52.157 [info] > git for-each-ref --sort -committerdate --format %(refname) %(objectname) %(*objectname) [7ms]
2024-11-24 14:14:52.169 [info] > git merge-base refs/heads/main refs/remotes/origin/main [5ms]
2024-11-24 14:14:52.180 [info] > git diff --name-status -z --diff-filter=ADMR 887dfefc9c2ef3bedc13c66d33fa42a618daced7...refs/remotes/origin/main [4ms]
2024-11-24 14:14:53.283 [info] > git config --get commit.template [6ms]
2024-11-24 14:14:53.285 [info] > git for-each-ref --format=%(refname)%00%(upstream:short)%00%(objectname)%00%(upstream:track)%00%(upstream:remotename)%00%(upstream:remoteref) refs/heads/main refs/remotes/main [2ms]
2024-11-24 14:14:53.297 [info] > git status -z -uall [7ms]
2024-11-24 14:14:53.300 [info] > git for-each-ref --sort -committerdate --format %(refname) %(objectname) %(*objectname) [4ms]
2024-11-24 14:14:53.396 [info] > git ls-files --stage -- /home/ubuntu/Project-Agora/openvidu-tutorials/openvidu-react/src/components/Elements/openvidu/OpenviduFinal.js [2ms]
2024-11-24 14:14:53.402 [info] > git cat-file -s 93e754287f07897d7029c2804fa97b587ccde3fb [2ms]
2024-11-24 14:14:53.425 [info] > git show --textconv :openvidu-tutorials/openvidu-react/src/components/Elements/openvidu/OpenviduFinal.js [3ms]
2024-11-24 14:17:06.730 [info] > git config --get commit.template [24ms]
2024-11-24 14:17:06.745 [info] > git for-each-ref --format=%(refname)%00%(upstream:short)%00%(objectname)%00%(upstream:track)%00%(upstream:remotename)%00%(upstream:remoteref) refs/heads/main refs/remotes/main [15ms]
2024-11-24 14:17:06.807 [info] > git for-each-ref --sort -committerdate --format %(refname) %(objectname) %(*objectname) [12ms]
2024-11-24 14:17:06.823 [info] > git status -z -uall [56ms]
2024-11-24 14:17:12.357 [info] > git config --get commit.template [24ms]
2024-11-24 14:17:12.360 [info] > git for-each-ref --format=%(refname)%00%(upstream:short)%00%(objectname)%00%(upstream:track)%00%(upstream:remotename)%00%(upstream:remoteref) refs/heads/main refs/remotes/main [8ms]
2024-11-24 14:17:12.418 [info] > git for-each-ref --sort -committerdate --format %(refname) %(objectname) %(*objectname) [29ms]
2024-11-24 14:17:12.431 [info] > git status -z -uall [59ms]
2024-11-24 14:17:17.492 [info] > git config --get commit.template [32ms]
2024-11-24 14:17:17.502 [info] > git for-each-ref --format=%(refname)%00%(upstream:short)%00%(objectname)%00%(upstream:track)%00%(upstream:remotename)%00%(upstream:remoteref) refs/heads/main refs/remotes/main [11ms]
2024-11-24 14:17:17.565 [info] > git status -z -uall [38ms]
2024-11-24 14:17:17.588 [info] > git for-each-ref --sort -committerdate --format %(refname) %(objectname) %(*objectname) [36ms]
2024-11-24 14:17:22.641 [info] > git config --get commit.template [6ms]
2024-11-24 14:17:22.667 [info] > git for-each-ref --format=%(refname)%00%(upstream:short)%00%(objectname)%00%(upstream:track)%00%(upstream:remotename)%00%(upstream:remoteref) refs/heads/main refs/remotes/main [13ms]
2024-11-24 14:17:22.684 [info] > git status -z -uall [11ms]
2024-11-24 14:17:22.691 [info] > git for-each-ref --sort -committerdate --format %(refname) %(objectname) %(*objectname) [9ms]
2024-11-24 14:17:28.895 [info] > git config --get commit.template [4ms]
2024-11-24 14:17:28.897 [info] > git for-each-ref --format=%(refname)%00%(upstream:short)%00%(objectname)%00%(upstream:track)%00%(upstream:remotename)%00%(upstream:remoteref) refs/heads/main refs/remotes/main [2ms]
2024-11-24 14:17:28.906 [info] > git status -z -uall [6ms]
2024-11-24 14:17:28.908 [info] > git for-each-ref --sort -committerdate --format %(refname) %(objectname) %(*objectname) [3ms]
2024-11-24 14:29:53.193 [info] > git ls-files --stage -- /home/ubuntu/Project-Agora/openvidu-tutorials/openvidu-react/src/components/Elements/RoomList/RoomList.jsx [1ms]
2024-11-24 14:29:53.211 [info] > git show --textconv :openvidu-tutorials/openvidu-react/src/components/Elements/RoomList/RoomList.jsx [29ms]
2024-11-24 14:29:53.219 [info] > git cat-file -s 9fd26a74e91239bc60bbefc6ad9a6e3b742dc9c8 [18ms]
2024-11-24 14:29:54.328 [info] > git show --textconv :openvidu-tutorials/openvidu-basic-node/index.js [13ms]
2024-11-24 14:29:54.329 [info] > git ls-files --stage -- /home/ubuntu/Project-Agora/openvidu-tutorials/openvidu-basic-node/index.js [9ms]
2024-11-24 14:29:54.334 [info] > git cat-file -s c74c87c8e68060efbd8e457357db3da3effb1db3 [2ms]
2024-11-24 14:30:00.916 [info] > git show --textconv :openvidu-tutorials/openvidu-react/src/components/Elements/TestChat/TestChat.jsx [19ms]
2024-11-24 14:30:00.919 [info] > git ls-files --stage -- /home/ubuntu/Project-Agora/openvidu-tutorials/openvidu-react/src/components/Elements/TestChat/TestChat.jsx [7ms]
2024-11-24 14:30:00.925 [info] > git cat-file -s 6172bd7ef01fcdde2023eef19794d478ccb34611 [2ms]
2024-11-24 14:32:36.578 [info] > git for-each-ref --sort -committerdate --format %(refname) %(objectname) %(*objectname) [9ms]
2024-11-24 14:32:52.551 [info] > git config --get commit.template [2ms]
2024-11-24 14:32:52.571 [info] > git for-each-ref --format=%(refname)%00%(upstream:short)%00%(objectname)%00%(upstream:track)%00%(upstream:remotename)%00%(upstream:remoteref) refs/heads/main refs/remotes/main [6ms]
2024-11-24 14:32:52.586 [info] > git status -z -uall [10ms]
2024-11-24 14:32:52.591 [info] > git for-each-ref --sort -committerdate --format %(refname) %(objectname) %(*objectname) [6ms]
2024-11-24 14:32:52.811 [info] > git check-ignore -v -z --stdin [2ms]
2024-11-24 14:32:55.414 [info] > git config --get commit.template [15ms]
2024-11-24 14:32:55.416 [info] > git for-each-ref --format=%(refname)%00%(upstream:short)%00%(objectname)%00%(upstream:track)%00%(upstream:remotename)%00%(upstream:remoteref) refs/heads/openP refs/remotes/openP [2ms]
2024-11-24 14:32:55.437 [info] > git status -z -uall [13ms]
2024-11-24 14:32:55.437 [info] > git for-each-ref --sort -committerdate --format %(refname) %(objectname) %(*objectname) [5ms]
2024-11-24 14:32:55.461 [info] > git for-each-ref --format=%(refname)%00%(upstream:short)%00%(objectname)%00%(upstream:track)%00%(upstream:remotename)%00%(upstream:remoteref) refs/heads/openP refs/remotes/openP [6ms]
2024-11-24 14:32:55.466 [info] > git config --local branch.openP.vscode-merge-base [2ms]
2024-11-24 14:32:55.473 [info] > git for-each-ref --format=%(refname)%00%(upstream:short)%00%(objectname)%00%(upstream:track)%00%(upstream:remotename)%00%(upstream:remoteref) refs/heads/origin/main refs/remotes/origin/main [3ms]
2024-11-24 14:32:55.482 [info] > git merge-base refs/heads/openP refs/remotes/origin/openP [4ms]
2024-11-24 14:32:55.500 [info] > git diff --name-status -z --diff-filter=ADMR 5f80612c1b2208abdb092f23b0d503be6691c28d...refs/remotes/origin/openP [12ms]
2024-11-24 14:32:56.638 [info] > git ls-files --stage -- /home/ubuntu/Project-Agora/openvidu-tutorials/openvidu-react/src/components/Elements/TestChat/TestChat.jsx [9ms]
2024-11-24 14:32:56.653 [info] > git cat-file -s 6172bd7ef01fcdde2023eef19794d478ccb34611 [4ms]
2024-11-24 14:32:56.678 [info] > git show --textconv :openvidu-tutorials/openvidu-react/src/components/Elements/TestChat/TestChat.jsx [3ms]
2024-11-24 14:32:57.610 [info] > git config --get commit.template [2ms]
2024-11-24 14:32:57.626 [info] > git for-each-ref --format=%(refname)%00%(upstream:short)%00%(objectname)%00%(upstream:track)%00%(upstream:remotename)%00%(upstream:remoteref) refs/heads/openP refs/remotes/openP [8ms]
2024-11-24 14:32:57.661 [info] > git status -z -uall [19ms]
2024-11-24 14:32:57.671 [info] > git for-each-ref --sort -committerdate --format %(refname) %(objectname) %(*objectname) [12ms]
2024-11-24 14:33:01.580 [info] > git ls-files --stage -- /home/ubuntu/Project-Agora/openvidu-tutorials/openvidu-react/src/components/Elements/TestChat/TestChat.jsx [1ms]
2024-11-24 14:33:01.585 [info] > git cat-file -s 6172bd7ef01fcdde2023eef19794d478ccb34611 [3ms]
2024-11-24 14:33:01.621 [info] > git show --textconv :openvidu-tutorials/openvidu-react/src/components/Elements/TestChat/TestChat.jsx [10ms]
2024-11-24 14:33:01.734 [info] > git config --get commit.template [5ms]
2024-11-24 14:33:01.744 [info] > git for-each-ref --format=%(refname)%00%(upstream:short)%00%(objectname)%00%(upstream:track)%00%(upstream:remotename)%00%(upstream:remoteref) refs/heads/openP refs/remotes/openP [4ms]
2024-11-24 14:33:01.758 [info] > git status -z -uall [8ms]
2024-11-24 14:33:01.760 [info] > git for-each-ref --sort -committerdate --format %(refname) %(objectname) %(*objectname) [3ms]
2024-11-24 14:33:02.687 [info] > git config --get commit.template [5ms]
2024-11-24 14:33:02.688 [info] > git for-each-ref --format=%(refname)%00%(upstream:short)%00%(objectname)%00%(upstream:track)%00%(upstream:remotename)%00%(upstream:remoteref) refs/heads/openP refs/remotes/openP [2ms]
2024-11-24 14:33:02.698 [info] > git status -z -uall [6ms]
2024-11-24 14:33:02.700 [info] > git for-each-ref --sort -committerdate --format %(refname) %(objectname) %(*objectname) [3ms]
2024-11-24 14:33:02.916 [info] > git ls-files --stage -- /home/ubuntu/Project-Agora/openvidu-tutorials/openvidu-react/src/components/Elements/TestChat/TestChat.jsx [2ms]
2024-11-24 14:33:02.933 [info] > git cat-file -s 6172bd7ef01fcdde2023eef19794d478ccb34611 [4ms]
2024-11-24 14:33:02.959 [info] > git show --textconv :openvidu-tutorials/openvidu-react/src/components/Elements/TestChat/TestChat.jsx [3ms]
2024-11-24 14:33:06.929 [info] > git show --textconv :openvidu-tutorials/openvidu-react/src/Layers.js [4ms]
2024-11-24 14:33:06.930 [info] > git ls-files --stage -- /home/ubuntu/Project-Agora/openvidu-tutorials/openvidu-react/src/Layers.js [2ms]
2024-11-24 14:33:06.935 [info] > git cat-file -s 2105733325a933839036b626d4019aa81dc5a1cb [2ms]
2024-11-24 14:33:07.710 [info] > git config --get commit.template [5ms]
2024-11-24 14:33:07.711 [info] > git for-each-ref --format=%(refname)%00%(upstream:short)%00%(objectname)%00%(upstream:track)%00%(upstream:remotename)%00%(upstream:remoteref) refs/heads/openP refs/remotes/openP [2ms]
2024-11-24 14:33:07.722 [info] > git status -z -uall [7ms]
2024-11-24 14:33:07.726 [info] > git for-each-ref --sort -committerdate --format %(refname) %(objectname) %(*objectname) [5ms]
2024-11-24 14:33:16.643 [info] > git show --textconv :openvidu-tutorials/openvidu-react/src/components/useSocket.js [46ms]
2024-11-24 14:33:16.649 [info] > git ls-files --stage -- /home/ubuntu/Project-Agora/openvidu-tutorials/openvidu-react/src/components/useSocket.js [21ms]
2024-11-24 14:33:21.265 [info] > git show --textconv :openvidu-tutorials/openvidu-react/src/components/Elements/openvidu/OpenviduFinal.js [6ms]
2024-11-24 14:33:21.275 [info] > git ls-files --stage -- /home/ubuntu/Project-Agora/openvidu-tutorials/openvidu-react/src/components/Elements/openvidu/OpenviduFinal.js [8ms]
2024-11-24 14:33:21.293 [info] > git cat-file -s 5b81ffce10217a2deaed3cc6910c6f2f030c5a7f [4ms]
2024-11-24 14:33:24.363 [info] > git config --get commit.template [37ms]
2024-11-24 14:33:24.367 [info] > git for-each-ref --format=%(refname)%00%(upstream:short)%00%(objectname)%00%(upstream:track)%00%(upstream:remotename)%00%(upstream:remoteref) refs/heads/openP refs/remotes/openP [12ms]
2024-11-24 14:33:24.420 [info] > git status -z -uall [34ms]
2024-11-24 14:33:24.442 [info] > git for-each-ref --sort -committerdate --format %(refname) %(objectname) %(*objectname) [35ms]
2024-11-24 14:33:32.958 [info] > git config --get commit.template [5ms]
2024-11-24 14:33:32.960 [info] > git for-each-ref --format=%(refname)%00%(upstream:short)%00%(objectname)%00%(upstream:track)%00%(upstream:remotename)%00%(upstream:remoteref) refs/heads/openP refs/remotes/openP [2ms]
2024-11-24 14:33:32.970 [info] > git status -z -uall [7ms]
2024-11-24 14:33:32.972 [info] > git for-each-ref --sort -committerdate --format %(refname) %(objectname) %(*objectname) [4ms]
2024-11-24 14:33:44.716 [info] > git config --get commit.template [5ms]
2024-11-24 14:33:44.718 [info] > git for-each-ref --format=%(refname)%00%(upstream:short)%00%(objectname)%00%(upstream:track)%00%(upstream:remotename)%00%(upstream:remoteref) refs/heads/openP refs/remotes/openP [3ms]
2024-11-24 14:33:44.731 [info] > git status -z -uall [9ms]
2024-11-24 14:33:44.733 [info] > git for-each-ref --sort -committerdate --format %(refname) %(objectname) %(*objectname) [5ms]
2024-11-24 14:33:49.747 [info] > git config --get commit.template [5ms]
2024-11-24 14:33:49.748 [info] > git for-each-ref --format=%(refname)%00%(upstream:short)%00%(objectname)%00%(upstream:track)%00%(upstream:remotename)%00%(upstream:remoteref) refs/heads/openP refs/remotes/openP [3ms]
2024-11-24 14:33:49.761 [info] > git status -z -uall [9ms]
2024-11-24 14:33:49.763 [info] > git for-each-ref --sort -committerdate --format %(refname) %(objectname) %(*objectname) [5ms]
2024-11-24 14:33:54.788 [info] > git config --get commit.template [10ms]
2024-11-24 14:33:54.790 [info] > git for-each-ref --format=%(refname)%00%(upstream:short)%00%(objectname)%00%(upstream:track)%00%(upstream:remotename)%00%(upstream:remoteref) refs/heads/openP refs/remotes/openP [3ms]
2024-11-24 14:33:54.809 [info] > git status -z -uall [14ms]
2024-11-24 14:33:54.818 [info] > git for-each-ref --sort -committerdate --format %(refname) %(objectname) %(*objectname) [10ms]
2024-11-24 14:33:59.841 [info] > git config --get commit.template [11ms]
2024-11-24 14:33:59.844 [info] > git for-each-ref --format=%(refname)%00%(upstream:short)%00%(objectname)%00%(upstream:track)%00%(upstream:remotename)%00%(upstream:remoteref) refs/heads/openP refs/remotes/openP [4ms]
2024-11-24 14:33:59.858 [info] > git status -z -uall [8ms]
2024-11-24 14:33:59.859 [info] > git for-each-ref --sort -committerdate --format %(refname) %(objectname) %(*objectname) [3ms]
2024-11-24 14:40:05.641 [info] > git show --textconv :openvidu-tutorials/openvidu-react/src/components/Elements/TestChat/TestChat.jsx [26ms]
2024-11-24 14:40:05.643 [info] > git ls-files --stage -- /home/ubuntu/Project-Agora/openvidu-tutorials/openvidu-react/src/components/Elements/TestChat/TestChat.jsx [9ms]
2024-11-24 14:40:05.652 [info] > git cat-file -s 6172bd7ef01fcdde2023eef19794d478ccb34611 [1ms]
2024-11-24 14:40:12.496 [info] > git show --textconv :openvidu-tutorials/openvidu-basic-node/index.js [15ms]
2024-11-24 14:40:12.497 [info] > git ls-files --stage -- /home/ubuntu/Project-Agora/openvidu-tutorials/openvidu-basic-node/index.js [11ms]
2024-11-24 14:40:12.520 [info] > git cat-file -s dd39379ece3340fc03ce67aeb9881d4f53928108 [19ms]
2024-11-24 14:40:19.036 [info] > git show --textconv :openvidu-tutorials/openvidu-basic-node/routes/chat.js [8ms]
2024-11-24 14:40:19.036 [info] > git ls-files --stage -- /home/ubuntu/Project-Agora/openvidu-tutorials/openvidu-basic-node/routes/chat.js [2ms]
2024-11-24 14:40:19.044 [info] > git cat-file -s 940b64c8b2ccd331c8da4689a316615021c36f49 [3ms]
2024-11-24 14:44:35.173 [info] > git config --get commit.template [2ms]
2024-11-24 14:44:35.198 [info] > git for-each-ref --format=%(refname)%00%(upstream:short)%00%(objectname)%00%(upstream:track)%00%(upstream:remotename)%00%(upstream:remoteref) refs/heads/openP refs/remotes/openP [21ms]
2024-11-24 14:44:35.243 [info] > git status -z -uall [40ms]
2024-11-24 14:44:35.245 [info] > git for-each-ref --sort -committerdate --format %(refname) %(objectname) %(*objectname) [38ms]
2024-11-24 14:55:00.701 [info] > git check-ignore -v -z --stdin [2ms]
2024-11-24 14:55:11.065 [info] > git config --get commit.template [8ms]
2024-11-24 14:55:11.069 [info] > git for-each-ref --format=%(refname)%00%(upstream:short)%00%(objectname)%00%(upstream:track)%00%(upstream:remotename)%00%(upstream:remoteref) refs/heads/openP refs/remotes/openP [5ms]
2024-11-24 14:55:11.086 [info] > git status -z -uall [12ms]
2024-11-24 14:55:11.091 [info] > git for-each-ref --sort -committerdate --format %(refname) %(objectname) %(*objectname) [8ms]
2024-11-24 14:55:11.441 [info] > git show --textconv :openvidu-tutorials/openvidu-react/src/components/Elements/RoomList/RoomList.jsx [22ms]
2024-11-24 14:55:11.446 [info] > git ls-files --stage -- /home/ubuntu/Project-Agora/openvidu-tutorials/openvidu-react/src/components/Elements/RoomList/RoomList.jsx [16ms]
2024-11-24 14:55:11.463 [info] > git cat-file -s d3187b8a136a96a914407560397f1a153e1f7a88 [6ms]
2024-11-24 14:55:22.648 [info] > git check-ignore -v -z --stdin [2ms]
2024-11-24 14:55:23.759 [info] > git ls-files --stage -- /home/ubuntu/Project-Agora/openvidu-tutorials/openvidu-react/src/components/Pages/Room/Room.jsx [2ms]
2024-11-24 14:55:23.764 [info] > git show --textconv :openvidu-tutorials/openvidu-react/src/components/Pages/Room/Room.jsx [13ms]
2024-11-24 14:55:23.766 [info] > git cat-file -s 0efea5086ddb9ee1171776663b621cfc2c87da7c [3ms]
2024-11-24 14:56:43.165 [info] > git config --get commit.template [3ms]
2024-11-24 14:56:43.193 [info] > git for-each-ref --format=%(refname)%00%(upstream:short)%00%(objectname)%00%(upstream:track)%00%(upstream:remotename)%00%(upstream:remoteref) refs/heads/openP refs/remotes/openP [20ms]
2024-11-24 14:56:43.221 [info] > git status -z -uall [13ms]
2024-11-24 14:56:43.231 [info] > git for-each-ref --sort -committerdate --format %(refname) %(objectname) %(*objectname) [15ms]
2024-11-24 14:56:48.284 [info] > git config --get commit.template [14ms]
2024-11-24 14:56:48.290 [info] > git for-each-ref --format=%(refname)%00%(upstream:short)%00%(objectname)%00%(upstream:track)%00%(upstream:remotename)%00%(upstream:remoteref) refs/heads/openP refs/remotes/openP [7ms]
2024-11-24 14:56:48.314 [info] > git status -z -uall [17ms]
2024-11-24 14:56:48.316 [info] > git for-each-ref --sort -committerdate --format %(refname) %(objectname) %(*objectname) [9ms]
2024-11-24 14:56:53.329 [info] > git config --get commit.template [4ms]
2024-11-24 14:56:53.330 [info] > git for-each-ref --format=%(refname)%00%(upstream:short)%00%(objectname)%00%(upstream:track)%00%(upstream:remotename)%00%(upstream:remoteref) refs/heads/openP refs/remotes/openP [2ms]
2024-11-24 14:56:53.342 [info] > git status -z -uall [8ms]
2024-11-24 14:56:53.346 [info] > git for-each-ref --sort -committerdate --format %(refname) %(objectname) %(*objectname) [5ms]
2024-11-24 14:56:58.396 [info] > git config --get commit.template [16ms]
2024-11-24 14:56:58.407 [info] > git for-each-ref --format=%(refname)%00%(upstream:short)%00%(objectname)%00%(upstream:track)%00%(upstream:remotename)%00%(upstream:remoteref) refs/heads/openP refs/remotes/openP [17ms]
2024-11-24 14:56:58.454 [info] > git status -z -uall [28ms]
2024-11-24 14:56:58.466 [info] > git for-each-ref --sort -committerdate --format %(refname) %(objectname) %(*objectname) [24ms]
2024-11-24 14:57:03.491 [info] > git config --get commit.template [9ms]
2024-11-24 14:57:03.492 [info] > git for-each-ref --format=%(refname)%00%(upstream:short)%00%(objectname)%00%(upstream:track)%00%(upstream:remotename)%00%(upstream:remoteref) refs/heads/openP refs/remotes/openP [2ms]
2024-11-24 14:57:03.511 [info] > git status -z -uall [14ms]
2024-11-24 14:57:03.511 [info] > git for-each-ref --sort -committerdate --format %(refname) %(objectname) %(*objectname) [5ms]
2024-11-24 14:57:08.530 [info] > git config --get commit.template [2ms]
2024-11-24 14:57:08.539 [info] > git for-each-ref --format=%(refname)%00%(upstream:short)%00%(objectname)%00%(upstream:track)%00%(upstream:remotename)%00%(upstream:remoteref) refs/heads/openP refs/remotes/openP [2ms]
2024-11-24 14:57:08.551 [info] > git status -z -uall [6ms]
2024-11-24 14:57:08.553 [info] > git for-each-ref --sort -committerdate --format %(refname) %(objectname) %(*objectname) [3ms]
2024-11-24 14:57:14.065 [info] > git config --get commit.template [5ms]
2024-11-24 14:57:14.067 [info] > git for-each-ref --format=%(refname)%00%(upstream:short)%00%(objectname)%00%(upstream:track)%00%(upstream:remotename)%00%(upstream:remoteref) refs/heads/openP refs/remotes/openP [2ms]
2024-11-24 14:57:14.080 [info] > git status -z -uall [8ms]
2024-11-24 14:57:14.083 [info] > git for-each-ref --sort -committerdate --format %(refname) %(objectname) %(*objectname) [4ms]
2024-11-24 14:58:00.989 [info] > git config --get commit.template [4ms]
2024-11-24 14:58:00.991 [info] > git for-each-ref --format=%(refname)%00%(upstream:short)%00%(objectname)%00%(upstream:track)%00%(upstream:remotename)%00%(upstream:remoteref) refs/heads/openP refs/remotes/openP [1ms]
2024-11-24 14:58:01.005 [info] > git status -z -uall [10ms]
2024-11-24 14:58:01.009 [info] > git for-each-ref --sort -committerdate --format %(refname) %(objectname) %(*objectname) [4ms]
2024-11-24 14:58:01.449 [info] > git show --textconv :openvidu-tutorials/openvidu-react/src/components/Elements/TestChat/TestChat.jsx [12ms]
2024-11-24 14:58:01.451 [info] > git ls-files --stage -- /home/ubuntu/Project-Agora/openvidu-tutorials/openvidu-react/src/components/Elements/TestChat/TestChat.jsx [6ms]
2024-11-24 14:58:01.462 [info] > git cat-file -s 6172bd7ef01fcdde2023eef19794d478ccb34611 [5ms]
2024-11-24 14:58:19.203 [info] > git show --textconv :openvidu-tutorials/openvidu-react/src/components/Pages/Room/Room.jsx [5ms]
2024-11-24 14:58:19.205 [info] > git ls-files --stage -- /home/ubuntu/Project-Agora/openvidu-tutorials/openvidu-react/src/components/Pages/Room/Room.jsx [2ms]
2024-11-24 14:58:19.209 [info] > git cat-file -s 0efea5086ddb9ee1171776663b621cfc2c87da7c [2ms]
2024-11-24 14:58:41.301 [info] > git config --get commit.template [4ms]
2024-11-24 14:58:41.316 [info] > git for-each-ref --format=%(refname)%00%(upstream:short)%00%(objectname)%00%(upstream:track)%00%(upstream:remotename)%00%(upstream:remoteref) refs/heads/openP refs/remotes/openP [8ms]
2024-11-24 14:58:41.344 [info] > git status -z -uall [19ms]
2024-11-24 14:58:41.350 [info] > git for-each-ref --sort -committerdate --format %(refname) %(objectname) %(*objectname) [15ms]
2024-11-24 14:58:46.369 [info] > git config --get commit.template [5ms]
2024-11-24 14:58:46.370 [info] > git for-each-ref --format=%(refname)%00%(upstream:short)%00%(objectname)%00%(upstream:track)%00%(upstream:remotename)%00%(upstream:remoteref) refs/heads/openP refs/remotes/openP [3ms]
2024-11-24 14:58:46.383 [info] > git status -z -uall [8ms]
2024-11-24 14:58:46.386 [info] > git for-each-ref --sort -committerdate --format %(refname) %(objectname) %(*objectname) [4ms]
2024-11-24 14:58:51.397 [info] > git config --get commit.template [4ms]
2024-11-24 14:58:51.404 [info] > git for-each-ref --format=%(refname)%00%(upstream:short)%00%(objectname)%00%(upstream:track)%00%(upstream:remotename)%00%(upstream:remoteref) refs/heads/openP refs/remotes/openP [3ms]
2024-11-24 14:58:51.436 [info] > git status -z -uall [27ms]
2024-11-24 14:58:51.436 [info] > git for-each-ref --sort -committerdate --format %(refname) %(objectname) %(*objectname) [24ms]
2024-11-24 14:58:56.466 [info] > git config --get commit.template [3ms]
2024-11-24 14:58:56.492 [info] > git for-each-ref --format=%(refname)%00%(upstream:short)%00%(objectname)%00%(upstream:track)%00%(upstream:remotename)%00%(upstream:remoteref) refs/heads/openP refs/remotes/openP [8ms]
2024-11-24 14:58:56.517 [info] > git status -z -uall [15ms]
2024-11-24 14:58:56.524 [info] > git for-each-ref --sort -committerdate --format %(refname) %(objectname) %(*objectname) [8ms]
2024-11-24 14:59:01.261 [info] > git show --textconv :openvidu-tutorials/openvidu-react/src/components/Elements/TestChat/TestChat.jsx [6ms]
2024-11-24 14:59:01.263 [info] > git ls-files --stage -- /home/ubuntu/Project-Agora/openvidu-tutorials/openvidu-react/src/components/Elements/TestChat/TestChat.jsx [3ms]
2024-11-24 14:59:01.273 [info] > git cat-file -s 6172bd7ef01fcdde2023eef19794d478ccb34611 [7ms]
2024-11-24 14:59:01.546 [info] > git config --get commit.template [11ms]
2024-11-24 14:59:01.553 [info] > git for-each-ref --format=%(refname)%00%(upstream:short)%00%(objectname)%00%(upstream:track)%00%(upstream:remotename)%00%(upstream:remoteref) refs/heads/openP refs/remotes/openP [8ms]
2024-11-24 14:59:01.577 [info] > git status -z -uall [11ms]
2024-11-24 14:59:01.583 [info] > git for-each-ref --sort -committerdate --format %(refname) %(objectname) %(*objectname) [8ms]
2024-11-24 14:59:56.769 [info] > git show --textconv :openvidu-tutorials/openvidu-react/src/components/Pages/Room/Room.jsx [8ms]
2024-11-24 14:59:56.771 [info] > git ls-files --stage -- /home/ubuntu/Project-Agora/openvidu-tutorials/openvidu-react/src/components/Pages/Room/Room.jsx [1ms]
2024-11-24 14:59:56.787 [info] > git cat-file -s 0efea5086ddb9ee1171776663b621cfc2c87da7c [6ms]
2024-11-24 15:00:03.011 [info] > git config --get commit.template [11ms]
2024-11-24 15:00:03.048 [info] > git for-each-ref --format=%(refname)%00%(upstream:short)%00%(objectname)%00%(upstream:track)%00%(upstream:remotename)%00%(upstream:remoteref) refs/heads/openP refs/remotes/openP [17ms]
2024-11-24 15:00:03.069 [info] > git status -z -uall [14ms]
2024-11-24 15:00:03.074 [info] > git for-each-ref --sort -committerdate --format %(refname) %(objectname) %(*objectname) [7ms]
2024-11-24 15:00:07.097 [info] > git show --textconv HEAD:openvidu-tutorials/openvidu-react/src/components/useSocket.js [31ms]
2024-11-24 15:00:07.112 [info] > git ls-tree -l HEAD -- /home/ubuntu/Project-Agora/openvidu-tutorials/openvidu-react/src/components/useSocket.js [17ms]
2024-11-24 15:00:08.086 [info] > git config --get commit.template [3ms]
2024-11-24 15:00:08.093 [info] > git for-each-ref --format=%(refname)%00%(upstream:short)%00%(objectname)%00%(upstream:track)%00%(upstream:remotename)%00%(upstream:remoteref) refs/heads/openP refs/remotes/openP [2ms]
2024-11-24 15:00:08.107 [info] > git status -z -uall [7ms]
2024-11-24 15:00:08.113 [info] > git for-each-ref --sort -committerdate --format %(refname) %(objectname) %(*objectname) [5ms]
2024-11-24 15:00:10.972 [info] > git show --textconv HEAD:openvidu-tutorials/openvidu-react/src/components/Elements/TestChat/TestChat.jsx [11ms]
2024-11-24 15:00:10.974 [info] > git ls-tree -l HEAD -- /home/ubuntu/Project-Agora/openvidu-tutorials/openvidu-react/src/components/Elements/TestChat/TestChat.jsx [7ms]
2024-11-24 15:00:15.073 [info] > git log --format=%H%n%aN%n%aE%n%at%n%ct%n%P%n%D%n%B -z --shortstat --diff-merges=first-parent -n50 --skip=0 --topo-order --decorate=full --stdin [9091ms]
2024-11-24 15:00:55.230 [info] > git ls-tree -l HEAD -- /home/ubuntu/Project-Agora/openvidu-tutorials/openvidu-react/src/components/Elements/TestChat/TestChat.jsx [14ms]
2024-11-24 15:01:23.723 [info] > git config --get commit.template [8ms]
2024-11-24 15:01:23.727 [info] > git for-each-ref --format=%(refname)%00%(upstream:short)%00%(objectname)%00%(upstream:track)%00%(upstream:remotename)%00%(upstream:remoteref) refs/heads/openP refs/remotes/openP [6ms]
2024-11-24 15:01:23.757 [info] > git status -z -uall [16ms]
2024-11-24 15:01:23.759 [info] > git for-each-ref --sort -committerdate --format %(refname) %(objectname) %(*objectname) [4ms]
2024-11-24 15:01:24.857 [info] > git ls-files --stage -- /home/ubuntu/Project-Agora/openvidu-tutorials/openvidu-react/src/components/Elements/TestChat/TestChat.jsx [3ms]
2024-11-24 15:01:24.864 [info] > git cat-file -s 4b6b53a15b3c26a8396719674450ce8f2861350c [2ms]
2024-11-24 15:01:24.928 [info] > git show --textconv :openvidu-tutorials/openvidu-react/src/components/Elements/TestChat/TestChat.jsx [4ms]
2024-11-24 15:01:25.856 [info] > git config --get commit.template [4ms]
2024-11-24 15:01:25.857 [info] > git for-each-ref --format=%(refname)%00%(upstream:short)%00%(objectname)%00%(upstream:track)%00%(upstream:remotename)%00%(upstream:remoteref) refs/heads/openP refs/remotes/openP [2ms]
2024-11-24 15:01:25.867 [info] > git status -z -uall [6ms]
2024-11-24 15:01:25.869 [info] > git for-each-ref --sort -committerdate --format %(refname) %(objectname) %(*objectname) [4ms]
2024-11-24 15:01:39.780 [info] > git config --get commit.template [2ms]
2024-11-24 15:01:39.790 [info] > git for-each-ref --format=%(refname)%00%(upstream:short)%00%(objectname)%00%(upstream:track)%00%(upstream:remotename)%00%(upstream:remoteref) refs/heads/openP refs/remotes/openP [3ms]
2024-11-24 15:01:39.824 [info] > git status -z -uall [31ms]
2024-11-24 15:01:39.827 [info] > git for-each-ref --sort -committerdate --format %(refname) %(objectname) %(*objectname) [13ms]
2024-11-24 15:01:39.847 [info] > git merge-base refs/heads/openP refs/remotes/origin/openP [7ms]
2024-11-24 15:01:39.855 [info] > git diff --name-status -z --diff-filter=ADMR 5f80612c1b2208abdb092f23b0d503be6691c28d...refs/remotes/origin/openP [2ms]
2024-11-24 15:01:40.942 [info] > git ls-tree -l HEAD -- /home/ubuntu/Project-Agora/openvidu-tutorials/openvidu-react/src/components/Elements/TestChat/TestChat.jsx [3ms]
2024-11-24 15:01:40.980 [info] > git show --textconv HEAD:openvidu-tutorials/openvidu-react/src/components/Elements/TestChat/TestChat.jsx [2ms]
2024-11-24 15:01:41.949 [info] > git config --get commit.template [9ms]
2024-11-24 15:01:41.950 [info] > git for-each-ref --format=%(refname)%00%(upstream:short)%00%(objectname)%00%(upstream:track)%00%(upstream:remotename)%00%(upstream:remoteref) refs/heads/openP refs/remotes/openP [5ms]
2024-11-24 15:01:41.962 [info] > git status -z -uall [7ms]
2024-11-24 15:01:41.966 [info] > git for-each-ref --sort -committerdate --format %(refname) %(objectname) %(*objectname) [4ms]
2024-11-24 15:01:45.597 [info] > git config --get commit.template [4ms]
2024-11-24 15:01:45.598 [info] > git for-each-ref --format=%(refname)%00%(upstream:short)%00%(objectname)%00%(upstream:track)%00%(upstream:remotename)%00%(upstream:remoteref) refs/heads/openP refs/remotes/openP [2ms]
2024-11-24 15:01:45.607 [info] > git status -z -uall [5ms]
2024-11-24 15:01:45.609 [info] > git for-each-ref --sort -committerdate --format %(refname) %(objectname) %(*objectname) [3ms]
2024-11-24 15:01:45.619 [info] > git merge-base refs/heads/openP refs/remotes/origin/openP [3ms]
2024-11-24 15:01:45.624 [info] > git diff --name-status -z --diff-filter=ADMR 0a9d73ece37d6988e7fa5e030909124e35038029...refs/remotes/origin/openP [2ms]
2024-11-24 15:01:46.857 [info] > git ls-tree -l HEAD -- /home/ubuntu/Project-Agora/openvidu-tutorials/openvidu-react/src/components/Elements/TestChat/TestChat.jsx [2ms]
2024-11-24 15:01:46.909 [info] > git show --textconv HEAD:openvidu-tutorials/openvidu-react/src/components/Elements/TestChat/TestChat.jsx [18ms]
2024-11-24 15:01:46.981 [info] > git config --get commit.template [9ms]
2024-11-24 15:01:46.984 [info] > git for-each-ref --format=%(refname)%00%(upstream:short)%00%(objectname)%00%(upstream:track)%00%(upstream:remotename)%00%(upstream:remoteref) refs/heads/openP refs/remotes/openP [5ms]
2024-11-24 15:01:46.994 [info] > git status -z -uall [6ms]
2024-11-24 15:01:46.996 [info] > git for-each-ref --sort -committerdate --format %(refname) %(objectname) %(*objectname) [3ms]
2024-11-24 15:02:57.177 [info] > git ls-tree -l HEAD -- /home/ubuntu/Project-Agora/openvidu-tutorials/openvidu-react/src/components/Elements/TestChat/TestChat.jsx [7ms]
2024-11-24 15:02:57.179 [info] > git config --get commit.template [3ms]
2024-11-24 15:02:57.186 [info] > git for-each-ref --format=%(refname)%00%(upstream:short)%00%(objectname)%00%(upstream:track)%00%(upstream:remotename)%00%(upstream:remoteref) refs/heads/openP refs/remotes/openP [2ms]
2024-11-24 15:02:57.218 [info] > git status -z -uall [26ms]
2024-11-24 15:02:57.226 [info] > git for-each-ref --sort -committerdate --format %(refname) %(objectname) %(*objectname) [16ms]
2024-11-24 15:03:03.828 [info] > git show --textconv :openvidu-tutorials/openvidu-react/src/components/Pages/Room/Room.jsx [7ms]
2024-11-24 15:03:03.828 [info] > git ls-files --stage -- /home/ubuntu/Project-Agora/openvidu-tutorials/openvidu-react/src/components/Pages/Room/Room.jsx [2ms]
2024-11-24 15:03:03.836 [info] > git cat-file -s 0efea5086ddb9ee1171776663b621cfc2c87da7c [5ms]
2024-11-24 15:03:07.960 [info] > git show --textconv :openvidu-tutorials/openvidu-react/src/components/Elements/TestChat/TestChat.jsx [4ms]
2024-11-24 15:03:07.961 [info] > git ls-files --stage -- /home/ubuntu/Project-Agora/openvidu-tutorials/openvidu-react/src/components/Elements/TestChat/TestChat.jsx [2ms]
2024-11-24 15:03:07.966 [info] > git cat-file -s 4b6b53a15b3c26a8396719674450ce8f2861350c [2ms]
2024-11-24 15:03:13.417 [info] > git show --textconv :openvidu-tutorials/openvidu-basic-node/routes/chat.js [13ms]
2024-11-24 15:03:13.426 [info] > git ls-files --stage -- /home/ubuntu/Project-Agora/openvidu-tutorials/openvidu-basic-node/routes/chat.js [10ms]
2024-11-24 15:03:13.443 [info] > git cat-file -s 940b64c8b2ccd331c8da4689a316615021c36f49 [7ms]
2024-11-24 15:03:18.070 [info] > git show --textconv :openvidu-tutorials/openvidu-react/src/components/Elements/TestChat/TestChat.jsx [10ms]
2024-11-24 15:03:18.070 [info] > git ls-files --stage -- /home/ubuntu/Project-Agora/openvidu-tutorials/openvidu-react/src/components/Elements/TestChat/TestChat.jsx [3ms]
2024-11-24 15:03:18.078 [info] > git cat-file -s 4b6b53a15b3c26a8396719674450ce8f2861350c [4ms]
