2024-11-27 03:51:55.851 [info] [main] 로그 수준: Info
2024-11-27 03:51:55.851 [info] [main] "git"에서 찾은 git 유효성을 검사하는 중
2024-11-27 03:51:55.851 [info] [main] "2.43.0"에서 git "git"을(를) 사용하는 중
2024-11-27 03:51:55.851 [info] [Model][doInitialScan] Initial repository scan started
2024-11-27 03:51:55.851 [info] > git rev-parse --show-toplevel [14ms]
2024-11-27 03:51:55.853 [info] > git rev-parse --show-toplevel [3ms]
2024-11-27 03:51:55.867 [info] > git rev-parse --show-toplevel [6ms]
2024-11-27 03:51:55.891 [info] > git rev-parse --show-toplevel [6ms]
2024-11-27 03:51:55.983 [info] > git rev-parse --show-toplevel [83ms]
2024-11-27 03:51:55.991 [info] [Model][doInitialScan] Initial repository scan completed - repositories (0), closed repositories (0), parent repositories (1), unsafe repositories (0)
2024-11-27 03:52:30.384 [info] > git rev-parse --show-toplevel [3ms]
2024-11-27 03:52:34.171 [info] > git rev-parse --show-toplevel [10ms]
2024-11-27 03:55:44.717 [info] > git rev-parse --show-toplevel [20ms]
2024-11-27 03:56:49.006 [info] > git rev-parse --show-toplevel [19ms]
2024-11-27 03:59:41.211 [info] > git rev-parse --show-toplevel [2ms]
2024-11-27 04:01:23.445 [info] > git rev-parse --show-toplevel [13ms]
2024-11-27 04:01:56.362 [warning] [Model][getRepositoryExact] Failed to get repository realpath for: "/home/ubuntu/Project-Agora/openvidu-tutorials/openvidu-react/node_modules/camelize/". Error:Error: ENOENT: no such file or directory, realpath '/home/ubuntu/Project-Agora/openvidu-tutorials/openvidu-react/node_modules/camelize/'
2024-11-27 04:03:14.610 [info] > git rev-parse --show-toplevel [16ms]
2024-11-27 04:47:39.345 [info] > git rev-parse --show-toplevel [6ms]
2024-11-27 04:47:55.319 [info] > git rev-parse --show-toplevel [11ms]
2024-11-27 04:48:29.731 [info] > git rev-parse --show-toplevel [5ms]
2024-11-27 04:48:40.706 [info] > git rev-parse --show-toplevel [32ms]
2024-11-27 04:49:41.359 [info] > git rev-parse --show-toplevel [13ms]
2024-11-27 04:50:18.870 [info] > git rev-parse --show-toplevel [10ms]
2024-11-27 04:50:47.819 [info] > git rev-parse --show-toplevel [5ms]
2024-11-27 04:51:06.565 [info] > git rev-parse --show-toplevel [3ms]
2024-11-27 04:51:31.154 [info] > git rev-parse --show-toplevel [4ms]
2024-11-27 04:55:11.109 [info] > git rev-parse --show-toplevel [4ms]
2024-11-27 04:55:16.417 [info] > git rev-parse --show-toplevel [5ms]
2024-11-27 04:55:29.692 [info] > git rev-parse --show-toplevel [11ms]
2024-11-27 04:57:40.087 [info] > git rev-parse --show-toplevel [3ms]
2024-11-27 04:59:47.432 [info] > git rev-parse --show-toplevel [4ms]
2024-11-27 05:01:03.895 [info] > git rev-parse --show-toplevel [2ms]
2024-11-27 05:01:13.953 [info] > git rev-parse --show-toplevel [4ms]
2024-11-27 05:01:57.602 [info] > git rev-parse --show-toplevel [2ms]
2024-11-27 05:02:09.069 [info] > git rev-parse --show-toplevel [6ms]
2024-11-27 05:05:10.037 [info] > git rev-parse --show-toplevel [13ms]
2024-11-27 05:08:04.925 [info] > git rev-parse --show-toplevel [2ms]
2024-11-27 05:20:45.206 [info] > git rev-parse --show-toplevel [8ms]
2024-11-27 05:21:02.263 [info] > git rev-parse --show-toplevel [4ms]
2024-11-27 05:21:08.856 [info] > git rev-parse --show-toplevel [2ms]
2024-11-27 05:21:25.069 [info] > git rev-parse --show-toplevel [2ms]
2024-11-27 05:22:06.063 [info] > git rev-parse --show-toplevel [4ms]
2024-11-27 05:27:50.401 [info] > git rev-parse --show-toplevel [2ms]
2024-11-27 05:54:42.156 [info] > git rev-parse --show-toplevel [2ms]
2024-11-27 06:16:39.515 [info] > git rev-parse --show-toplevel [5ms]
2024-11-27 07:20:44.325 [info] > git rev-parse --show-toplevel [3ms]
2024-11-27 07:26:59.985 [info] > git rev-parse --show-toplevel [2ms]
2024-11-27 07:34:53.412 [info] > git rev-parse --show-toplevel [4ms]
2024-11-27 07:34:54.905 [info] > git rev-parse --show-toplevel [11ms]
2024-11-27 07:54:16.450 [info] > git rev-parse --show-toplevel [6ms]
2024-11-27 07:54:21.769 [info] > git rev-parse --show-toplevel [2ms]
2024-11-27 07:54:37.958 [info] > git rev-parse --show-toplevel [6ms]
2024-11-27 07:54:46.224 [info] > git rev-parse --show-toplevel [3ms]
2024-11-27 07:55:19.372 [info] > git rev-parse --show-toplevel [4ms]
2024-11-27 07:55:43.376 [info] > git rev-parse --show-toplevel [3ms]
2024-11-27 07:58:30.062 [info] > git rev-parse --show-toplevel [4ms]
2024-11-27 07:58:35.073 [info] > git rev-parse --show-toplevel [5ms]
2024-11-27 08:23:44.825 [info] > git rev-parse --show-toplevel [4ms]
2024-11-27 08:24:27.306 [info] > git rev-parse --show-toplevel [3ms]
2024-11-27 08:33:32.813 [info] > git rev-parse --show-toplevel [21ms]
2024-11-27 08:35:28.207 [info] > git rev-parse --show-toplevel [9ms]
2024-11-27 08:35:31.627 [info] > git rev-parse --show-toplevel [9ms]
2024-11-27 08:35:33.534 [info] > git rev-parse --show-toplevel [5ms]
2024-11-27 08:35:38.825 [info] > git rev-parse --show-toplevel [2ms]
2024-11-27 08:47:51.868 [info] > git rev-parse --show-toplevel [3ms]
2024-11-27 08:48:47.901 [info] > git rev-parse --show-toplevel [5ms]
2024-11-27 08:53:08.094 [info] > git rev-parse --show-toplevel [6ms]
2024-11-27 08:55:57.347 [info] > git rev-parse --show-toplevel [3ms]
2024-11-27 08:56:09.543 [info] > git rev-parse --show-toplevel [8ms]
2024-11-27 09:03:32.120 [info] > git rev-parse --show-toplevel [3ms]
2024-11-27 09:04:16.102 [info] > git rev-parse --show-toplevel [2ms]
2024-11-27 09:06:03.222 [info] > git rev-parse --show-toplevel [14ms]
2024-11-27 09:07:16.374 [info] > git rev-parse --show-toplevel [19ms]
2024-11-27 09:07:56.755 [info] > git rev-parse --show-toplevel [23ms]
2024-11-27 10:40:06.797 [info] > git rev-parse --show-toplevel [18ms]
2024-11-27 10:46:51.201 [info] > git rev-parse --show-toplevel [18ms]
2024-11-27 10:47:17.050 [info] > git rev-parse --show-toplevel [4ms]
2024-11-27 10:47:28.300 [info] > git rev-parse --show-toplevel [3ms]
2024-11-27 10:47:32.615 [info] > git rev-parse --show-toplevel [2ms]
2024-11-27 10:48:31.581 [info] > git rev-parse --show-toplevel [1ms]
2024-11-27 10:48:40.192 [info] > git rev-parse --show-toplevel [5ms]
2024-11-27 10:48:46.552 [info] > git rev-parse --show-toplevel [9ms]
2024-11-27 10:48:46.839 [info] > git rev-parse --show-toplevel [8ms]
2024-11-27 10:49:01.449 [info] > git rev-parse --show-toplevel [5ms]
2024-11-27 10:49:13.245 [info] > git rev-parse --show-toplevel [6ms]
2024-11-27 10:49:45.537 [info] > git rev-parse --show-toplevel [6ms]
2024-11-27 10:49:46.082 [info] > git rev-parse --show-toplevel [10ms]
2024-11-27 10:49:46.560 [info] > git rev-parse --show-toplevel [6ms]
2024-11-27 10:49:47.478 [info] > git rev-parse --show-toplevel [7ms]
2024-11-27 10:49:47.897 [info] > git rev-parse --show-toplevel [8ms]
2024-11-27 10:50:24.512 [info] > git rev-parse --show-toplevel [5ms]
2024-11-27 10:50:24.971 [info] > git rev-parse --show-toplevel [2ms]
2024-11-27 10:51:48.613 [info] > git rev-parse --show-toplevel [2ms]
2024-11-27 10:52:05.036 [info] > git rev-parse --show-toplevel [6ms]
2024-11-27 10:52:44.813 [info] > git rev-parse --show-toplevel [2ms]
2024-11-27 10:52:54.915 [info] > git rev-parse --show-toplevel [7ms]
2024-11-27 10:53:35.829 [info] > git rev-parse --show-toplevel [4ms]
2024-11-27 10:57:08.212 [info] > git rev-parse --show-toplevel [3ms]
2024-11-27 10:57:14.379 [info] > git rev-parse --show-toplevel [3ms]
2024-11-27 10:57:16.021 [info] > git rev-parse --show-toplevel [6ms]
2024-11-27 10:57:35.211 [info] > git rev-parse --show-toplevel [7ms]
2024-11-27 11:00:22.953 [info] > git rev-parse --show-toplevel [3ms]
2024-11-27 11:00:25.976 [info] > git rev-parse --show-toplevel [15ms]
2024-11-27 11:00:32.984 [info] > git rev-parse --show-toplevel [3ms]
2024-11-27 11:00:56.298 [info] > git rev-parse --show-toplevel [2ms]
2024-11-27 11:01:00.408 [info] > git rev-parse --show-toplevel [7ms]
2024-11-27 11:01:02.830 [info] > git rev-parse --show-toplevel [4ms]
2024-11-27 11:01:14.854 [info] > git rev-parse --show-toplevel [2ms]
2024-11-27 11:05:09.629 [info] > git rev-parse --show-toplevel [3ms]
2024-11-27 11:05:21.111 [info] > git rev-parse --show-toplevel [5ms]
2024-11-27 11:07:51.531 [info] > git rev-parse --show-toplevel [3ms]
2024-11-27 11:07:52.043 [info] > git rev-parse --show-toplevel [5ms]
2024-11-27 11:09:25.398 [info] > git rev-parse --show-toplevel [2ms]
2024-11-27 11:09:28.203 [info] > git rev-parse --show-toplevel [5ms]
2024-11-27 11:12:03.946 [info] > git rev-parse --show-toplevel [2ms]
2024-11-27 11:13:22.125 [info] > git rev-parse --show-toplevel [2ms]
2024-11-27 11:13:31.040 [info] > git rev-parse --show-toplevel [3ms]
2024-11-27 11:13:52.317 [info] > git rev-parse --show-toplevel [7ms]
2024-11-27 11:15:15.571 [info] > git rev-parse --show-toplevel [8ms]
2024-11-27 11:15:21.027 [info] > git rev-parse --show-toplevel [5ms]
2024-11-27 11:15:21.527 [info] > git rev-parse --show-toplevel [2ms]
2024-11-27 11:15:22.033 [info] > git rev-parse --show-toplevel [8ms]
2024-11-27 11:15:23.265 [info] > git rev-parse --show-toplevel [7ms]
2024-11-27 11:19:47.151 [info] > git rev-parse --show-toplevel [2ms]
2024-11-27 11:19:48.813 [info] > git rev-parse --show-toplevel [3ms]
2024-11-27 11:19:50.186 [info] > git rev-parse --show-toplevel [8ms]
2024-11-27 11:30:43.513 [info] > git rev-parse --show-toplevel [3ms]
2024-11-27 11:36:33.217 [info] > git rev-parse --show-toplevel [7ms]
2024-11-27 11:42:17.790 [info] > git rev-parse --show-toplevel [6ms]
2024-11-27 11:44:30.381 [info] > git rev-parse --show-toplevel [2ms]
2024-11-27 11:44:37.730 [info] > git rev-parse --show-toplevel [4ms]
2024-11-27 11:45:51.599 [info] > git rev-parse --show-toplevel [5ms]
2024-11-27 11:47:15.645 [info] > git rev-parse --show-toplevel [3ms]
2024-11-27 11:53:01.147 [info] > git rev-parse --show-toplevel [8ms]
2024-11-27 11:53:05.372 [info] > git rev-parse --show-toplevel [3ms]
2024-11-27 11:53:38.438 [info] > git rev-parse --show-toplevel [5ms]
2024-11-27 11:54:13.274 [info] > git rev-parse --show-toplevel [7ms]
2024-11-27 11:55:10.380 [info] > git rev-parse --show-toplevel [10ms]
2024-11-27 11:56:53.981 [info] > git rev-parse --show-toplevel [3ms]
2024-11-27 11:59:17.724 [info] > git rev-parse --show-toplevel [1ms]
2024-11-27 12:08:54.445 [info] > git rev-parse --show-toplevel [21ms]
2024-11-27 12:08:55.832 [info] > git rev-parse --show-toplevel [2ms]
2024-11-27 12:08:57.394 [info] > git rev-parse --show-toplevel [2ms]
2024-11-27 12:08:57.998 [info] > git rev-parse --show-toplevel [3ms]
2024-11-27 12:08:59.349 [info] > git rev-parse --show-toplevel [3ms]
2024-11-27 12:08:59.802 [info] > git rev-parse --show-toplevel [3ms]
2024-11-27 12:09:01.400 [info] > git rev-parse --show-toplevel [6ms]
2024-11-27 12:09:04.953 [info] > git rev-parse --show-toplevel [27ms]
2024-11-27 12:14:54.338 [info] > git rev-parse --show-toplevel [9ms]
2024-11-27 12:14:55.336 [info] > git rev-parse --show-toplevel [5ms]
2024-11-27 12:23:02.642 [info] > git rev-parse --show-toplevel [12ms]
2024-11-27 12:40:21.260 [info] > git rev-parse --show-toplevel [4ms]
2024-11-27 12:40:21.895 [info] > git rev-parse --show-toplevel [8ms]
2024-11-27 13:02:22.894 [info] > git rev-parse --show-toplevel [5ms]
2024-11-27 13:02:29.265 [info] > git rev-parse --show-toplevel [3ms]
2024-11-27 17:03:04.920 [info] > git rev-parse --show-toplevel [1ms]
2024-11-27 21:08:35.025 [info] > git rev-parse --show-toplevel [0ms]
2024-11-28 00:32:52.114 [info] > git rev-parse --show-toplevel [1ms]
2024-11-28 04:17:53.130 [info] > git rev-parse --show-toplevel [2ms]
2024-11-28 04:20:51.621 [info] > git rev-parse --show-toplevel [14ms]
2024-11-28 04:26:28.967 [info] > git rev-parse --show-toplevel [6ms]
2024-11-28 04:26:33.875 [info] > git rev-parse --show-toplevel [9ms]
2024-11-28 04:37:13.680 [info] > git rev-parse --show-toplevel [4ms]
2024-11-28 04:37:39.617 [info] > git rev-parse --show-toplevel [4ms]
2024-11-28 04:38:42.401 [info] > git rev-parse --show-toplevel [3ms]
2024-11-28 04:39:08.212 [info] > git rev-parse --show-toplevel [4ms]
2024-11-28 04:39:12.626 [info] > git rev-parse --show-toplevel [5ms]
2024-11-28 04:39:13.152 [info] > git rev-parse --show-toplevel [4ms]
2024-11-28 04:39:14.892 [info] > git rev-parse --show-toplevel [4ms]
2024-11-28 04:39:17.117 [info] > git rev-parse --show-toplevel [7ms]
2024-11-28 04:39:42.828 [info] > git rev-parse --show-toplevel [3ms]
2024-11-28 04:39:45.034 [info] > git rev-parse --show-toplevel [8ms]
2024-11-28 04:41:35.979 [info] > git rev-parse --show-toplevel [7ms]
2024-11-28 04:42:04.972 [info] > git rev-parse --show-toplevel [3ms]
2024-11-28 04:42:22.703 [info] > git rev-parse --show-toplevel [3ms]
2024-11-28 04:47:38.057 [info] > git rev-parse --show-toplevel [3ms]
2024-11-28 04:49:05.280 [info] > git rev-parse --show-toplevel [2ms]
2024-11-28 04:49:15.417 [info] > git rev-parse --show-toplevel [1ms]
2024-11-28 04:49:55.333 [info] > git rev-parse --show-toplevel [4ms]
2024-11-28 04:57:29.083 [info] > git rev-parse --show-toplevel [6ms]
2024-11-28 04:57:32.899 [info] > git rev-parse --show-toplevel [3ms]
2024-11-28 04:57:41.688 [info] > git rev-parse --show-toplevel [13ms]
2024-11-28 04:57:53.518 [info] > git rev-parse --show-toplevel [3ms]
2024-11-28 04:58:09.280 [info] > git rev-parse --show-toplevel [11ms]
2024-11-28 04:58:36.668 [info] > git rev-parse --show-toplevel [4ms]
2024-11-28 05:00:00.026 [info] > git rev-parse --show-toplevel [3ms]
2024-11-28 05:02:16.990 [info] > git rev-parse --show-toplevel [6ms]
2024-11-28 05:03:32.139 [info] > git rev-parse --show-toplevel [4ms]
2024-11-28 05:04:04.853 [info] > git rev-parse --show-toplevel [9ms]
2024-11-28 05:06:50.194 [info] > git rev-parse --show-toplevel [2ms]
2024-11-28 05:07:09.110 [info] > git rev-parse --show-toplevel [7ms]
2024-11-28 05:07:38.036 [info] > git rev-parse --show-toplevel [4ms]
2024-11-28 05:07:40.712 [info] > git rev-parse --show-toplevel [6ms]
2024-11-28 05:07:53.955 [info] > git rev-parse --show-toplevel [2ms]
2024-11-28 05:08:07.493 [info] > git rev-parse --show-toplevel [3ms]
2024-11-28 05:08:12.502 [info] > git rev-parse --show-toplevel [2ms]
2024-11-28 05:08:23.524 [info] > git rev-parse --show-toplevel [3ms]
2024-11-28 05:08:39.143 [info] > git rev-parse --show-toplevel [2ms]
2024-11-28 05:08:44.315 [info] > git rev-parse --show-toplevel [2ms]
2024-11-28 05:11:38.541 [info] > git rev-parse --show-toplevel [2ms]
2024-11-28 05:14:54.733 [info] > git rev-parse --show-toplevel [8ms]
2024-11-28 05:15:03.286 [info] > git rev-parse --show-toplevel [11ms]
2024-11-28 05:18:35.045 [info] > git rev-parse --show-toplevel [5ms]
2024-11-28 05:21:02.449 [info] > git rev-parse --show-toplevel [8ms]
2024-11-28 05:22:02.398 [info] > git rev-parse --show-toplevel [5ms]
2024-11-28 05:22:03.682 [info] > git rev-parse --show-toplevel [5ms]
2024-11-28 05:22:47.551 [info] > git rev-parse --show-toplevel [3ms]
2024-11-28 05:24:56.215 [info] > git rev-parse --show-toplevel [5ms]
2024-11-28 05:32:31.213 [info] > git rev-parse --show-toplevel [3ms]
2024-11-28 05:32:33.533 [info] > git rev-parse --show-toplevel [11ms]
2024-11-28 05:37:44.918 [info] > git rev-parse --show-toplevel [3ms]
2024-11-28 05:55:29.310 [info] > git rev-parse --show-toplevel [2ms]
2024-11-28 05:59:52.445 [info] > git rev-parse --show-toplevel [4ms]
2024-11-28 06:06:41.232 [info] > git rev-parse --show-toplevel [2ms]
2024-11-28 06:13:46.638 [info] > git rev-parse --show-toplevel [4ms]
2024-11-28 06:15:57.421 [info] > git rev-parse --show-toplevel [24ms]
2024-11-28 06:16:58.395 [info] > git rev-parse --show-toplevel [8ms]
2024-11-28 06:17:19.485 [info] > git rev-parse --show-toplevel [2ms]
2024-11-28 06:17:44.676 [info] > git rev-parse --show-toplevel [4ms]
2024-11-28 06:19:39.978 [info] > git rev-parse --show-toplevel [4ms]
2024-11-28 06:19:40.936 [info] > git rev-parse --show-toplevel [4ms]
2024-11-28 06:19:42.042 [info] > git rev-parse --show-toplevel [2ms]
2024-11-28 06:22:13.576 [info] > git rev-parse --show-toplevel [4ms]
2024-11-28 06:27:26.274 [info] > git rev-parse --show-toplevel [8ms]
2024-11-28 06:28:50.953 [info] > git rev-parse --show-toplevel [10ms]
2024-11-28 06:39:21.734 [info] > git rev-parse --show-toplevel [1ms]
2024-11-28 06:47:24.002 [info] > git rev-parse --show-toplevel [8ms]
2024-11-28 06:47:29.222 [info] > git rev-parse --show-toplevel [2ms]
2024-11-28 06:49:37.197 [info] > git rev-parse --show-toplevel [6ms]
2024-11-28 06:49:44.276 [info] > git rev-parse --show-toplevel [17ms]
2024-11-28 06:52:12.777 [info] > git rev-parse --show-toplevel [4ms]
2024-11-28 06:52:42.190 [info] > git rev-parse --show-toplevel [4ms]
2024-11-28 06:52:51.470 [info] > git rev-parse --show-toplevel [4ms]
2024-11-28 07:05:54.443 [info] > git rev-parse --show-toplevel [3ms]
2024-11-28 07:07:30.592 [info] > git rev-parse --show-toplevel [3ms]
2024-11-28 07:08:06.613 [info] > git rev-parse --show-toplevel [2ms]
2024-11-28 07:10:47.979 [info] > git rev-parse --show-toplevel [2ms]
2024-11-28 07:13:52.904 [info] > git rev-parse --show-toplevel [3ms]
2024-11-28 07:14:11.620 [info] > git rev-parse --show-toplevel [9ms]
2024-11-28 07:14:20.396 [info] > git rev-parse --show-toplevel [1ms]
