2024-11-29 08:34:09.348 [info] Extension host with pid 504341 started
2024-11-29 08:34:09.392 [info] Lock '/home/ubuntu/.vscode-server/data/User/workspaceStorage/8c304ab4dd7fbc57a4dd49165803c052/vscode.lock': Lock acquired.
2024-11-29 08:34:09.653 [info] ExtensionService#_doActivateExtension vscode.git-base, startup: false, activationEvent: '*', root cause: vscode.git
2024-11-29 08:34:09.808 [info] ExtensionService#_doActivateExtension vscode.git, startup: false, activationEvent: '*'
2024-11-29 08:34:09.809 [info] ExtensionService#_doActivateExtension vscode.github, startup: false, activationEvent: '*'
2024-11-29 08:34:10.378 [info] Eager extensions activated
2024-11-29 08:34:10.380 [info] ExtensionService#_doActivateExtension vscode.debug-auto-launch, startup: false, activationEvent: 'onStartupFinished'
2024-11-29 08:34:10.381 [info] ExtensionService#_doActivateExtension vscode.merge-conflict, startup: false, activationEvent: 'onStartupFinished'
2024-11-29 08:34:10.653 [info] ExtensionService#_doActivateExtension vscode.emmet, startup: false, activationEvent: 'onLanguage'
2024-11-29 08:36:50.934 [info] ExtensionService#_doActivateExtension vscode.npm, startup: false, activationEvent: 'onTerminalQuickFixRequest:ms-vscode.npm-command'
2024-11-29 08:36:56.434 [info] ExtensionService#_doActivateExtension vscode.configuration-editing, startup: false, activationEvent: 'onLanguage:json'
2024-11-29 08:36:56.435 [info] ExtensionService#_doActivateExtension vscode.extension-editing, startup: false, activationEvent: 'onLanguage:json'
2024-11-29 08:36:56.436 [info] ExtensionService#_doActivateExtension vscode.json-language-features, startup: false, activationEvent: 'onLanguage:json'
2024-11-29 08:38:44.903 [warning] [Decorations] CAPPING events from decorations provider vscode.git 10000
2024-11-29 08:41:34.025 [warning] [Decorations] CAPPING events from decorations provider vscode.git 10000
2024-11-29 08:41:38.927 [warning] [Decorations] CAPPING events from decorations provider vscode.git 10000
2024-11-29 08:44:17.128 [info] ExtensionService#_doActivateExtension vscode.typescript-language-features, startup: false, activationEvent: 'onLanguage:javascript'
2024-11-29 08:47:11.153 [warning] [Decorations] CAPPING events from decorations provider vscode.git 10006
2024-11-29 08:47:21.239 [warning] [Decorations] CAPPING events from decorations provider vscode.git 10000
2024-11-29 08:47:43.672 [warning] [Decorations] CAPPING events from decorations provider vscode.git 10000
2024-11-29 08:49:46.766 [warning] [Decorations] CAPPING events from decorations provider vscode.git 10000
2024-11-29 08:54:59.840 [warning] [Decorations] CAPPING events from decorations provider vscode.git 10000
