2024-11-27 04:36:24.460 [info] Extension host with pid 296702 started
2024-11-27 04:36:24.477 [info] Lock '/home/ubuntu/.vscode-server/data/User/workspaceStorage/cbc31ea0fba3a2073e4abc697175b5b5/vscode.lock': Lock acquired.
2024-11-27 04:36:24.648 [info] ExtensionService#_doActivateExtension vscode.git-base, startup: false, activationEvent: '*', root cause: vscode.git
2024-11-27 04:36:25.900 [info] ExtensionService#_doActivateExtension vscode.git, startup: false, activationEvent: '*'
2024-11-27 04:36:25.901 [info] ExtensionService#_doActivateExtension vscode.github, startup: false, activationEvent: '*'
2024-11-27 04:36:26.376 [info] Eager extensions activated
2024-11-27 04:36:26.376 [info] ExtensionService#_doActivateExtension vscode.debug-auto-launch, startup: false, activationEvent: 'onStartupFinished'
2024-11-27 04:36:26.377 [info] ExtensionService#_doActivateExtension vscode.merge-conflict, startup: false, activationEvent: 'onStartupFinished'
2024-11-27 04:36:27.485 [info] ExtensionService#_doActivateExtension vscode.emmet, startup: false, activationEvent: 'onLanguage'
2024-11-27 04:36:28.211 [info] ExtensionService#_doActivateExtension vscode.tunnel-forwarding, startup: false, activationEvent: 'onTunnel'
2024-11-27 04:36:51.315 [info] ExtensionService#_doActivateExtension vscode.npm, startup: false, activationEvent: 'onTerminalQuickFixRequest:ms-vscode.npm-command'
2024-11-27 04:36:56.652 [info] ExtensionService#_doActivateExtension vscode.configuration-editing, startup: false, activationEvent: 'onLanguage:json'
2024-11-27 04:36:56.653 [info] ExtensionService#_doActivateExtension vscode.extension-editing, startup: false, activationEvent: 'onLanguage:json'
2024-11-27 04:36:56.653 [info] ExtensionService#_doActivateExtension vscode.json-language-features, startup: false, activationEvent: 'onLanguage:json'
2024-11-27 04:36:59.060 [info] ExtensionService#_doActivateExtension vscode.typescript-language-features, startup: false, activationEvent: 'onLanguage:javascript'
2024-11-27 04:38:48.777 [info] ExtensionService#_doActivateExtension vscode.css-language-features, startup: false, activationEvent: 'onLanguage:css'
2024-11-27 06:44:21.597 [warning] [Decorations] CAPPING events from decorations provider vscode.git 1955
2024-11-27 06:44:26.677 [warning] [Decorations] CAPPING events from decorations provider vscode.git 1955
2024-11-27 06:44:32.352 [warning] [Decorations] CAPPING events from decorations provider vscode.git 1993
2024-11-27 06:44:53.980 [warning] [Decorations] CAPPING events from decorations provider vscode.git 1993
2024-11-27 06:44:59.093 [warning] [Decorations] CAPPING events from decorations provider vscode.git 1993
2024-11-27 06:50:51.100 [warning] [Decorations] CAPPING events from decorations provider vscode.git 1994
2024-11-27 06:51:28.617 [warning] [Decorations] CAPPING events from decorations provider vscode.git 1994
2024-11-27 06:51:33.683 [warning] [Decorations] CAPPING events from decorations provider vscode.git 1994
2024-11-27 07:00:47.396 [warning] [Decorations] CAPPING events from decorations provider vscode.git 1994
2024-11-27 07:01:47.063 [warning] [Decorations] CAPPING events from decorations provider vscode.git 1994
2024-11-27 07:03:37.066 [warning] [Decorations] CAPPING events from decorations provider vscode.git 1995
2024-11-27 07:03:42.170 [warning] [Decorations] CAPPING events from decorations provider vscode.git 1995
2024-11-27 07:04:36.225 [warning] [Decorations] CAPPING events from decorations provider vscode.git 1995
2024-11-27 07:04:51.959 [warning] [Decorations] CAPPING events from decorations provider vscode.git 1995
2024-11-27 07:04:57.910 [warning] [Decorations] CAPPING events from decorations provider vscode.git 1995
2024-11-27 07:05:04.773 [warning] [Decorations] CAPPING events from decorations provider vscode.git 1995
2024-11-27 07:05:26.417 [warning] [Decorations] CAPPING events from decorations provider vscode.git 1995
2024-11-27 07:05:31.607 [warning] [Decorations] CAPPING events from decorations provider vscode.git 1995
2024-11-27 07:05:50.765 [warning] [Decorations] CAPPING events from decorations provider vscode.git 1995
2024-11-27 07:06:24.195 [warning] [Decorations] CAPPING events from decorations provider vscode.git 1994
2024-11-27 07:06:29.355 [warning] [Decorations] CAPPING events from decorations provider vscode.git 1994
2024-11-27 07:06:38.169 [warning] [Decorations] CAPPING events from decorations provider vscode.git 1994
2024-11-27 07:07:46.656 [warning] [Decorations] CAPPING events from decorations provider vscode.git 1994
2024-11-27 07:07:53.606 [warning] [Decorations] CAPPING events from decorations provider vscode.git 1994
2024-11-27 07:08:04.691 [warning] [Decorations] CAPPING events from decorations provider vscode.git 1994
2024-11-27 07:08:12.339 [warning] [Decorations] CAPPING events from decorations provider vscode.git 1994
2024-11-27 07:09:24.281 [warning] [Decorations] CAPPING events from decorations provider vscode.git 1995
2024-11-27 07:09:44.765 [warning] [Decorations] CAPPING events from decorations provider vscode.git 1995
2024-11-27 07:11:42.357 [warning] [Decorations] CAPPING events from decorations provider vscode.git 1995
2024-11-27 07:11:47.408 [warning] [Decorations] CAPPING events from decorations provider vscode.git 1995
2024-11-27 07:12:46.928 [warning] [Decorations] CAPPING events from decorations provider vscode.git 1995
2024-11-27 07:12:54.648 [warning] [Decorations] CAPPING events from decorations provider vscode.git 1995
2024-11-27 07:13:08.432 [warning] [Decorations] CAPPING events from decorations provider vscode.git 1995
2024-11-27 07:13:14.154 [warning] [Decorations] CAPPING events from decorations provider vscode.git 1995
2024-11-27 07:22:27.316 [warning] [Decorations] CAPPING events from decorations provider vscode.git 1997
2024-11-27 07:22:32.407 [warning] [Decorations] CAPPING events from decorations provider vscode.git 1997
2024-11-27 07:25:51.744 [warning] [Decorations] CAPPING events from decorations provider vscode.git 1997
2024-11-27 07:26:17.091 [warning] [Decorations] CAPPING events from decorations provider vscode.git 1997
2024-11-27 07:26:22.202 [warning] [Decorations] CAPPING events from decorations provider vscode.git 1997
2024-11-27 07:26:30.530 [warning] [Decorations] CAPPING events from decorations provider vscode.git 1997
2024-11-27 07:26:35.589 [warning] [Decorations] CAPPING events from decorations provider vscode.git 1997
2024-11-27 07:30:55.501 [warning] [Decorations] CAPPING events from decorations provider vscode.git 1997
2024-11-27 07:31:00.569 [warning] [Decorations] CAPPING events from decorations provider vscode.git 1993
2024-11-27 07:35:21.452 [warning] [Decorations] CAPPING events from decorations provider vscode.git 1994
2024-11-27 07:35:26.918 [warning] [Decorations] CAPPING events from decorations provider vscode.git 1994
2024-11-27 07:35:32.024 [warning] [Decorations] CAPPING events from decorations provider vscode.git 1994
2024-11-27 07:36:38.463 [warning] [Decorations] CAPPING events from decorations provider vscode.git 1994
2024-11-27 07:36:43.597 [warning] [Decorations] CAPPING events from decorations provider vscode.git 1994
2024-11-27 07:36:56.126 [warning] [Decorations] CAPPING events from decorations provider vscode.git 1994
2024-11-27 07:37:01.183 [warning] [Decorations] CAPPING events from decorations provider vscode.git 1994
2024-11-27 07:38:24.948 [warning] [Decorations] CAPPING events from decorations provider vscode.git 1994
2024-11-27 07:38:30.123 [warning] [Decorations] CAPPING events from decorations provider vscode.git 1994
2024-11-27 07:38:45.970 [warning] [Decorations] CAPPING events from decorations provider vscode.git 1994
2024-11-27 07:53:30.276 [warning] [Decorations] CAPPING events from decorations provider vscode.git 1994
2024-11-27 07:53:35.354 [warning] [Decorations] CAPPING events from decorations provider vscode.git 1994
2024-11-27 07:56:29.504 [warning] [Decorations] CAPPING events from decorations provider vscode.git 1994
2024-11-27 07:56:34.566 [warning] [Decorations] CAPPING events from decorations provider vscode.git 1994
2024-11-27 07:56:54.040 [warning] [Decorations] CAPPING events from decorations provider vscode.git 1994
2024-11-27 07:56:59.103 [warning] [Decorations] CAPPING events from decorations provider vscode.git 1994
2024-11-27 07:57:29.848 [warning] [Decorations] CAPPING events from decorations provider vscode.git 1994
2024-11-27 07:57:42.229 [warning] [Decorations] CAPPING events from decorations provider vscode.git 1994
2024-11-27 07:57:47.295 [warning] [Decorations] CAPPING events from decorations provider vscode.git 1994
2024-11-27 07:58:51.845 [warning] [Decorations] CAPPING events from decorations provider vscode.git 1994
2024-11-27 08:00:10.433 [warning] [Decorations] CAPPING events from decorations provider vscode.git 1994
2024-11-27 08:00:44.591 [warning] [Decorations] CAPPING events from decorations provider vscode.git 1994
2024-11-27 08:01:21.682 [warning] [Decorations] CAPPING events from decorations provider vscode.git 1994
2024-11-27 08:01:26.769 [warning] [Decorations] CAPPING events from decorations provider vscode.git 1994
2024-11-27 08:02:12.436 [warning] [Decorations] CAPPING events from decorations provider vscode.git 1994
2024-11-27 08:03:07.504 [warning] [Decorations] CAPPING events from decorations provider vscode.git 1994
2024-11-27 08:03:30.860 [warning] [Decorations] CAPPING events from decorations provider vscode.git 1994
2024-11-27 08:03:36.179 [warning] [Decorations] CAPPING events from decorations provider vscode.git 1994
2024-11-27 08:03:41.269 [warning] [Decorations] CAPPING events from decorations provider vscode.git 1994
2024-11-27 08:03:46.385 [warning] [Decorations] CAPPING events from decorations provider vscode.git 1994
2024-11-27 08:03:51.438 [warning] [Decorations] CAPPING events from decorations provider vscode.git 1994
2024-11-27 08:03:57.522 [warning] [Decorations] CAPPING events from decorations provider vscode.git 1994
2024-11-27 08:04:24.511 [warning] [Decorations] CAPPING events from decorations provider vscode.git 1994
2024-11-27 08:06:22.432 [warning] [Decorations] CAPPING events from decorations provider vscode.git 1994
2024-11-27 08:09:15.347 [warning] [Decorations] CAPPING events from decorations provider vscode.git 1994
2024-11-27 08:17:02.606 [warning] [Decorations] CAPPING events from decorations provider vscode.git 1994
2024-11-27 08:19:57.743 [warning] [Decorations] CAPPING events from decorations provider vscode.git 1994
2024-11-27 08:24:48.486 [warning] [Decorations] CAPPING events from decorations provider vscode.git 1995
2024-11-27 08:24:53.604 [warning] [Decorations] CAPPING events from decorations provider vscode.git 1995
2024-11-27 08:25:07.895 [warning] [Decorations] CAPPING events from decorations provider vscode.git 1995
2024-11-27 08:25:27.285 [warning] [Decorations] CAPPING events from decorations provider vscode.git 1995
2024-11-27 08:29:26.596 [warning] [Decorations] CAPPING events from decorations provider vscode.git 1995
2024-11-27 08:29:32.440 [warning] [Decorations] CAPPING events from decorations provider vscode.git 1995
2024-11-27 08:29:37.640 [warning] [Decorations] CAPPING events from decorations provider vscode.git 1995
2024-11-27 08:29:42.698 [warning] [Decorations] CAPPING events from decorations provider vscode.git 1995
2024-11-27 08:29:54.530 [warning] [Decorations] CAPPING events from decorations provider vscode.git 1995
2024-11-27 08:29:59.848 [warning] [Decorations] CAPPING events from decorations provider vscode.git 1995
2024-11-27 08:30:04.992 [warning] [Decorations] CAPPING events from decorations provider vscode.git 1995
2024-11-27 08:30:12.157 [warning] [Decorations] CAPPING events from decorations provider vscode.git 1995
2024-11-27 08:30:20.957 [warning] [Decorations] CAPPING events from decorations provider vscode.git 1995
2024-11-27 08:30:57.450 [warning] [Decorations] CAPPING events from decorations provider vscode.git 1995
2024-11-27 08:31:03.069 [warning] [Decorations] CAPPING events from decorations provider vscode.git 1995
2024-11-27 08:34:01.246 [warning] [Decorations] CAPPING events from decorations provider vscode.git 1995
2024-11-27 08:34:55.298 [warning] [Decorations] CAPPING events from decorations provider vscode.git 1995
2024-11-27 08:39:08.598 [warning] [Decorations] CAPPING events from decorations provider vscode.git 1995
2024-11-27 08:41:49.875 [warning] [Decorations] CAPPING events from decorations provider vscode.git 1995
2024-11-27 08:41:56.620 [warning] [Decorations] CAPPING events from decorations provider vscode.git 1995
2024-11-27 08:50:48.893 [warning] [Decorations] CAPPING events from decorations provider vscode.git 1995
2024-11-27 08:50:53.958 [warning] [Decorations] CAPPING events from decorations provider vscode.git 1995
2024-11-27 11:08:01.592 [info] Extension host terminating: renderer disconnected for too long (2)
2024-11-27 11:08:01.597 [info] Lock '/home/ubuntu/.vscode-server/data/User/workspaceStorage/cbc31ea0fba3a2073e4abc697175b5b5/vscode.lock': Marking the lockfile as scheduled to be released in 6000 ms.
2024-11-27 11:08:01.922 [error] Canceled: Canceled
	at new tT (file:///home/ubuntu/.vscode-server/cli/servers/Stable-f1a4fb101478ce6ec82fe9627c43efbf9e98c813/server/out/vs/workbench/api/node/extensionHostProcess.js:31:151066)
	at py.U (file:///home/ubuntu/.vscode-server/cli/servers/Stable-f1a4fb101478ce6ec82fe9627c43efbf9e98c813/server/out/vs/workbench/api/node/extensionHostProcess.js:31:155676)
	at s.<computed>.n.charCodeAt.s.<computed> (file:///home/ubuntu/.vscode-server/cli/servers/Stable-f1a4fb101478ce6ec82fe9627c43efbf9e98c813/server/out/vs/workbench/api/node/extensionHostProcess.js:31:153170)
	at Y0.g (file:///home/ubuntu/.vscode-server/cli/servers/Stable-f1a4fb101478ce6ec82fe9627c43efbf9e98c813/server/out/vs/workbench/api/node/extensionHostProcess.js:114:32313)
	at Y0.executeCommand (file:///home/ubuntu/.vscode-server/cli/servers/Stable-f1a4fb101478ce6ec82fe9627c43efbf9e98c813/server/out/vs/workbench/api/node/extensionHostProcess.js:114:31817)
	at r.registerCommand.description (file:///home/ubuntu/.vscode-server/cli/servers/Stable-f1a4fb101478ce6ec82fe9627c43efbf9e98c813/server/out/vs/workbench/api/node/extensionHostProcess.js:114:31147)
	at Y0.h (file:///home/ubuntu/.vscode-server/cli/servers/Stable-f1a4fb101478ce6ec82fe9627c43efbf9e98c813/server/out/vs/workbench/api/node/extensionHostProcess.js:114:32833)
	at Y0.g (file:///home/ubuntu/.vscode-server/cli/servers/Stable-f1a4fb101478ce6ec82fe9627c43efbf9e98c813/server/out/vs/workbench/api/node/extensionHostProcess.js:114:31910)
	at Y0.executeCommand (file:///home/ubuntu/.vscode-server/cli/servers/Stable-f1a4fb101478ce6ec82fe9627c43efbf9e98c813/server/out/vs/workbench/api/node/extensionHostProcess.js:114:31817)
	at Object.executeCommand (file:///home/ubuntu/.vscode-server/cli/servers/Stable-f1a4fb101478ce6ec82fe9627c43efbf9e98c813/server/out/vs/workbench/api/node/extensionHostProcess.js:156:37246)
	at mh.O [as value] (/home/ubuntu/.vscode-server/cli/servers/Stable-f1a4fb101478ce6ec82fe9627c43efbf9e98c813/server/extensions/git/dist/main.js:2:961845)
	at P.B (file:///home/ubuntu/.vscode-server/cli/servers/Stable-f1a4fb101478ce6ec82fe9627c43efbf9e98c813/server/out/vs/workbench/api/node/extensionHostProcess.js:29:746)
	at P.C (file:///home/ubuntu/.vscode-server/cli/servers/Stable-f1a4fb101478ce6ec82fe9627c43efbf9e98c813/server/out/vs/workbench/api/node/extensionHostProcess.js:29:816)
	at P.fire (file:///home/ubuntu/.vscode-server/cli/servers/Stable-f1a4fb101478ce6ec82fe9627c43efbf9e98c813/server/out/vs/workbench/api/node/extensionHostProcess.js:29:1033)
	at Object.p [as dispose] (/home/ubuntu/.vscode-server/cli/servers/Stable-f1a4fb101478ce6ec82fe9627c43efbf9e98c813/server/extensions/git/dist/main.js:2:983333)
	at /home/ubuntu/.vscode-server/cli/servers/Stable-f1a4fb101478ce6ec82fe9627c43efbf9e98c813/server/extensions/git/dist/main.js:2:989455
	at Array.forEach (<anonymous>)
	at b.dispose (/home/ubuntu/.vscode-server/cli/servers/Stable-f1a4fb101478ce6ec82fe9627c43efbf9e98c813/server/extensions/git/dist/main.js:2:989441)
	at V1.<anonymous> (file:///home/ubuntu/.vscode-server/cli/servers/Stable-f1a4fb101478ce6ec82fe9627c43efbf9e98c813/server/out/vs/workbench/api/node/extensionHostProcess.js:108:19994)
	at V1.dispose (file:///home/ubuntu/.vscode-server/cli/servers/Stable-f1a4fb101478ce6ec82fe9627c43efbf9e98c813/server/out/vs/workbench/api/node/extensionHostProcess.js:108:20090)
	at V1.<anonymous> (/home/ubuntu/.vscode-server/cli/servers/Stable-f1a4fb101478ce6ec82fe9627c43efbf9e98c813/server/extensions/git/dist/main.js:2:964255)
	at V1.dispose (file:///home/ubuntu/.vscode-server/cli/servers/Stable-f1a4fb101478ce6ec82fe9627c43efbf9e98c813/server/out/vs/workbench/api/node/extensionHostProcess.js:108:20090)
	at ci (file:///home/ubuntu/.vscode-server/cli/servers/Stable-f1a4fb101478ce6ec82fe9627c43efbf9e98c813/server/out/vs/workbench/api/node/extensionHostProcess.js:24:699)
	at file:///home/ubuntu/.vscode-server/cli/servers/Stable-f1a4fb101478ce6ec82fe9627c43efbf9e98c813/server/out/vs/workbench/api/node/extensionHostProcess.js:118:14992
	at file:///home/ubuntu/.vscode-server/cli/servers/Stable-f1a4fb101478ce6ec82fe9627c43efbf9e98c813/server/out/vs/workbench/api/node/extensionHostProcess.js:24:1009
	at Object.dispose (file:///home/ubuntu/.vscode-server/cli/servers/Stable-f1a4fb101478ce6ec82fe9627c43efbf9e98c813/server/out/vs/workbench/api/node/extensionHostProcess.js:7:2146)
	at _z.eb (file:///home/ubuntu/.vscode-server/cli/servers/Stable-f1a4fb101478ce6ec82fe9627c43efbf9e98c813/server/out/vs/workbench/api/node/extensionHostProcess.js:118:11919)
	at file:///home/ubuntu/.vscode-server/cli/servers/Stable-f1a4fb101478ce6ec82fe9627c43efbf9e98c813/server/out/vs/workbench/api/node/extensionHostProcess.js:118:9874
	at Array.map (<anonymous>)
	at _z.$ (file:///home/ubuntu/.vscode-server/cli/servers/Stable-f1a4fb101478ce6ec82fe9627c43efbf9e98c813/server/out/vs/workbench/api/node/extensionHostProcess.js:118:9862)
	at _z.terminate (file:///home/ubuntu/.vscode-server/cli/servers/Stable-f1a4fb101478ce6ec82fe9627c43efbf9e98c813/server/out/vs/workbench/api/node/extensionHostProcess.js:118:10105)
	at xC.terminate (file:///home/ubuntu/.vscode-server/cli/servers/Stable-f1a4fb101478ce6ec82fe9627c43efbf9e98c813/server/out/vs/workbench/api/node/extensionHostProcess.js:119:1424)
	at Zi (file:///home/ubuntu/.vscode-server/cli/servers/Stable-f1a4fb101478ce6ec82fe9627c43efbf9e98c813/server/out/vs/workbench/api/node/extensionHostProcess.js:174:15084)
	at c5.a (file:///home/ubuntu/.vscode-server/cli/servers/Stable-f1a4fb101478ce6ec82fe9627c43efbf9e98c813/server/out/vs/workbench/api/node/extensionHostProcess.js:174:11997)
	at c5.h (file:///home/ubuntu/.vscode-server/cli/servers/Stable-f1a4fb101478ce6ec82fe9627c43efbf9e98c813/server/out/vs/workbench/api/node/extensionHostProcess.js:30:75682)
	at listOnTimeout (node:internal/timers:581:17)
	at process.processTimers (node:internal/timers:519:7) setContext undefined
2024-11-27 11:08:01.938 [error] Canceled: Canceled
	at new tT (file:///home/ubuntu/.vscode-server/cli/servers/Stable-f1a4fb101478ce6ec82fe9627c43efbf9e98c813/server/out/vs/workbench/api/node/extensionHostProcess.js:31:151066)
	at py.U (file:///home/ubuntu/.vscode-server/cli/servers/Stable-f1a4fb101478ce6ec82fe9627c43efbf9e98c813/server/out/vs/workbench/api/node/extensionHostProcess.js:31:155676)
	at s.<computed>.n.charCodeAt.s.<computed> (file:///home/ubuntu/.vscode-server/cli/servers/Stable-f1a4fb101478ce6ec82fe9627c43efbf9e98c813/server/out/vs/workbench/api/node/extensionHostProcess.js:31:153170)
	at Y0.g (file:///home/ubuntu/.vscode-server/cli/servers/Stable-f1a4fb101478ce6ec82fe9627c43efbf9e98c813/server/out/vs/workbench/api/node/extensionHostProcess.js:114:32313)
	at Y0.executeCommand (file:///home/ubuntu/.vscode-server/cli/servers/Stable-f1a4fb101478ce6ec82fe9627c43efbf9e98c813/server/out/vs/workbench/api/node/extensionHostProcess.js:114:31817)
	at r.registerCommand.description (file:///home/ubuntu/.vscode-server/cli/servers/Stable-f1a4fb101478ce6ec82fe9627c43efbf9e98c813/server/out/vs/workbench/api/node/extensionHostProcess.js:114:31147)
	at Y0.h (file:///home/ubuntu/.vscode-server/cli/servers/Stable-f1a4fb101478ce6ec82fe9627c43efbf9e98c813/server/out/vs/workbench/api/node/extensionHostProcess.js:114:32833)
	at Y0.g (file:///home/ubuntu/.vscode-server/cli/servers/Stable-f1a4fb101478ce6ec82fe9627c43efbf9e98c813/server/out/vs/workbench/api/node/extensionHostProcess.js:114:31910)
	at Y0.executeCommand (file:///home/ubuntu/.vscode-server/cli/servers/Stable-f1a4fb101478ce6ec82fe9627c43efbf9e98c813/server/out/vs/workbench/api/node/extensionHostProcess.js:114:31817)
	at Object.executeCommand (file:///home/ubuntu/.vscode-server/cli/servers/Stable-f1a4fb101478ce6ec82fe9627c43efbf9e98c813/server/out/vs/workbench/api/node/extensionHostProcess.js:156:37246)
	at set hasGitHubRepositories [as hasGitHubRepositories] (/home/ubuntu/.vscode-server/cli/servers/Stable-f1a4fb101478ce6ec82fe9627c43efbf9e98c813/server/extensions/github/dist/extension.js:2:328633)
	at /home/ubuntu/.vscode-server/cli/servers/Stable-f1a4fb101478ce6ec82fe9627c43efbf9e98c813/server/extensions/github/dist/extension.js:2:329592
	at mh.value (/home/ubuntu/.vscode-server/cli/servers/Stable-f1a4fb101478ce6ec82fe9627c43efbf9e98c813/server/extensions/git/dist/main.js:2:1073936)
	at P.B (file:///home/ubuntu/.vscode-server/cli/servers/Stable-f1a4fb101478ce6ec82fe9627c43efbf9e98c813/server/out/vs/workbench/api/node/extensionHostProcess.js:29:746)
	at P.C (file:///home/ubuntu/.vscode-server/cli/servers/Stable-f1a4fb101478ce6ec82fe9627c43efbf9e98c813/server/out/vs/workbench/api/node/extensionHostProcess.js:29:816)
	at P.fire (file:///home/ubuntu/.vscode-server/cli/servers/Stable-f1a4fb101478ce6ec82fe9627c43efbf9e98c813/server/out/vs/workbench/api/node/extensionHostProcess.js:29:1033)
	at Object.p [as dispose] (/home/ubuntu/.vscode-server/cli/servers/Stable-f1a4fb101478ce6ec82fe9627c43efbf9e98c813/server/extensions/git/dist/main.js:2:983333)
	at /home/ubuntu/.vscode-server/cli/servers/Stable-f1a4fb101478ce6ec82fe9627c43efbf9e98c813/server/extensions/git/dist/main.js:2:989455
	at Array.forEach (<anonymous>)
	at b.dispose (/home/ubuntu/.vscode-server/cli/servers/Stable-f1a4fb101478ce6ec82fe9627c43efbf9e98c813/server/extensions/git/dist/main.js:2:989441)
	at V1.<anonymous> (file:///home/ubuntu/.vscode-server/cli/servers/Stable-f1a4fb101478ce6ec82fe9627c43efbf9e98c813/server/out/vs/workbench/api/node/extensionHostProcess.js:108:19994)
	at V1.dispose (file:///home/ubuntu/.vscode-server/cli/servers/Stable-f1a4fb101478ce6ec82fe9627c43efbf9e98c813/server/out/vs/workbench/api/node/extensionHostProcess.js:108:20090)
	at V1.<anonymous> (/home/ubuntu/.vscode-server/cli/servers/Stable-f1a4fb101478ce6ec82fe9627c43efbf9e98c813/server/extensions/git/dist/main.js:2:964255)
	at V1.dispose (file:///home/ubuntu/.vscode-server/cli/servers/Stable-f1a4fb101478ce6ec82fe9627c43efbf9e98c813/server/out/vs/workbench/api/node/extensionHostProcess.js:108:20090)
	at ci (file:///home/ubuntu/.vscode-server/cli/servers/Stable-f1a4fb101478ce6ec82fe9627c43efbf9e98c813/server/out/vs/workbench/api/node/extensionHostProcess.js:24:699)
	at file:///home/ubuntu/.vscode-server/cli/servers/Stable-f1a4fb101478ce6ec82fe9627c43efbf9e98c813/server/out/vs/workbench/api/node/extensionHostProcess.js:118:14992
	at file:///home/ubuntu/.vscode-server/cli/servers/Stable-f1a4fb101478ce6ec82fe9627c43efbf9e98c813/server/out/vs/workbench/api/node/extensionHostProcess.js:24:1009
	at Object.dispose (file:///home/ubuntu/.vscode-server/cli/servers/Stable-f1a4fb101478ce6ec82fe9627c43efbf9e98c813/server/out/vs/workbench/api/node/extensionHostProcess.js:7:2146)
	at _z.eb (file:///home/ubuntu/.vscode-server/cli/servers/Stable-f1a4fb101478ce6ec82fe9627c43efbf9e98c813/server/out/vs/workbench/api/node/extensionHostProcess.js:118:11919)
	at file:///home/ubuntu/.vscode-server/cli/servers/Stable-f1a4fb101478ce6ec82fe9627c43efbf9e98c813/server/out/vs/workbench/api/node/extensionHostProcess.js:118:9874
	at Array.map (<anonymous>)
	at _z.$ (file:///home/ubuntu/.vscode-server/cli/servers/Stable-f1a4fb101478ce6ec82fe9627c43efbf9e98c813/server/out/vs/workbench/api/node/extensionHostProcess.js:118:9862)
	at _z.terminate (file:///home/ubuntu/.vscode-server/cli/servers/Stable-f1a4fb101478ce6ec82fe9627c43efbf9e98c813/server/out/vs/workbench/api/node/extensionHostProcess.js:118:10105)
	at xC.terminate (file:///home/ubuntu/.vscode-server/cli/servers/Stable-f1a4fb101478ce6ec82fe9627c43efbf9e98c813/server/out/vs/workbench/api/node/extensionHostProcess.js:119:1424)
	at Zi (file:///home/ubuntu/.vscode-server/cli/servers/Stable-f1a4fb101478ce6ec82fe9627c43efbf9e98c813/server/out/vs/workbench/api/node/extensionHostProcess.js:174:15084)
	at c5.a (file:///home/ubuntu/.vscode-server/cli/servers/Stable-f1a4fb101478ce6ec82fe9627c43efbf9e98c813/server/out/vs/workbench/api/node/extensionHostProcess.js:174:11997)
	at c5.h (file:///home/ubuntu/.vscode-server/cli/servers/Stable-f1a4fb101478ce6ec82fe9627c43efbf9e98c813/server/out/vs/workbench/api/node/extensionHostProcess.js:30:75682)
	at listOnTimeout (node:internal/timers:581:17)
	at process.processTimers (node:internal/timers:519:7) setContext undefined
2024-11-27 11:08:01.955 [info] Extension host with pid 296702 exiting with code 0
