2024-11-27 01:58:12.377 [info] [main] 로그 수준: Info
2024-11-27 01:58:12.377 [info] [main] "git"에서 찾은 git 유효성을 검사하는 중
2024-11-27 01:58:12.377 [info] [main] "2.43.0"에서 git "git"을(를) 사용하는 중
2024-11-27 01:58:12.377 [info] [Model][doInitialScan] Initial repository scan started
2024-11-27 01:58:12.377 [info] > git rev-parse --show-toplevel [10ms]
2024-11-27 01:58:12.377 [info] fatal: not a git repository (or any of the parent directories): .git
2024-11-27 01:58:12.377 [info] [Model][doInitialScan] Initial repository scan completed - repositories (0), closed repositories (0), parent repositories (0), unsafe repositories (0)
2024-11-27 01:58:22.531 [info] > git rev-parse --show-toplevel [6ms]
2024-11-27 01:58:22.531 [info] fatal: not a git repository (or any of the parent directories): .git
2024-11-27 01:58:34.546 [info] > git rev-parse --show-toplevel [5ms]
2024-11-27 01:58:34.553 [info] > git rev-parse --git-dir --git-common-dir [2ms]
2024-11-27 01:58:34.571 [info] [Model][openRepository] Opened repository: /home/ubuntu/test/AGORA
2024-11-27 01:58:34.601 [info] > git config --get commit.template [13ms]
2024-11-27 01:58:34.603 [info] > git rev-parse --show-toplevel [7ms]
2024-11-27 01:58:34.624 [info] > git for-each-ref --format=%(refname)%00%(upstream:short)%00%(objectname)%00%(upstream:track)%00%(upstream:remotename)%00%(upstream:remoteref) refs/heads/main refs/remotes/main [7ms]
2024-11-27 01:58:34.632 [warning] [Git][revParse] Unable to read file: ENOENT: no such file or directory, open '/home/ubuntu/test/AGORA/.git/refs/remotes/origin/main'
2024-11-27 01:58:34.639 [info] > git rev-parse refs/remotes/origin/main [7ms]
2024-11-27 01:58:34.681 [info] > git for-each-ref --sort -committerdate --format %(refname) %(objectname) %(*objectname) [9ms]
2024-11-27 01:58:35.087 [info] > git status -z -uall [438ms]
2024-11-27 01:58:35.116 [info] > git for-each-ref --format=%(refname)%00%(upstream:short)%00%(objectname)%00%(upstream:track)%00%(upstream:remotename)%00%(upstream:remoteref) refs/heads/main refs/remotes/main [10ms]
2024-11-27 01:58:35.138 [info] > git check-ignore -v -z --stdin [3ms]
2024-11-27 01:58:35.141 [info] > git config --local branch.main.vscode-merge-base [15ms]
2024-11-27 01:58:35.141 [warning] [Git][config] git config failed: Failed to execute git
2024-11-27 01:58:35.153 [info] > git config --get commit.template [35ms]
2024-11-27 01:58:35.159 [info] > git reflog main --grep-reflog=branch: Created from *. [10ms]
2024-11-27 01:58:35.164 [info] > git for-each-ref --format=%(refname)%00%(upstream:short)%00%(objectname)%00%(upstream:track)%00%(upstream:remotename)%00%(upstream:remoteref) refs/heads/main refs/remotes/main [7ms]
2024-11-27 01:58:35.169 [warning] [Git][revParse] Unable to read file: ENOENT: no such file or directory, open '/home/ubuntu/test/AGORA/.git/refs/remotes/origin/main'
2024-11-27 01:58:35.170 [info] > git symbolic-ref --short refs/remotes/origin/HEAD [7ms]
2024-11-27 01:58:35.176 [info] > git rev-parse refs/remotes/origin/main [7ms]
2024-11-27 01:58:35.198 [info] > git for-each-ref --format=%(refname)%00%(upstream:short)%00%(objectname)%00%(upstream:track)%00%(upstream:remotename)%00%(upstream:remoteref) refs/heads/origin/main refs/remotes/origin/main [25ms]
2024-11-27 01:58:35.213 [info] > git for-each-ref --sort -committerdate --format %(refname) %(objectname) %(*objectname) [24ms]
2024-11-27 01:58:35.216 [info] > git config --local branch.main.vscode-merge-base origin/main [6ms]
2024-11-27 01:58:35.233 [info] > git status -z -uall [51ms] (cancelled)
2024-11-27 01:58:35.320 [info] > git config --get commit.template [91ms]
2024-11-27 01:58:35.320 [info] > git for-each-ref --format=%(refname)%00%(upstream:short)%00%(objectname)%00%(upstream:track)%00%(upstream:remotename)%00%(upstream:remoteref) refs/heads/main refs/remotes/main [100ms]
2024-11-27 01:58:35.363 [info] > git config --local branch.main.vscode-merge-base [28ms]
2024-11-27 01:58:35.377 [info] > git for-each-ref --format=%(refname)%00%(upstream:short)%00%(objectname)%00%(upstream:track)%00%(upstream:remotename)%00%(upstream:remoteref) refs/heads/main refs/remotes/main [21ms]
2024-11-27 01:58:35.385 [info] > git for-each-ref --format=%(refname)%00%(upstream:short)%00%(objectname)%00%(upstream:track)%00%(upstream:remotename)%00%(upstream:remoteref) refs/heads/origin/main refs/remotes/origin/main [15ms]
2024-11-27 01:58:35.410 [warning] [Git][revParse] Unable to read file: ENOENT: no such file or directory, open '/home/ubuntu/test/AGORA/.git/refs/remotes/origin/main'
2024-11-27 01:58:35.413 [info] > git merge-base refs/heads/main refs/remotes/origin/main [24ms]
2024-11-27 01:58:35.419 [info] > git rev-parse refs/remotes/origin/main [9ms]
2024-11-27 01:58:35.431 [info] > git diff --name-status -z --diff-filter=ADMR cd00b8a013916e6d77cfedc63f80b3456f784873...refs/remotes/origin/main [13ms]
2024-11-27 01:58:35.434 [info] > git for-each-ref --sort -committerdate --format %(refname) %(objectname) %(*objectname) [4ms]
2024-11-27 01:58:35.791 [info] > git status -z -uall [368ms]
2024-11-27 01:58:51.927 [info] > git check-ignore -v -z --stdin [2ms]
2024-11-27 01:58:53.383 [info] > git check-ignore -v -z --stdin [3ms]
2024-11-27 01:58:54.126 [info] > git show --textconv :산출물/README.md [13ms]
2024-11-27 01:58:54.132 [info] > git ls-files --stage -- /home/ubuntu/test/AGORA/산출물/README.md [8ms]
2024-11-27 01:58:54.145 [info] > git cat-file -s 247f7bc39802be39c9d1feecf5a4176410c3e466 [2ms]
2024-11-27 01:59:06.773 [info] > git check-ignore -v -z --stdin [3ms]
2024-11-27 01:59:08.946 [info] > git check-ignore -v -z --stdin [8ms]
2024-11-27 01:59:13.188 [info] > git show --textconv :client/.env.production [8ms]
2024-11-27 01:59:13.197 [info] > git ls-files --stage -- /home/ubuntu/test/AGORA/client/.env.production [5ms]
2024-11-27 01:59:13.238 [info] > git cat-file -s 1929e064de24b4949c4758e4f237f1a1616432d3 [18ms]
2024-11-27 01:59:40.780 [info] > git config --get commit.template [13ms]
2024-11-27 01:59:40.781 [info] > git for-each-ref --format=%(refname)%00%(upstream:short)%00%(objectname)%00%(upstream:track)%00%(upstream:remotename)%00%(upstream:remoteref) refs/heads/main refs/remotes/main [4ms]
2024-11-27 01:59:40.788 [warning] [Git][revParse] Unable to read file: ENOENT: no such file or directory, open '/home/ubuntu/test/AGORA/.git/refs/remotes/origin/main'
2024-11-27 01:59:40.792 [info] > git rev-parse refs/remotes/origin/main [5ms]
2024-11-27 01:59:40.839 [info] > git for-each-ref --sort -committerdate --format %(refname) %(objectname) %(*objectname) [14ms]
2024-11-27 01:59:41.302 [info] > git status -z -uall [500ms]
2024-11-27 01:59:41.881 [info] > git check-ignore -v -z --stdin [3ms]
2024-11-27 01:59:43.238 [info] > git check-ignore -v -z --stdin [3ms]
2024-11-27 01:59:44.836 [info] > git show --textconv :client/src/api/axios.js [79ms]
2024-11-27 01:59:44.845 [info] > git ls-files --stage -- /home/ubuntu/test/AGORA/client/src/api/axios.js [69ms]
2024-11-27 01:59:44.873 [info] > git cat-file -s 0f27c370e89e5049b50739ea8d7da98b81a59b11 [7ms]
2024-11-27 01:59:48.262 [info] > git check-ignore -v -z --stdin [2ms]
2024-11-27 01:59:49.246 [info] > git check-ignore -v -z --stdin [8ms]
2024-11-27 01:59:53.960 [info] > git check-ignore -v -z --stdin [2ms]
2024-11-27 01:59:54.760 [info] > git check-ignore -v -z --stdin [2ms]
2024-11-27 01:59:55.488 [info] > git check-ignore -v -z --stdin [5ms]
2024-11-27 01:59:58.072 [info] > git show --textconv :client/src/App.js [8ms]
2024-11-27 01:59:58.075 [info] > git ls-files --stage -- /home/ubuntu/test/AGORA/client/src/App.js [3ms]
2024-11-27 01:59:58.082 [info] > git cat-file -s d9b1610e991d694583e4a367afcbfbf7409bd4b5 [1ms]
2024-11-27 01:59:59.038 [info] > git show --textconv :client/src/index.js [12ms]
2024-11-27 01:59:59.045 [info] > git ls-files --stage -- /home/ubuntu/test/AGORA/client/src/index.js [8ms]
2024-11-27 01:59:59.059 [info] > git cat-file -s c55cf4151e95e8cab6bcb3d2593aa484c774d0a3 [5ms]
2024-11-27 02:00:04.340 [info] > git show --textconv :client/src/GlobalStyle.js [23ms]
2024-11-27 02:00:04.346 [info] > git ls-files --stage -- /home/ubuntu/test/AGORA/client/src/GlobalStyle.js [18ms]
2024-11-27 02:00:04.376 [info] > git cat-file -s 34ae442c2286e5a2a7af0f2e0d81f43d0468ab73 [9ms]
2024-11-27 02:00:07.698 [info] > git show --textconv :client/src/App.js [6ms]
2024-11-27 02:00:07.700 [info] > git ls-files --stage -- /home/ubuntu/test/AGORA/client/src/App.js [2ms]
2024-11-27 02:00:07.706 [info] > git cat-file -s d9b1610e991d694583e4a367afcbfbf7409bd4b5 [2ms]
2024-11-27 02:00:29.653 [info] > git show --textconv :README.md [5ms]
2024-11-27 02:00:29.655 [info] > git ls-files --stage -- /home/ubuntu/test/AGORA/README.md [1ms]
2024-11-27 02:00:29.660 [info] > git cat-file -s fe71945149370c0f1c3b7aafd4b902b6d30a0146 [2ms]
2024-11-27 02:05:44.606 [info] > git show --textconv :docs/sequence_diagram/reamde.md [6ms]
2024-11-27 02:05:44.607 [info] > git ls-files --stage -- /home/ubuntu/test/AGORA/docs/sequence_diagram/reamde.md [2ms]
2024-11-27 02:05:44.612 [info] > git cat-file -s 8bb455d37a2f59fbccf1503f0ec70fed4dd49752 [2ms]
2024-11-27 02:05:45.074 [info] > git check-ignore -v -z --stdin [1ms]
2024-11-27 02:07:17.654 [info] > git check-ignore -v -z --stdin [4ms]
2024-11-27 02:07:19.025 [info] > git show --textconv :client/src/utils/customAxios.js [10ms]
2024-11-27 02:07:19.037 [info] > git ls-files --stage -- /home/ubuntu/test/AGORA/client/src/utils/customAxios.js [13ms]
2024-11-27 02:07:19.043 [info] > git cat-file -s 0700f8e254e16c9ca66b3badc4cf589ba0be8076 [2ms]
2024-11-27 02:07:26.803 [info] > git check-ignore -v -z --stdin [1ms]
2024-11-27 02:07:27.407 [info] > git show --textconv :client/src/utils/hooks/useUserInfo.js [5ms]
2024-11-27 02:07:27.409 [info] > git ls-files --stage -- /home/ubuntu/test/AGORA/client/src/utils/hooks/useUserInfo.js [2ms]
2024-11-27 02:07:27.414 [info] > git cat-file -s d3da7e38b5c7b145a503925bf7874b42588c5d37 [0ms]
2024-11-27 02:07:37.094 [info] > git show --textconv :client/src/utils/hooks/useDebateList.js [6ms]
2024-11-27 02:07:37.095 [info] > git ls-files --stage -- /home/ubuntu/test/AGORA/client/src/utils/hooks/useDebateList.js [2ms]
2024-11-27 02:07:37.100 [info] > git cat-file -s d8bf91f71427cef617109c91f04583729a376f48 [2ms]
2024-11-27 02:07:59.915 [info] > git check-ignore -v -z --stdin [3ms]
2024-11-27 02:08:00.450 [info] > git show --textconv :client/nginx/nginx.conf [7ms]
2024-11-27 02:08:00.451 [info] > git ls-files --stage -- /home/ubuntu/test/AGORA/client/nginx/nginx.conf [2ms]
2024-11-27 02:08:00.456 [info] > git cat-file -s be3de8845e9bb88bd0c7b9322d8c20927c5fb519 [1ms]
2024-11-27 02:08:22.852 [info] > git check-ignore -v -z --stdin [2ms]
2024-11-27 02:08:29.133 [info] > git ls-files --stage -- /home/ubuntu/test/AGORA/exec/포팅 메뉴얼v.2.pdf [2ms]
2024-11-27 02:08:29.140 [info] > git show --textconv :exec/포팅 메뉴얼v.2.pdf [22ms]
2024-11-27 02:08:29.140 [info] > git cat-file -s 2daeeb017ebfa800462c7fe3a56b9e6b982829c4 [3ms]
2024-11-27 02:08:30.833 [info] > git show --textconv :exec/시연 시나리오.md [6ms]
2024-11-27 02:08:30.834 [info] > git ls-files --stage -- /home/ubuntu/test/AGORA/exec/시연 시나리오.md [2ms]
2024-11-27 02:08:30.840 [info] > git cat-file -s cb0c4dc4bdf9434c6b3010fe39fa4b0f6bb3a003 [3ms]
2024-11-27 02:08:33.700 [info] > git check-ignore -v -z --stdin [3ms]
2024-11-27 02:08:35.284 [info] > git check-ignore -v -z --stdin [2ms]
2024-11-27 02:08:36.615 [info] > git show --textconv :exec/database/ddl.sql [10ms]
2024-11-27 02:08:36.620 [info] > git ls-files --stage -- /home/ubuntu/test/AGORA/exec/database/ddl.sql [5ms]
2024-11-27 02:08:36.627 [info] > git cat-file -s 10aeeb9911a2e4431147318fc8503d573327ef9d [3ms]
2024-11-27 02:08:39.901 [info] > git show --textconv :exec/database/insert.sql [6ms]
2024-11-27 02:08:39.903 [info] > git ls-files --stage -- /home/ubuntu/test/AGORA/exec/database/insert.sql [2ms]
2024-11-27 02:08:39.909 [info] > git cat-file -s 9c625944a1ca96d6513e5d5fe5e38970bb49886a [2ms]
2024-11-27 02:08:41.507 [info] > git show --textconv :exec/database/ddl.sql [6ms]
2024-11-27 02:08:41.509 [info] > git ls-files --stage -- /home/ubuntu/test/AGORA/exec/database/ddl.sql [2ms]
2024-11-27 02:08:41.517 [info] > git cat-file -s 10aeeb9911a2e4431147318fc8503d573327ef9d [3ms]
2024-11-27 02:08:58.889 [info] > git show --textconv :client/Dockerfile [12ms]
2024-11-27 02:08:58.893 [info] > git ls-files --stage -- /home/ubuntu/test/AGORA/client/Dockerfile [8ms]
2024-11-27 02:08:58.904 [info] > git cat-file -s c04870b246cec77a61156f4add5c1a272cb79060 [5ms]
2024-11-27 02:09:01.645 [info] > git show --textconv :client/package.json [22ms]
2024-11-27 02:09:01.651 [info] > git ls-files --stage -- /home/ubuntu/test/AGORA/client/package.json [14ms]
2024-11-27 02:09:01.660 [info] > git cat-file -s 29aa1cc1b7f43a4bd2d58b31ba0b4d4cae897d17 [2ms]
2024-11-27 02:09:47.640 [info] > git check-ignore -v -z --stdin [8ms]
2024-11-27 02:09:48.235 [info] > git config --get commit.template [45ms]
2024-11-27 02:09:48.265 [info] > git for-each-ref --format=%(refname)%00%(upstream:short)%00%(objectname)%00%(upstream:track)%00%(upstream:remotename)%00%(upstream:remoteref) refs/heads/main refs/remotes/main [32ms]
2024-11-27 02:09:48.301 [warning] [Git][revParse] Unable to read file: ENOENT: no such file or directory, open '/home/ubuntu/test/AGORA/.git/refs/remotes/origin/main'
2024-11-27 02:09:48.314 [info] > git rev-parse refs/remotes/origin/main [12ms]
2024-11-27 02:09:48.377 [info] > git for-each-ref --sort -committerdate --format %(refname) %(objectname) %(*objectname) [12ms]
2024-11-27 02:09:49.672 [info] > git status -z -uall [1338ms]
2024-11-27 02:10:53.093 [info] > git show --textconv :client/Dockerfile [23ms]
2024-11-27 02:10:53.101 [info] > git ls-files --stage -- /home/ubuntu/test/AGORA/client/Dockerfile [7ms]
2024-11-27 02:10:53.127 [info] > git cat-file -s c04870b246cec77a61156f4add5c1a272cb79060 [8ms]
2024-11-27 02:11:01.534 [info] > git config --get commit.template [10ms]
2024-11-27 02:11:01.536 [info] > git for-each-ref --format=%(refname)%00%(upstream:short)%00%(objectname)%00%(upstream:track)%00%(upstream:remotename)%00%(upstream:remoteref) refs/heads/main refs/remotes/main [5ms]
2024-11-27 02:11:01.554 [warning] [Git][revParse] Unable to read file: ENOENT: no such file or directory, open '/home/ubuntu/test/AGORA/.git/refs/remotes/origin/main'
2024-11-27 02:11:01.557 [info] > git rev-parse refs/remotes/origin/main [3ms]
2024-11-27 02:11:01.591 [info] > git for-each-ref --sort -committerdate --format %(refname) %(objectname) %(*objectname) [9ms]
2024-11-27 02:11:02.460 [info] > git status -z -uall [895ms]
2024-11-27 02:11:07.490 [info] > git config --get commit.template [10ms]
2024-11-27 02:11:07.491 [info] > git for-each-ref --format=%(refname)%00%(upstream:short)%00%(objectname)%00%(upstream:track)%00%(upstream:remotename)%00%(upstream:remoteref) refs/heads/main refs/remotes/main [4ms]
2024-11-27 02:11:07.498 [warning] [Git][revParse] Unable to read file: ENOENT: no such file or directory, open '/home/ubuntu/test/AGORA/.git/refs/remotes/origin/main'
2024-11-27 02:11:07.500 [info] > git rev-parse refs/remotes/origin/main [2ms]
2024-11-27 02:11:07.528 [info] > git for-each-ref --sort -committerdate --format %(refname) %(objectname) %(*objectname) [10ms]
2024-11-27 02:11:08.071 [info] > git status -z -uall [565ms]
2024-11-27 02:11:13.095 [info] > git show --textconv :client/.env.production [6ms]
2024-11-27 02:11:13.096 [info] > git ls-files --stage -- /home/ubuntu/test/AGORA/client/.env.production [2ms]
2024-11-27 02:11:13.103 [info] > git cat-file -s 1929e064de24b4949c4758e4f237f1a1616432d3 [2ms]
2024-11-27 02:11:17.368 [info] > git show --textconv :client/Dockerfile [13ms]
2024-11-27 02:11:17.371 [info] > git ls-files --stage -- /home/ubuntu/test/AGORA/client/Dockerfile [4ms]
2024-11-27 02:11:17.379 [info] > git cat-file -s c04870b246cec77a61156f4add5c1a272cb79060 [2ms]
2024-11-27 02:11:22.596 [info] > git show --textconv :client/.env.production [6ms]
2024-11-27 02:11:22.598 [info] > git ls-files --stage -- /home/ubuntu/test/AGORA/client/.env.production [3ms]
2024-11-27 02:11:22.605 [info] > git cat-file -s 1929e064de24b4949c4758e4f237f1a1616432d3 [2ms]
2024-11-27 02:11:25.070 [info] > git config --get commit.template [7ms]
2024-11-27 02:11:25.072 [info] > git for-each-ref --format=%(refname)%00%(upstream:short)%00%(objectname)%00%(upstream:track)%00%(upstream:remotename)%00%(upstream:remoteref) refs/heads/main refs/remotes/main [3ms]
2024-11-27 02:11:25.079 [warning] [Git][revParse] Unable to read file: ENOENT: no such file or directory, open '/home/ubuntu/test/AGORA/.git/refs/remotes/origin/main'
2024-11-27 02:11:25.079 [info] > git rev-parse refs/remotes/origin/main [0ms]
2024-11-27 02:11:25.101 [info] > git for-each-ref --sort -committerdate --format %(refname) %(objectname) %(*objectname) [4ms]
2024-11-27 02:11:25.458 [info] > git status -z -uall [372ms]
2024-11-27 02:11:30.477 [info] > git config --get commit.template [6ms]
2024-11-27 02:11:30.478 [info] > git for-each-ref --format=%(refname)%00%(upstream:short)%00%(objectname)%00%(upstream:track)%00%(upstream:remotename)%00%(upstream:remoteref) refs/heads/main refs/remotes/main [2ms]
2024-11-27 02:11:30.483 [warning] [Git][revParse] Unable to read file: ENOENT: no such file or directory, open '/home/ubuntu/test/AGORA/.git/refs/remotes/origin/main'
2024-11-27 02:11:30.484 [info] > git rev-parse refs/remotes/origin/main [2ms]
2024-11-27 02:11:30.504 [info] > git for-each-ref --sort -committerdate --format %(refname) %(objectname) %(*objectname) [6ms]
2024-11-27 02:11:30.877 [info] > git status -z -uall [388ms]
2024-11-27 02:13:51.729 [info] > git config --get commit.template [5ms]
2024-11-27 02:13:51.731 [info] > git for-each-ref --format=%(refname)%00%(upstream:short)%00%(objectname)%00%(upstream:track)%00%(upstream:remotename)%00%(upstream:remoteref) refs/heads/main refs/remotes/main [4ms]
2024-11-27 02:13:51.739 [warning] [Git][revParse] Unable to read file: ENOENT: no such file or directory, open '/home/ubuntu/test/AGORA/.git/refs/remotes/origin/main'
2024-11-27 02:13:51.742 [info] > git rev-parse refs/remotes/origin/main [3ms]
2024-11-27 02:13:51.770 [info] > git for-each-ref --sort -committerdate --format %(refname) %(objectname) %(*objectname) [6ms]
2024-11-27 02:13:52.181 [info] > git status -z -uall [433ms]
2024-11-27 02:13:55.169 [info] > git check-ignore -v -z --stdin [3ms]
2024-11-27 02:13:57.203 [info] > git config --get commit.template [8ms]
2024-11-27 02:13:57.206 [info] > git for-each-ref --format=%(refname)%00%(upstream:short)%00%(objectname)%00%(upstream:track)%00%(upstream:remotename)%00%(upstream:remoteref) refs/heads/main refs/remotes/main [5ms]
2024-11-27 02:13:57.218 [warning] [Git][revParse] Unable to read file: ENOENT: no such file or directory, open '/home/ubuntu/test/AGORA/.git/refs/remotes/origin/main'
2024-11-27 02:13:57.219 [info] > git rev-parse refs/remotes/origin/main [4ms]
2024-11-27 02:13:57.249 [info] > git for-each-ref --sort -committerdate --format %(refname) %(objectname) %(*objectname) [4ms]
2024-11-27 02:13:57.668 [info] > git status -z -uall [442ms]
2024-11-27 02:14:07.873 [info] > git check-ignore -v -z --stdin [2ms]
2024-11-27 02:14:10.027 [info] > git show --textconv :client/src/pages/main/Login.js [54ms]
2024-11-27 02:14:10.045 [info] > git ls-files --stage -- /home/ubuntu/test/AGORA/client/src/pages/main/Login.js [47ms]
2024-11-27 02:14:10.083 [info] > git cat-file -s 144cc9eb51822886832a05bab3d54e0c383da1da [6ms]
2024-11-27 02:14:10.215 [info] > git check-ignore -v -z --stdin [6ms]
2024-11-27 02:14:23.523 [info] > git show --textconv :client/src/components/login/GoogleBtn.js [32ms]
2024-11-27 02:14:23.529 [info] > git ls-files --stage -- /home/ubuntu/test/AGORA/client/src/components/login/GoogleBtn.js [18ms]
2024-11-27 02:14:23.564 [info] > git cat-file -s 5c789cf9c5a8b31e842558da9d0a4c0689e7404c [11ms]
2024-11-27 02:14:41.417 [info] > git show --textconv :client/src/components/header/right/RightComponents.js [74ms]
2024-11-27 02:14:41.418 [info] > git ls-files --stage -- /home/ubuntu/test/AGORA/client/src/components/header/right/RightComponents.js [29ms]
2024-11-27 02:14:41.504 [info] > git check-ignore -v -z --stdin [22ms]
2024-11-27 02:14:41.507 [info] > git cat-file -s 98bf2f3c40d55111c3614afeee84a9121337ae22 [57ms]
2024-11-27 02:14:45.509 [info] > git show --textconv :client/src/components/login/GoogleBtn.js [7ms]
2024-11-27 02:14:45.510 [info] > git ls-files --stage -- /home/ubuntu/test/AGORA/client/src/components/login/GoogleBtn.js [3ms]
2024-11-27 02:14:45.516 [info] > git cat-file -s 5c789cf9c5a8b31e842558da9d0a4c0689e7404c [2ms]
2024-11-27 02:14:48.341 [info] > git check-ignore -v -z --stdin [7ms]
2024-11-27 02:14:49.263 [info] > git check-ignore -v -z --stdin [13ms]
2024-11-27 02:14:50.447 [info] > git show --textconv :client/src/pages/main/Login.js [9ms]
2024-11-27 02:14:50.450 [info] > git ls-files --stage -- /home/ubuntu/test/AGORA/client/src/pages/main/Login.js [5ms]
2024-11-27 02:14:50.455 [info] > git cat-file -s 144cc9eb51822886832a05bab3d54e0c383da1da [2ms]
2024-11-27 02:14:51.000 [info] > git check-ignore -v -z --stdin [2ms]
2024-11-27 02:14:52.515 [info] > git check-ignore -v -z --stdin [4ms]
2024-11-27 02:14:54.382 [info] > git check-ignore -v -z --stdin [2ms]
2024-11-27 02:15:02.174 [info] > git check-ignore -v -z --stdin [8ms]
2024-11-27 02:15:08.927 [info] > git check-ignore -v -z --stdin [11ms]
2024-11-27 02:15:11.574 [info] > git check-ignore -v -z --stdin [3ms]
2024-11-27 02:15:12.138 [info] > git show --textconv :client/src/components/debate/search/AllSearchContent.js [26ms]
2024-11-27 02:15:12.139 [info] > git ls-files --stage -- /home/ubuntu/test/AGORA/client/src/components/debate/search/AllSearchContent.js [6ms]
2024-11-27 02:15:12.152 [info] > git cat-file -s 6d08472c83fb1a1095ffb5e6f34e8c15dd9eea39 [3ms]
2024-11-27 02:16:07.290 [info] > git show --textconv :client/src/stores/joinDebateRoomStates.js [22ms]
2024-11-27 02:16:07.294 [info] > git ls-files --stage -- /home/ubuntu/test/AGORA/client/src/stores/joinDebateRoomStates.js [15ms]
2024-11-27 02:16:07.308 [info] > git cat-file -s ab522260f7724dfd402319698e0d90567294a818 [6ms]
2024-11-27 02:16:07.502 [info] > git check-ignore -v -z --stdin [8ms]
2024-11-27 02:16:19.215 [info] > git check-ignore -v -z --stdin [2ms]
2024-11-27 02:16:20.549 [info] > git check-ignore -v -z --stdin [2ms]
2024-11-27 02:16:21.690 [info] > git show --textconv :client/src/components/debateroom/CardComponent.js [6ms]
2024-11-27 02:16:21.692 [info] > git ls-files --stage -- /home/ubuntu/test/AGORA/client/src/components/debateroom/CardComponent.js [3ms]
2024-11-27 02:16:21.700 [info] > git cat-file -s 0c1a8c75a1d3e6240e2e7c981e60d64cd61f5d3f [2ms]
2024-11-27 02:16:49.854 [info] > git show --textconv :client/src/components/debateroom/TimeBox.js [44ms]
2024-11-27 02:16:49.868 [info] > git ls-files --stage -- /home/ubuntu/test/AGORA/client/src/components/debateroom/TimeBox.js [36ms]
2024-11-27 02:16:49.877 [info] > git cat-file -s 56613bd7f8ff709388b20a246eb3c1a260506981 [4ms]
2024-11-27 02:17:13.315 [info] > git check-ignore -v -z --stdin [6ms]
2024-11-27 02:17:13.939 [info] > git check-ignore -v -z --stdin [5ms]
2024-11-27 02:17:14.871 [info] > git show --textconv :client/src/components/main/debate/modal/join/JoinAsSpeaker.js [9ms]
2024-11-27 02:17:14.873 [info] > git ls-files --stage -- /home/ubuntu/test/AGORA/client/src/components/main/debate/modal/join/JoinAsSpeaker.js [6ms]
2024-11-27 02:17:14.882 [info] > git cat-file -s a2c6c8e7f25d324708340dad8ba8e8d17a755f23 [4ms]
2024-11-27 02:17:15.102 [info] > git check-ignore -v -z --stdin [5ms]
2024-11-27 02:17:27.068 [info] > git show --textconv :client/src/components/main/debate/modal/join/JoinRoomModal.js [12ms]
2024-11-27 02:17:27.070 [info] > git ls-files --stage -- /home/ubuntu/test/AGORA/client/src/components/main/debate/modal/join/JoinRoomModal.js [3ms]
2024-11-27 02:17:27.084 [info] > git cat-file -s 483e949be15ac29055f9ff050f0b43ed8f3c67b1 [7ms]
2024-11-27 02:17:48.642 [info] > git show --textconv :client/src/stores/atoms.js [7ms]
2024-11-27 02:17:48.643 [info] > git ls-files --stage -- /home/ubuntu/test/AGORA/client/src/stores/atoms.js [2ms]
2024-11-27 02:17:48.652 [info] > git cat-file -s 2f061069fb82a52c0cd3df628a3b7b4a541c9505 [4ms]
2024-11-27 02:17:50.699 [info] > git show --textconv :client/src/stores/DebateStates.js [7ms]
2024-11-27 02:17:50.700 [info] > git ls-files --stage -- /home/ubuntu/test/AGORA/client/src/stores/DebateStates.js [2ms]
2024-11-27 02:17:50.706 [info] > git cat-file -s 310fd4c01070971d869b06ab74d1e890a010da6d [2ms]
2024-11-27 02:17:53.650 [info] > git show --textconv :client/src/stores/joinDebateRoomStates.js [8ms]
2024-11-27 02:17:53.651 [info] > git ls-files --stage -- /home/ubuntu/test/AGORA/client/src/stores/joinDebateRoomStates.js [2ms]
2024-11-27 02:17:53.657 [info] > git cat-file -s ab522260f7724dfd402319698e0d90567294a818 [1ms]
2024-11-27 02:17:55.531 [info] > git show --textconv :client/src/stores/DebateStates.js [5ms]
2024-11-27 02:17:55.532 [info] > git ls-files --stage -- /home/ubuntu/test/AGORA/client/src/stores/DebateStates.js [1ms]
2024-11-27 02:17:55.538 [info] > git cat-file -s 310fd4c01070971d869b06ab74d1e890a010da6d [2ms]
2024-11-27 02:17:59.224 [info] > git show --textconv :client/src/stores/atoms.js [7ms]
2024-11-27 02:17:59.226 [info] > git ls-files --stage -- /home/ubuntu/test/AGORA/client/src/stores/atoms.js [5ms]
2024-11-27 02:17:59.237 [info] > git cat-file -s 2f061069fb82a52c0cd3df628a3b7b4a541c9505 [3ms]
2024-11-27 02:18:06.453 [info] > git show --textconv :client/src/components/main/debate/modal/join/JoinRoomModal.js [10ms]
2024-11-27 02:18:06.458 [info] > git ls-files --stage -- /home/ubuntu/test/AGORA/client/src/components/main/debate/modal/join/JoinRoomModal.js [10ms]
2024-11-27 02:18:06.470 [info] > git cat-file -s 483e949be15ac29055f9ff050f0b43ed8f3c67b1 [6ms]
2024-11-27 02:18:27.005 [info] > git show --textconv :client/src/components/main/debate/modal/join/JoinAsSpeaker.js [6ms]
2024-11-27 02:18:27.007 [info] > git ls-files --stage -- /home/ubuntu/test/AGORA/client/src/components/main/debate/modal/join/JoinAsSpeaker.js [3ms]
2024-11-27 02:18:27.012 [info] > git cat-file -s a2c6c8e7f25d324708340dad8ba8e8d17a755f23 [2ms]
2024-11-27 02:22:31.584 [info] > git show --textconv :client/src/stores/joinDebateRoomStates.js [6ms]
2024-11-27 02:22:31.585 [info] > git ls-files --stage -- /home/ubuntu/test/AGORA/client/src/stores/joinDebateRoomStates.js [2ms]
2024-11-27 02:22:31.590 [info] > git cat-file -s ab522260f7724dfd402319698e0d90567294a818 [1ms]
2024-11-27 02:22:33.698 [info] > git show --textconv :client/src/stores/DebateStates.js [6ms]
2024-11-27 02:22:33.699 [info] > git ls-files --stage -- /home/ubuntu/test/AGORA/client/src/stores/DebateStates.js [2ms]
2024-11-27 02:22:33.708 [info] > git cat-file -s 310fd4c01070971d869b06ab74d1e890a010da6d [6ms]
2024-11-27 02:23:04.855 [info] > git show --textconv :client/src/components/main/debate/modal/join/JoinAsSpeaker.js [6ms]
2024-11-27 02:23:04.856 [info] > git ls-files --stage -- /home/ubuntu/test/AGORA/client/src/components/main/debate/modal/join/JoinAsSpeaker.js [3ms]
2024-11-27 02:23:04.862 [info] > git cat-file -s a2c6c8e7f25d324708340dad8ba8e8d17a755f23 [2ms]
2024-11-27 02:23:24.717 [info] > git check-ignore -v -z --stdin [10ms]
2024-11-27 02:23:27.555 [info] > git show --textconv :client/src/App.js [13ms]
2024-11-27 02:23:27.555 [info] > git ls-files --stage -- /home/ubuntu/test/AGORA/client/src/App.js [7ms]
2024-11-27 02:23:27.563 [info] > git cat-file -s d9b1610e991d694583e4a367afcbfbf7409bd4b5 [3ms]
2024-11-27 02:23:33.988 [info] > git show --textconv :client/src/pages/main/debate/DebateRoom.js [12ms]
2024-11-27 02:23:33.990 [info] > git ls-files --stage -- /home/ubuntu/test/AGORA/client/src/pages/main/debate/DebateRoom.js [4ms]
2024-11-27 02:23:33.996 [info] > git cat-file -s c14a11179010023cf7b8b7983a9a409c3e61cf2a [2ms]
2024-11-27 02:23:34.215 [info] > git check-ignore -v -z --stdin [2ms]
2024-11-27 02:26:01.123 [info] > git show --textconv :client/src/components/debateroom/DebaterBox.js [12ms]
2024-11-27 02:26:01.124 [info] > git ls-files --stage -- /home/ubuntu/test/AGORA/client/src/components/debateroom/DebaterBox.js [2ms]
2024-11-27 02:26:01.136 [info] > git cat-file -s 9d4cf9815154ae65519fc4736d0b10137a2cee38 [5ms]
2024-11-27 02:26:01.354 [info] > git check-ignore -v -z --stdin [2ms]
2024-11-27 02:26:44.933 [info] > git show --textconv :client/src/pages/main/debate/DebateRoom.js [23ms]
2024-11-27 02:26:44.944 [info] > git ls-files --stage -- /home/ubuntu/test/AGORA/client/src/pages/main/debate/DebateRoom.js [17ms]
2024-11-27 02:26:44.954 [info] > git cat-file -s c14a11179010023cf7b8b7983a9a409c3e61cf2a [4ms]
2024-11-27 02:26:59.978 [info] > git show --textconv :client/src/components/main/debate/Debate.js [9ms]
2024-11-27 02:26:59.979 [info] > git ls-files --stage -- /home/ubuntu/test/AGORA/client/src/components/main/debate/Debate.js [2ms]
2024-11-27 02:26:59.990 [info] > git cat-file -s 46eab4056bc66f8b61aed08660c495c5da2424d8 [3ms]
2024-11-27 02:27:03.476 [info] > git show --textconv :client/src/components/main/debate/modal/create/CreateRoomModal.js [24ms]
2024-11-27 02:27:03.504 [info] > git ls-files --stage -- /home/ubuntu/test/AGORA/client/src/components/main/debate/modal/create/CreateRoomModal.js [31ms]
2024-11-27 02:27:03.522 [info] > git check-ignore -v -z --stdin [23ms]
2024-11-27 02:27:03.574 [info] > git cat-file -s 4927c802c09be7aa39dc3c4413e86ad7f63d3f4f [56ms]
2024-11-27 02:27:04.838 [info] > git show --textconv :client/src/components/main/debate/modal/join/JoinAsSpeaker.js [6ms]
2024-11-27 02:27:04.839 [info] > git ls-files --stage -- /home/ubuntu/test/AGORA/client/src/components/main/debate/modal/join/JoinAsSpeaker.js [1ms]
2024-11-27 02:27:04.846 [info] > git cat-file -s a2c6c8e7f25d324708340dad8ba8e8d17a755f23 [2ms]
2024-11-27 02:27:06.999 [info] > git show --textconv :client/src/components/main/debate/modal/join/JoinAsViewer.js [9ms]
2024-11-27 02:27:07.000 [info] > git ls-files --stage -- /home/ubuntu/test/AGORA/client/src/components/main/debate/modal/join/JoinAsViewer.js [3ms]
2024-11-27 02:27:07.011 [info] > git cat-file -s 4c465d88c219079fda709635d5c8a67c0ed1aa2b [2ms]
2024-11-27 02:27:09.119 [info] > git show --textconv :client/src/components/main/debate/modal/showall/ModalThumbnail.js [31ms]
2024-11-27 02:27:09.123 [info] > git ls-files --stage -- /home/ubuntu/test/AGORA/client/src/components/main/debate/modal/showall/ModalThumbnail.js [14ms]
2024-11-27 02:27:09.140 [info] > git cat-file -s 22a836edb94d0692a99e27e0eebcf15bf8df35cb [6ms]
2024-11-27 02:27:09.326 [info] > git check-ignore -v -z --stdin [6ms]
2024-11-27 02:27:58.669 [info] > git show --textconv :client/src/components/main/debate/modal/join/JoinAsViewer.js [7ms]
2024-11-27 02:27:58.670 [info] > git ls-files --stage -- /home/ubuntu/test/AGORA/client/src/components/main/debate/modal/join/JoinAsViewer.js [2ms]
2024-11-27 02:27:58.679 [info] > git cat-file -s 4c465d88c219079fda709635d5c8a67c0ed1aa2b [4ms]
2024-11-27 02:28:12.075 [info] > git show --textconv :client/src/components/header/center/SearchContent.js [6ms]
2024-11-27 02:28:12.076 [info] > git ls-files --stage -- /home/ubuntu/test/AGORA/client/src/components/header/center/SearchContent.js [2ms]
2024-11-27 02:28:12.082 [info] > git cat-file -s d85f32c1b5f34ae24498c68260a3c4a29354a528 [2ms]
2024-11-27 02:28:12.333 [info] > git check-ignore -v -z --stdin [6ms]
2024-11-27 02:28:33.585 [info] > git check-ignore -v -z --stdin [2ms]
2024-11-27 02:29:01.537 [info] > git check-ignore -v -z --stdin [3ms]
2024-11-27 02:29:03.038 [info] > git show --textconv :client/src/components/header/left/LeftComponents.js [20ms]
2024-11-27 02:29:03.045 [info] > git ls-files --stage -- /home/ubuntu/test/AGORA/client/src/components/header/left/LeftComponents.js [10ms]
2024-11-27 02:29:03.067 [info] > git cat-file -s dcf904f4ba3d6bd849e123f84b57e2d33baf6daf [7ms]
2024-11-27 02:29:08.222 [info] > git show --textconv :client/src/components/header/left/ToggleMenu.js [19ms]
2024-11-27 02:29:08.230 [info] > git ls-files --stage -- /home/ubuntu/test/AGORA/client/src/components/header/left/ToggleMenu.js [10ms]
2024-11-27 02:29:08.274 [info] > git cat-file -s 54f18bde4081e912999dc6dce24c16002880532f [15ms]
2024-11-27 02:29:08.974 [info] > git show --textconv :client/src/components/header/left/StartButton.js [5ms]
2024-11-27 02:29:08.977 [info] > git ls-files --stage -- /home/ubuntu/test/AGORA/client/src/components/header/left/StartButton.js [3ms]
2024-11-27 02:29:08.982 [info] > git cat-file -s 67fe009b71a9004cbaff0eb046acd3318f8168cf [1ms]
2024-11-27 02:29:19.792 [info] > git check-ignore -v -z --stdin [2ms]
2024-11-27 02:29:21.676 [info] > git check-ignore -v -z --stdin [4ms]
2024-11-27 02:29:22.850 [info] > git show --textconv :client/src/components/video/UserVideoComponent.js [19ms]
2024-11-27 02:29:22.855 [info] > git ls-files --stage -- /home/ubuntu/test/AGORA/client/src/components/video/UserVideoComponent.js [4ms]
2024-11-27 02:29:22.872 [info] > git cat-file -s d332d5a6cafb833a980a3b6d7f835743cd14e5c7 [5ms]
2024-11-27 02:29:29.200 [info] > git show --textconv :client/src/components/video/OvVideo.js [7ms]
2024-11-27 02:29:29.202 [info] > git ls-files --stage -- /home/ubuntu/test/AGORA/client/src/components/video/OvVideo.js [3ms]
2024-11-27 02:29:29.212 [info] > git cat-file -s 32e6a46ed6277758d815358ba3b806a8b40e9bcc [4ms]
2024-11-27 02:29:40.215 [info] > git check-ignore -v -z --stdin [4ms]
2024-11-27 02:29:42.401 [info] > git show --textconv :client/src/pages/TestPage.js [7ms]
2024-11-27 02:29:42.402 [info] > git ls-files --stage -- /home/ubuntu/test/AGORA/client/src/pages/TestPage.js [2ms]
2024-11-27 02:29:42.408 [info] > git cat-file -s add0c64fd5cc89628a352f1de71515c36ed4a149 [2ms]
2024-11-27 02:29:45.434 [info] > git check-ignore -v -z --stdin [2ms]
2024-11-27 02:29:49.660 [info] > git check-ignore -v -z --stdin [2ms]
2024-11-27 02:29:52.954 [info] > git show --textconv :client/src/pages/main/debate/DebateRoom.js [21ms]
2024-11-27 02:29:52.954 [info] > git ls-files --stage -- /home/ubuntu/test/AGORA/client/src/pages/main/debate/DebateRoom.js [5ms]
2024-11-27 02:29:52.976 [info] > git cat-file -s c14a11179010023cf7b8b7983a9a409c3e61cf2a [5ms]
2024-11-27 02:30:20.883 [info] > git show --textconv :client/src/components/debateroom/DebaterBox.js [5ms]
2024-11-27 02:30:20.884 [info] > git ls-files --stage -- /home/ubuntu/test/AGORA/client/src/components/debateroom/DebaterBox.js [2ms]
2024-11-27 02:30:20.889 [info] > git cat-file -s 9d4cf9815154ae65519fc4736d0b10137a2cee38 [2ms]
2024-11-27 02:30:21.441 [info] > git check-ignore -v -z --stdin [2ms]
2024-11-27 02:30:30.857 [info] > git show --textconv :client/src/App.js [37ms]
2024-11-27 02:30:30.858 [info] > git ls-files --stage -- /home/ubuntu/test/AGORA/client/src/App.js [17ms]
2024-11-27 02:30:30.887 [info] > git cat-file -s d9b1610e991d694583e4a367afcbfbf7409bd4b5 [9ms]
2024-11-27 02:30:41.509 [info] > git show --textconv :client/node_modules/react-router/dist/lib/components.d.ts [6ms]
2024-11-27 02:30:41.510 [info] > git ls-files --stage -- /home/ubuntu/test/AGORA/client/node_modules/react-router/dist/lib/components.d.ts [2ms]
2024-11-27 02:30:41.728 [info] > git check-ignore -v -z --stdin [4ms]
2024-11-27 02:31:12.011 [info] > git show --textconv :client/src/index.js [15ms]
2024-11-27 02:31:12.014 [info] > git ls-files --stage -- /home/ubuntu/test/AGORA/client/src/index.js [6ms]
2024-11-27 02:31:12.024 [info] > git cat-file -s c55cf4151e95e8cab6bcb3d2593aa484c774d0a3 [2ms]
2024-11-27 02:31:19.618 [info] > git show --textconv :client/node_modules/react-query/types/react/QueryClientProvider.d.ts [6ms]
2024-11-27 02:31:19.619 [info] > git ls-files --stage -- /home/ubuntu/test/AGORA/client/node_modules/react-query/types/react/QueryClientProvider.d.ts [2ms]
2024-11-27 02:31:19.832 [info] > git check-ignore -v -z --stdin [2ms]
2024-11-27 02:31:33.146 [info] > git show --textconv :client/node_modules/react-query/types/core/queryClient.d.ts [6ms]
2024-11-27 02:31:33.147 [info] > git ls-files --stage -- /home/ubuntu/test/AGORA/client/node_modules/react-query/types/core/queryClient.d.ts [2ms]
2024-11-27 02:31:33.347 [info] > git check-ignore -v -z --stdin [2ms]
2024-11-27 02:31:44.587 [info] > git show --textconv :client/src/pages/main/MainExample.js [6ms]
2024-11-27 02:31:44.588 [info] > git ls-files --stage -- /home/ubuntu/test/AGORA/client/src/pages/main/MainExample.js [2ms]
2024-11-27 02:31:44.593 [info] > git cat-file -s 4d06b73c322486538eab7c0c68134b9d689436f8 [2ms]
2024-11-27 02:31:48.107 [info] > git show --textconv :client/src/pages/main/MyPage.js [8ms]
2024-11-27 02:31:48.108 [info] > git ls-files --stage -- /home/ubuntu/test/AGORA/client/src/pages/main/MyPage.js [2ms]
2024-11-27 02:31:48.114 [info] > git cat-file -s f7fed7ff1408a23ea67bb951fa33c6be03656d08 [2ms]
2024-11-27 02:31:50.679 [info] > git show --textconv :client/src/pages/main/Welcome.js [5ms]
2024-11-27 02:31:50.680 [info] > git ls-files --stage -- /home/ubuntu/test/AGORA/client/src/pages/main/Welcome.js [1ms]
2024-11-27 02:31:50.686 [info] > git cat-file -s 90b3dfb474f03d3f21377aee33e2cc30ecf4eedc [2ms]
2024-11-27 02:31:55.096 [info] > git show --textconv :client/src/pages/Header.js [17ms]
2024-11-27 02:31:55.100 [info] > git ls-files --stage -- /home/ubuntu/test/AGORA/client/src/pages/Header.js [8ms]
2024-11-27 02:31:55.119 [info] > git cat-file -s d99fca865da95be79a45f7c262dbb6f1d158489e [10ms]
2024-11-27 02:32:04.371 [info] > git show --textconv :client/src/pages/TestModalPage.js [6ms]
2024-11-27 02:32:04.372 [info] > git ls-files --stage -- /home/ubuntu/test/AGORA/client/src/pages/TestModalPage.js [3ms]
2024-11-27 02:32:04.378 [info] > git cat-file -s 3ffe78def9647cf107badbf8ca520b39da67a1db [2ms]
2024-11-27 02:32:37.025 [info] > git show --textconv :client/src/pages/main/MyPage.js [14ms]
2024-11-27 02:32:37.026 [info] > git ls-files --stage -- /home/ubuntu/test/AGORA/client/src/pages/main/MyPage.js [8ms]
2024-11-27 02:32:37.034 [info] > git cat-file -s f7fed7ff1408a23ea67bb951fa33c6be03656d08 [2ms]
2024-11-27 02:32:39.030 [info] > git show --textconv :client/src/pages/main/MainExample.js [7ms]
2024-11-27 02:32:39.032 [info] > git ls-files --stage -- /home/ubuntu/test/AGORA/client/src/pages/main/MainExample.js [3ms]
2024-11-27 02:32:39.039 [info] > git cat-file -s 4d06b73c322486538eab7c0c68134b9d689436f8 [2ms]
2024-11-27 02:32:40.469 [info] > git show --textconv :client/src/pages/main/Login.js [17ms]
2024-11-27 02:32:40.472 [info] > git ls-files --stage -- /home/ubuntu/test/AGORA/client/src/pages/main/Login.js [4ms]
2024-11-27 02:32:40.482 [info] > git cat-file -s 144cc9eb51822886832a05bab3d54e0c383da1da [5ms]
2024-11-27 02:32:42.377 [info] > git check-ignore -v -z --stdin [9ms]
2024-11-27 02:32:43.807 [info] > git show --textconv :client/src/pages/main/signup/SignUpInput.js [11ms]
2024-11-27 02:32:43.810 [info] > git ls-files --stage -- /home/ubuntu/test/AGORA/client/src/pages/main/signup/SignUpInput.js [4ms]
2024-11-27 02:32:43.819 [info] > git cat-file -s 7a4b5db3b448b8de076c4a3a9d46fefe03626100 [2ms]
2024-11-27 02:32:44.642 [info] > git show --textconv :client/src/pages/main/signup/SignUpSNS.js [15ms]
2024-11-27 02:32:44.654 [info] > git ls-files --stage -- /home/ubuntu/test/AGORA/client/src/pages/main/signup/SignUpSNS.js [9ms]
2024-11-27 02:32:44.668 [info] > git cat-file -s a41ea860b5fc1f09001cce9fcd8ee1f6ff9f9e70 [4ms]
2024-11-27 02:32:45.455 [info] > git show --textconv :client/src/pages/main/signup/SignUpInput.js [5ms]
2024-11-27 02:32:45.456 [info] > git ls-files --stage -- /home/ubuntu/test/AGORA/client/src/pages/main/signup/SignUpInput.js [2ms]
2024-11-27 02:32:45.473 [info] > git cat-file -s 7a4b5db3b448b8de076c4a3a9d46fefe03626100 [5ms]
2024-11-27 02:32:47.122 [info] > git show --textconv :client/src/pages/main/signup/SignUpComplete.js [5ms]
2024-11-27 02:32:47.123 [info] > git ls-files --stage -- /home/ubuntu/test/AGORA/client/src/pages/main/signup/SignUpComplete.js [2ms]
2024-11-27 02:32:47.129 [info] > git cat-file -s b6384e47873334d15446f144487262de42082fc7 [2ms]
2024-11-27 02:32:49.257 [info] > git show --textconv :client/src/pages/main/signup/SignUpCategory.js [8ms]
2024-11-27 02:32:49.259 [info] > git ls-files --stage -- /home/ubuntu/test/AGORA/client/src/pages/main/signup/SignUpCategory.js [3ms]
2024-11-27 02:32:49.266 [info] > git cat-file -s 5bd450910a3e477f6359d48eeaeae27c0a993ec6 [2ms]
2024-11-27 02:32:52.149 [info] > git show --textconv :client/src/pages/main/debate/SearchRoom.js [10ms]
2024-11-27 02:32:52.150 [info] > git ls-files --stage -- /home/ubuntu/test/AGORA/client/src/pages/main/debate/SearchRoom.js [4ms]
2024-11-27 02:32:52.155 [info] > git cat-file -s 2eb91d53d1d29032643f8809e3186c1323cfa54e [2ms]
2024-11-27 02:32:52.912 [info] > git show --textconv :client/src/pages/main/debate/DebateRoom.js [9ms]
2024-11-27 02:32:52.914 [info] > git ls-files --stage -- /home/ubuntu/test/AGORA/client/src/pages/main/debate/DebateRoom.js [2ms]
2024-11-27 02:32:52.921 [info] > git cat-file -s c14a11179010023cf7b8b7983a9a409c3e61cf2a [3ms]
2024-11-27 02:33:13.900 [info] > git show --textconv :client/src/components/debateroom/ReadyVideo.js [7ms]
2024-11-27 02:33:13.902 [info] > git ls-files --stage -- /home/ubuntu/test/AGORA/client/src/components/debateroom/ReadyVideo.js [2ms]
2024-11-27 02:33:13.909 [info] > git cat-file -s df36a225426f77b23ecd5c7abdac9dabf7abe301 [2ms]
2024-11-27 02:33:41.219 [info] > git show --textconv :client/src/components/debateroom/ReadyTimer.js [25ms]
2024-11-27 02:33:41.223 [info] > git ls-files --stage -- /home/ubuntu/test/AGORA/client/src/components/debateroom/ReadyTimer.js [9ms]
2024-11-27 02:33:41.234 [info] > git cat-file -s 2f3daa71e2ac820d99e7233828bd5ce94259ef04 [4ms]
2024-11-27 02:33:49.085 [info] > git show --textconv :client/src/components/debateroom/DebaterBox.js [5ms]
2024-11-27 02:33:49.086 [info] > git ls-files --stage -- /home/ubuntu/test/AGORA/client/src/components/debateroom/DebaterBox.js [2ms]
2024-11-27 02:33:49.094 [info] > git cat-file -s 9d4cf9815154ae65519fc4736d0b10137a2cee38 [2ms]
2024-11-27 02:35:03.248 [info] > git show --textconv :client/src/pages/main/debate/DebateRoom.js [5ms]
2024-11-27 02:35:03.250 [info] > git ls-files --stage -- /home/ubuntu/test/AGORA/client/src/pages/main/debate/DebateRoom.js [1ms]
2024-11-27 02:35:03.255 [info] > git cat-file -s c14a11179010023cf7b8b7983a9a409c3e61cf2a [2ms]
2024-11-27 02:35:07.185 [info] > git show --textconv :client/src/components/debateroom/DebaterBox.js [6ms]
2024-11-27 02:35:07.187 [info] > git ls-files --stage -- /home/ubuntu/test/AGORA/client/src/components/debateroom/DebaterBox.js [2ms]
2024-11-27 02:35:07.193 [info] > git cat-file -s 9d4cf9815154ae65519fc4736d0b10137a2cee38 [2ms]
2024-11-27 02:35:15.837 [info] > git config --get commit.template [4ms]
2024-11-27 02:35:15.872 [info] > git for-each-ref --format=%(refname)%00%(upstream:short)%00%(objectname)%00%(upstream:track)%00%(upstream:remotename)%00%(upstream:remoteref) refs/heads/main refs/remotes/main [8ms]
2024-11-27 02:35:15.904 [warning] [Git][revParse] Unable to read file: ENOENT: no such file or directory, open '/home/ubuntu/test/AGORA/.git/refs/remotes/origin/main'
2024-11-27 02:35:15.911 [info] > git rev-parse refs/remotes/origin/main [7ms]
2024-11-27 02:35:15.991 [info] > git for-each-ref --sort -committerdate --format %(refname) %(objectname) %(*objectname) [17ms]
2024-11-27 02:35:17.098 [info] > git status -z -uall [1158ms]
2024-11-27 02:35:43.767 [info] > git show --textconv :exec/database/insert.sql [21ms]
2024-11-27 02:35:43.775 [info] > git ls-files --stage -- /home/ubuntu/test/AGORA/exec/database/insert.sql [9ms]
2024-11-27 02:35:43.804 [info] > git cat-file -s 9c625944a1ca96d6513e5d5fe5e38970bb49886a [9ms]
2024-11-27 02:35:44.078 [info] > git config --get commit.template [16ms]
2024-11-27 02:35:44.081 [info] > git for-each-ref --format=%(refname)%00%(upstream:short)%00%(objectname)%00%(upstream:track)%00%(upstream:remotename)%00%(upstream:remoteref) refs/heads/main refs/remotes/main [4ms]
2024-11-27 02:35:44.093 [warning] [Git][revParse] Unable to read file: ENOENT: no such file or directory, open '/home/ubuntu/test/AGORA/.git/refs/remotes/origin/main'
2024-11-27 02:35:44.103 [info] > git rev-parse refs/remotes/origin/main [10ms]
2024-11-27 02:35:44.155 [info] > git for-each-ref --sort -committerdate --format %(refname) %(objectname) %(*objectname) [12ms]
2024-11-27 02:35:44.962 [info] > git status -z -uall [846ms]
2024-11-27 02:35:45.400 [info] > git show --textconv :exec/database/ddl.sql [55ms]
2024-11-27 02:35:45.414 [info] > git ls-files --stage -- /home/ubuntu/test/AGORA/exec/database/ddl.sql [15ms]
2024-11-27 02:35:45.480 [info] > git cat-file -s 10aeeb9911a2e4431147318fc8503d573327ef9d [15ms]
2024-11-27 02:35:58.137 [info] > git show --textconv :exec/README.md [9ms]
2024-11-27 02:35:58.138 [info] > git ls-files --stage -- /home/ubuntu/test/AGORA/exec/README.md [4ms]
2024-11-27 02:35:58.146 [info] > git cat-file -s 151bc56b3d2497bf17d2bc3d24c981c3ae01ccba [2ms]
2024-11-27 02:36:03.554 [info] > git check-ignore -v -z --stdin [2ms]
2024-11-27 02:36:04.984 [info] > git check-ignore -v -z --stdin [5ms]
2024-11-27 02:36:06.058 [info] > git check-ignore -v -z --stdin [2ms]
2024-11-27 02:36:11.937 [info] > git check-ignore -v -z --stdin [5ms]
2024-11-27 02:36:13.899 [info] > git check-ignore -v -z --stdin [5ms]
2024-11-27 02:36:14.717 [info] > git check-ignore -v -z --stdin [1ms]
2024-11-27 02:36:15.799 [info] > git check-ignore -v -z --stdin [2ms]
2024-11-27 02:36:27.802 [info] > git check-ignore -v -z --stdin [2ms]
2024-11-27 02:36:32.261 [info] > git check-ignore -v -z --stdin [2ms]
2024-11-27 02:36:33.161 [info] > git check-ignore -v -z --stdin [5ms]
2024-11-27 02:36:34.216 [info] > git show --textconv :server/src/main/java/com/agora/server/room/repository/RoomRepository.java [6ms]
2024-11-27 02:36:34.218 [info] > git ls-files --stage -- /home/ubuntu/test/AGORA/server/src/main/java/com/agora/server/room/repository/RoomRepository.java [3ms]
2024-11-27 02:36:34.224 [info] > git cat-file -s ca3d39898c311201b34d40aa7db3f5520d630ab2 [2ms]
2024-11-27 02:36:34.460 [info] > git check-ignore -v -z --stdin [4ms]
2024-11-27 02:36:38.998 [info] > git show --textconv :server/src/main/java/com/agora/server/room/service/DebateService.java [26ms]
2024-11-27 02:36:39.005 [info] > git ls-files --stage -- /home/ubuntu/test/AGORA/server/src/main/java/com/agora/server/room/service/DebateService.java [13ms]
2024-11-27 02:36:39.016 [info] > git cat-file -s 9185445bf6b532f345ce5b720920a19f356dab32 [1ms]
2024-11-27 02:36:41.174 [info] > git config --get commit.template [30ms]
2024-11-27 02:36:41.182 [info] > git for-each-ref --format=%(refname)%00%(upstream:short)%00%(objectname)%00%(upstream:track)%00%(upstream:remotename)%00%(upstream:remoteref) refs/heads/main refs/remotes/main [9ms]
2024-11-27 02:36:41.202 [warning] [Git][revParse] Unable to read file: ENOENT: no such file or directory, open '/home/ubuntu/test/AGORA/.git/refs/remotes/origin/main'
2024-11-27 02:36:41.215 [info] > git rev-parse refs/remotes/origin/main [13ms]
2024-11-27 02:36:41.311 [info] > git for-each-ref --sort -committerdate --format %(refname) %(objectname) %(*objectname) [18ms]
2024-11-27 02:36:42.580 [info] > git status -z -uall [1318ms]
2024-11-27 02:36:47.598 [info] > git config --get commit.template [6ms]
2024-11-27 02:36:47.600 [info] > git for-each-ref --format=%(refname)%00%(upstream:short)%00%(objectname)%00%(upstream:track)%00%(upstream:remotename)%00%(upstream:remoteref) refs/heads/main refs/remotes/main [3ms]
2024-11-27 02:36:47.604 [warning] [Git][revParse] Unable to read file: ENOENT: no such file or directory, open '/home/ubuntu/test/AGORA/.git/refs/remotes/origin/main'
2024-11-27 02:36:47.607 [info] > git rev-parse refs/remotes/origin/main [3ms]
2024-11-27 02:36:47.621 [info] > git for-each-ref --sort -committerdate --format %(refname) %(objectname) %(*objectname) [3ms]
2024-11-27 02:36:47.965 [info] > git status -z -uall [354ms]
2024-11-27 02:37:31.067 [info] > git check-ignore -v -z --stdin [4ms]
2024-11-27 02:37:42.331 [info] > git show --textconv :server/src/main/java/com/agora/server/room/controller/InitRooms.java [11ms]
2024-11-27 02:37:42.335 [info] > git ls-files --stage -- /home/ubuntu/test/AGORA/server/src/main/java/com/agora/server/room/controller/InitRooms.java [5ms]
2024-11-27 02:37:42.352 [info] > git cat-file -s 66b688c427195256d10e52e0de7a21fa095ab6b6 [4ms]
2024-11-27 02:37:47.602 [info] > git config --get commit.template [50ms]
2024-11-27 02:37:47.609 [info] > git for-each-ref --format=%(refname)%00%(upstream:short)%00%(objectname)%00%(upstream:track)%00%(upstream:remotename)%00%(upstream:remoteref) refs/heads/main refs/remotes/main [11ms]
2024-11-27 02:37:47.637 [warning] [Git][revParse] Unable to read file: ENOENT: no such file or directory, open '/home/ubuntu/test/AGORA/.git/refs/remotes/origin/main'
2024-11-27 02:37:47.647 [info] > git rev-parse refs/remotes/origin/main [10ms]
2024-11-27 02:37:47.742 [info] > git for-each-ref --sort -committerdate --format %(refname) %(objectname) %(*objectname) [33ms]
2024-11-27 02:37:48.618 [info] > git status -z -uall [944ms]
2024-11-27 02:37:53.658 [info] > git config --get commit.template [8ms]
2024-11-27 02:37:53.666 [info] > git for-each-ref --format=%(refname)%00%(upstream:short)%00%(objectname)%00%(upstream:track)%00%(upstream:remotename)%00%(upstream:remoteref) refs/heads/main refs/remotes/main [8ms]
2024-11-27 02:37:53.680 [warning] [Git][revParse] Unable to read file: ENOENT: no such file or directory, open '/home/ubuntu/test/AGORA/.git/refs/remotes/origin/main'
2024-11-27 02:37:53.683 [info] > git rev-parse refs/remotes/origin/main [3ms]
2024-11-27 02:37:53.711 [info] > git for-each-ref --sort -committerdate --format %(refname) %(objectname) %(*objectname) [5ms]
2024-11-27 02:37:54.292 [info] > git status -z -uall [594ms]
2024-11-27 02:38:53.351 [info] > git show --textconv :server/src/main/java/com/agora/server/room/controller/RoomController.java [4ms]
2024-11-27 02:38:53.352 [info] > git ls-files --stage -- /home/ubuntu/test/AGORA/server/src/main/java/com/agora/server/room/controller/RoomController.java [2ms]
2024-11-27 02:38:53.357 [info] > git cat-file -s e7d399119663842f8dc5397da9dd0a794e847985 [2ms]
2024-11-27 02:40:26.578 [info] > git show --textconv :server/src/main/java/com/agora/server/room/controller/SearchController.java [6ms]
2024-11-27 02:40:26.579 [info] > git ls-files --stage -- /home/ubuntu/test/AGORA/server/src/main/java/com/agora/server/room/controller/SearchController.java [2ms]
2024-11-27 02:40:26.585 [info] > git cat-file -s 71c46d82eaf7e832f7d4541a241e8d4671ded945 [2ms]
2024-11-27 02:40:39.924 [info] > git show --textconv :server/src/main/java/com/agora/server/room/controller/RoomController.java [18ms]
2024-11-27 02:40:39.925 [info] > git ls-files --stage -- /home/ubuntu/test/AGORA/server/src/main/java/com/agora/server/room/controller/RoomController.java [2ms]
2024-11-27 02:40:39.936 [info] > git cat-file -s e7d399119663842f8dc5397da9dd0a794e847985 [2ms]
2024-11-27 02:41:36.328 [info] > git show --textconv :client/.env.production [5ms]
2024-11-27 02:41:36.329 [info] > git ls-files --stage -- /home/ubuntu/test/AGORA/client/.env.production [2ms]
2024-11-27 02:41:36.335 [info] > git cat-file -s 1929e064de24b4949c4758e4f237f1a1616432d3 [2ms]
2024-11-27 02:41:36.735 [info] > git show --textconv :client/src/index.js [12ms]
2024-11-27 02:41:36.737 [info] > git ls-files --stage -- /home/ubuntu/test/AGORA/client/src/index.js [6ms]
2024-11-27 02:41:36.744 [info] > git cat-file -s c55cf4151e95e8cab6bcb3d2593aa484c774d0a3 [3ms]
2024-11-27 02:41:45.615 [info] > git show --textconv :client/src/App.js [7ms]
2024-11-27 02:41:45.616 [info] > git ls-files --stage -- /home/ubuntu/test/AGORA/client/src/App.js [2ms]
2024-11-27 02:41:45.623 [info] > git cat-file -s d9b1610e991d694583e4a367afcbfbf7409bd4b5 [3ms]
2024-11-27 02:44:08.286 [info] > git show --textconv :client/src/pages/main/debate/DebateRoom.js [6ms]
2024-11-27 02:44:08.288 [info] > git ls-files --stage -- /home/ubuntu/test/AGORA/client/src/pages/main/debate/DebateRoom.js [3ms]
2024-11-27 02:44:08.295 [info] > git cat-file -s c14a11179010023cf7b8b7983a9a409c3e61cf2a [3ms]
