2024-11-27 02:33:41.831 [info] [main] 로그 수준: Info
2024-11-27 02:33:41.831 [info] [main] "git"에서 찾은 git 유효성을 검사하는 중
2024-11-27 02:33:41.831 [info] [main] "2.43.0"에서 git "git"을(를) 사용하는 중
2024-11-27 02:33:41.831 [info] [Model][doInitialScan] Initial repository scan started
2024-11-27 02:33:41.831 [info] > git rev-parse --show-toplevel [10ms]
2024-11-27 02:33:41.831 [info] > git rev-parse --git-dir --git-common-dir [5ms]
2024-11-27 02:33:41.831 [info] [Model][openRepository] Opened repository: /home/ubuntu/test/AGORA
2024-11-27 02:33:41.839 [info] > git rev-parse --show-toplevel [39ms]
2024-11-27 02:33:41.840 [info] > git config --get commit.template [56ms]
2024-11-27 02:33:42.132 [info] > git rev-parse --show-toplevel [272ms]
2024-11-27 02:33:42.139 [info] > git for-each-ref --format=%(refname)%00%(upstream:short)%00%(objectname)%00%(upstream:track)%00%(upstream:remotename)%00%(upstream:remoteref) refs/heads/main refs/remotes/main [264ms]
2024-11-27 02:33:42.144 [warning] [Git][revParse] Unable to read file: ENOENT: no such file or directory, open '/home/ubuntu/test/AGORA/.git/refs/remotes/origin/main'
2024-11-27 02:33:42.145 [info] > git rev-parse --show-toplevel [7ms]
2024-11-27 02:33:42.152 [info] > git rev-parse refs/remotes/origin/main [7ms]
2024-11-27 02:33:42.254 [info] > git rev-parse --show-toplevel [102ms]
2024-11-27 02:33:42.268 [info] > git for-each-ref --sort -committerdate --format %(refname) %(objectname) %(*objectname) [85ms]
2024-11-27 02:33:42.276 [info] > git rev-parse --show-toplevel [13ms]
2024-11-27 02:33:42.286 [info] [Model][doInitialScan] Initial repository scan completed - repositories (1), closed repositories (0), parent repositories (0), unsafe repositories (0)
2024-11-27 02:33:42.338 [info] > git check-ignore -v -z --stdin [8ms]
2024-11-27 02:33:42.856 [info] > git status -z -uall [695ms]
2024-11-27 02:33:42.894 [info] > git for-each-ref --format=%(refname)%00%(upstream:short)%00%(objectname)%00%(upstream:track)%00%(upstream:remotename)%00%(upstream:remoteref) refs/heads/main refs/remotes/main [12ms]
2024-11-27 02:33:42.902 [info] > git config --get commit.template [8ms]
2024-11-27 02:33:42.926 [info] > git config --local branch.main.vscode-merge-base [27ms]
2024-11-27 02:33:42.959 [info] > git for-each-ref --format=%(refname)%00%(upstream:short)%00%(objectname)%00%(upstream:track)%00%(upstream:remotename)%00%(upstream:remoteref) refs/heads/main refs/remotes/main [9ms]
2024-11-27 02:33:42.960 [info] > git for-each-ref --format=%(refname)%00%(upstream:short)%00%(objectname)%00%(upstream:track)%00%(upstream:remotename)%00%(upstream:remoteref) refs/heads/origin/main refs/remotes/origin/main [26ms]
2024-11-27 02:33:43.094 [warning] [Git][revParse] Unable to read file: ENOENT: no such file or directory, open '/home/ubuntu/test/AGORA/.git/refs/remotes/origin/main'
2024-11-27 02:33:43.097 [info] > git merge-base refs/heads/main refs/remotes/origin/main [108ms]
2024-11-27 02:33:43.103 [info] > git rev-parse refs/remotes/origin/main [9ms]
2024-11-27 02:33:43.123 [info] > git diff --name-status -z --diff-filter=ADMR cd00b8a013916e6d77cfedc63f80b3456f784873...refs/remotes/origin/main [21ms]
2024-11-27 02:33:43.131 [info] > git for-each-ref --sort -committerdate --format %(refname) %(objectname) %(*objectname) [11ms]
2024-11-27 02:33:43.224 [info] > git check-ignore -v -z --stdin [4ms]
2024-11-27 02:33:43.225 [info] > git fetch [1463ms]
2024-11-27 02:33:43.238 [info] > git status -z -uall [126ms] (cancelled)
2024-11-27 02:33:43.242 [info] > git config --get commit.template [4ms]
2024-11-27 02:33:43.250 [info] > git for-each-ref --format=%(refname)%00%(upstream:short)%00%(objectname)%00%(upstream:track)%00%(upstream:remotename)%00%(upstream:remoteref) refs/heads/main refs/remotes/main [3ms]
2024-11-27 02:33:43.255 [warning] [Git][revParse] Unable to read file: ENOENT: no such file or directory, open '/home/ubuntu/test/AGORA/.git/refs/remotes/origin/main'
2024-11-27 02:33:43.257 [info] > git rev-parse refs/remotes/origin/main [2ms]
2024-11-27 02:33:43.284 [info] > git for-each-ref --sort -committerdate --format %(refname) %(objectname) %(*objectname) [11ms]
2024-11-27 02:33:43.798 [info] > git status -z -uall [535ms]
2024-11-27 02:33:52.416 [info] > git check-ignore -v -z --stdin [4ms]
2024-11-27 02:34:01.835 [info] > git check-ignore -v -z --stdin [2ms]
2024-11-27 02:34:03.335 [info] > git check-ignore -v -z --stdin [6ms]
2024-11-27 02:34:08.998 [info] > git check-ignore -v -z --stdin [2ms]
2024-11-27 02:34:12.964 [info] > git show --textconv :client/src/pages/main/Welcome.js [116ms]
2024-11-27 02:34:12.967 [info] > git ls-files --stage -- /home/ubuntu/test/AGORA/client/src/pages/main/Welcome.js [108ms]
2024-11-27 02:34:13.033 [info] > git cat-file -s 90b3dfb474f03d3f21377aee33e2cc30ecf4eedc [46ms]
2024-11-27 02:34:18.236 [info] > git show --textconv :client/src/pages/main/MyPage.js [13ms]
2024-11-27 02:34:18.239 [info] > git ls-files --stage -- /home/ubuntu/test/AGORA/client/src/pages/main/MyPage.js [4ms]
2024-11-27 02:34:18.246 [info] > git cat-file -s f7fed7ff1408a23ea67bb951fa33c6be03656d08 [3ms]
2024-11-27 02:34:26.943 [info] > git show --textconv :client/src/pages/main/MainExample.js [12ms]
2024-11-27 02:34:26.947 [info] > git ls-files --stage -- /home/ubuntu/test/AGORA/client/src/pages/main/MainExample.js [8ms]
2024-11-27 02:34:26.957 [info] > git cat-file -s 4d06b73c322486538eab7c0c68134b9d689436f8 [3ms]
2024-11-27 02:34:29.859 [info] > git check-ignore -v -z --stdin [3ms]
2024-11-27 02:34:31.142 [info] > git show --textconv :client/src/pages/main/debate/DebateRoom.js [6ms]
2024-11-27 02:34:31.144 [info] > git ls-files --stage -- /home/ubuntu/test/AGORA/client/src/pages/main/debate/DebateRoom.js [3ms]
2024-11-27 02:34:31.150 [info] > git cat-file -s c14a11179010023cf7b8b7983a9a409c3e61cf2a [1ms]
2024-11-27 02:34:31.619 [info] > git show --textconv :client/src/pages/main/debate/DebateList.js [37ms]
2024-11-27 02:34:31.624 [info] > git ls-files --stage -- /home/ubuntu/test/AGORA/client/src/pages/main/debate/DebateList.js [6ms]
2024-11-27 02:34:31.644 [info] > git cat-file -s b1827ea7f89a813a0e060e0af7e60e815b4dacbd [9ms]
2024-11-27 02:34:52.728 [info] > git show --textconv :client/src/pages/main/debate/DebateRoom.js [5ms]
2024-11-27 02:34:52.729 [info] > git ls-files --stage -- /home/ubuntu/test/AGORA/client/src/pages/main/debate/DebateRoom.js [2ms]
2024-11-27 02:34:52.735 [info] > git cat-file -s c14a11179010023cf7b8b7983a9a409c3e61cf2a [3ms]
2024-11-27 02:35:39.663 [info] > git config --get commit.template [6ms]
2024-11-27 02:35:39.663 [info] > git for-each-ref --format=%(refname)%00%(upstream:short)%00%(objectname)%00%(upstream:track)%00%(upstream:remotename)%00%(upstream:remoteref) refs/heads/main refs/remotes/main [3ms]
2024-11-27 02:35:39.670 [warning] [Git][revParse] Unable to read file: ENOENT: no such file or directory, open '/home/ubuntu/test/AGORA/.git/refs/remotes/origin/main'
2024-11-27 02:35:39.672 [info] > git rev-parse refs/remotes/origin/main [3ms]
2024-11-27 02:35:39.695 [info] > git for-each-ref --sort -committerdate --format %(refname) %(objectname) %(*objectname) [7ms]
2024-11-27 02:35:40.114 [info] > git status -z -uall [437ms]
2024-11-27 02:36:33.074 [info] > git config --get commit.template [4ms]
2024-11-27 02:36:33.076 [info] > git for-each-ref --format=%(refname)%00%(upstream:short)%00%(objectname)%00%(upstream:track)%00%(upstream:remotename)%00%(upstream:remoteref) refs/heads/main refs/remotes/main [2ms]
2024-11-27 02:36:33.080 [warning] [Git][revParse] Unable to read file: ENOENT: no such file or directory, open '/home/ubuntu/test/AGORA/.git/refs/remotes/origin/main'
2024-11-27 02:36:33.082 [info] > git rev-parse refs/remotes/origin/main [2ms]
2024-11-27 02:36:33.147 [info] > git for-each-ref --sort -committerdate --format %(refname) %(objectname) %(*objectname) [34ms]
2024-11-27 02:36:33.534 [info] > git status -z -uall [447ms]
2024-11-27 02:36:39.424 [info] > git for-each-ref --format=%(refname)%00%(upstream:short)%00%(objectname)%00%(upstream:track)%00%(upstream:remotename)%00%(upstream:remoteref) refs/heads/main refs/remotes/main [7ms]
2024-11-27 02:36:39.426 [info] > git config --get commit.template [40ms]
2024-11-27 02:36:39.457 [warning] [Git][revParse] Unable to read file: ENOENT: no such file or directory, open '/home/ubuntu/test/AGORA/.git/refs/remotes/origin/main'
2024-11-27 02:36:39.466 [info] > git rev-parse refs/remotes/origin/main [9ms]
2024-11-27 02:36:39.541 [info] > git for-each-ref --sort -committerdate --format %(refname) %(objectname) %(*objectname) [10ms]
2024-11-27 02:36:41.414 [info] > git status -z -uall [1917ms]
2024-11-27 02:36:44.738 [info] > git fetch [920ms]
2024-11-27 02:36:44.747 [info] > git config --get commit.template [4ms]
2024-11-27 02:36:44.748 [info] > git for-each-ref --format=%(refname)%00%(upstream:short)%00%(objectname)%00%(upstream:track)%00%(upstream:remotename)%00%(upstream:remoteref) refs/heads/main refs/remotes/main [2ms]
2024-11-27 02:36:44.750 [warning] [Git][revParse] Unable to read file: ENOENT: no such file or directory, open '/home/ubuntu/test/AGORA/.git/refs/remotes/origin/main'
2024-11-27 02:36:44.752 [info] > git rev-parse refs/remotes/origin/main [2ms]
2024-11-27 02:36:44.763 [info] > git for-each-ref --sort -committerdate --format %(refname) %(objectname) %(*objectname) [4ms]
2024-11-27 02:36:45.106 [info] > git status -z -uall [352ms]
2024-11-27 02:36:45.950 [info] > git ls-files --stage -- /home/ubuntu/test/AGORA/client/src/pages/main/debate/DebateRoom.js [2ms]
2024-11-27 02:36:45.955 [info] > git cat-file -s c14a11179010023cf7b8b7983a9a409c3e61cf2a [2ms]
2024-11-27 02:36:45.992 [info] > git show --textconv :client/src/pages/main/debate/DebateRoom.js [8ms]
2024-11-27 02:36:46.452 [info] > git config --get commit.template [4ms]
2024-11-27 02:36:46.453 [info] > git for-each-ref --format=%(refname)%00%(upstream:short)%00%(objectname)%00%(upstream:track)%00%(upstream:remotename)%00%(upstream:remoteref) refs/heads/main refs/remotes/main [1ms]
2024-11-27 02:36:46.467 [warning] [Git][revParse] Unable to read file: ENOENT: no such file or directory, open '/home/ubuntu/test/AGORA/.git/refs/remotes/origin/main'
2024-11-27 02:36:46.475 [info] > git rev-parse refs/remotes/origin/main [7ms]
2024-11-27 02:36:46.498 [info] > git for-each-ref --sort -committerdate --format %(refname) %(objectname) %(*objectname) [4ms]
2024-11-27 02:36:46.817 [info] > git status -z -uall [330ms]
2024-11-27 02:37:47.567 [info] > git config --get commit.template [26ms]
2024-11-27 02:37:47.587 [info] > git for-each-ref --format=%(refname)%00%(upstream:short)%00%(objectname)%00%(upstream:track)%00%(upstream:remotename)%00%(upstream:remoteref) refs/heads/main refs/remotes/main [21ms]
2024-11-27 02:37:47.610 [warning] [Git][revParse] Unable to read file: ENOENT: no such file or directory, open '/home/ubuntu/test/AGORA/.git/refs/remotes/origin/main'
2024-11-27 02:37:47.621 [info] > git rev-parse refs/remotes/origin/main [12ms]
2024-11-27 02:37:47.708 [info] > git for-each-ref --sort -committerdate --format %(refname) %(objectname) %(*objectname) [25ms]
2024-11-27 02:37:48.714 [info] > git status -z -uall [1071ms]
2024-11-27 02:37:53.735 [info] > git config --get commit.template [8ms]
2024-11-27 02:37:53.744 [info] > git for-each-ref --format=%(refname)%00%(upstream:short)%00%(objectname)%00%(upstream:track)%00%(upstream:remotename)%00%(upstream:remoteref) refs/heads/main refs/remotes/main [10ms]
2024-11-27 02:37:53.767 [warning] [Git][revParse] Unable to read file: ENOENT: no such file or directory, open '/home/ubuntu/test/AGORA/.git/refs/remotes/origin/main'
2024-11-27 02:37:53.768 [info] > git rev-parse refs/remotes/origin/main [1ms]
2024-11-27 02:37:53.810 [info] > git for-each-ref --sort -committerdate --format %(refname) %(objectname) %(*objectname) [12ms]
2024-11-27 02:37:54.339 [info] > git status -z -uall [562ms]
