2024-11-26 01:27:20.102 [info] [main] 로그 수준: Info
2024-11-26 01:27:20.102 [info] [main] "git"에서 찾은 git 유효성을 검사하는 중
2024-11-26 01:27:20.102 [info] [main] "2.43.0"에서 git "git"을(를) 사용하는 중
2024-11-26 01:27:20.102 [info] [Model][doInitialScan] Initial repository scan started
2024-11-26 01:27:20.102 [info] > git rev-parse --show-toplevel [15ms]
2024-11-26 01:27:20.107 [info] > git rev-parse --git-dir --git-common-dir [6ms]
2024-11-26 01:27:20.167 [info] [Model][openRepository] Opened repository: /home/ubuntu/Project-Agora
2024-11-26 01:27:20.301 [info] > git rev-parse --show-toplevel [39ms]
2024-11-26 01:27:20.308 [info] > git config --get commit.template [63ms]
2024-11-26 01:27:20.339 [info] > git rev-parse --show-toplevel [19ms]
2024-11-26 01:27:20.362 [info] > git for-each-ref --format=%(refname)%00%(upstream:short)%00%(objectname)%00%(upstream:track)%00%(upstream:remotename)%00%(upstream:remoteref) refs/heads/main refs/remotes/main [27ms]
2024-11-26 01:27:20.367 [info] > git rev-parse --show-toplevel [9ms]
2024-11-26 01:27:20.922 [info] > git check-ignore -v -z --stdin [22ms]
2024-11-26 01:27:20.935 [info] > git rev-parse --show-toplevel [540ms]
2024-11-26 01:27:21.048 [info] > git status -z -uall [73ms]
2024-11-26 01:27:21.063 [info] > git rev-parse --show-toplevel [26ms]
2024-11-26 01:27:21.085 [info] [Model][doInitialScan] Initial repository scan completed - repositories (1), closed repositories (0), parent repositories (0), unsafe repositories (0)
2024-11-26 01:27:21.096 [info] > git for-each-ref --sort -committerdate --format %(refname) %(objectname) %(*objectname) [81ms]
2024-11-26 01:27:21.445 [info] > git show --textconv :openvidu-tutorials/openvidu-react/src/components/Elements/openvidu/OpenviduFinal.js [47ms]
2024-11-26 01:27:21.446 [info] > git for-each-ref --format=%(refname)%00%(upstream:short)%00%(objectname)%00%(upstream:track)%00%(upstream:remotename)%00%(upstream:remoteref) refs/heads/main refs/remotes/main [233ms]
2024-11-26 01:27:21.577 [info] > git config --local branch.main.vscode-merge-base [101ms]
2024-11-26 01:27:21.624 [info] > git ls-files --stage -- /home/ubuntu/Project-Agora/openvidu-tutorials/openvidu-react/src/components/Elements/openvidu/OpenviduFinal.js [189ms]
2024-11-26 01:27:21.648 [info] > git config --get commit.template [309ms]
2024-11-26 01:27:21.660 [info] > git cat-file -s 248b6aa1687e99f64f1598afcac913e04b207510 [22ms]
2024-11-26 01:27:21.666 [info] > git for-each-ref --format=%(refname)%00%(upstream:short)%00%(objectname)%00%(upstream:track)%00%(upstream:remotename)%00%(upstream:remoteref) refs/heads/origin/main refs/remotes/origin/main [47ms]
2024-11-26 01:27:21.849 [info] > git merge-base refs/heads/main refs/remotes/origin/main [150ms]
2024-11-26 01:27:22.918 [info] > git for-each-ref --format=%(refname)%00%(upstream:short)%00%(objectname)%00%(upstream:track)%00%(upstream:remotename)%00%(upstream:remoteref) refs/heads/main refs/remotes/main [1079ms]
2024-11-26 01:27:22.926 [info] > git diff --name-status -z --diff-filter=ADMR 1700c1d8c39666669222da70785a8c2103de3fa9...refs/remotes/origin/main [1042ms]
2024-11-26 01:27:22.987 [info] > git status -z -uall [32ms]
2024-11-26 01:27:23.015 [info] > git for-each-ref --sort -committerdate --format %(refname) %(objectname) %(*objectname) [26ms]
2024-11-26 01:29:25.440 [info] > git fetch [826ms]
2024-11-26 01:29:25.440 [info] Missing or invalid credentials.
Skip silent fetch commands
Missing or invalid credentials.
Skip silent fetch commands
remote: Repository not found.
fatal: Authentication failed for 'https://github.com/Domvy/Project-Agora.git/'
2024-11-26 01:29:25.452 [info] > git config --get commit.template [5ms]
2024-11-26 01:29:25.453 [info] > git for-each-ref --format=%(refname)%00%(upstream:short)%00%(objectname)%00%(upstream:track)%00%(upstream:remotename)%00%(upstream:remoteref) refs/heads/main refs/remotes/main [2ms]
2024-11-26 01:29:25.469 [info] > git status -z -uall [9ms]
2024-11-26 01:29:25.475 [info] > git for-each-ref --sort -committerdate --format %(refname) %(objectname) %(*objectname) [10ms]
2024-11-26 01:29:26.076 [info] > git ls-files --stage -- /home/ubuntu/Project-Agora/openvidu-tutorials/openvidu-react/src/components/Elements/openvidu/OpenviduFinal.js [2ms]
2024-11-26 01:29:26.084 [info] > git cat-file -s 248b6aa1687e99f64f1598afcac913e04b207510 [1ms]
2024-11-26 01:29:26.125 [info] > git show --textconv :openvidu-tutorials/openvidu-react/src/components/Elements/openvidu/OpenviduFinal.js [7ms]
2024-11-26 01:29:47.063 [info] > git check-ignore -v -z --stdin [2ms]
2024-11-26 01:32:36.353 [info] > git config --get commit.template [8ms]
2024-11-26 01:32:36.354 [info] > git for-each-ref --format=%(refname)%00%(upstream:short)%00%(objectname)%00%(upstream:track)%00%(upstream:remotename)%00%(upstream:remoteref) refs/heads/main refs/remotes/main [3ms]
2024-11-26 01:32:36.365 [info] > git status -z -uall [7ms]
2024-11-26 01:32:36.369 [info] > git for-each-ref --sort -committerdate --format %(refname) %(objectname) %(*objectname) [6ms]
2024-11-26 01:32:49.632 [info] > git check-ignore -v -z --stdin [3ms]
2024-11-26 01:32:55.326 [info] > git log --format=%H%n%aN%n%aE%n%at%n%ct%n%P%n%D%n%B -z --shortstat --diff-merges=first-parent -n50 --skip=0 --topo-order --decorate=full --stdin [6209ms]
2024-11-26 01:33:03.449 [info] > git log --format=%H%n%aN%n%aE%n%at%n%ct%n%P%n%D%n%B -z --shortstat --diff-merges=first-parent -n50 --skip=0 --topo-order --decorate=full --stdin [6837ms]
2024-11-26 01:33:09.854 [info] > git log --format=%H%n%aN%n%aE%n%at%n%ct%n%P%n%D%n%B -z --shortstat --diff-merges=first-parent -n50 --skip=0 --topo-order --decorate=full --stdin [6357ms]
2024-11-26 01:33:10.097 [info] > git show --textconv HEAD:openvidu-tutorials/openvidu-react/src/components/Elements/RoomControl/RoomControl.jsx [13ms]
2024-11-26 01:33:10.098 [info] > git ls-tree -l HEAD -- /home/ubuntu/Project-Agora/openvidu-tutorials/openvidu-react/src/components/Elements/RoomControl/RoomControl.jsx [7ms]
2024-11-26 01:33:37.884 [info] > git ls-tree -l HEAD -- /home/ubuntu/Project-Agora/openvidu-tutorials/openvidu-react/src/components/Elements/RoomControl/RoomControl.jsx [3ms]
2024-11-26 01:42:55.934 [info] > git check-ignore -v -z --stdin [2ms]
2024-11-26 01:42:57.514 [info] > git check-ignore -v -z --stdin [1ms]
2024-11-26 01:42:59.904 [info] > git check-ignore -v -z --stdin [4ms]
2024-11-26 01:43:01.669 [info] > git ls-tree -l HEAD -- /home/ubuntu/Project-Agora/openvidu-tutorials/openvidu-react/src/components/Elements/RoomControl/RoomControl.jsx [8ms]
2024-11-26 01:43:02.116 [info] > git show --textconv :openvidu-tutorials/openvidu-react/src/store.js [16ms]
2024-11-26 01:43:02.120 [info] > git ls-files --stage -- /home/ubuntu/Project-Agora/openvidu-tutorials/openvidu-react/src/store.js [8ms]
2024-11-26 01:43:02.136 [info] > git cat-file -s fd41e3d2d77b636ee52a408cb57c3cd00f4fa960 [5ms]
2024-11-26 01:52:30.123 [info] > git check-ignore -v -z --stdin [2ms]
2024-11-26 01:52:44.341 [info] > git show --textconv :openvidu-tutorials/openvidu-react/src/components/Elements/openvidu/OpenviduFinal.js [25ms]
2024-11-26 01:52:44.344 [info] > git ls-files --stage -- /home/ubuntu/Project-Agora/openvidu-tutorials/openvidu-react/src/components/Elements/openvidu/OpenviduFinal.js [11ms]
2024-11-26 01:52:44.355 [info] > git cat-file -s 248b6aa1687e99f64f1598afcac913e04b207510 [6ms]
2024-11-26 01:56:37.254 [info] > git show --textconv :openvidu-tutorials/openvidu-react/src/components/Elements/openvidu/OvVideo.js [12ms]
2024-11-26 01:56:37.259 [info] > git ls-files --stage -- /home/ubuntu/Project-Agora/openvidu-tutorials/openvidu-react/src/components/Elements/openvidu/OvVideo.js [7ms]
2024-11-26 01:56:37.269 [info] > git cat-file -s f0d48b1e3adfc6782757a9c6bbbbd6c011018396 [3ms]
2024-11-26 01:56:38.688 [info] > git show --textconv :openvidu-tutorials/openvidu-react/src/components/Elements/openvidu/ScreenShareComponent.js [7ms]
2024-11-26 01:56:38.690 [info] > git ls-files --stage -- /home/ubuntu/Project-Agora/openvidu-tutorials/openvidu-react/src/components/Elements/openvidu/ScreenShareComponent.js [2ms]
2024-11-26 01:56:38.697 [info] > git cat-file -s 5b6cb1bc4ac159d90cde02b0e784d4a37a93c592 [4ms]
2024-11-26 01:56:41.448 [info] > git show --textconv :openvidu-tutorials/openvidu-react/src/components/Elements/openvidu/OvVideo.js [4ms]
2024-11-26 01:56:41.450 [info] > git ls-files --stage -- /home/ubuntu/Project-Agora/openvidu-tutorials/openvidu-react/src/components/Elements/openvidu/OvVideo.js [3ms]
2024-11-26 01:56:41.458 [info] > git cat-file -s f0d48b1e3adfc6782757a9c6bbbbd6c011018396 [3ms]
2024-11-26 01:56:43.674 [info] > git show --textconv :openvidu-tutorials/openvidu-react/src/components/Elements/openvidu/UserVideoComponent.js [6ms]
2024-11-26 01:56:43.674 [info] > git ls-files --stage -- /home/ubuntu/Project-Agora/openvidu-tutorials/openvidu-react/src/components/Elements/openvidu/UserVideoComponent.js [2ms]
2024-11-26 01:56:43.679 [info] > git cat-file -s 818116ec034926f3e6cfe92aaafc74d3d31c1642 [1ms]
2024-11-26 01:57:10.331 [info] > git show --textconv :openvidu-tutorials/openvidu-react/src/components/Elements/openvidu/OvVideo.js [5ms]
2024-11-26 01:57:10.332 [info] > git ls-files --stage -- /home/ubuntu/Project-Agora/openvidu-tutorials/openvidu-react/src/components/Elements/openvidu/OvVideo.js [2ms]
2024-11-26 01:57:10.337 [info] > git cat-file -s f0d48b1e3adfc6782757a9c6bbbbd6c011018396 [1ms]
